INFO:sim:172 - Generating IP...
Applying current project options...
Finished applying current project options.
Resolving generics for 'ipcore_tdc_counter'...
WARNING:sim - A core named 'ipcore_tdc_counter' already exists in the project.
   Output products for this core may be overwritten.
Applying external generics to 'ipcore_tdc_counter'...
Delivering associated files for 'ipcore_tdc_counter'...
Generating implementation netlist for 'ipcore_tdc_counter'...
INFO:sim - Pre-processing HDL files for 'ipcore_tdc_counter'...
Running synthesis for 'ipcore_tdc_counter'
Running ngcbuild...
Writing VHO instantiation template for 'ipcore_tdc_counter'...
Writing VHDL behavioral simulation model for 'ipcore_tdc_counter'...
Delivered 3 files into directory
D:/cern/glib/orig/tracker1.3.glibv3.8cbc2_orig/vhdl/src/user/iphc_strasbourg/be/
ipcore_dir/tdc_counter/6bit/dsp48/tmp/_cg/ipcore_tdc_counter
Delivered 1 file into directory
D:/cern/glib/orig/tracker1.3.glibv3.8cbc2_orig/vhdl/src/user/iphc_strasbourg/be/
ipcore_dir/tdc_counter/6bit/dsp48/tmp/_cg/ipcore_tdc_counter
Generating ASY schematic symbol...
INFO:sim:949 - Finished generation of ASY schematic symbol.
Generating SYM schematic symbol for 'ipcore_tdc_counter'...
Generating metadata file...
Regenerating ISE project file for 'ipcore_tdc_counter'...
Generating ISE project...
XCO file found: ipcore_tdc_counter.xco
XMDF file found: ipcore_tdc_counter_xmdf.tcl
Adding
D:/cern/glib/orig/tracker1.3.glibv3.8cbc2_orig/vhdl/src/user/iphc_strasbourg/be/
ipcore_dir/tdc_counter/6bit/dsp48/tmp/_cg/core_resources.txt -view all
-origin_type imported
Adding
D:/cern/glib/orig/tracker1.3.glibv3.8cbc2_orig/vhdl/src/user/iphc_strasbourg/be/
ipcore_dir/tdc_counter/6bit/dsp48/tmp/_cg/gui_latency.txt -view all -origin_type
imported
Adding
D:/cern/glib/orig/tracker1.3.glibv3.8cbc2_orig/vhdl/src/user/iphc_strasbourg/be/
ipcore_dir/tdc_counter/6bit/dsp48/tmp/_cg/ipcore_tdc_counter.asy -view all
-origin_type imported
Adding
D:/cern/glib/orig/tracker1.3.glibv3.8cbc2_orig/vhdl/src/user/iphc_strasbourg/be/
ipcore_dir/tdc_counter/6bit/dsp48/tmp/_cg/ipcore_tdc_counter.ngc -view all
-origin_type created
Checking file
"D:/cern/glib/orig/tracker1.3.glibv3.8cbc2_orig/vhdl/src/user/iphc_strasbourg/be
/ipcore_dir/tdc_counter/6bit/dsp48/tmp/_cg/ipcore_tdc_counter.ngc" for project
device match ...
File
"D:/cern/glib/orig/tracker1.3.glibv3.8cbc2_orig/vhdl/src/user/iphc_strasbourg/be
/ipcore_dir/tdc_counter/6bit/dsp48/tmp/_cg/ipcore_tdc_counter.ngc" device
information matches project device.
Adding
D:/cern/glib/orig/tracker1.3.glibv3.8cbc2_orig/vhdl/src/user/iphc_strasbourg/be/
ipcore_dir/tdc_counter/6bit/dsp48/tmp/_cg/ipcore_tdc_counter.sym -view all
-origin_type imported
Adding
D:/cern/glib/orig/tracker1.3.glibv3.8cbc2_orig/vhdl/src/user/iphc_strasbourg/be/
ipcore_dir/tdc_counter/6bit/dsp48/tmp/_cg/ipcore_tdc_counter.vhd -view all
-origin_type created
INFO:HDLCompiler:1061 - Parsing VHDL file
   "D:/cern/glib/orig/tracker1.3.glibv3.8cbc2_orig/vhdl/src/user/iphc_strasbourg
   /be/ipcore_dir/tdc_counter/6bit/dsp48/tmp/_cg/ipcore_tdc_counter.vhd" into
   library work
INFO:ProjectMgmt - Parsing design hierarchy completed successfully.
Adding
D:/cern/glib/orig/tracker1.3.glibv3.8cbc2_orig/vhdl/src/user/iphc_strasbourg/be/
ipcore_dir/tdc_counter/6bit/dsp48/tmp/_cg/ipcore_tdc_counter.vho -view all
-origin_type imported
INFO:TclTasksC:2116 - The automatic calculation of top has been turned-off.
   Please set the new top explicitly by running the "project set top" command.
   To re-calculate the new top automatically, set the "Auto Implementation Top"
   property to true.
Top level has been set to "/ipcore_tdc_counter"
Generating README file...
Generating FLIST file...
INFO:sim:948 - Finished FLIST file generation.
Moving files to output directory...
Finished moving files to output directory
Wrote CGP file for project 'ipcore_tdc_counter'.
