INFO:sim:172 - Generating IP...
Applying current project options...
Finished applying current project options.
WARNING:sim - A core named 'ipcore_fifo_tdcCounter' already exists in the
   project. Output products for this core may be overwritten.
Resolving generics for 'ipcore_fifo_tdcCounter'...
WARNING:sim - A core named 'ipcore_fifo_tdcCounter' already exists in the
   project. Output products for this core may be overwritten.
Applying external generics to 'ipcore_fifo_tdcCounter'...
Delivering associated files for 'ipcore_fifo_tdcCounter'...
Delivering EJava files for 'ipcore_fifo_tdcCounter'...
Generating implementation netlist for 'ipcore_fifo_tdcCounter'...
INFO:sim - Pre-processing HDL files for 'ipcore_fifo_tdcCounter'...
WARNING:sim - BlackBox generator run option '-ifmt' found multiple times. Only
   the first occurence is considered.
Running synthesis for 'ipcore_fifo_tdcCounter'
Running ngcbuild...
Writing VHO instantiation template for 'ipcore_fifo_tdcCounter'...
Writing VHDL behavioral simulation model for 'ipcore_fifo_tdcCounter'...
WARNING:sim - Overwriting existing file
   C:/VHDL/CMS/ISE14.6/TkFED/generic/amc_glib_5_0_01/vhdl/src/user/iphc_strasbou
   rg/be/ipcore_dir/ipcore_fifo/fifo_tdcCounter/6x512/tmp/_cg/ipcore_fifo_tdcCou
   nter/doc/fifo_generator_v9_3_vinfo.html with file from view
   xilinx_documentation
Delivered 3 files into directory
C:/VHDL/CMS/ISE14.6/TkFED/generic/amc_glib_5_0_01/vhdl/src/user/iphc_strasbourg/
be/ipcore_dir/ipcore_fifo/fifo_tdcCounter/6x512/tmp/_cg/ipcore_fifo_tdcCounter
Delivered 1 file into directory
C:/VHDL/CMS/ISE14.6/TkFED/generic/amc_glib_5_0_01/vhdl/src/user/iphc_strasbourg/
be/ipcore_dir/ipcore_fifo/fifo_tdcCounter/6x512/tmp/_cg/ipcore_fifo_tdcCounter
Generating ASY schematic symbol...
INFO:sim:949 - Finished generation of ASY schematic symbol.
Generating SYM schematic symbol for 'ipcore_fifo_tdcCounter'...
Generating metadata file...
Regenerating ISE project file for 'ipcore_fifo_tdcCounter'...
Generating ISE project...
XCO file found: ipcore_fifo_tdcCounter.xco
XMDF file found: ipcore_fifo_tdcCounter_xmdf.tcl
Adding
C:/VHDL/CMS/ISE14.6/TkFED/generic/amc_glib_5_0_01/vhdl/src/user/iphc_strasbourg/
be/ipcore_dir/ipcore_fifo/fifo_tdcCounter/6x512/tmp/_cg/ipcore_fifo_tdcCounter.a
sy -view all -origin_type imported
Adding
C:/VHDL/CMS/ISE14.6/TkFED/generic/amc_glib_5_0_01/vhdl/src/user/iphc_strasbourg/
be/ipcore_dir/ipcore_fifo/fifo_tdcCounter/6x512/tmp/_cg/ipcore_fifo_tdcCounter.n
gc -view all -origin_type created
Checking file
"C:/VHDL/CMS/ISE14.6/TkFED/generic/amc_glib_5_0_01/vhdl/src/user/iphc_strasbourg
/be/ipcore_dir/ipcore_fifo/fifo_tdcCounter/6x512/tmp/_cg/ipcore_fifo_tdcCounter.
ngc" for project device match ...
File
"C:/VHDL/CMS/ISE14.6/TkFED/generic/amc_glib_5_0_01/vhdl/src/user/iphc_strasbourg
/be/ipcore_dir/ipcore_fifo/fifo_tdcCounter/6x512/tmp/_cg/ipcore_fifo_tdcCounter.
ngc" device information matches project device.
Adding
C:/VHDL/CMS/ISE14.6/TkFED/generic/amc_glib_5_0_01/vhdl/src/user/iphc_strasbourg/
be/ipcore_dir/ipcore_fifo/fifo_tdcCounter/6x512/tmp/_cg/ipcore_fifo_tdcCounter.s
ym -view all -origin_type imported
Adding
C:/VHDL/CMS/ISE14.6/TkFED/generic/amc_glib_5_0_01/vhdl/src/user/iphc_strasbourg/
be/ipcore_dir/ipcore_fifo/fifo_tdcCounter/6x512/tmp/_cg/ipcore_fifo_tdcCounter.v
hd -view all -origin_type created
INFO:HDLCompiler:1061 - Parsing VHDL file
   "C:/VHDL/CMS/ISE14.6/TkFED/generic/amc_glib_5_0_01/vhdl/src/user/iphc_strasbo
   urg/be/ipcore_dir/ipcore_fifo/fifo_tdcCounter/6x512/tmp/_cg/ipcore_fifo_tdcCo
   unter.vhd" into library work
INFO:ProjectMgmt - Parsing design hierarchy completed successfully.
Adding
C:/VHDL/CMS/ISE14.6/TkFED/generic/amc_glib_5_0_01/vhdl/src/user/iphc_strasbourg/
be/ipcore_dir/ipcore_fifo/fifo_tdcCounter/6x512/tmp/_cg/ipcore_fifo_tdcCounter.v
ho -view all -origin_type imported
INFO:TclTasksC:2116 - The automatic calculation of top has been turned-off.
   Please set the new top explicitly by running the "project set top" command.
   To re-calculate the new top automatically, set the "Auto Implementation Top"
   property to true.
Top level has been set to "/ipcore_fifo_tdcCounter"
Generating README file...
Generating FLIST file...
INFO:sim:948 - Finished FLIST file generation.
Launching README viewer...
Moving files to output directory...
Finished moving files to output directory
Wrote CGP file for project 'ipcore_fifo_tdcCounter'.
