Release 14.5 - xst P.58f (nt64)
Copyright (c) 1995-2012 Xilinx, Inc.  All rights reserved.
--> Parameter TMPDIR set to xst/projnav.tmp


Total REAL time to Xst completion: 0.00 secs
Total CPU time to Xst completion: 0.10 secs
 
--> Parameter xsthdpdir set to xst


Total REAL time to Xst completion: 0.00 secs
Total CPU time to Xst completion: 0.10 secs
 
--> Reading design: fmc_io_buffers.prj

TABLE OF CONTENTS
  1) Synthesis Options Summary
  2) HDL Parsing
  3) HDL Elaboration
  4) HDL Synthesis
       4.1) HDL Synthesis Report
  5) Advanced HDL Synthesis
       5.1) Advanced HDL Synthesis Report
  6) Low Level Synthesis
  7) Partition Report
  8) Design Summary
       8.1) Primitive and Black Box Usage
       8.2) Device utilization summary
       8.3) Partition Resource Summary
       8.4) Timing Report
            8.4.1) Clock Information
            8.4.2) Asynchronous Control Signals Information
            8.4.3) Timing Summary
            8.4.4) Timing Details
            8.4.5) Cross Clock Domains Report


=========================================================================
*                      Synthesis Options Summary                        *
=========================================================================
---- Source Parameters
Input File Name                    : "fmc_io_buffers.prj"
Ignore Synthesis Constraint File   : NO

---- Target Parameters
Output File Name                   : "fmc_io_buffers"
Output Format                      : NGC
Target Device                      : xc6vlx130t-1-ff1156

---- Source Options
Top Module Name                    : fmc_io_buffers
Automatic FSM Extraction           : YES
FSM Encoding Algorithm             : Auto
Safe Implementation                : No
FSM Style                          : LUT
RAM Extraction                     : Yes
RAM Style                          : Auto
ROM Extraction                     : Yes
Shift Register Extraction          : YES
ROM Style                          : Auto
Resource Sharing                   : YES
Asynchronous To Synchronous        : NO
Shift Register Minimum Size        : 2
Use DSP Block                      : Auto
Automatic Register Balancing       : No

---- Target Options
LUT Combining                      : Auto
Reduce Control Sets                : Auto
Add IO Buffers                     : YES
Global Maximum Fanout              : 100000
Add Generic Clock Buffer(BUFG)     : 32
Register Duplication               : YES
Optimize Instantiated Primitives   : NO
Use Clock Enable                   : Auto
Use Synchronous Set                : Auto
Use Synchronous Reset              : Auto
Pack IO Registers into IOBs        : Auto
Equivalent register Removal        : YES

---- General Options
Optimization Goal                  : Speed
Optimization Effort                : 1
Power Reduction                    : NO
Keep Hierarchy                     : Soft
Netlist Hierarchy                  : As_Optimized
RTL Output                         : Yes
Global Optimization                : AllClockNets
Read Cores                         : YES
Write Timing Constraints           : NO
Cross Clock Analysis               : NO
Hierarchy Separator                : /
Bus Delimiter                      : <>
Case Specifier                     : Maintain
Slice Utilization Ratio            : 100
BRAM Utilization Ratio             : 100
DSP48 Utilization Ratio            : 100
Auto BRAM Packing                  : NO
Slice Utilization Ratio Delta      : 5

---- Other Options
Cores Search Directories           : {"../../../../tracker1.3.glibv3.8cbc2_orig/vhdl/src/user/iphc_strasbourg/be/ipcore_dir/ipcore_fifo/fifo_StubData/8x512" "../../../../tracker1.3.glibv3.8cbc2_orig/vhdl/src/user/iphc_strasbourg/be/ipcore_dir/ipcore_fifo/fifo_cbcCounter/24x512" "../../../../tracker1.3.glibv3.8cbc2_orig/vhdl/src/user/iphc_strasbourg/be/ipcore_dir/ipcore_fifo/fifo_cbcv2/264x512" "../../../../tracker1.3.glibv3.8cbc2_orig/vhdl/src/user/iphc_strasbourg/be/ipcore_dir/ipcore_fifo/fifo_tdcCounter/6x512" "../../../../tracker1.3.glibv3.8cbc2_orig/vhdl/src/user/iphc_strasbourg/be/ipcore_dir/ipcore_fifo/fifo_time_triggerCounter/96x512" "../../../../tracker1.3.glibv3.8cbc2_orig/vhdl/src/user/iphc_strasbourg/be/ipcore_dir/stubdata/L1A_varDelay/1x128" "../../../../tracker1.3.glibv3.8cbc2_orig/vhdl/src/user/iphc_strasbourg/be/ipcore_dir/stubdata/StubData_varDelay/8x128" "../../../../tracker1.3.glibv3.8cbc2_orig/vhdl/src/user/iphc_strasbourg/be/ipcore_dir/tdc_counter/6bit/dsp48"
"../../../../tracker1.3.glibv3.8cbc2_orig/vhdl/src/user/iphc_strasbourg/common/chipscope" "../../../../tracker1.3.glibv3.8cbc2_orig/vhdl/src/user/iphc_strasbourg/common/chipscope/ila_TenTrig1b" "../../core_sources/chipscope_icon" "../../core_sources/chipscope_ila" "../../core_sources/chipscope_vio" "ipcore_dir" "../../../../../dtc_fe_gbt/dtc_3.0/src/cores/cicbram" "../../../../../dtc_fe_gbt/dtc_3.0/src/cores/dtc_buff" "../../../../tracker1.3.glibv3.8cbc2_orig/vhdl/src/system/cdce/cdce_phase_mon_v2/dpram" "../../../../tracker1.3.glibv3.8cbc2_orig/vhdl/src/system/ethernet/ipcore_dir/basex" "../../../../tracker1.3.glibv3.8cbc2_orig/vhdl/src/system/ethernet/ipcore_dir/sgmii" "../../../../tracker1.3.glibv3.8cbc2_orig/vhdl/src/system/pcie/sys_pcie/ezdma2_ipbus_int/cores/ezdma2_ctrl_dpram" "../../../../tracker1.3.glibv3.8cbc2_orig/vhdl/src/system/pcie/sys_pcie/ezdma2_ipbus_int/cores/ipbus_ctrl_dpram" "../../../../tracker1.3.glibv3.8cbc2_orig/vhdl/src/system/pcie/sys_pcie/ezdma2_ipbus_int/cores/slv_rd_fifo"
"../../../../tracker1.3.glibv3.8cbc2_orig/vhdl/src/system/pcie/sys_pcie/ezdma2_ipbus_int/cores/slv_wr_fifo" "../../../../tracker1.3.glibv3.8cbc2_orig/vhdl/src/user/iphc_strasbourg/common/dist_mem" "../../../../gbt_bank/xilinx_v6/gbt_rx/rx_dpram" "../../../../gbt_bank/xilinx_v6/gbt_tx/tx_dpram" "../../../../tracker1.3.glibv3.8cbc2_orig/vhdl/src/system/cdce/cdce_phase_mon_v2/pll" "../../../../tracker1.3.glibv3.8cbc2_orig/vhdl/src/system/pll" "../../../../tracker1.3.glibv3.8cbc2_orig/vhdl/src/user/iphc_strasbourg/be/ipcore_dir/mmcm/320M_input" "../../core_sources/gbt_rx_frameclk_phalgnr/mmcm_inst" "../../../../../dtc_fe_gbt/dtc_3.0/src/cores/clkDiv"  }

=========================================================================


=========================================================================
*                          HDL Parsing                                  *
=========================================================================
Parsing VHDL file "D:\cern\glib\gbt-fpga-4.1.0_orig\tracker1.3.glibv3.8cbc2_orig\vhdl\src\system\fmc\fmc_package.vhd" into library work
Parsing package <fmc_package>.
Parsing package body <fmc_package>.
Parsing VHDL file "D:\cern\glib\gbt-fpga-4.1.0_orig\tracker1.3.glibv3.8cbc2_orig\vhdl\src\system\fmc\fmc_io_pair.vhd" into library work
Parsing entity <fmc_io_pair>.
Parsing architecture <fmc_io_pair_arch> of entity <fmc_io_pair>.
Parsing VHDL file "D:\cern\glib\gbt-fpga-4.1.0_orig\tracker1.3.glibv3.8cbc2_orig\vhdl\src\system\fmc\fmc_io_buffers.vhd" into library work
Parsing entity <fmc_io_buffers>.
Parsing architecture <fmc_io_buffers_arch> of entity <fmc_io_buffers>.

=========================================================================
*                            HDL Elaboration                            *
=========================================================================

Elaborating entity <fmc_io_buffers> (architecture <fmc_io_buffers_arch>) with generics from library <work>.

Elaborating entity <fmc_io_pair> (architecture <fmc_io_pair_arch>) with generics from library <work>.

=========================================================================
*                           HDL Synthesis                               *
=========================================================================

Synthesizing Unit <fmc_io_buffers>.
    Related source file is "D:\cern\glib\gbt-fpga-4.1.0_orig\tracker1.3.glibv3.8cbc2_orig\vhdl\src\system\fmc\fmc_io_buffers.vhd".
        fmc_la_io_settings = ("cmos","in__","in__","cmos","in__","in__","cmos","in__","in__","cmos","in__","in__","cmos","in__","in__","cmos","in__","in__","cmos","in__","in__","cmos","in__","in__","cmos","in__","in__","cmos","in__","in__","cmos","in__","in__","cmos","in__","in__","cmos","in__","in__","cmos","in__","in__","cmos","in__","in__","cmos","in__","in__","cmos","in__","in__","cmos","in__","in__","cmos","in__","in__","cmos","in__","in__","cmos","in__","in__","cmos","in__","in__","cmos","in__","in__","cmos","in__","in__","cmos","in__","in__","cmos","in__","in__","cmos","in__","in__","cmos","in__","in__","cmos","in__","in__","cmos","in__","in__","cmos","in__","in__","cmos","in__","in__","cmos","in__","in__","cmos","in__","in__")
        fmc_ha_io_settings = ("cmos","in__","in__","cmos","in__","in__","cmos","in__","in__","cmos","in__","in__","cmos","in__","in__","cmos","in__","in__","cmos","in__","in__","cmos","in__","in__","cmos","in__","in__","cmos","in__","in__","cmos","in__","in__","cmos","in__","in__","cmos","in__","in__","cmos","in__","in__","cmos","in__","in__","cmos","in__","in__","cmos","in__","in__","cmos","in__","in__","cmos","in__","in__","cmos","in__","in__","cmos","in__","in__","cmos","in__","in__","cmos","in__","in__","cmos","in__","in__")
        fmc_hb_io_settings = ("cmos","in__","in__","cmos","in__","in__","cmos","in__","in__","cmos","in__","in__","cmos","in__","in__","cmos","in__","in__","cmos","in__","in__","cmos","in__","in__","cmos","in__","in__","cmos","in__","in__","cmos","in__","in__","cmos","in__","in__","cmos","in__","in__","cmos","in__","in__","cmos","in__","in__","cmos","in__","in__","cmos","in__","in__","cmos","in__","in__","cmos","in__","in__","cmos","in__","in__","cmos","in__","in__","cmos","in__","in__")
    Summary:
	no macro.
Unit <fmc_io_buffers> synthesized.

Synthesizing Unit <fmc_io_pair>.
    Related source file is "D:\cern\glib\gbt-fpga-4.1.0_orig\tracker1.3.glibv3.8cbc2_orig\vhdl\src\system\fmc\fmc_io_pair.vhd".
        standard = "cmos"
        direction_p = "in__"
        direction_n = "in__"
WARNING:Xst:647 - Input <lvds_o> is never used. This port will be preserved and left unconnected if it belongs to a top-level block or it belongs to a sub-block and the hierarchy of this sub-block is preserved.
WARNING:Xst:647 - Input <lvds_oe_l> is never used. This port will be preserved and left unconnected if it belongs to a top-level block or it belongs to a sub-block and the hierarchy of this sub-block is preserved.
WARNING:Xst:647 - Input <cmos_p_o> is never used. This port will be preserved and left unconnected if it belongs to a top-level block or it belongs to a sub-block and the hierarchy of this sub-block is preserved.
WARNING:Xst:647 - Input <cmos_p_oe_l> is never used. This port will be preserved and left unconnected if it belongs to a top-level block or it belongs to a sub-block and the hierarchy of this sub-block is preserved.
WARNING:Xst:647 - Input <cmos_n_o> is never used. This port will be preserved and left unconnected if it belongs to a top-level block or it belongs to a sub-block and the hierarchy of this sub-block is preserved.
WARNING:Xst:647 - Input <cmos_n_oe_l> is never used. This port will be preserved and left unconnected if it belongs to a top-level block or it belongs to a sub-block and the hierarchy of this sub-block is preserved.
WARNING:Xst:653 - Signal <lvds_i> is used but never assigned. This sourceless signal will be automatically connected to value GND.
    Summary:
	no macro.
Unit <fmc_io_pair> synthesized.

=========================================================================
HDL Synthesis Report

Found no macro
=========================================================================

=========================================================================
*                       Advanced HDL Synthesis                          *
=========================================================================


=========================================================================
Advanced HDL Synthesis Report

Found no macro
=========================================================================

=========================================================================
*                         Low Level Synthesis                           *
=========================================================================

Optimizing unit <fmc_io_buffers> ...

Optimizing unit <fmc_io_pair> ...

Mapping all equations...
Building and optimizing final netlist ...
Found area constraint ratio of 100 (+ 5) on block fmc_io_buffers, actual ratio is 0.

Final Macro Processing ...

=========================================================================
Final Register Report

Found no macro
=========================================================================

=========================================================================
*                           Partition Report                            *
=========================================================================

Partition Implementation Status
-------------------------------

  No Partitions were found in this design.

-------------------------------

=========================================================================
*                            Design Summary                             *
=========================================================================

Top Level Output File Name         : fmc_io_buffers.ngc

Primitive and Black Box Usage:
------------------------------
# BELS                             : 80
#      GND                         : 80
# IO Buffers                       : 400
#      IBUF                        : 160
#      OBUF                        : 240

Device utilization summary:
---------------------------

Selected Device : 6vlx130tff1156-1 


Slice Logic Utilization: 

Slice Logic Distribution: 
 Number of LUT Flip Flop pairs used:      0
   Number with an unused Flip Flop:       0  out of      0         
   Number with an unused LUT:             0  out of      0         
   Number of fully used LUT-FF pairs:     0  out of      0         
   Number of unique control sets:         0

IO Utilization: 
 Number of IOs:                         880
 Number of bonded IOBs:                 240  out of    600    40%  

Specific Feature Utilization:

---------------------------
Partition Resource Summary:
---------------------------

  No Partitions were found in this design.

---------------------------


=========================================================================
Timing Report

NOTE: THESE TIMING NUMBERS ARE ONLY A SYNTHESIS ESTIMATE.
      FOR ACCURATE TIMING INFORMATION PLEASE REFER TO THE TRACE REPORT
      GENERATED AFTER PLACE-and-ROUTE.

Clock Information:
------------------
No clock signals found in this design

Asynchronous Control Signals Information:
----------------------------------------
No asynchronous control signals found in this design

Timing Summary:
---------------
Speed Grade: -1

   Minimum period: No path found
   Minimum input arrival time before clock: No path found
   Maximum output required time after clock: No path found
   Maximum combinational path delay: 0.405ns

Timing Details:
---------------
All values displayed in nanoseconds (ns)

=========================================================================
Timing constraint: Default path analysis
  Total number of paths / destination ports: 160 / 160
-------------------------------------------------------------------------
Delay:               0.405ns (Levels of Logic = 3)
  Source:            fmc_io_pin_la_p<0> (PAD)
  Destination:       fmc_from_pin_to_fabric_la_cmos_p<0> (PAD)

  Data Path: fmc_io_pin_la_p<0> to fmc_from_pin_to_fabric_la_cmos_p<0>
                                Gate     Net
    Cell:in->out      fanout   Delay   Delay  Logical Name (Net Name)
    ----------------------------------------  ------------
     begin scope: 'la[0].fmc_la_buf:io_p'
     IBUF:I->O             1   0.003   0.399  P1.i_cmos_p (cmos_p_i)
     end scope: 'la[0].fmc_la_buf:cmos_p_i'
     OBUF:I->O                 0.003          fmc_from_pin_to_fabric_la_cmos_p_0_OBUF (fmc_from_pin_to_fabric_la_cmos_p<0>)
    ----------------------------------------
    Total                      0.405ns (0.006ns logic, 0.399ns route)
                                       (1.5% logic, 98.5% route)

=========================================================================

Cross Clock Domains Report:
--------------------------

=========================================================================


Total REAL time to Xst completion: 6.00 secs
Total CPU time to Xst completion: 6.14 secs
 
--> 

Total memory usage is 324624 kilobytes

Number of errors   :    0 (   0 filtered)
Number of warnings :    7 (   0 filtered)
Number of infos    :    0 (   0 filtered)

