INFO:sim:172 - Generating IP...
Applying current project options...
Finished applying current project options.
WARNING:sim - A core named 'SHIFT_A32' already exists in the project. Output
   products for this core may be overwritten.
Resolving generics for 'SHIFT_A32'...
WARNING:sim - A core named 'SHIFT_A32' already exists in the project. Output
   products for this core may be overwritten.
Applying external generics to 'SHIFT_A32'...
Delivering associated files for 'SHIFT_A32'...
Delivering EJava files for 'SHIFT_A32'...
Generating implementation netlist for 'SHIFT_A32'...
INFO:sim - Pre-processing HDL files for 'SHIFT_A32'...
Running synthesis for 'SHIFT_A32'
Running ngcbuild...
Writing VHO instantiation template for 'SHIFT_A32'...
Writing VHDL behavioral simulation model for 'SHIFT_A32'...
WARNING:sim - Overwriting existing file
   C:/VHDL/CMS/TESTNOV2013/ISE14.6/fw/fpga/src/user/iphc_strasbourg/fe/ipcore/tm
   p/_cg/SHIFT_A32/doc/blk_mem_gen_v7_3_vinfo.html with file from view
   xilinx_documentation
Delivered 1 file into directory
C:/VHDL/CMS/TESTNOV2013/ISE14.6/fw/fpga/src/user/iphc_strasbourg/fe/ipcore/tmp/_
cg/SHIFT_A32
Generating ASY schematic symbol...
INFO:sim:949 - Finished generation of ASY schematic symbol.
Generating SYM schematic symbol for 'SHIFT_A32'...
Generating metadata file...
Regenerating ISE project file for 'SHIFT_A32'...
Generating ISE project...
XCO file found: SHIFT_A32.xco
XMDF file found: SHIFT_A32_xmdf.tcl
Adding
C:/VHDL/CMS/TESTNOV2013/ISE14.6/fw/fpga/src/user/iphc_strasbourg/fe/ipcore/tmp/_
cg/SHIFT_A32.asy -view all -origin_type imported
Adding
C:/VHDL/CMS/TESTNOV2013/ISE14.6/fw/fpga/src/user/iphc_strasbourg/fe/ipcore/tmp/_
cg/SHIFT_A32.ngc -view all -origin_type created
Checking file
"C:/VHDL/CMS/TESTNOV2013/ISE14.6/fw/fpga/src/user/iphc_strasbourg/fe/ipcore/tmp/
_cg/SHIFT_A32.ngc" for project device match ...
File
"C:/VHDL/CMS/TESTNOV2013/ISE14.6/fw/fpga/src/user/iphc_strasbourg/fe/ipcore/tmp/
_cg/SHIFT_A32.ngc" device information matches project device.
Adding
C:/VHDL/CMS/TESTNOV2013/ISE14.6/fw/fpga/src/user/iphc_strasbourg/fe/ipcore/tmp/_
cg/SHIFT_A32.sym -view all -origin_type imported
Adding
C:/VHDL/CMS/TESTNOV2013/ISE14.6/fw/fpga/src/user/iphc_strasbourg/fe/ipcore/tmp/_
cg/SHIFT_A32.vhd -view all -origin_type created
INFO:HDLCompiler:1061 - Parsing VHDL file
   "C:/VHDL/CMS/TESTNOV2013/ISE14.6/fw/fpga/src/user/iphc_strasbourg/fe/ipcore/t
   mp/_cg/SHIFT_A32.vhd" into library work
INFO:ProjectMgmt - Parsing design hierarchy completed successfully.
Adding
C:/VHDL/CMS/TESTNOV2013/ISE14.6/fw/fpga/src/user/iphc_strasbourg/fe/ipcore/tmp/_
cg/SHIFT_A32.vho -view all -origin_type imported
INFO:TclTasksC:2116 - The automatic calculation of top has been turned-off.
   Please set the new top explicitly by running the "project set top" command.
   To re-calculate the new top automatically, set the "Auto Implementation Top"
   property to true.
Top level has been set to "/SHIFT_A32"
Generating README file...
Generating FLIST file...
INFO:sim:948 - Finished FLIST file generation.
Launching README viewer...
Moving files to output directory...
Finished moving files to output directory
Wrote CGP file for project 'SHIFT_A32'.
