
*** Running vivado
    with args -log xlx_k7v7_tx_pll.vds -m64 -mode batch -messageDb vivado.pb -notrace -source xlx_k7v7_tx_pll.tcl


****** Vivado v2015.3 (64-bit)
  **** SW Build 1368829 on Mon Sep 28 20:06:43 MDT 2015
  **** IP Build 1367837 on Mon Sep 28 08:56:14 MDT 2015
    ** Copyright 1986-2015 Xilinx, Inc. All Rights Reserved.

source xlx_k7v7_tx_pll.tcl -notrace
INFO: [IP_Flow 19-234] Refreshing IP repositories
INFO: [IP_Flow 19-1704] No user IP repositories specified
INFO: [IP_Flow 19-2313] Loaded Vivado IP repository 'C:/Xilinx/Vivado/2015.3/data/ip'.
WARNING: [IP_Flow 19-3664] IP 'xlx_k7v7_tx_pll' generated file not found 'd:/GBT-FPGA/trunk/example_designs/xilinx_k7v7/core_sources/tx_pll/vivado/xlx_k7v7_tx_pll.dcp'. Please regenerate to continue.
WARNING: [IP_Flow 19-3664] IP 'xlx_k7v7_tx_pll' generated file not found 'd:/GBT-FPGA/trunk/example_designs/xilinx_k7v7/core_sources/tx_pll/vivado/xlx_k7v7_tx_pll_stub.v'. Please regenerate to continue.
WARNING: [IP_Flow 19-3664] IP 'xlx_k7v7_tx_pll' generated file not found 'd:/GBT-FPGA/trunk/example_designs/xilinx_k7v7/core_sources/tx_pll/vivado/xlx_k7v7_tx_pll_stub.vhdl'. Please regenerate to continue.
WARNING: [IP_Flow 19-3664] IP 'xlx_k7v7_tx_pll' generated file not found 'd:/GBT-FPGA/trunk/example_designs/xilinx_k7v7/core_sources/tx_pll/vivado/xlx_k7v7_tx_pll_sim_netlist.v'. Please regenerate to continue.
WARNING: [IP_Flow 19-3664] IP 'xlx_k7v7_tx_pll' generated file not found 'd:/GBT-FPGA/trunk/example_designs/xilinx_k7v7/core_sources/tx_pll/vivado/xlx_k7v7_tx_pll_sim_netlist.vhdl'. Please regenerate to continue.
Command: synth_design -top xlx_k7v7_tx_pll -part xc7k325tffg900-2 -mode out_of_context
Starting synth_design
Attempting to get a license for feature 'Synthesis' and/or device 'xc7k325t'
INFO: [Common 17-349] Got license for feature 'Synthesis' and/or device 'xc7k325t'
---------------------------------------------------------------------------------
Starting RTL Elaboration : Time (s): cpu = 00:00:06 ; elapsed = 00:00:07 . Memory (MB): peak = 293.945 ; gain = 122.363
---------------------------------------------------------------------------------
INFO: [Synth 8-638] synthesizing module 'xlx_k7v7_tx_pll' [d:/GBT-FPGA/trunk/example_designs/xilinx_k7v7/core_sources/tx_pll/vivado/xlx_k7v7_tx_pll.v:69]
INFO: [Synth 8-638] synthesizing module 'xlx_k7v7_tx_pll_clk_wiz' [d:/GBT-FPGA/trunk/example_designs/xilinx_k7v7/core_sources/tx_pll/vivado/xlx_k7v7_tx_pll_clk_wiz.v:67]
INFO: [Synth 8-638] synthesizing module 'BUFG' [C:/Xilinx/Vivado/2015.3/scripts/rt/data/unisim_comp.v:607]
INFO: [Synth 8-256] done synthesizing module 'BUFG' (1#1) [C:/Xilinx/Vivado/2015.3/scripts/rt/data/unisim_comp.v:607]
INFO: [Synth 8-638] synthesizing module 'PLLE2_ADV' [C:/Xilinx/Vivado/2015.3/scripts/rt/data/unisim_comp.v:32700]
	Parameter BANDWIDTH bound to: OPTIMIZED - type: string 
	Parameter CLKFBOUT_MULT bound to: 7 - type: integer 
	Parameter CLKFBOUT_PHASE bound to: 0.000000 - type: float 
	Parameter CLKIN1_PERIOD bound to: 8.333000 - type: float 
	Parameter CLKIN2_PERIOD bound to: 0.000000 - type: float 
	Parameter CLKOUT0_DIVIDE bound to: 21 - type: integer 
	Parameter CLKOUT0_DUTY_CYCLE bound to: 0.500000 - type: float 
	Parameter CLKOUT0_PHASE bound to: 0.000000 - type: float 
	Parameter CLKOUT1_DIVIDE bound to: 1 - type: integer 
	Parameter CLKOUT1_DUTY_CYCLE bound to: 0.500000 - type: float 
	Parameter CLKOUT1_PHASE bound to: 0.000000 - type: float 
	Parameter CLKOUT2_DIVIDE bound to: 1 - type: integer 
	Parameter CLKOUT2_DUTY_CYCLE bound to: 0.500000 - type: float 
	Parameter CLKOUT2_PHASE bound to: 0.000000 - type: float 
	Parameter CLKOUT3_DIVIDE bound to: 1 - type: integer 
	Parameter CLKOUT3_DUTY_CYCLE bound to: 0.500000 - type: float 
	Parameter CLKOUT3_PHASE bound to: 0.000000 - type: float 
	Parameter CLKOUT4_DIVIDE bound to: 1 - type: integer 
	Parameter CLKOUT4_DUTY_CYCLE bound to: 0.500000 - type: float 
	Parameter CLKOUT4_PHASE bound to: 0.000000 - type: float 
	Parameter CLKOUT5_DIVIDE bound to: 1 - type: integer 
	Parameter CLKOUT5_DUTY_CYCLE bound to: 0.500000 - type: float 
	Parameter CLKOUT5_PHASE bound to: 0.000000 - type: float 
	Parameter COMPENSATION bound to: ZHOLD - type: string 
	Parameter DIVCLK_DIVIDE bound to: 1 - type: integer 
	Parameter IS_CLKINSEL_INVERTED bound to: 1'b0 
	Parameter IS_PWRDWN_INVERTED bound to: 1'b0 
	Parameter IS_RST_INVERTED bound to: 1'b0 
	Parameter REF_JITTER1 bound to: 0.010000 - type: float 
	Parameter REF_JITTER2 bound to: 0.010000 - type: float 
	Parameter STARTUP_WAIT bound to: FALSE - type: string 
INFO: [Synth 8-256] done synthesizing module 'PLLE2_ADV' (2#1) [C:/Xilinx/Vivado/2015.3/scripts/rt/data/unisim_comp.v:32700]
INFO: [Synth 8-256] done synthesizing module 'xlx_k7v7_tx_pll_clk_wiz' (3#1) [d:/GBT-FPGA/trunk/example_designs/xilinx_k7v7/core_sources/tx_pll/vivado/xlx_k7v7_tx_pll_clk_wiz.v:67]
INFO: [Synth 8-256] done synthesizing module 'xlx_k7v7_tx_pll' (4#1) [d:/GBT-FPGA/trunk/example_designs/xilinx_k7v7/core_sources/tx_pll/vivado/xlx_k7v7_tx_pll.v:69]
---------------------------------------------------------------------------------
Finished RTL Elaboration : Time (s): cpu = 00:00:07 ; elapsed = 00:00:07 . Memory (MB): peak = 331.262 ; gain = 159.680
---------------------------------------------------------------------------------

Report Check Netlist: 
+------+------------------+-------+---------+-------+------------------+
|      |Item              |Errors |Warnings |Status |Description       |
+------+------------------+-------+---------+-------+------------------+
|1     |multi_driven_nets |      0|        0|Passed |Multi driven nets |
+------+------------------+-------+---------+-------+------------------+
---------------------------------------------------------------------------------
Finished RTL Optimization Phase 1 : Time (s): cpu = 00:00:07 ; elapsed = 00:00:07 . Memory (MB): peak = 331.262 ; gain = 159.680
---------------------------------------------------------------------------------
INFO: [Netlist 29-17] Analyzing 1 Unisim elements for replacement
INFO: [Netlist 29-28] Unisim Transformation completed in 0 CPU seconds
INFO: [Device 21-403] Loading part xc7k325tffg900-2
INFO: [Project 1-570] Preparing netlist for logic optimization

Processing XDC Constraints
Initializing timing engine
Parsing XDC File [d:/GBT-FPGA/trunk/example_designs/xilinx_k7v7/core_sources/tx_pll/vivado/xlx_k7v7_tx_pll_ooc.xdc] for cell 'inst'
Finished Parsing XDC File [d:/GBT-FPGA/trunk/example_designs/xilinx_k7v7/core_sources/tx_pll/vivado/xlx_k7v7_tx_pll_ooc.xdc] for cell 'inst'
Parsing XDC File [d:/GBT-FPGA/trunk/example_designs/xilinx_k7v7/core_sources/tx_pll/vivado/xlx_k7v7_tx_pll_board.xdc] for cell 'inst'
Finished Parsing XDC File [d:/GBT-FPGA/trunk/example_designs/xilinx_k7v7/core_sources/tx_pll/vivado/xlx_k7v7_tx_pll_board.xdc] for cell 'inst'
Parsing XDC File [d:/GBT-FPGA/trunk/example_designs/xilinx_k7v7/core_sources/tx_pll/vivado/xlx_k7v7_tx_pll.xdc] for cell 'inst'
Finished Parsing XDC File [d:/GBT-FPGA/trunk/example_designs/xilinx_k7v7/core_sources/tx_pll/vivado/xlx_k7v7_tx_pll.xdc] for cell 'inst'
Parsing XDC File [D:/GBT-FPGA/trunk/example_designs/xilinx_k7v7/kc705/vivado_project/kc705_gbt_example_design.runs/xlx_k7v7_tx_pll_synth_1/dont_touch.xdc]
Finished Parsing XDC File [D:/GBT-FPGA/trunk/example_designs/xilinx_k7v7/kc705/vivado_project/kc705_gbt_example_design.runs/xlx_k7v7_tx_pll_synth_1/dont_touch.xdc]
Completed Processing XDC Constraints

INFO: [Project 1-111] Unisim Transformation Summary:
No Unisim elements were transformed.

INFO: [Timing 38-2] Deriving generated clocks
Constraint Validation Runtime : Time (s): cpu = 00:00:00 ; elapsed = 00:00:00.016 . Memory (MB): peak = 581.352 ; gain = 0.000
---------------------------------------------------------------------------------
Finished Constraint Validation : Time (s): cpu = 00:00:14 ; elapsed = 00:00:15 . Memory (MB): peak = 581.352 ; gain = 409.770
---------------------------------------------------------------------------------
---------------------------------------------------------------------------------
Start Loading Part and Timing Information
---------------------------------------------------------------------------------
Loading part: xc7k325tffg900-2
---------------------------------------------------------------------------------
Finished Loading Part and Timing Information : Time (s): cpu = 00:00:14 ; elapsed = 00:00:15 . Memory (MB): peak = 581.352 ; gain = 409.770
---------------------------------------------------------------------------------
---------------------------------------------------------------------------------
Start Applying 'set_property' XDC Constraints
---------------------------------------------------------------------------------
Applied set_property DONT_TOUCH = true for inst. (constraint file  auto generated constraint, line ).
---------------------------------------------------------------------------------
Finished applying 'set_property' XDC Constraints : Time (s): cpu = 00:00:14 ; elapsed = 00:00:15 . Memory (MB): peak = 581.352 ; gain = 409.770
---------------------------------------------------------------------------------
---------------------------------------------------------------------------------
Finished RTL Optimization Phase 2 : Time (s): cpu = 00:00:14 ; elapsed = 00:00:16 . Memory (MB): peak = 581.352 ; gain = 409.770
---------------------------------------------------------------------------------

Report RTL Partitions: 
+-+--------------+------------+----------+
| |RTL Partition |Replication |Instances |
+-+--------------+------------+----------+
+-+--------------+------------+----------+
---------------------------------------------------------------------------------
Start RTL Component Statistics 
---------------------------------------------------------------------------------
Detailed RTL Component Info : 
---------------------------------------------------------------------------------
Finished RTL Component Statistics 
---------------------------------------------------------------------------------
---------------------------------------------------------------------------------
Start RTL Hierarchical Component Statistics 
---------------------------------------------------------------------------------
Hierarchical RTL Component report 
---------------------------------------------------------------------------------
Finished RTL Hierarchical Component Statistics
---------------------------------------------------------------------------------
---------------------------------------------------------------------------------
Start Part Resource Summary
---------------------------------------------------------------------------------
Part Resources:
DSPs: 840 (col length:140)
BRAMs: 890 (col length: RAMB18 140 RAMB36 70)
---------------------------------------------------------------------------------
Finished Part Resource Summary
---------------------------------------------------------------------------------
Start Parallel Synthesis Optimization  : Time (s): cpu = 00:00:15 ; elapsed = 00:00:16 . Memory (MB): peak = 581.352 ; gain = 409.770
---------------------------------------------------------------------------------
Start Cross Boundary Optimization
---------------------------------------------------------------------------------
---------------------------------------------------------------------------------
Finished Cross Boundary Optimization : Time (s): cpu = 00:00:15 ; elapsed = 00:00:16 . Memory (MB): peak = 581.352 ; gain = 409.770
---------------------------------------------------------------------------------
Finished Parallel Reinference  : Time (s): cpu = 00:00:15 ; elapsed = 00:00:16 . Memory (MB): peak = 581.352 ; gain = 409.770

Report RTL Partitions: 
+-+--------------+------------+----------+
| |RTL Partition |Replication |Instances |
+-+--------------+------------+----------+
+-+--------------+------------+----------+
---------------------------------------------------------------------------------
Start Area Optimization
---------------------------------------------------------------------------------
---------------------------------------------------------------------------------
Finished Area Optimization : Time (s): cpu = 00:00:15 ; elapsed = 00:00:16 . Memory (MB): peak = 581.352 ; gain = 409.770
---------------------------------------------------------------------------------
Finished Parallel Area Optimization  : Time (s): cpu = 00:00:15 ; elapsed = 00:00:16 . Memory (MB): peak = 581.352 ; gain = 409.770

Report RTL Partitions: 
+-+--------------+------------+----------+
| |RTL Partition |Replication |Instances |
+-+--------------+------------+----------+
+-+--------------+------------+----------+
---------------------------------------------------------------------------------
Start Timing Optimization
---------------------------------------------------------------------------------
---------------------------------------------------------------------------------
Start Applying XDC Timing Constraints
---------------------------------------------------------------------------------
---------------------------------------------------------------------------------
Finished Applying XDC Timing Constraints : Time (s): cpu = 00:00:24 ; elapsed = 00:00:26 . Memory (MB): peak = 609.250 ; gain = 437.668
---------------------------------------------------------------------------------
---------------------------------------------------------------------------------
Finished Timing Optimization : Time (s): cpu = 00:00:24 ; elapsed = 00:00:26 . Memory (MB): peak = 609.250 ; gain = 437.668
---------------------------------------------------------------------------------
Finished Parallel Timing Optimization  : Time (s): cpu = 00:00:24 ; elapsed = 00:00:26 . Memory (MB): peak = 609.250 ; gain = 437.668

Report RTL Partitions: 
+-+--------------+------------+----------+
| |RTL Partition |Replication |Instances |
+-+--------------+------------+----------+
+-+--------------+------------+----------+
Finished Parallel Synthesis Optimization  : Time (s): cpu = 00:00:24 ; elapsed = 00:00:26 . Memory (MB): peak = 609.250 ; gain = 437.668
---------------------------------------------------------------------------------
Start Technology Mapping
---------------------------------------------------------------------------------
---------------------------------------------------------------------------------
Finished Technology Mapping : Time (s): cpu = 00:00:24 ; elapsed = 00:00:26 . Memory (MB): peak = 618.887 ; gain = 447.305
---------------------------------------------------------------------------------

Report RTL Partitions: 
+-+--------------+------------+----------+
| |RTL Partition |Replication |Instances |
+-+--------------+------------+----------+
+-+--------------+------------+----------+
---------------------------------------------------------------------------------
Start IO Insertion
---------------------------------------------------------------------------------
---------------------------------------------------------------------------------
Start Flattening Before IO Insertion
---------------------------------------------------------------------------------
---------------------------------------------------------------------------------
Finished Flattening Before IO Insertion
---------------------------------------------------------------------------------
---------------------------------------------------------------------------------
Start Final Netlist Cleanup
---------------------------------------------------------------------------------
---------------------------------------------------------------------------------
Finished Final Netlist Cleanup
---------------------------------------------------------------------------------
---------------------------------------------------------------------------------
Finished IO Insertion : Time (s): cpu = 00:00:25 ; elapsed = 00:00:26 . Memory (MB): peak = 618.887 ; gain = 447.305
---------------------------------------------------------------------------------

Report Check Netlist: 
+------+------------------+-------+---------+-------+------------------+
|      |Item              |Errors |Warnings |Status |Description       |
+------+------------------+-------+---------+-------+------------------+
|1     |multi_driven_nets |      0|        0|Passed |Multi driven nets |
+------+------------------+-------+---------+-------+------------------+
---------------------------------------------------------------------------------
Start Renaming Generated Instances
---------------------------------------------------------------------------------
---------------------------------------------------------------------------------
Finished Renaming Generated Instances : Time (s): cpu = 00:00:25 ; elapsed = 00:00:26 . Memory (MB): peak = 618.887 ; gain = 447.305
---------------------------------------------------------------------------------

Report RTL Partitions: 
+-+--------------+------------+----------+
| |RTL Partition |Replication |Instances |
+-+--------------+------------+----------+
+-+--------------+------------+----------+
---------------------------------------------------------------------------------
Start Rebuilding User Hierarchy
---------------------------------------------------------------------------------
---------------------------------------------------------------------------------
Finished Rebuilding User Hierarchy : Time (s): cpu = 00:00:25 ; elapsed = 00:00:26 . Memory (MB): peak = 618.887 ; gain = 447.305
---------------------------------------------------------------------------------
---------------------------------------------------------------------------------
Start Renaming Generated Ports
---------------------------------------------------------------------------------
---------------------------------------------------------------------------------
Finished Renaming Generated Ports : Time (s): cpu = 00:00:25 ; elapsed = 00:00:26 . Memory (MB): peak = 618.887 ; gain = 447.305
---------------------------------------------------------------------------------
---------------------------------------------------------------------------------
Start Handling Custom Attributes
---------------------------------------------------------------------------------
---------------------------------------------------------------------------------
Finished Handling Custom Attributes : Time (s): cpu = 00:00:25 ; elapsed = 00:00:26 . Memory (MB): peak = 618.887 ; gain = 447.305
---------------------------------------------------------------------------------
---------------------------------------------------------------------------------
Start Renaming Generated Nets
---------------------------------------------------------------------------------
---------------------------------------------------------------------------------
Finished Renaming Generated Nets : Time (s): cpu = 00:00:25 ; elapsed = 00:00:26 . Memory (MB): peak = 618.887 ; gain = 447.305
---------------------------------------------------------------------------------
---------------------------------------------------------------------------------
Start Writing Synthesis Report
---------------------------------------------------------------------------------

Report BlackBoxes: 
+-+--------------+----------+
| |BlackBox name |Instances |
+-+--------------+----------+
+-+--------------+----------+

Report Cell Usage: 
+------+----------+------+
|      |Cell      |Count |
+------+----------+------+
|1     |BUFG      |     3|
|2     |PLLE2_ADV |     1|
+------+----------+------+

Report Instance Areas: 
+------+---------+------------------------+------+
|      |Instance |Module                  |Cells |
+------+---------+------------------------+------+
|1     |top      |                        |     4|
|2     |  inst   |xlx_k7v7_tx_pll_clk_wiz |     4|
+------+---------+------------------------+------+
---------------------------------------------------------------------------------
Finished Writing Synthesis Report : Time (s): cpu = 00:00:25 ; elapsed = 00:00:26 . Memory (MB): peak = 618.887 ; gain = 447.305
---------------------------------------------------------------------------------
Synthesis finished with 0 errors, 0 critical warnings and 0 warnings.
Synthesis Optimization Runtime : Time (s): cpu = 00:00:14 ; elapsed = 00:00:18 . Memory (MB): peak = 618.887 ; gain = 145.875
Synthesis Optimization Complete : Time (s): cpu = 00:00:25 ; elapsed = 00:00:26 . Memory (MB): peak = 618.887 ; gain = 447.305
INFO: [Project 1-571] Translating synthesized netlist
INFO: [Netlist 29-17] Analyzing 1 Unisim elements for replacement
INFO: [Netlist 29-28] Unisim Transformation completed in 0 CPU seconds
INFO: [Project 1-570] Preparing netlist for logic optimization
Parsing XDC File [d:/GBT-FPGA/trunk/example_designs/xilinx_k7v7/core_sources/tx_pll/vivado/xlx_k7v7_tx_pll_ooc.xdc] for cell 'inst'
Finished Parsing XDC File [d:/GBT-FPGA/trunk/example_designs/xilinx_k7v7/core_sources/tx_pll/vivado/xlx_k7v7_tx_pll_ooc.xdc] for cell 'inst'
Parsing XDC File [d:/GBT-FPGA/trunk/example_designs/xilinx_k7v7/core_sources/tx_pll/vivado/xlx_k7v7_tx_pll_board.xdc] for cell 'inst'
Finished Parsing XDC File [d:/GBT-FPGA/trunk/example_designs/xilinx_k7v7/core_sources/tx_pll/vivado/xlx_k7v7_tx_pll_board.xdc] for cell 'inst'
Parsing XDC File [d:/GBT-FPGA/trunk/example_designs/xilinx_k7v7/core_sources/tx_pll/vivado/xlx_k7v7_tx_pll.xdc] for cell 'inst'
Finished Parsing XDC File [d:/GBT-FPGA/trunk/example_designs/xilinx_k7v7/core_sources/tx_pll/vivado/xlx_k7v7_tx_pll.xdc] for cell 'inst'
INFO: [Opt 31-138] Pushed 0 inverter(s) to 0 load pin(s).
INFO: [Project 1-111] Unisim Transformation Summary:
No Unisim elements were transformed.

INFO: [Common 17-83] Releasing license: Synthesis
25 Infos, 5 Warnings, 0 Critical Warnings and 0 Errors encountered.
synth_design completed successfully
synth_design: Time (s): cpu = 00:00:24 ; elapsed = 00:00:25 . Memory (MB): peak = 618.887 ; gain = 401.949
report_utilization: Time (s): cpu = 00:00:00 ; elapsed = 00:00:00.031 . Memory (MB): peak = 618.887 ; gain = 0.000
INFO: [Common 17-206] Exiting Vivado at Mon Apr 18 09:40:36 2016...
