INFO:sim:172 - Generating IP...
WARNING:sim:100 - The Simulation File Type <Behavioral> is not valid for this
   core. Overriding with File Type <structural>.
Applying current project options...
Finished applying current project options.
Resolving generic values...
Finished resolving generic values.
Generating IP...
WARNING:sim:100 - The Simulation File Type <Behavioral> is not valid for this
   core. Overriding with File Type <structural>.
WARNING:sim:89 - A core named <v6_emac_v2_3_sgmii> already exists in the output
   directory. Output products for this core may be overwritten.
XST: HDL Parsing
XST: HDL Elaboration
XST: HDL Synthesis
XST: Advanced HDL Synthesis
Generating Implementation files.
Generating NGC file.
Generating VHDL structural model.
Finished Generation.
Generating IP instantiation template...
Generating ASY schematic symbol...
INFO:sim:949 - Finished generation of ASY schematic symbol.
Generating SYM schematic symbol for 'v6_emac_v2_3_sgmii'...
Generating metadata file...
Generating ISE project...
XCO file found: v6_emac_v2_3_sgmii.xco
XMDF file found: v6_emac_v2_3_sgmii_xmdf.tcl
Adding
D:/cern/glib/orig/tracker1.3.glibv3.8cbc2_orig/vhdl/src/system/ethernet/ipcore_d
ir/sgmii/tmp/_cg/v6_emac_v2_3_sgmii.asy -view all -origin_type imported
Adding
D:/cern/glib/orig/tracker1.3.glibv3.8cbc2_orig/vhdl/src/system/ethernet/ipcore_d
ir/sgmii/tmp/_cg/v6_emac_v2_3_sgmii.ngc -view all -origin_type created
Checking file
"D:/cern/glib/orig/tracker1.3.glibv3.8cbc2_orig/vhdl/src/system/ethernet/ipcore_
dir/sgmii/tmp/_cg/v6_emac_v2_3_sgmii.ngc" for project device match ...
File
"D:/cern/glib/orig/tracker1.3.glibv3.8cbc2_orig/vhdl/src/system/ethernet/ipcore_
dir/sgmii/tmp/_cg/v6_emac_v2_3_sgmii.ngc" device information matches project
device.
Adding
D:/cern/glib/orig/tracker1.3.glibv3.8cbc2_orig/vhdl/src/system/ethernet/ipcore_d
ir/sgmii/tmp/_cg/v6_emac_v2_3_sgmii.sym -view all -origin_type imported
Adding
D:/cern/glib/orig/tracker1.3.glibv3.8cbc2_orig/vhdl/src/system/ethernet/ipcore_d
ir/sgmii/tmp/_cg/v6_emac_v2_3_sgmii.vhd -view all -origin_type created
INFO:HDLCompiler:1061 - Parsing VHDL file
   "D:/cern/glib/orig/tracker1.3.glibv3.8cbc2_orig/vhdl/src/system/ethernet/ipco
   re_dir/sgmii/tmp/_cg/v6_emac_v2_3_sgmii.vhd" into library work
INFO:ProjectMgmt - Parsing design hierarchy completed successfully.
Adding
D:/cern/glib/orig/tracker1.3.glibv3.8cbc2_orig/vhdl/src/system/ethernet/ipcore_d
ir/sgmii/tmp/_cg/v6_emac_v2_3_sgmii.vho -view all -origin_type imported
INFO:TclTasksC:2116 - The automatic calculation of top has been turned-off.
   Please set the new top explicitly by running the "project set top" command.
   To re-calculate the new top automatically, set the "Auto Implementation Top"
   property to true.
Top level has been set to "/v6_emac_v2_3_sgmii"
Generating README file...
Generating FLIST file...
INFO:sim:948 - Finished FLIST file generation.
Moving files to output directory...
Finished moving files to output directory
Wrote CGP file for project 'v6_emac_v2_3_sgmii'.
