  mpa_cc.cpp
d:\cern\cfiles\mpa_cc\mpa_cc\mpa_cc.cpp(37): warning C4244: 'initializing': conversion from 'std::streamoff' to 'unsigned int', possible loss of data
d:\cern\cfiles\mpa_cc\mpa_cc\mpa_cc.cpp(425): warning C4244: 'initializing': conversion from 'std::streamoff' to 'unsigned int', possible loss of data
d:\cern\cfiles\mpa_cc\mpa_cc\mpa_cc.cpp(751): warning C4244: 'initializing': conversion from 'std::streamoff' to 'unsigned int', possible loss of data
d:\cern\cfiles\mpa_cc\mpa_cc\mpa_cc.cpp(1076): warning C4244: 'initializing': conversion from 'std::streamoff' to 'unsigned int', possible loss of data
d:\cern\cfiles\mpa_cc\mpa_cc\mpa_cc.cpp(1400): warning C4244: 'initializing': conversion from 'std::streamoff' to 'unsigned int', possible loss of data
d:\cern\cfiles\mpa_cc\mpa_cc\mpa_cc.cpp(1723): warning C4244: 'initializing': conversion from 'std::streamoff' to 'unsigned int', possible loss of data
d:\cern\cfiles\mpa_cc\mpa_cc\mpa_cc.cpp(2046): warning C4244: 'initializing': conversion from 'std::streamoff' to 'unsigned int', possible loss of data
d:\cern\cfiles\mpa_cc\mpa_cc\mpa_cc.cpp(2369): warning C4244: 'initializing': conversion from 'std::streamoff' to 'unsigned int', possible loss of data
d:\cern\cfiles\mpa_cc\mpa_cc\mpa_cc.cpp(2759): warning C4996: 'strncpy': This function or variable may be unsafe. Consider using strncpy_s instead. To disable deprecation, use _CRT_SECURE_NO_WARNINGS. See online help for details.
  c:\program files (x86)\windows kits\10\include\10.0.10240.0\ucrt\string.h(346): note: see declaration of 'strncpy'
d:\cern\cfiles\mpa_cc\mpa_cc\mpa_cc.cpp(2802): warning C4996: 'strncpy': This function or variable may be unsafe. Consider using strncpy_s instead. To disable deprecation, use _CRT_SECURE_NO_WARNINGS. See online help for details.
  c:\program files (x86)\windows kits\10\include\10.0.10240.0\ucrt\string.h(346): note: see declaration of 'strncpy'
d:\cern\cfiles\mpa_cc\mpa_cc\mpa_cc.cpp(2844): warning C4996: 'strncpy': This function or variable may be unsafe. Consider using strncpy_s instead. To disable deprecation, use _CRT_SECURE_NO_WARNINGS. See online help for details.
  c:\program files (x86)\windows kits\10\include\10.0.10240.0\ucrt\string.h(346): note: see declaration of 'strncpy'
d:\cern\cfiles\mpa_cc\mpa_cc\mpa_cc.cpp(2885): warning C4996: 'strncpy': This function or variable may be unsafe. Consider using strncpy_s instead. To disable deprecation, use _CRT_SECURE_NO_WARNINGS. See online help for details.
  c:\program files (x86)\windows kits\10\include\10.0.10240.0\ucrt\string.h(346): note: see declaration of 'strncpy'
d:\cern\cfiles\mpa_cc\mpa_cc\mpa_cc.cpp(2928): warning C4996: 'strncpy': This function or variable may be unsafe. Consider using strncpy_s instead. To disable deprecation, use _CRT_SECURE_NO_WARNINGS. See online help for details.
  c:\program files (x86)\windows kits\10\include\10.0.10240.0\ucrt\string.h(346): note: see declaration of 'strncpy'
d:\cern\cfiles\mpa_cc\mpa_cc\mpa_cc.cpp(2973): warning C4996: 'strncpy': This function or variable may be unsafe. Consider using strncpy_s instead. To disable deprecation, use _CRT_SECURE_NO_WARNINGS. See online help for details.
  c:\program files (x86)\windows kits\10\include\10.0.10240.0\ucrt\string.h(346): note: see declaration of 'strncpy'
d:\cern\cfiles\mpa_cc\mpa_cc\mpa_cc.cpp(3017): warning C4996: 'strncpy': This function or variable may be unsafe. Consider using strncpy_s instead. To disable deprecation, use _CRT_SECURE_NO_WARNINGS. See online help for details.
  c:\program files (x86)\windows kits\10\include\10.0.10240.0\ucrt\string.h(346): note: see declaration of 'strncpy'
d:\cern\cfiles\mpa_cc\mpa_cc\mpa_cc.cpp(3061): warning C4996: 'strncpy': This function or variable may be unsafe. Consider using strncpy_s instead. To disable deprecation, use _CRT_SECURE_NO_WARNINGS. See online help for details.
  c:\program files (x86)\windows kits\10\include\10.0.10240.0\ucrt\string.h(346): note: see declaration of 'strncpy'
d:\cern\cfiles\mpa_cc\mpa_cc\mpa_cc.cpp(96): warning C4101: 'dout_0m_prev': unreferenced local variable
  mpa_cc.vcxproj -> D:\cern\cfiles\mpa_cc\Debug\mpa_cc.exe
