INFO:sim:172 - Generating IP...
Applying current project options...
Finished applying current project options.
Resolving generics for 'ipcore_fifo_cbcCounter'...
WARNING:sim - A core named 'ipcore_fifo_cbcCounter' already exists in the
   project. Output products for this core may be overwritten.
Applying external generics to 'ipcore_fifo_cbcCounter'...
Delivering associated files for 'ipcore_fifo_cbcCounter'...
Delivering EJava files for 'ipcore_fifo_cbcCounter'...
Generating implementation netlist for 'ipcore_fifo_cbcCounter'...
INFO:sim - Pre-processing HDL files for 'ipcore_fifo_cbcCounter'...
WARNING:sim - BlackBox generator run option '-ifmt' found multiple times. Only
   the first occurence is considered.
Running synthesis for 'ipcore_fifo_cbcCounter'
Running ngcbuild...
Writing VHO instantiation template for 'ipcore_fifo_cbcCounter'...
Writing VHDL behavioral simulation model for 'ipcore_fifo_cbcCounter'...
WARNING:sim - Overwriting existing file
   D:/cern/glib/orig/tracker1.3.glibv3.8cbc2_orig/vhdl/src/user/iphc_strasbourg/
   be/ipcore_dir/ipcore_fifo/fifo_cbcCounter/24x512/tmp/_cg/ipcore_fifo_cbcCount
   er/doc/fifo_generator_v9_3_vinfo.html with file from view
   xilinx_documentation
Delivered 3 files into directory
D:/cern/glib/orig/tracker1.3.glibv3.8cbc2_orig/vhdl/src/user/iphc_strasbourg/be/
ipcore_dir/ipcore_fifo/fifo_cbcCounter/24x512/tmp/_cg/ipcore_fifo_cbcCounter
Delivered 1 file into directory
D:/cern/glib/orig/tracker1.3.glibv3.8cbc2_orig/vhdl/src/user/iphc_strasbourg/be/
ipcore_dir/ipcore_fifo/fifo_cbcCounter/24x512/tmp/_cg/ipcore_fifo_cbcCounter
Generating ASY schematic symbol...
INFO:sim:949 - Finished generation of ASY schematic symbol.
Generating SYM schematic symbol for 'ipcore_fifo_cbcCounter'...
Generating metadata file...
Regenerating ISE project file for 'ipcore_fifo_cbcCounter'...
Generating ISE project...
XCO file found: ipcore_fifo_cbcCounter.xco
XMDF file found: ipcore_fifo_cbcCounter_xmdf.tcl
Adding
D:/cern/glib/orig/tracker1.3.glibv3.8cbc2_orig/vhdl/src/user/iphc_strasbourg/be/
ipcore_dir/ipcore_fifo/fifo_cbcCounter/24x512/tmp/_cg/ipcore_fifo_cbcCounter.asy
-view all -origin_type imported
Adding
D:/cern/glib/orig/tracker1.3.glibv3.8cbc2_orig/vhdl/src/user/iphc_strasbourg/be/
ipcore_dir/ipcore_fifo/fifo_cbcCounter/24x512/tmp/_cg/ipcore_fifo_cbcCounter.ngc
-view all -origin_type created
Checking file
"D:/cern/glib/orig/tracker1.3.glibv3.8cbc2_orig/vhdl/src/user/iphc_strasbourg/be
/ipcore_dir/ipcore_fifo/fifo_cbcCounter/24x512/tmp/_cg/ipcore_fifo_cbcCounter.ng
c" for project device match ...
File
"D:/cern/glib/orig/tracker1.3.glibv3.8cbc2_orig/vhdl/src/user/iphc_strasbourg/be
/ipcore_dir/ipcore_fifo/fifo_cbcCounter/24x512/tmp/_cg/ipcore_fifo_cbcCounter.ng
c" device information matches project device.
Adding
D:/cern/glib/orig/tracker1.3.glibv3.8cbc2_orig/vhdl/src/user/iphc_strasbourg/be/
ipcore_dir/ipcore_fifo/fifo_cbcCounter/24x512/tmp/_cg/ipcore_fifo_cbcCounter.sym
-view all -origin_type imported
Adding
D:/cern/glib/orig/tracker1.3.glibv3.8cbc2_orig/vhdl/src/user/iphc_strasbourg/be/
ipcore_dir/ipcore_fifo/fifo_cbcCounter/24x512/tmp/_cg/ipcore_fifo_cbcCounter.vhd
-view all -origin_type created
INFO:HDLCompiler:1061 - Parsing VHDL file
   "D:/cern/glib/orig/tracker1.3.glibv3.8cbc2_orig/vhdl/src/user/iphc_strasbourg
   /be/ipcore_dir/ipcore_fifo/fifo_cbcCounter/24x512/tmp/_cg/ipcore_fifo_cbcCoun
   ter.vhd" into library work
INFO:ProjectMgmt - Parsing design hierarchy completed successfully.
Adding
D:/cern/glib/orig/tracker1.3.glibv3.8cbc2_orig/vhdl/src/user/iphc_strasbourg/be/
ipcore_dir/ipcore_fifo/fifo_cbcCounter/24x512/tmp/_cg/ipcore_fifo_cbcCounter.vho
-view all -origin_type imported
INFO:TclTasksC:2116 - The automatic calculation of top has been turned-off.
   Please set the new top explicitly by running the "project set top" command.
   To re-calculate the new top automatically, set the "Auto Implementation Top"
   property to true.
Top level has been set to "/ipcore_fifo_cbcCounter"
Generating README file...
Generating FLIST file...
INFO:sim:948 - Finished FLIST file generation.
Moving files to output directory...
Finished moving files to output directory
Wrote CGP file for project 'ipcore_fifo_cbcCounter'.
