Info: Starting: Create simulation model
Info: qsys-generate D:\gbt_fpga\tags\gbt_fpga_4_0\gbt_bank\altera_a10\mgt\gx_latopt_x6\gx_latopt_x6.qsys --simulation=VHDL --output-directory=D:\gbt_fpga\tags\gbt_fpga_4_0\gbt_bank\altera_a10\mgt\gx_latopt_x6\gx_latopt_x6 --family="Arria 10" --part=10AX115S3F45E2SG
Progress: Loading gx_latopt_x6/gx_latopt_x6.qsys
Progress: Reading input file
Progress: Adding xcvr_native_a10_0 [altera_xcvr_native_a10 15.1]
Progress: Parameterizing module xcvr_native_a10_0
Progress: Building connections
Progress: Parameterizing connections
Progress: Validating
Progress: Done reading input file
Info: gx_latopt_x6.xcvr_native_a10_0: Simplified data interface has been enabled. The Native PHY will present the data/control interface for the current configuration only. Dynamic reconfiguration of the data interface cannot be supported. The unused_tx_parallel_data and unused_tx_control ports should be connected to 0.
Warning: gx_latopt_x6.xcvr_native_a10_0: When dynamic reconfiguration is enabled, users are recommended to enable multiple reconfiguration profiles for Quartus to perform robust timing closure
Info: gx_latopt_x6.xcvr_native_a10_0: For the selected device(10AX115S3F45E2SG), transceiver speed grade is 3 and core speed grade is 2.
Info: gx_latopt_x6.xcvr_native_a10_0: Note - The external TX PLL IP must be configured with an output clock frequency of 2400.0 MHz.
Info: gx_latopt_x6: "Transforming system: gx_latopt_x6"
Info: gx_latopt_x6: Running transform generation_view_transform
Info: gx_latopt_x6: Running transform generation_view_transform took 0.000s
Info: xcvr_native_a10_0: Running transform generation_view_transform
Info: xcvr_native_a10_0: Running transform generation_view_transform took 0.000s
Info: gx_latopt_x6: Running transform merlin_avalon_transform
Info: gx_latopt_x6: Running transform merlin_avalon_transform took 0.038s
Info: gx_latopt_x6: "Naming system components in system: gx_latopt_x6"
Info: gx_latopt_x6: "Processing generation queue"
Info: gx_latopt_x6: "Generating: gx_latopt_x6"
Info: gx_latopt_x6: "Generating: gx_latopt_x6_altera_xcvr_native_a10_151_q2zuvka"
Info: xcvr_native_a10_0: add_fileset_file ./alt_xcvr_resync.sv SYSTEM_VERILOG PATH ../../../../altera_xcvr_generic/ctrl/alt_xcvr_resync.sv
Info: xcvr_native_a10_0: add_fileset_file ./alt_xcvr_arbiter.sv SYSTEM_VERILOG PATH ../../../../altera_xcvr_generic/ctrl/alt_xcvr_arbiter.sv
Info: xcvr_native_a10_0: add_fileset_file ./mentor/alt_xcvr_resync.sv SYSTEM_VERILOG_ENCRYPT PATH ../../../../altera_xcvr_generic/mentor/ctrl/alt_xcvr_resync.sv MENTOR_SPECIFIC
Info: xcvr_native_a10_0: add_fileset_file ./mentor/alt_xcvr_arbiter.sv SYSTEM_VERILOG_ENCRYPT PATH ../../../../altera_xcvr_generic/mentor/ctrl/alt_xcvr_arbiter.sv MENTOR_SPECIFIC
Info: xcvr_native_a10_0: add_fileset_file ./twentynm_pcs.sv SYSTEM_VERILOG PATH ../../../alt_xcvr_core/nf/twentynm_pcs.sv
Info: xcvr_native_a10_0: add_fileset_file ./twentynm_pma.sv SYSTEM_VERILOG PATH ../../../alt_xcvr_core/nf/twentynm_pma.sv
Info: xcvr_native_a10_0: add_fileset_file ./twentynm_xcvr_avmm.sv SYSTEM_VERILOG PATH ../../../alt_xcvr_core/nf/twentynm_xcvr_avmm.sv
Info: xcvr_native_a10_0: add_fileset_file ./twentynm_xcvr_native.sv SYSTEM_VERILOG PATH ../../../alt_xcvr_core/nf/twentynm_xcvr_native.sv
Info: xcvr_native_a10_0: add_fileset_file ./mentor/twentynm_pcs.sv SYSTEM_VERILOG_ENCRYPT PATH ../../../alt_xcvr_core/nf/mentor/twentynm_pcs.sv MENTOR_SPECIFIC
Info: xcvr_native_a10_0: add_fileset_file ./mentor/twentynm_pma.sv SYSTEM_VERILOG_ENCRYPT PATH ../../../alt_xcvr_core/nf/mentor/twentynm_pma.sv MENTOR_SPECIFIC
Info: xcvr_native_a10_0: add_fileset_file ./mentor/twentynm_xcvr_avmm.sv SYSTEM_VERILOG_ENCRYPT PATH ../../../alt_xcvr_core/nf/mentor/twentynm_xcvr_avmm.sv MENTOR_SPECIFIC
Info: xcvr_native_a10_0: add_fileset_file ./mentor/twentynm_xcvr_native.sv SYSTEM_VERILOG_ENCRYPT PATH ../../../alt_xcvr_core/nf/mentor/twentynm_xcvr_native.sv MENTOR_SPECIFIC
Info: xcvr_native_a10_0: add_fileset_file ./altera_xcvr_native_a10_functions_h.sv SYSTEM_VERILOG PATH ..//altera_xcvr_native_a10_functions_h.sv
Info: xcvr_native_a10_0: add_fileset_file ./a10_avmm_h.sv SYSTEM_VERILOG PATH ..//a10_avmm_h.sv
Info: xcvr_native_a10_0: add_fileset_file ./alt_xcvr_native_avmm_csr.sv SYSTEM_VERILOG PATH ..//alt_xcvr_native_avmm_csr.sv
Info: xcvr_native_a10_0: add_fileset_file ./alt_xcvr_native_prbs_accum.sv SYSTEM_VERILOG PATH ..//alt_xcvr_native_prbs_accum.sv
Info: xcvr_native_a10_0: add_fileset_file ./alt_xcvr_native_odi_accel.sv SYSTEM_VERILOG PATH ..//alt_xcvr_native_odi_accel.sv
Info: xcvr_native_a10_0: add_fileset_file ./alt_xcvr_native_rcfg_arb.sv SYSTEM_VERILOG PATH ..//alt_xcvr_native_rcfg_arb.sv
Info: xcvr_native_a10_0: Building configuration data for reconfiguration profile 0
Info: gx_latopt_x6: Done "gx_latopt_x6" with 2 modules, 27 files
Info: qsys-generate succeeded.
Info: Finished: Create simulation model
Info: Starting: Create Modelsim Project.
Info: sim-script-gen --spd=D:\gbt_fpga\tags\gbt_fpga_4_0\gbt_bank\altera_a10\mgt\gx_latopt_x6\gx_latopt_x6\gx_latopt_x6.spd --output-directory=D:/gbt_fpga/tags/gbt_fpga_4_0/gbt_bank/altera_a10/mgt/gx_latopt_x6/gx_latopt_x6/sim/ --use-relative-paths=true
Info: Doing: ip-make-simscript --spd=D:\gbt_fpga\tags\gbt_fpga_4_0\gbt_bank\altera_a10\mgt\gx_latopt_x6\gx_latopt_x6\gx_latopt_x6.spd --output-directory=D:/gbt_fpga/tags/gbt_fpga_4_0/gbt_bank/altera_a10/mgt/gx_latopt_x6/gx_latopt_x6/sim/ --use-relative-paths=true
Info: Generating the following file(s) for MODELSIM simulator in D:/gbt_fpga/tags/gbt_fpga_4_0/gbt_bank/altera_a10/mgt/gx_latopt_x6/gx_latopt_x6/sim/ directory:
Info: 	mentor/msim_setup.tcl
Info: Skipping VCS script generation since VHDL file $QUARTUS_INSTALL_DIR/eda/sim_lib/altera_syn_attributes.vhd is required for simulation
Info: Generating the following file(s) for VCSMX simulator in D:/gbt_fpga/tags/gbt_fpga_4_0/gbt_bank/altera_a10/mgt/gx_latopt_x6/gx_latopt_x6/sim/ directory:
Info: 	synopsys/vcsmx/synopsys_sim.setup
Info: 	synopsys/vcsmx/vcsmx_setup.sh
Info: Generating the following file(s) for NCSIM simulator in D:/gbt_fpga/tags/gbt_fpga_4_0/gbt_bank/altera_a10/mgt/gx_latopt_x6/gx_latopt_x6/sim/ directory:
Info: 	cadence/cds.lib
Info: 	cadence/hdl.var
Info: 	cadence/ncsim_setup.sh
Info: 	2 .cds.lib files in cadence/cds_libs/ directory
Info: Generating the following file(s) for RIVIERA simulator in D:/gbt_fpga/tags/gbt_fpga_4_0/gbt_bank/altera_a10/mgt/gx_latopt_x6/gx_latopt_x6/sim/ directory:
Info: 	aldec/rivierapro_setup.tcl
Info: For information on how to simulate your IP, see the explanatory comments in the simulator-specific subdirectories under D:/gbt_fpga/tags/gbt_fpga_4_0/gbt_bank/altera_a10/mgt/gx_latopt_x6/gx_latopt_x6/sim/.
Info: Finished: Create Modelsim Project.
Info: Starting: Create block symbol file (.bsf)
Info: qsys-generate D:\gbt_fpga\tags\gbt_fpga_4_0\gbt_bank\altera_a10\mgt\gx_latopt_x6\gx_latopt_x6.qsys --block-symbol-file --output-directory=D:\gbt_fpga\tags\gbt_fpga_4_0\gbt_bank\altera_a10\mgt\gx_latopt_x6\gx_latopt_x6 --family="Arria 10" --part=10AX115S3F45E2SG
Progress: Loading gx_latopt_x6/gx_latopt_x6.qsys
Progress: Reading input file
Progress: Adding xcvr_native_a10_0 [altera_xcvr_native_a10 15.1]
Progress: Parameterizing module xcvr_native_a10_0
Progress: Building connections
Progress: Parameterizing connections
Progress: Validating
Progress: Done reading input file
Info: gx_latopt_x6.xcvr_native_a10_0: Simplified data interface has been enabled. The Native PHY will present the data/control interface for the current configuration only. Dynamic reconfiguration of the data interface cannot be supported. The unused_tx_parallel_data and unused_tx_control ports should be connected to 0.
Warning: gx_latopt_x6.xcvr_native_a10_0: When dynamic reconfiguration is enabled, users are recommended to enable multiple reconfiguration profiles for Quartus to perform robust timing closure
Info: gx_latopt_x6.xcvr_native_a10_0: For the selected device(10AX115S3F45E2SG), transceiver speed grade is 3 and core speed grade is 2.
Info: gx_latopt_x6.xcvr_native_a10_0: Note - The external TX PLL IP must be configured with an output clock frequency of 2400.0 MHz.
Info: qsys-generate succeeded.
Info: Finished: Create block symbol file (.bsf)
Info: 
Info: Starting: Create HDL design files for synthesis
Info: qsys-generate D:\gbt_fpga\tags\gbt_fpga_4_0\gbt_bank\altera_a10\mgt\gx_latopt_x6\gx_latopt_x6.qsys --synthesis=VHDL --output-directory=D:\gbt_fpga\tags\gbt_fpga_4_0\gbt_bank\altera_a10\mgt\gx_latopt_x6\gx_latopt_x6 --family="Arria 10" --part=10AX115S3F45E2SG
Progress: Loading gx_latopt_x6/gx_latopt_x6.qsys
Progress: Reading input file
Progress: Adding xcvr_native_a10_0 [altera_xcvr_native_a10 15.1]
Progress: Parameterizing module xcvr_native_a10_0
Progress: Building connections
Progress: Parameterizing connections
Progress: Validating
Progress: Done reading input file
Info: gx_latopt_x6.xcvr_native_a10_0: Simplified data interface has been enabled. The Native PHY will present the data/control interface for the current configuration only. Dynamic reconfiguration of the data interface cannot be supported. The unused_tx_parallel_data and unused_tx_control ports should be connected to 0.
Warning: gx_latopt_x6.xcvr_native_a10_0: When dynamic reconfiguration is enabled, users are recommended to enable multiple reconfiguration profiles for Quartus to perform robust timing closure
Info: gx_latopt_x6.xcvr_native_a10_0: For the selected device(10AX115S3F45E2SG), transceiver speed grade is 3 and core speed grade is 2.
Info: gx_latopt_x6.xcvr_native_a10_0: Note - The external TX PLL IP must be configured with an output clock frequency of 2400.0 MHz.
Info: gx_latopt_x6: "Transforming system: gx_latopt_x6"
Info: gx_latopt_x6: Running transform generation_view_transform
Info: gx_latopt_x6: Running transform generation_view_transform took 0.000s
Info: xcvr_native_a10_0: Running transform generation_view_transform
Info: xcvr_native_a10_0: Running transform generation_view_transform took 0.000s
Info: gx_latopt_x6: Running transform merlin_avalon_transform
Info: gx_latopt_x6: Running transform merlin_avalon_transform took 0.007s
Info: gx_latopt_x6: "Naming system components in system: gx_latopt_x6"
Info: gx_latopt_x6: "Processing generation queue"
Info: gx_latopt_x6: "Generating: gx_latopt_x6"
Info: gx_latopt_x6: "Generating: gx_latopt_x6_altera_xcvr_native_a10_151_q2zuvka"
Info: xcvr_native_a10_0: add_fileset_file ./alt_xcvr_resync.sv SYSTEM_VERILOG PATH ../../../../altera_xcvr_generic/ctrl/alt_xcvr_resync.sv
Info: xcvr_native_a10_0: add_fileset_file ./alt_xcvr_arbiter.sv SYSTEM_VERILOG PATH ../../../../altera_xcvr_generic/ctrl/alt_xcvr_arbiter.sv
Info: xcvr_native_a10_0: add_fileset_file ./twentynm_pcs.sv SYSTEM_VERILOG PATH ../../../alt_xcvr_core/nf/twentynm_pcs.sv
Info: xcvr_native_a10_0: add_fileset_file ./twentynm_pma.sv SYSTEM_VERILOG PATH ../../../alt_xcvr_core/nf/twentynm_pma.sv
Info: xcvr_native_a10_0: add_fileset_file ./twentynm_xcvr_avmm.sv SYSTEM_VERILOG PATH ../../../alt_xcvr_core/nf/twentynm_xcvr_avmm.sv
Info: xcvr_native_a10_0: add_fileset_file ./twentynm_xcvr_native.sv SYSTEM_VERILOG PATH ../../../alt_xcvr_core/nf/twentynm_xcvr_native.sv
Info: xcvr_native_a10_0: add_fileset_file ./altera_xcvr_native_a10_functions_h.sv SYSTEM_VERILOG PATH ..//altera_xcvr_native_a10_functions_h.sv
Info: xcvr_native_a10_0: add_fileset_file ./a10_avmm_h.sv SYSTEM_VERILOG PATH ..//a10_avmm_h.sv
Info: xcvr_native_a10_0: add_fileset_file ./alt_xcvr_native_avmm_csr.sv SYSTEM_VERILOG PATH ..//alt_xcvr_native_avmm_csr.sv
Info: xcvr_native_a10_0: add_fileset_file ./alt_xcvr_native_prbs_accum.sv SYSTEM_VERILOG PATH ..//alt_xcvr_native_prbs_accum.sv
Info: xcvr_native_a10_0: add_fileset_file ./alt_xcvr_native_odi_accel.sv SYSTEM_VERILOG PATH ..//alt_xcvr_native_odi_accel.sv
Info: xcvr_native_a10_0: add_fileset_file ./alt_xcvr_native_rcfg_arb.sv SYSTEM_VERILOG PATH ..//alt_xcvr_native_rcfg_arb.sv
Info: xcvr_native_a10_0: add_fileset_file ./altera_xcvr_native_a10_false_paths.sdc SDC PATH ..//altera_xcvr_native_a10_false_paths.sdc
Info: xcvr_native_a10_0: Building configuration data for reconfiguration profile 0
Info: gx_latopt_x6: Done "gx_latopt_x6" with 2 modules, 19 files
Info: qsys-generate succeeded.
Info: Finished: Create HDL design files for synthesis
