Info: Starting: Create HDL design files for synthesis
Info: qsys-generate D:\svn\trunk\gbt_bank\altera_a10\mgt\fpll\mgt_pll.qsys --synthesis=VHDL --output-directory=D:\svn\trunk\gbt_bank\altera_a10\mgt\fpll\mgt_pll --family="Arria 10" --part=10AX115S4F45I3SGE2
Progress: Loading fpll/mgt_pll.qsys
Progress: Reading input file
Progress: Adding xcvr_fpll_a10_0 [altera_xcvr_fpll_a10 16.0]
Progress: Parameterizing module xcvr_fpll_a10_0
Progress: Building connections
Progress: Parameterizing connections
Progress: Validating
Progress: Done reading input file
Info: mgt_pll.xcvr_fpll_a10_0: The output frequencies are not exact when the PLL is in fractional mode. You must be cautious with applications that require frequencies to be exact to within less than 0.5 Hz.
Info: mgt_pll.xcvr_fpll_a10_0: For the selected device(10AX115S4F45I3SGE2), PLL speed grade is 4.
Info: mgt_pll: "Transforming system: mgt_pll"
Info: mgt_pll: Running transform generation_view_transform
Info: mgt_pll: Running transform generation_view_transform took 0.000s
Info: xcvr_fpll_a10_0: Running transform generation_view_transform
Info: xcvr_fpll_a10_0: Running transform generation_view_transform took 0.000s
Info: mgt_pll: Running transform merlin_avalon_transform
Info: mgt_pll: Running transform merlin_avalon_transform took 0.052s
Info: mgt_pll: "Naming system components in system: mgt_pll"
Info: mgt_pll: "Processing generation queue"
Info: mgt_pll: "Generating: mgt_pll"
Info: mgt_pll: "Generating: altera_xcvr_fpll_a10"
Info: xcvr_fpll_a10_0: add_fileset_file ./twentynm_xcvr_avmm.sv SYSTEM_VERILOG PATH ../../../alt_xcvr_core/nf/twentynm_xcvr_avmm.sv
Info: xcvr_fpll_a10_0: add_fileset_file ./alt_xcvr_resync.sv SYSTEM_VERILOG PATH ../../../../altera_xcvr_generic/ctrl/alt_xcvr_resync.sv
Info: xcvr_fpll_a10_0: add_fileset_file ./altera_xcvr_fpll_a10.sv SYSTEM_VERILOG PATH ../source/altera_xcvr_fpll_a10.sv
Info: xcvr_fpll_a10_0: add_fileset_file ./a10_avmm_h.sv SYSTEM_VERILOG PATH ../../../altera_xcvr_native_phy/altera_xcvr_native_vi/a10_avmm_h.sv
Info: xcvr_fpll_a10_0: add_fileset_file ./alt_xcvr_native_avmm_nf.sv SYSTEM_VERILOG PATH ../../../altera_xcvr_native_phy/altera_xcvr_native_vi/alt_xcvr_native_avmm_nf.sv
Info: xcvr_fpll_a10_0: add_fileset_file ./alt_xcvr_pll_embedded_debug.sv SYSTEM_VERILOG PATH ../../altera_xcvr_atx_pll_vi/source/alt_xcvr_pll_embedded_debug.sv
Info: xcvr_fpll_a10_0: add_fileset_file ./alt_xcvr_pll_avmm_csr.sv SYSTEM_VERILOG PATH ../../altera_xcvr_atx_pll_vi/source/alt_xcvr_pll_avmm_csr.sv
Info: mgt_pll: Done "mgt_pll" with 2 modules, 11 files
Info: qsys-generate succeeded.
Info: Finished: Create HDL design files for synthesis
