#-----------------------------------------------------------
# PlanAhead v14.5 (64-bit)
# Build 247527 by xbuild on Mon Mar 25 17:13:07 MDT 2013
# Start of session at: Wed Mar 09 10:18:13 2016
# Process ID: 11992
# Log file: D:/cern/xilinx/sdkDev/designFile_xilinxWiki/src/project/project_1/planAhead.log
# Journal file: D:/cern/xilinx/sdkDev/designFile_xilinxWiki/src/project/project_1\planAhead.jou
#-----------------------------------------------------------
INFO: [Common 17-78] Attempting to get a license: PlanAhead
INFO: [Common 17-290] Got license for PlanAhead
INFO: [Device 21-36] Loading parts and site information from C:/Xilinx/14.5/ISE_DS/PlanAhead/data/parts/arch.xml
Parsing RTL primitives file [C:/Xilinx/14.5/ISE_DS/PlanAhead/data/parts/xilinx/rtl/prims/rtl_prims.xml]
Finished parsing RTL primitives file [C:/Xilinx/14.5/ISE_DS/PlanAhead/data/parts/xilinx/rtl/prims/rtl_prims.xml]
start_gui
open_project {D:\cern\xilinx\sdkDev\designFile_xilinxWiki\src\project\project_1\project_1.ppr}
Scanning sources...
Finished scanning sources
Qt: Untested Windows version 6.2 detected!
exit
INFO: [Common 17-206] Exiting PlanAhead at Wed Mar 09 10:19:56 2016...
INFO: [Common 17-83] Releasing license: PlanAhead
