INFO:sim:172 - Generating IP...
Applying current project options...
Finished applying current project options.
WARNING:sim - A core named 'ThreeBitCounter' already exists in the project.
   Output products for this core may be overwritten.
Resolving generics for 'ThreeBitCounter'...
WARNING:sim - A core named 'ThreeBitCounter' already exists in the project.
   Output products for this core may be overwritten.
Applying external generics to 'ThreeBitCounter'...
Delivering associated files for 'ThreeBitCounter'...
Generating implementation netlist for 'ThreeBitCounter'...
INFO:sim - Pre-processing HDL files for 'ThreeBitCounter'...
Running synthesis for 'ThreeBitCounter'
Running ngcbuild...
Writing VHO instantiation template for 'ThreeBitCounter'...
Writing VHDL behavioral simulation model for 'ThreeBitCounter'...
Delivered 3 files into directory
C:/VHDL/CMS/DESY_NOV2013/fw/fpga/src/user/iphc_strasbourg/be/ipcore_dir/tdc_coun
ter/3bit_counter/version_dsp48/tmp/_cg/ThreeBitCounter
Delivered 1 file into directory
C:/VHDL/CMS/DESY_NOV2013/fw/fpga/src/user/iphc_strasbourg/be/ipcore_dir/tdc_coun
ter/3bit_counter/version_dsp48/tmp/_cg/ThreeBitCounter
Generating ASY schematic symbol...
INFO:sim:949 - Finished generation of ASY schematic symbol.
Generating SYM schematic symbol for 'ThreeBitCounter'...
Generating metadata file...
Regenerating ISE project file for 'ThreeBitCounter'...
Generating ISE project...
XCO file found: ThreeBitCounter.xco
XMDF file found: ThreeBitCounter_xmdf.tcl
Adding
C:/VHDL/CMS/DESY_NOV2013/fw/fpga/src/user/iphc_strasbourg/be/ipcore_dir/tdc_coun
ter/3bit_counter/version_dsp48/tmp/_cg/ThreeBitCounter.asy -view all
-origin_type imported
Adding
C:/VHDL/CMS/DESY_NOV2013/fw/fpga/src/user/iphc_strasbourg/be/ipcore_dir/tdc_coun
ter/3bit_counter/version_dsp48/tmp/_cg/ThreeBitCounter.ngc -view all
-origin_type created
Checking file
"C:/VHDL/CMS/DESY_NOV2013/fw/fpga/src/user/iphc_strasbourg/be/ipcore_dir/tdc_cou
nter/3bit_counter/version_dsp48/tmp/_cg/ThreeBitCounter.ngc" for project device
match ...
File
"C:/VHDL/CMS/DESY_NOV2013/fw/fpga/src/user/iphc_strasbourg/be/ipcore_dir/tdc_cou
nter/3bit_counter/version_dsp48/tmp/_cg/ThreeBitCounter.ngc" device information
matches project device.
Adding
C:/VHDL/CMS/DESY_NOV2013/fw/fpga/src/user/iphc_strasbourg/be/ipcore_dir/tdc_coun
ter/3bit_counter/version_dsp48/tmp/_cg/ThreeBitCounter.sym -view all
-origin_type imported
Adding
C:/VHDL/CMS/DESY_NOV2013/fw/fpga/src/user/iphc_strasbourg/be/ipcore_dir/tdc_coun
ter/3bit_counter/version_dsp48/tmp/_cg/ThreeBitCounter.vhd -view all
-origin_type created
INFO:HDLCompiler:1061 - Parsing VHDL file
   "C:/VHDL/CMS/DESY_NOV2013/fw/fpga/src/user/iphc_strasbourg/be/ipcore_dir/tdc_
   counter/3bit_counter/version_dsp48/tmp/_cg/ThreeBitCounter.vhd" into library
   work
INFO:ProjectMgmt - Parsing design hierarchy completed successfully.
Adding
C:/VHDL/CMS/DESY_NOV2013/fw/fpga/src/user/iphc_strasbourg/be/ipcore_dir/tdc_coun
ter/3bit_counter/version_dsp48/tmp/_cg/ThreeBitCounter.vho -view all
-origin_type imported
Adding
C:/VHDL/CMS/DESY_NOV2013/fw/fpga/src/user/iphc_strasbourg/be/ipcore_dir/tdc_coun
ter/3bit_counter/version_dsp48/tmp/_cg/core_resources.txt -view all -origin_type
imported
Adding
C:/VHDL/CMS/DESY_NOV2013/fw/fpga/src/user/iphc_strasbourg/be/ipcore_dir/tdc_coun
ter/3bit_counter/version_dsp48/tmp/_cg/gui_latency.txt -view all -origin_type
imported
INFO:TclTasksC:2116 - The automatic calculation of top has been turned-off.
   Please set the new top explicitly by running the "project set top" command.
   To re-calculate the new top automatically, set the "Auto Implementation Top"
   property to true.
Top level has been set to "/ThreeBitCounter"
Generating README file...
Generating FLIST file...
INFO:sim:948 - Finished FLIST file generation.
Launching README viewer...
Moving files to output directory...
Finished moving files to output directory
Wrote CGP file for project 'ThreeBitCounter'.
