INFO:sim:172 - Generating IP...
WARNING:sim:100 - The Simulation File Type <Behavioral> is not valid for this
   core. Overriding with File Type <structural>.
Customizing IP...
Qt: Untested Windows version 6.2 detected!
Release 14.5 - Xilinx CORE Generator IP GUI Launcher P.58f (nt64)
Copyright (c) 1995-2012 Xilinx, Inc.  All rights reserved.
Finished Customizing.
Generating IP...
Configuring files for icon_sram root...
Gathering HDL files for icon_sram root...
Creating XST project for icon_sram...
Creating XST script file for icon_sram...
Creating XST instantiation file for icon_sram...
Running XST for icon_sram...
XST: HDL Parsing
XST: HDL Elaboration
XST: HDL Synthesis
XST: Advanced HDL Synthesis
XST: Low Level Synthesis
XST: Design Summary
Generating VHDL wrapper
Not generating Verilog wrapper
Creating ISE instantiation template for icon_sram...
Skipping Verilog instantiation template for icon_sram...
Finished Generation.
Generating IP instantiation template...
Generating ASY schematic symbol...
INFO:sim:949 - Finished generation of ASY schematic symbol.
Generating SYM schematic symbol for 'icon_sram'...
Generating metadata file...
Generating ISE project...
XCO file found: icon_sram.xco
XMDF file found: icon_sram_xmdf.tcl
Adding D:/cern/glib/tries/try1/ipcore_dir/tmp/_cg/icon_sram.asy -view all
-origin_type imported
Adding D:/cern/glib/tries/try1/ipcore_dir/tmp/_cg/icon_sram.ngc -view all
-origin_type created
Checking file "D:/cern/glib/tries/try1/ipcore_dir/tmp/_cg/icon_sram.ngc" for
project device match ...
File "D:/cern/glib/tries/try1/ipcore_dir/tmp/_cg/icon_sram.ngc" device
information matches project device.
Adding D:/cern/glib/tries/try1/ipcore_dir/tmp/_cg/icon_sram.vhd -view all
-origin_type created
INFO:HDLCompiler:1061 - Parsing VHDL file
   "D:/cern/glib/tries/try1/ipcore_dir/tmp/_cg/icon_sram.vhd" into library work
INFO:ProjectMgmt - Parsing design hierarchy completed successfully.
Adding D:/cern/glib/tries/try1/ipcore_dir/tmp/_cg/icon_sram.vho -view all
-origin_type imported
INFO:TclTasksC:2116 - The automatic calculation of top has been turned-off.
   Please set the new top explicitly by running the "project set top" command.
   To re-calculate the new top automatically, set the "Auto Implementation Top"
   property to true.
Top level has been set to "/icon_sram"
Generating README file...
Generating FLIST file...
INFO:sim:948 - Finished FLIST file generation.
Launching README viewer...
Moving files to output directory...
Finished moving files to output directory
Wrote CGP file for project 'icon_sram'.
