Copyright 1986-2015 Xilinx, Inc. All Rights Reserved.
----------------------------------------------------------------------------------------
| Tool Version     : Vivado v.2015.3 (win64) Build 1368829 Mon Sep 28 20:06:43 MDT 2015
| Date             : Sat Apr 16 22:25:13 2016
| Host             : pcphese57 running 64-bit major release  (build 9200)
| Command          : 
| Design           : vc707_gbt_example_design
| Device           : xc7vx485tffg1761-2
| Design State     : routed
| Grade            : commercial
| Process          : typical
| Characterization : Production
----------------------------------------------------------------------------------------

Power Report

Table of Contents
-----------------
1. Summary
1.1 On-Chip Components
1.2 Power Supply Summary
1.3 Confidence Level
2. Settings
2.1 Environment
2.2 Clock Constraints
3. Detailed Reports
3.1 By Hierarchy

1. Summary
----------

+--------------------------+--------+
| Total On-Chip Power (W)  | 0.669  |
| Dynamic (W)              | 0.408  |
| Device Static (W)        | 0.261  |
| Effective TJA (C/W)      | 1.1    |
| Max Ambient (C)          | 84.2   |
| Junction Temperature (C) | 25.8   |
| Confidence Level         | Medium |
| Setting File             | ---    |
| Simulation Activity File | ---    |
| Design Nets Matched      | NA     |
+--------------------------+--------+


1.1 On-Chip Components
----------------------

+--------------------------+-----------+----------+-----------+-----------------+
| On-Chip                  | Power (W) | Used     | Available | Utilization (%) |
+--------------------------+-----------+----------+-----------+-----------------+
| Clocks                   |     0.014 |        8 |       --- |             --- |
| Slice Logic              |     0.003 |    10537 |       --- |             --- |
|   LUT as Logic           |     0.003 |     3565 |    303600 |            1.17 |
|   Register               |    <0.001 |     4788 |    607200 |            0.79 |
|   CARRY4                 |    <0.001 |      176 |     75900 |            0.23 |
|   BUFG                   |    <0.001 |        4 |        32 |           12.50 |
|   LUT as Distributed RAM |    <0.001 |       24 |    130800 |            0.02 |
|   F7/F8 Muxes            |    <0.001 |       73 |    303600 |            0.02 |
|   LUT as Shift Register  |    <0.001 |      379 |    130800 |            0.29 |
|   Others                 |     0.000 |      508 |       --- |             --- |
|   BUFR                   |     0.000 |        1 |       224 |            0.45 |
| Signals                  |     0.004 |     7808 |       --- |             --- |
| Block RAM                |     0.002 |        7 |      1030 |            0.68 |
| MMCM                     |     0.000 |        1 |        14 |            7.14 |
| PLL                      |     0.099 |        1 |        14 |            7.14 |
| I/O                      |     0.011 |       19 |       700 |            2.71 |
| GTX                      |     0.275 |        1 |        28 |            3.57 |
| Static Power             |     0.261 |          |           |                 |
| Total                    |     0.669 |          |           |                 |
+--------------------------+-----------+----------+-----------+-----------------+


1.2 Power Supply Summary
------------------------

+-----------+-------------+-----------+-------------+------------+
| Source    | Voltage (V) | Total (A) | Dynamic (A) | Static (A) |
+-----------+-------------+-----------+-------------+------------+
| Vccint    |       1.000 |     0.188 |       0.051 |      0.137 |
| Vccaux    |       1.800 |     0.091 |       0.054 |      0.038 |
| Vcco33    |       3.300 |     0.000 |       0.000 |      0.000 |
| Vcco25    |       2.500 |     0.000 |       0.000 |      0.000 |
| Vcco18    |       1.800 |     0.003 |       0.002 |      0.001 |
| Vcco15    |       1.500 |     0.000 |       0.000 |      0.000 |
| Vcco135   |       1.350 |     0.000 |       0.000 |      0.000 |
| Vcco12    |       1.200 |     0.000 |       0.000 |      0.000 |
| Vccaux_io |       1.800 |     0.000 |       0.000 |      0.000 |
| Vccbram   |       1.000 |     0.003 |       0.000 |      0.003 |
| MGTAVcc   |       1.000 |     0.155 |       0.148 |      0.006 |
| MGTAVtt   |       1.200 |     0.098 |       0.090 |      0.008 |
| MGTVccaux |       1.800 |     0.000 |       0.000 |      0.000 |
| MGTZVccl  |       1.075 |     0.000 |       0.000 |      0.000 |
| MGTZAVcc  |       1.075 |     0.000 |       0.000 |      0.000 |
| MGTZVcch  |       1.800 |     0.000 |       0.000 |      0.000 |
| Vccadc    |       1.800 |     0.020 |       0.000 |      0.020 |
+-----------+-------------+-----------+-------------+------------+


1.3 Confidence Level
--------------------

+-----------------------------+------------+-------------------------------------------------------+--------------------------------------------------------------------------------------------------------------------+
| User Input Data             | Confidence | Details                                               | Action                                                                                                             |
+-----------------------------+------------+-------------------------------------------------------+--------------------------------------------------------------------------------------------------------------------+
| Design implementation state | High       | Design is routed                                      |                                                                                                                    |
| Clock nodes activity        | Medium     | More than 5% of clocks are missing user specification | Provide missing clock activity with a constraint file, simulation results or by editing the "By Clock Domain" view |
| I/O nodes activity          | Medium     | More than 5% of inputs are missing user specification | Provide missing input activity with simulation results or by editing the "By Resource Type -> I/Os" view           |
| Internal nodes activity     | Medium     | User specified less than 25% of internal nodes        | Provide missing internal nodes activity with simulation results or by editing the "By Resource Type" views         |
| Device models               | High       | Device models are Production                          |                                                                                                                    |
|                             |            |                                                       |                                                                                                                    |
| Overall confidence level    | Medium     |                                                       |                                                                                                                    |
+-----------------------------+------------+-------------------------------------------------------+--------------------------------------------------------------------------------------------------------------------+


2. Settings
-----------

2.1 Environment
---------------

+-----------------------+--------------------------+
| Ambient Temp (C)      | 25.0                     |
| ThetaJA (C/W)         | 1.1                      |
| Airflow (LFM)         | 250                      |
| Heat Sink             | medium (Medium Profile)  |
| ThetaSA (C/W)         | 2.2                      |
| Board Selection       | medium (10"x10")         |
| # of Board Layers     | 12to15 (12 to 15 Layers) |
| Board Temperature (C) | 25.0                     |
+-----------------------+--------------------------+


2.2 Clock Constraints
---------------------

+---------------------------------------------------------------------+--------------------------------------------+-----------------+
| Clock                                                               | Domain                                     | Constraint (ns) |
+---------------------------------------------------------------------+--------------------------------------------+-----------------+
| MGT_REFCLK                                                          | SMA_MGT_REFCLK_N                           |             8.3 |
| USER_CLOCK                                                          | USER_CLOCK_P                               |             6.4 |
| clk_out1_xlx_k7v7_tx_pll                                            | txPll/inst/clk_out1_xlx_k7v7_tx_pll        |            25.0 |
| clkfbout_xlx_k7v7_tx_pll                                            | txPll/inst/clkfbout_xlx_k7v7_tx_pll        |             8.3 |
| dbg_hub/inst/N_EXT_BSCAN.bscan_inst/SERIES7_BSCAN.bscan_inst/DRCK   | dbg_hub/inst/N_EXT_BSCAN.bscan_inst/DRCK   |            30.0 |
| dbg_hub/inst/N_EXT_BSCAN.bscan_inst/SERIES7_BSCAN.bscan_inst/UPDATE | dbg_hub/inst/N_EXT_BSCAN.bscan_inst/UPDATE |            60.0 |
+---------------------------------------------------------------------+--------------------------------------------+-----------------+


3. Detailed Reports
-------------------

3.1 By Hierarchy
----------------

+------------------------------------------------------------------------------------+-----------+
| Name                                                                               | Power (W) |
+------------------------------------------------------------------------------------+-----------+
| vc707_gbt_example_design                                                           |     0.408 |
|   dbg_hub                                                                          |     0.002 |
|     inst                                                                           |     0.002 |
|       CORE_XSDB.UUT_MASTER                                                         |     0.002 |
|         U_ICON_INTERFACE                                                           |     0.001 |
|           U_CMD1                                                                   |    <0.001 |
|           U_CMD2                                                                   |    <0.001 |
|           U_CMD3                                                                   |    <0.001 |
|           U_CMD4                                                                   |    <0.001 |
|           U_CMD5                                                                   |    <0.001 |
|           U_CMD6_RD                                                                |    <0.001 |
|             U_RD_FIFO                                                              |    <0.001 |
|               SUBCORE_FIFO.xsdbm_v1_1_0_rdfifo_inst                                |    <0.001 |
|                 inst_fifo_gen                                                      |    <0.001 |
|                   gconvfifo.rf                                                     |    <0.001 |
|                     grf.rf                                                         |    <0.001 |
|                       gntv_or_sync_fifo.gcx.clkx                                   |    <0.001 |
|                         gsync_stage[1].rd_stg_inst                                 |    <0.001 |
|                         gsync_stage[1].wr_stg_inst                                 |    <0.001 |
|                         gsync_stage[2].rd_stg_inst                                 |    <0.001 |
|                         gsync_stage[2].wr_stg_inst                                 |    <0.001 |
|                       gntv_or_sync_fifo.gl0.rd                                     |    <0.001 |
|                         gr1.rfwft                                                  |    <0.001 |
|                         gras.rsts                                                  |    <0.001 |
|                         rpntr                                                      |    <0.001 |
|                       gntv_or_sync_fifo.gl0.wr                                     |    <0.001 |
|                         gwas.wsts                                                  |    <0.001 |
|                         wpntr                                                      |    <0.001 |
|                       gntv_or_sync_fifo.mem                                        |    <0.001 |
|                         gdm.dm                                                     |    <0.001 |
|                           RAM_reg_0_15_0_5                                         |    <0.001 |
|                           RAM_reg_0_15_12_15                                       |    <0.001 |
|                           RAM_reg_0_15_6_11                                        |    <0.001 |
|                       rstblk                                                       |    <0.001 |
|           U_CMD6_WR                                                                |    <0.001 |
|             U_WR_FIFO                                                              |    <0.001 |
|               SUBCORE_FIFO.xsdbm_v1_1_0_wrfifo_inst                                |    <0.001 |
|                 inst_fifo_gen                                                      |    <0.001 |
|                   gconvfifo.rf                                                     |    <0.001 |
|                     grf.rf                                                         |    <0.001 |
|                       gntv_or_sync_fifo.gcx.clkx                                   |    <0.001 |
|                         gsync_stage[1].rd_stg_inst                                 |    <0.001 |
|                         gsync_stage[1].wr_stg_inst                                 |    <0.001 |
|                         gsync_stage[2].rd_stg_inst                                 |    <0.001 |
|                         gsync_stage[2].wr_stg_inst                                 |    <0.001 |
|                       gntv_or_sync_fifo.gl0.rd                                     |    <0.001 |
|                         gras.rsts                                                  |    <0.001 |
|                         rpntr                                                      |    <0.001 |
|                       gntv_or_sync_fifo.gl0.wr                                     |    <0.001 |
|                         gwas.wsts                                                  |    <0.001 |
|                         wpntr                                                      |    <0.001 |
|                       gntv_or_sync_fifo.mem                                        |    <0.001 |
|                         gdm.dm                                                     |    <0.001 |
|                           RAM_reg_0_15_0_5                                         |    <0.001 |
|                           RAM_reg_0_15_12_15                                       |    <0.001 |
|                           RAM_reg_0_15_6_11                                        |    <0.001 |
|                       rstblk                                                       |    <0.001 |
|           U_CMD7_CTL                                                               |    <0.001 |
|           U_CMD7_STAT                                                              |    <0.001 |
|           U_STATIC_STATUS                                                          |    <0.001 |
|         U_XSDB_ADDRESS_CONTROLLER                                                  |    <0.001 |
|         U_XSDB_BURST_WD_LEN_CONTROLLER                                             |    <0.001 |
|         U_XSDB_BUS_CONTROLLER                                                      |    <0.001 |
|           U_RD_ABORT_FLAG                                                          |    <0.001 |
|           U_RD_REQ_FLAG                                                            |    <0.001 |
|           U_TIMER                                                                  |    <0.001 |
|         U_XSDB_BUS_MSTR2SL_PORT_IFACE                                              |    <0.001 |
|           U_RD_DIN_BUS_MUX                                                         |    <0.001 |
|       CORE_XSDB.U_ICON                                                             |    <0.001 |
|         U_CMD                                                                      |    <0.001 |
|         U_STAT                                                                     |    <0.001 |
|         U_SYNC                                                                     |    <0.001 |
|       N_EXT_BSCAN.bscan_inst                                                       |    <0.001 |
|   gbtExmplDsgn_inst                                                                |     0.279 |
|     dataCheckEn_gen.gbtBank_patCheck_gen[1].gbtBank_pattCheck                      |    <0.001 |
|     dataGenEn_gen.gbtBank2_pattGen                                                 |    <0.001 |
|     gbtBank                                                                        |     0.277 |
|       gbtRx_param_package_src_gen.gbtRx_gen[1].gbtRx                               |    <0.001 |
|         descrambler                                                                |    <0.001 |
|           gbtFrameOrWideBus_gen.gbtRxDescrambler84bit_gen[0].gbtRxDescrambler21bit |    <0.001 |
|           gbtFrameOrWideBus_gen.gbtRxDescrambler84bit_gen[1].gbtRxDescrambler21bit |    <0.001 |
|           gbtFrameOrWideBus_gen.gbtRxDescrambler84bit_gen[2].gbtRxDescrambler21bit |    <0.001 |
|           gbtFrameOrWideBus_gen.gbtRxDescrambler84bit_gen[3].gbtRxDescrambler21bit |    <0.001 |
|         frameAligner                                                               |    <0.001 |
|           patternSearch                                                            |    <0.001 |
|           rightShifter                                                             |    <0.001 |
|           rxBitSlipCounter                                                         |    <0.001 |
|           writeAddressCtrl                                                         |    <0.001 |
|         rxGearbox                                                                  |    <0.001 |
|           rxGearboxLatOpt_gen.rxGearboxLatOpt                                      |    <0.001 |
|         status                                                                     |    <0.001 |
|       gbtTx_param_pacakge_src_gen.gbtTx_gen[1].gbtTx                               |    <0.001 |
|         scrambler                                                                  |    <0.001 |
|           gbtFrameOrWideBus_gen.gbtTxScrambler84bit_gen[0].gbtTxScrambler21bit     |    <0.001 |
|           gbtFrameOrWideBus_gen.gbtTxScrambler84bit_gen[1].gbtTxScrambler21bit     |    <0.001 |
|           gbtFrameOrWideBus_gen.gbtTxScrambler84bit_gen[2].gbtTxScrambler21bit     |    <0.001 |
|           gbtFrameOrWideBus_gen.gbtTxScrambler84bit_gen[3].gbtTxScrambler21bit     |    <0.001 |
|         txGearbox                                                                  |    <0.001 |
|           txGearboxLatOpt_gen.txGearboxLatOpt                                      |    <0.001 |
|       mgt_param_package_src_gen.mgt                                                |     0.277 |
|         mgtLatOpt_gen.mgtLatOpt                                                    |     0.277 |
|           gtxLatOpt_gen[1].autoRxPhaseAlign_gen.autoRxPhaseAlign                   |    <0.001 |
|             sync_DLYSRESETDONE                                                     |    <0.001 |
|             sync_PHALIGNDONE                                                       |    <0.001 |
|           gtxLatOpt_gen[1].gtxLatOpt                                               |     0.276 |
|           gtxLatOpt_gen[1].rxPhaseAlign_gen.rxBitSlipControl                       |    <0.001 |
|           gtxLatOpt_gen[1].rxResetFsm                                              |    <0.001 |
|             sync_CPLLLOCK                                                          |    <0.001 |
|             sync_RXRESETDONE                                                       |    <0.001 |
|             sync_data_valid                                                        |    <0.001 |
|             sync_mmcm_lock_reclocked                                               |    <0.001 |
|             sync_run_phase_alignment_int                                           |    <0.001 |
|             sync_rx_fsm_reset_done_int                                             |    <0.001 |
|             sync_time_out_wait_bypass                                              |    <0.001 |
|           gtxLatOpt_gen[1].txResetFsm                                              |    <0.001 |
|             sync_CPLLLOCK                                                          |    <0.001 |
|             sync_TXRESETDONE                                                       |    <0.001 |
|             sync_mmcm_lock_reclocked                                               |    <0.001 |
|             sync_run_phase_alignment_int                                           |    <0.001 |
|             sync_time_out_wait_bypass                                              |    <0.001 |
|             sync_tx_fsm_reset_done_int                                             |    <0.001 |
|           manualTxPhaseAlign                                                       |    <0.001 |
|             cdc[0].sync_TXDLYSRESETDONE                                            |    <0.001 |
|             cdc[0].sync_TXPHALIGNDONE                                              |    <0.001 |
|             cdc[0].sync_TXPHINITDONE                                               |    <0.001 |
|     gbtBank_Clk_gen[1].gbtBank_rxFrmClkPhAlgnr                                     |    <0.001 |
|       latOpt_phalgnr_gen.mmc_ctrl_inst                                             |    <0.001 |
|       latOpt_phalgnr_gen.mmcm_inst                                                 |    <0.001 |
|         pll                                                                        |    <0.001 |
|           inst                                                                     |    <0.001 |
|       latOpt_phalgnr_gen.phase_comp_inst                                           |    <0.001 |
|       latOpt_phalgnr_gen.phase_computing_inst                                      |    <0.001 |
|     gbtBank_rst_gen[1].gbtBank_gbtBankRst                                          |     0.001 |
|     matchFlag_gen.gbtBank_rxFlag_gen[1].gbtBank_rxFlag                             |    <0.001 |
|     matchFlag_gen.gbtBank_txFlag                                                   |    <0.001 |
|   genRst                                                                           |     0.002 |
|   rxIla                                                                            |     0.006 |
|     inst                                                                           |     0.006 |
|       ila_core_inst                                                                |     0.006 |
|         ila_trace_memory_inst                                                      |     0.001 |
|           SUBCORE_RAM_BLK_MEM_1.trace_block_memory                                 |     0.001 |
|             inst_blk_mem_gen                                                       |     0.001 |
|               gnativebmg.native_blk_mem_gen                                        |     0.001 |
|                 valid.cstr                                                         |     0.001 |
|                   ramloop[0].ram.r                                                 |    <0.001 |
|                     prim_noinit.ram                                                |    <0.001 |
|                   ramloop[1].ram.r                                                 |    <0.001 |
|                     prim_noinit.ram                                                |    <0.001 |
|                   ramloop[2].ram.r                                                 |    <0.001 |
|                     prim_noinit.ram                                                |    <0.001 |
|                   ramloop[3].ram.r                                                 |    <0.001 |
|                     prim_noinit.ram                                                |    <0.001 |
|         u_ila_cap_ctrl                                                             |    <0.001 |
|           U_CDONE                                                                  |    <0.001 |
|           U_NS0                                                                    |    <0.001 |
|           U_NS1                                                                    |    <0.001 |
|           u_cap_addrgen                                                            |    <0.001 |
|             U_CMPRESET                                                             |    <0.001 |
|             u_cap_sample_counter                                                   |    <0.001 |
|               U_SCE                                                                |    <0.001 |
|               U_SCMPCE                                                             |    <0.001 |
|               U_SCRST                                                              |    <0.001 |
|               u_scnt_cmp                                                           |    <0.001 |
|                 allx_typeA_match_detection.ltlib_v1_0_0_allx_typeA_inst            |    <0.001 |
|                   DUT                                                              |    <0.001 |
|                     I_WHOLE_SLICE.G_SLICE_IDX[0].U_ALL_SRL_SLICE                   |    <0.001 |
|                       u_srlA                                                       |    <0.001 |
|                       u_srlB                                                       |    <0.001 |
|                       u_srlC                                                       |    <0.001 |
|                       u_srlD                                                       |    <0.001 |
|                     I_WHOLE_SLICE.G_SLICE_IDX[1].U_ALL_SRL_SLICE                   |    <0.001 |
|                       u_srlA                                                       |    <0.001 |
|                       u_srlB                                                       |    <0.001 |
|                       u_srlC                                                       |    <0.001 |
|                       u_srlD                                                       |    <0.001 |
|             u_cap_window_counter                                                   |    <0.001 |
|               U_WCE                                                                |    <0.001 |
|               U_WHCMPCE                                                            |    <0.001 |
|               U_WLCMPCE                                                            |    <0.001 |
|               u_wcnt_hcmp                                                          |    <0.001 |
|                 allx_typeA_match_detection.ltlib_v1_0_0_allx_typeA_inst            |    <0.001 |
|                   DUT                                                              |    <0.001 |
|                     I_WHOLE_SLICE.G_SLICE_IDX[0].U_ALL_SRL_SLICE                   |    <0.001 |
|                       u_srlA                                                       |    <0.001 |
|                       u_srlB                                                       |    <0.001 |
|                       u_srlC                                                       |    <0.001 |
|                       u_srlD                                                       |    <0.001 |
|                     I_WHOLE_SLICE.G_SLICE_IDX[1].U_ALL_SRL_SLICE                   |    <0.001 |
|                       u_srlA                                                       |    <0.001 |
|                       u_srlB                                                       |    <0.001 |
|                       u_srlC                                                       |    <0.001 |
|                       u_srlD                                                       |    <0.001 |
|               u_wcnt_lcmp                                                          |    <0.001 |
|                 allx_typeA_match_detection.ltlib_v1_0_0_allx_typeA_inst            |    <0.001 |
|                   DUT                                                              |    <0.001 |
|                     I_WHOLE_SLICE.G_SLICE_IDX[0].U_ALL_SRL_SLICE                   |    <0.001 |
|                       u_srlA                                                       |    <0.001 |
|                       u_srlB                                                       |    <0.001 |
|                       u_srlC                                                       |    <0.001 |
|                       u_srlD                                                       |    <0.001 |
|                     I_WHOLE_SLICE.G_SLICE_IDX[1].U_ALL_SRL_SLICE                   |    <0.001 |
|                       u_srlA                                                       |    <0.001 |
|                       u_srlB                                                       |    <0.001 |
|                       u_srlC                                                       |    <0.001 |
|                       u_srlD                                                       |    <0.001 |
|         u_ila_regs                                                                 |     0.002 |
|           MU_SRL[0].mu_srl_reg                                                     |    <0.001 |
|           MU_SRL[1].mu_srl_reg                                                     |    <0.001 |
|           MU_SRL[2].mu_srl_reg                                                     |    <0.001 |
|           MU_SRL[3].mu_srl_reg                                                     |    <0.001 |
|           TC_SRL[0].tc_srl_reg                                                     |    <0.001 |
|           U_XSDB_SLAVE                                                             |    <0.001 |
|           reg_15                                                                   |    <0.001 |
|             I_EN_CTL_EQ1.U_CTL                                                     |    <0.001 |
|           reg_16                                                                   |    <0.001 |
|             I_EN_CTL_EQ1.U_CTL                                                     |    <0.001 |
|           reg_17                                                                   |    <0.001 |
|             I_EN_CTL_EQ1.U_CTL                                                     |    <0.001 |
|           reg_18                                                                   |    <0.001 |
|             I_EN_CTL_EQ1.U_CTL                                                     |    <0.001 |
|           reg_19                                                                   |    <0.001 |
|             I_EN_CTL_EQ1.U_CTL                                                     |    <0.001 |
|           reg_1a                                                                   |    <0.001 |
|             I_EN_CTL_EQ1.U_CTL                                                     |    <0.001 |
|           reg_6                                                                    |    <0.001 |
|             I_EN_CTL_EQ1.U_CTL                                                     |    <0.001 |
|           reg_7                                                                    |    <0.001 |
|             I_EN_CTL_EQ1.U_CTL                                                     |    <0.001 |
|           reg_8                                                                    |    <0.001 |
|             I_EN_STAT_EQ1.U_STAT                                                   |    <0.001 |
|           reg_80                                                                   |    <0.001 |
|             I_EN_CTL_EQ1.U_CTL                                                     |    <0.001 |
|           reg_81                                                                   |    <0.001 |
|             I_EN_CTL_EQ1.U_CTL                                                     |    <0.001 |
|           reg_82                                                                   |    <0.001 |
|             I_EN_CTL_EQ1.U_CTL                                                     |    <0.001 |
|           reg_83                                                                   |    <0.001 |
|             I_EN_CTL_EQ1.U_CTL                                                     |    <0.001 |
|           reg_84                                                                   |    <0.001 |
|             I_EN_CTL_EQ1.U_CTL                                                     |    <0.001 |
|           reg_85                                                                   |    <0.001 |
|             I_EN_CTL_EQ1.U_CTL                                                     |    <0.001 |
|           reg_887                                                                  |    <0.001 |
|             I_EN_STAT_EQ1.U_STAT                                                   |    <0.001 |
|           reg_88d                                                                  |    <0.001 |
|             I_EN_STAT_EQ1.U_STAT                                                   |    <0.001 |
|           reg_890                                                                  |    <0.001 |
|             I_EN_STAT_EQ1.U_STAT                                                   |    <0.001 |
|           reg_9                                                                    |    <0.001 |
|             I_EN_STAT_EQ1.U_STAT                                                   |    <0.001 |
|           reg_srl_fff                                                              |    <0.001 |
|           reg_stream_ffd                                                           |    <0.001 |
|             I_EN_CTL_EQ1.U_CTL                                                     |    <0.001 |
|           reg_stream_ffe                                                           |    <0.001 |
|             I_EN_STAT_EQ1.U_STAT                                                   |    <0.001 |
|         u_ila_reset_ctrl                                                           |    <0.001 |
|           arm_detection_inst                                                       |    <0.001 |
|           asyncrounous_transfer.arm_in_transfer_inst                               |    <0.001 |
|           asyncrounous_transfer.arm_out_transfer_inst                              |    <0.001 |
|           asyncrounous_transfer.halt_in_transfer_inst                              |    <0.001 |
|           asyncrounous_transfer.halt_out_transfer_inst                             |    <0.001 |
|           halt_detection_inst                                                      |    <0.001 |
|         u_trig                                                                     |    <0.001 |
|           N_DDR_TC.N_DDR_TC_INST[0].U_TC                                           |    <0.001 |
|             allx_typeA_match_detection.ltlib_v1_0_0_allx_typeA_inst                |    <0.001 |
|               DUT                                                                  |    <0.001 |
|                 I_WHOLE_SLICE.G_SLICE_IDX[0].U_ALL_SRL_SLICE                       |    <0.001 |
|                   u_srlA                                                           |    <0.001 |
|                   u_srlB                                                           |    <0.001 |
|                   u_srlC                                                           |    <0.001 |
|                   u_srlD                                                           |    <0.001 |
|           U_TM                                                                     |    <0.001 |
|             N_DDR_MODE.G_NMU[0].U_M                                                |    <0.001 |
|               allx_typeA_match_detection.ltlib_v1_0_0_allx_typeA_inst              |    <0.001 |
|                 DUT                                                                |    <0.001 |
|                   I_WHOLE_SLICE.G_SLICE_IDX[0].U_ALL_SRL_SLICE                     |    <0.001 |
|                     u_srlA                                                         |    <0.001 |
|                     u_srlB                                                         |    <0.001 |
|                     u_srlC                                                         |    <0.001 |
|                     u_srlD                                                         |    <0.001 |
|                   I_WHOLE_SLICE.G_SLICE_IDX[10].U_ALL_SRL_SLICE                    |    <0.001 |
|                     u_srlA                                                         |    <0.001 |
|                     u_srlB                                                         |    <0.001 |
|                     u_srlC                                                         |    <0.001 |
|                     u_srlD                                                         |    <0.001 |
|                   I_WHOLE_SLICE.G_SLICE_IDX[1].U_ALL_SRL_SLICE                     |    <0.001 |
|                     u_srlA                                                         |    <0.001 |
|                     u_srlB                                                         |    <0.001 |
|                     u_srlC                                                         |    <0.001 |
|                     u_srlD                                                         |    <0.001 |
|                   I_WHOLE_SLICE.G_SLICE_IDX[2].U_ALL_SRL_SLICE                     |    <0.001 |
|                     u_srlA                                                         |    <0.001 |
|                     u_srlB                                                         |    <0.001 |
|                     u_srlC                                                         |    <0.001 |
|                     u_srlD                                                         |    <0.001 |
|                   I_WHOLE_SLICE.G_SLICE_IDX[3].U_ALL_SRL_SLICE                     |    <0.001 |
|                     u_srlA                                                         |    <0.001 |
|                     u_srlB                                                         |    <0.001 |
|                     u_srlC                                                         |    <0.001 |
|                     u_srlD                                                         |    <0.001 |
|                   I_WHOLE_SLICE.G_SLICE_IDX[4].U_ALL_SRL_SLICE                     |    <0.001 |
|                     u_srlA                                                         |    <0.001 |
|                     u_srlB                                                         |    <0.001 |
|                     u_srlC                                                         |    <0.001 |
|                     u_srlD                                                         |    <0.001 |
|                   I_WHOLE_SLICE.G_SLICE_IDX[5].U_ALL_SRL_SLICE                     |    <0.001 |
|                     u_srlA                                                         |    <0.001 |
|                     u_srlB                                                         |    <0.001 |
|                     u_srlC                                                         |    <0.001 |
|                     u_srlD                                                         |    <0.001 |
|                   I_WHOLE_SLICE.G_SLICE_IDX[6].U_ALL_SRL_SLICE                     |    <0.001 |
|                     u_srlA                                                         |    <0.001 |
|                     u_srlB                                                         |    <0.001 |
|                     u_srlC                                                         |    <0.001 |
|                     u_srlD                                                         |    <0.001 |
|                   I_WHOLE_SLICE.G_SLICE_IDX[7].U_ALL_SRL_SLICE                     |    <0.001 |
|                     u_srlA                                                         |    <0.001 |
|                     u_srlB                                                         |    <0.001 |
|                     u_srlC                                                         |    <0.001 |
|                     u_srlD                                                         |    <0.001 |
|                   I_WHOLE_SLICE.G_SLICE_IDX[8].U_ALL_SRL_SLICE                     |    <0.001 |
|                     u_srlA                                                         |    <0.001 |
|                     u_srlB                                                         |    <0.001 |
|                     u_srlC                                                         |    <0.001 |
|                     u_srlD                                                         |    <0.001 |
|                   I_WHOLE_SLICE.G_SLICE_IDX[9].U_ALL_SRL_SLICE                     |    <0.001 |
|                     u_srlA                                                         |    <0.001 |
|                     u_srlB                                                         |    <0.001 |
|                     u_srlC                                                         |    <0.001 |
|                     u_srlD                                                         |    <0.001 |
|             N_DDR_MODE.G_NMU[1].U_M                                                |    <0.001 |
|               allx_typeA_match_detection.ltlib_v1_0_0_allx_typeA_inst              |    <0.001 |
|                 DUT                                                                |    <0.001 |
|                   I_WHOLE_SLICE.G_SLICE_IDX[0].U_ALL_SRL_SLICE                     |    <0.001 |
|                     u_srlA                                                         |    <0.001 |
|                     u_srlB                                                         |    <0.001 |
|                     u_srlC                                                         |    <0.001 |
|                     u_srlD                                                         |    <0.001 |
|                   I_WHOLE_SLICE.G_SLICE_IDX[1].U_ALL_SRL_SLICE                     |    <0.001 |
|                     u_srlA                                                         |    <0.001 |
|                     u_srlB                                                         |    <0.001 |
|                     u_srlC                                                         |    <0.001 |
|                     u_srlD                                                         |    <0.001 |
|                   I_WHOLE_SLICE.G_SLICE_IDX[2].U_ALL_SRL_SLICE                     |    <0.001 |
|                     u_srlA                                                         |    <0.001 |
|                     u_srlB                                                         |    <0.001 |
|                     u_srlC                                                         |    <0.001 |
|                     u_srlD                                                         |    <0.001 |
|                   I_WHOLE_SLICE.G_SLICE_IDX[3].U_ALL_SRL_SLICE                     |    <0.001 |
|                     u_srlA                                                         |    <0.001 |
|                     u_srlB                                                         |    <0.001 |
|                     u_srlC                                                         |    <0.001 |
|                     u_srlD                                                         |    <0.001 |
|             N_DDR_MODE.G_NMU[2].U_M                                                |    <0.001 |
|               allx_typeA_match_detection.ltlib_v1_0_0_allx_typeA_inst              |    <0.001 |
|                 DUT                                                                |    <0.001 |
|                   I_WHOLE_SLICE.G_SLICE_IDX[0].U_ALL_SRL_SLICE                     |    <0.001 |
|                     u_srlA                                                         |    <0.001 |
|                     u_srlB                                                         |    <0.001 |
|                     u_srlC                                                         |    <0.001 |
|                     u_srlD                                                         |    <0.001 |
|             N_DDR_MODE.G_NMU[3].U_M                                                |    <0.001 |
|               allx_typeA_match_detection.ltlib_v1_0_0_allx_typeA_inst              |    <0.001 |
|                 DUT                                                                |    <0.001 |
|                   I_WHOLE_SLICE.G_SLICE_IDX[0].U_ALL_SRL_SLICE                     |    <0.001 |
|                     u_srlA                                                         |    <0.001 |
|                     u_srlB                                                         |    <0.001 |
|                     u_srlC                                                         |    <0.001 |
|                     u_srlD                                                         |    <0.001 |
|         xsdb_memory_read_inst                                                      |    <0.001 |
|   txILa                                                                            |     0.005 |
|     inst                                                                           |     0.005 |
|       ila_core_inst                                                                |     0.005 |
|         ila_trace_memory_inst                                                      |     0.001 |
|           SUBCORE_RAM_BLK_MEM_1.trace_block_memory                                 |     0.001 |
|             inst_blk_mem_gen                                                       |     0.001 |
|               gnativebmg.native_blk_mem_gen                                        |     0.001 |
|                 valid.cstr                                                         |     0.001 |
|                   ramloop[0].ram.r                                                 |    <0.001 |
|                     prim_noinit.ram                                                |    <0.001 |
|                   ramloop[1].ram.r                                                 |    <0.001 |
|                     prim_noinit.ram                                                |    <0.001 |
|                   ramloop[2].ram.r                                                 |    <0.001 |
|                     prim_noinit.ram                                                |    <0.001 |
|                   ramloop[3].ram.r                                                 |    <0.001 |
|                     prim_noinit.ram                                                |    <0.001 |
|         u_ila_cap_ctrl                                                             |    <0.001 |
|           U_CDONE                                                                  |    <0.001 |
|           U_NS0                                                                    |    <0.001 |
|           U_NS1                                                                    |    <0.001 |
|           u_cap_addrgen                                                            |    <0.001 |
|             U_CMPRESET                                                             |    <0.001 |
|             u_cap_sample_counter                                                   |    <0.001 |
|               U_SCE                                                                |    <0.001 |
|               U_SCMPCE                                                             |    <0.001 |
|               U_SCRST                                                              |    <0.001 |
|               u_scnt_cmp                                                           |    <0.001 |
|                 allx_typeA_match_detection.ltlib_v1_0_0_allx_typeA_inst            |    <0.001 |
|                   DUT                                                              |    <0.001 |
|                     I_WHOLE_SLICE.G_SLICE_IDX[0].U_ALL_SRL_SLICE                   |    <0.001 |
|                       u_srlA                                                       |    <0.001 |
|                       u_srlB                                                       |    <0.001 |
|                       u_srlC                                                       |    <0.001 |
|                       u_srlD                                                       |    <0.001 |
|                     I_WHOLE_SLICE.G_SLICE_IDX[1].U_ALL_SRL_SLICE                   |    <0.001 |
|                       u_srlA                                                       |    <0.001 |
|                       u_srlB                                                       |    <0.001 |
|                       u_srlC                                                       |    <0.001 |
|                       u_srlD                                                       |    <0.001 |
|             u_cap_window_counter                                                   |    <0.001 |
|               U_WCE                                                                |    <0.001 |
|               U_WHCMPCE                                                            |    <0.001 |
|               U_WLCMPCE                                                            |    <0.001 |
|               u_wcnt_hcmp                                                          |    <0.001 |
|                 allx_typeA_match_detection.ltlib_v1_0_0_allx_typeA_inst            |    <0.001 |
|                   DUT                                                              |    <0.001 |
|                     I_WHOLE_SLICE.G_SLICE_IDX[0].U_ALL_SRL_SLICE                   |    <0.001 |
|                       u_srlA                                                       |    <0.001 |
|                       u_srlB                                                       |    <0.001 |
|                       u_srlC                                                       |    <0.001 |
|                       u_srlD                                                       |    <0.001 |
|                     I_WHOLE_SLICE.G_SLICE_IDX[1].U_ALL_SRL_SLICE                   |    <0.001 |
|                       u_srlA                                                       |    <0.001 |
|                       u_srlB                                                       |    <0.001 |
|                       u_srlC                                                       |    <0.001 |
|                       u_srlD                                                       |    <0.001 |
|               u_wcnt_lcmp                                                          |    <0.001 |
|                 allx_typeA_match_detection.ltlib_v1_0_0_allx_typeA_inst            |    <0.001 |
|                   DUT                                                              |    <0.001 |
|                     I_WHOLE_SLICE.G_SLICE_IDX[0].U_ALL_SRL_SLICE                   |    <0.001 |
|                       u_srlA                                                       |    <0.001 |
|                       u_srlB                                                       |    <0.001 |
|                       u_srlC                                                       |    <0.001 |
|                       u_srlD                                                       |    <0.001 |
|                     I_WHOLE_SLICE.G_SLICE_IDX[1].U_ALL_SRL_SLICE                   |    <0.001 |
|                       u_srlA                                                       |    <0.001 |
|                       u_srlB                                                       |    <0.001 |
|                       u_srlC                                                       |    <0.001 |
|                       u_srlD                                                       |    <0.001 |
|         u_ila_regs                                                                 |     0.002 |
|           MU_SRL[0].mu_srl_reg                                                     |    <0.001 |
|           MU_SRL[1].mu_srl_reg                                                     |    <0.001 |
|           MU_SRL[2].mu_srl_reg                                                     |    <0.001 |
|           MU_SRL[3].mu_srl_reg                                                     |    <0.001 |
|           TC_SRL[0].tc_srl_reg                                                     |    <0.001 |
|           U_XSDB_SLAVE                                                             |    <0.001 |
|           reg_15                                                                   |    <0.001 |
|             I_EN_CTL_EQ1.U_CTL                                                     |    <0.001 |
|           reg_16                                                                   |    <0.001 |
|             I_EN_CTL_EQ1.U_CTL                                                     |    <0.001 |
|           reg_17                                                                   |    <0.001 |
|             I_EN_CTL_EQ1.U_CTL                                                     |    <0.001 |
|           reg_18                                                                   |    <0.001 |
|             I_EN_CTL_EQ1.U_CTL                                                     |    <0.001 |
|           reg_19                                                                   |    <0.001 |
|             I_EN_CTL_EQ1.U_CTL                                                     |    <0.001 |
|           reg_1a                                                                   |    <0.001 |
|             I_EN_CTL_EQ1.U_CTL                                                     |    <0.001 |
|           reg_6                                                                    |    <0.001 |
|             I_EN_CTL_EQ1.U_CTL                                                     |    <0.001 |
|           reg_7                                                                    |    <0.001 |
|             I_EN_CTL_EQ1.U_CTL                                                     |    <0.001 |
|           reg_8                                                                    |    <0.001 |
|             I_EN_STAT_EQ1.U_STAT                                                   |    <0.001 |
|           reg_80                                                                   |    <0.001 |
|             I_EN_CTL_EQ1.U_CTL                                                     |    <0.001 |
|           reg_81                                                                   |    <0.001 |
|             I_EN_CTL_EQ1.U_CTL                                                     |    <0.001 |
|           reg_82                                                                   |    <0.001 |
|             I_EN_CTL_EQ1.U_CTL                                                     |    <0.001 |
|           reg_83                                                                   |    <0.001 |
|             I_EN_CTL_EQ1.U_CTL                                                     |    <0.001 |
|           reg_84                                                                   |    <0.001 |
|             I_EN_CTL_EQ1.U_CTL                                                     |    <0.001 |
|           reg_85                                                                   |    <0.001 |
|             I_EN_CTL_EQ1.U_CTL                                                     |    <0.001 |
|           reg_887                                                                  |    <0.001 |
|             I_EN_STAT_EQ1.U_STAT                                                   |    <0.001 |
|           reg_88d                                                                  |    <0.001 |
|             I_EN_STAT_EQ1.U_STAT                                                   |    <0.001 |
|           reg_890                                                                  |    <0.001 |
|             I_EN_STAT_EQ1.U_STAT                                                   |    <0.001 |
|           reg_9                                                                    |    <0.001 |
|             I_EN_STAT_EQ1.U_STAT                                                   |    <0.001 |
|           reg_srl_fff                                                              |    <0.001 |
|           reg_stream_ffd                                                           |    <0.001 |
|             I_EN_CTL_EQ1.U_CTL                                                     |    <0.001 |
|           reg_stream_ffe                                                           |    <0.001 |
|             I_EN_STAT_EQ1.U_STAT                                                   |    <0.001 |
|         u_ila_reset_ctrl                                                           |    <0.001 |
|           arm_detection_inst                                                       |    <0.001 |
|           asyncrounous_transfer.arm_in_transfer_inst                               |    <0.001 |
|           asyncrounous_transfer.arm_out_transfer_inst                              |    <0.001 |
|           asyncrounous_transfer.halt_in_transfer_inst                              |    <0.001 |
|           asyncrounous_transfer.halt_out_transfer_inst                             |    <0.001 |
|           halt_detection_inst                                                      |    <0.001 |
|         u_trig                                                                     |    <0.001 |
|           N_DDR_TC.N_DDR_TC_INST[0].U_TC                                           |    <0.001 |
|             allx_typeA_match_detection.ltlib_v1_0_0_allx_typeA_inst                |    <0.001 |
|               DUT                                                                  |    <0.001 |
|                 I_WHOLE_SLICE.G_SLICE_IDX[0].U_ALL_SRL_SLICE                       |    <0.001 |
|                   u_srlA                                                           |    <0.001 |
|                   u_srlB                                                           |    <0.001 |
|                   u_srlC                                                           |    <0.001 |
|                   u_srlD                                                           |    <0.001 |
|           U_TM                                                                     |    <0.001 |
|             N_DDR_MODE.G_NMU[0].U_M                                                |    <0.001 |
|               allx_typeA_match_detection.ltlib_v1_0_0_allx_typeA_inst              |    <0.001 |
|                 DUT                                                                |    <0.001 |
|                   I_WHOLE_SLICE.G_SLICE_IDX[0].U_ALL_SRL_SLICE                     |    <0.001 |
|                     u_srlA                                                         |    <0.001 |
|                     u_srlB                                                         |    <0.001 |
|                     u_srlC                                                         |    <0.001 |
|                     u_srlD                                                         |    <0.001 |
|                   I_WHOLE_SLICE.G_SLICE_IDX[10].U_ALL_SRL_SLICE                    |    <0.001 |
|                     u_srlA                                                         |    <0.001 |
|                     u_srlB                                                         |    <0.001 |
|                     u_srlC                                                         |    <0.001 |
|                     u_srlD                                                         |    <0.001 |
|                   I_WHOLE_SLICE.G_SLICE_IDX[1].U_ALL_SRL_SLICE                     |    <0.001 |
|                     u_srlA                                                         |    <0.001 |
|                     u_srlB                                                         |    <0.001 |
|                     u_srlC                                                         |    <0.001 |
|                     u_srlD                                                         |    <0.001 |
|                   I_WHOLE_SLICE.G_SLICE_IDX[2].U_ALL_SRL_SLICE                     |    <0.001 |
|                     u_srlA                                                         |    <0.001 |
|                     u_srlB                                                         |    <0.001 |
|                     u_srlC                                                         |    <0.001 |
|                     u_srlD                                                         |    <0.001 |
|                   I_WHOLE_SLICE.G_SLICE_IDX[3].U_ALL_SRL_SLICE                     |    <0.001 |
|                     u_srlA                                                         |    <0.001 |
|                     u_srlB                                                         |    <0.001 |
|                     u_srlC                                                         |    <0.001 |
|                     u_srlD                                                         |    <0.001 |
|                   I_WHOLE_SLICE.G_SLICE_IDX[4].U_ALL_SRL_SLICE                     |    <0.001 |
|                     u_srlA                                                         |    <0.001 |
|                     u_srlB                                                         |    <0.001 |
|                     u_srlC                                                         |    <0.001 |
|                     u_srlD                                                         |    <0.001 |
|                   I_WHOLE_SLICE.G_SLICE_IDX[5].U_ALL_SRL_SLICE                     |    <0.001 |
|                     u_srlA                                                         |    <0.001 |
|                     u_srlB                                                         |    <0.001 |
|                     u_srlC                                                         |    <0.001 |
|                     u_srlD                                                         |    <0.001 |
|                   I_WHOLE_SLICE.G_SLICE_IDX[6].U_ALL_SRL_SLICE                     |    <0.001 |
|                     u_srlA                                                         |    <0.001 |
|                     u_srlB                                                         |    <0.001 |
|                     u_srlC                                                         |    <0.001 |
|                     u_srlD                                                         |    <0.001 |
|                   I_WHOLE_SLICE.G_SLICE_IDX[7].U_ALL_SRL_SLICE                     |    <0.001 |
|                     u_srlA                                                         |    <0.001 |
|                     u_srlB                                                         |    <0.001 |
|                     u_srlC                                                         |    <0.001 |
|                     u_srlD                                                         |    <0.001 |
|                   I_WHOLE_SLICE.G_SLICE_IDX[8].U_ALL_SRL_SLICE                     |    <0.001 |
|                     u_srlA                                                         |    <0.001 |
|                     u_srlB                                                         |    <0.001 |
|                     u_srlC                                                         |    <0.001 |
|                     u_srlD                                                         |    <0.001 |
|                   I_WHOLE_SLICE.G_SLICE_IDX[9].U_ALL_SRL_SLICE                     |    <0.001 |
|                     u_srlA                                                         |    <0.001 |
|                     u_srlB                                                         |    <0.001 |
|                     u_srlC                                                         |    <0.001 |
|                     u_srlD                                                         |    <0.001 |
|             N_DDR_MODE.G_NMU[1].U_M                                                |    <0.001 |
|               allx_typeA_match_detection.ltlib_v1_0_0_allx_typeA_inst              |    <0.001 |
|                 DUT                                                                |    <0.001 |
|                   I_WHOLE_SLICE.G_SLICE_IDX[0].U_ALL_SRL_SLICE                     |    <0.001 |
|                     u_srlA                                                         |    <0.001 |
|                     u_srlB                                                         |    <0.001 |
|                     u_srlC                                                         |    <0.001 |
|                     u_srlD                                                         |    <0.001 |
|                   I_WHOLE_SLICE.G_SLICE_IDX[1].U_ALL_SRL_SLICE                     |    <0.001 |
|                     u_srlA                                                         |    <0.001 |
|                     u_srlB                                                         |    <0.001 |
|                     u_srlC                                                         |    <0.001 |
|                     u_srlD                                                         |    <0.001 |
|                   I_WHOLE_SLICE.G_SLICE_IDX[2].U_ALL_SRL_SLICE                     |    <0.001 |
|                     u_srlA                                                         |    <0.001 |
|                     u_srlB                                                         |    <0.001 |
|                     u_srlC                                                         |    <0.001 |
|                     u_srlD                                                         |    <0.001 |
|                   I_WHOLE_SLICE.G_SLICE_IDX[3].U_ALL_SRL_SLICE                     |    <0.001 |
|                     u_srlA                                                         |    <0.001 |
|                     u_srlB                                                         |    <0.001 |
|                     u_srlC                                                         |    <0.001 |
|                     u_srlD                                                         |    <0.001 |
|             N_DDR_MODE.G_NMU[2].U_M                                                |    <0.001 |
|               allx_typeA_match_detection.ltlib_v1_0_0_allx_typeA_inst              |    <0.001 |
|                 DUT                                                                |    <0.001 |
|                   I_WHOLE_SLICE.G_SLICE_IDX[0].U_ALL_SRL_SLICE                     |    <0.001 |
|                     u_srlA                                                         |    <0.001 |
|                     u_srlB                                                         |    <0.001 |
|                     u_srlC                                                         |    <0.001 |
|                     u_srlD                                                         |    <0.001 |
|             N_DDR_MODE.G_NMU[3].U_M                                                |    <0.001 |
|               allx_typeA_match_detection.ltlib_v1_0_0_allx_typeA_inst              |    <0.001 |
|                 DUT                                                                |    <0.001 |
|                   I_WHOLE_SLICE.G_SLICE_IDX[0].U_ALL_SRL_SLICE                     |    <0.001 |
|                     u_srlA                                                         |    <0.001 |
|                     u_srlB                                                         |    <0.001 |
|                     u_srlC                                                         |    <0.001 |
|                     u_srlD                                                         |    <0.001 |
|         xsdb_memory_read_inst                                                      |    <0.001 |
|   txPll                                                                            |     0.102 |
|     inst                                                                           |     0.102 |
|   vio                                                                              |    <0.001 |
|     inst                                                                           |    <0.001 |
|       DECODER_INST                                                                 |    <0.001 |
|       PROBE_IN_INST                                                                |    <0.001 |
|       PROBE_IN_WIDTH_INST                                                          |    <0.001 |
|       PROBE_OUT_ALL_INST                                                           |    <0.001 |
|         G_PROBE_OUT[0].PROBE_OUT0_INST                                             |    <0.001 |
|         G_PROBE_OUT[1].PROBE_OUT0_INST                                             |    <0.001 |
|         G_PROBE_OUT[2].PROBE_OUT0_INST                                             |    <0.001 |
|         G_PROBE_OUT[3].PROBE_OUT0_INST                                             |    <0.001 |
|         G_PROBE_OUT[4].PROBE_OUT0_INST                                             |    <0.001 |
|         G_PROBE_OUT[5].PROBE_OUT0_INST                                             |    <0.001 |
|         G_PROBE_OUT[6].PROBE_OUT0_INST                                             |    <0.001 |
|         G_PROBE_OUT[7].PROBE_OUT0_INST                                             |    <0.001 |
|         G_PROBE_OUT[8].PROBE_OUT0_INST                                             |    <0.001 |
|       PROBE_OUT_WIDTH_INST                                                         |    <0.001 |
|       U_XSDB_SLAVE                                                                 |    <0.001 |
+------------------------------------------------------------------------------------+-----------+


