INFO:sim:172 - Generating IP...
Applying current project options...
Finished applying current project options.
WARNING:sim - A core named 'xlx_v6_tx_mmcm' already exists in the project.
   Output products for this core may be overwritten.
Resolving generics for 'xlx_v6_tx_mmcm'...
WARNING:sim - A core named 'xlx_v6_tx_mmcm' already exists in the project.
   Output products for this core may be overwritten.
Applying external generics to 'xlx_v6_tx_mmcm'...
Delivering associated files for 'xlx_v6_tx_mmcm'...
WARNING:sim - Component clk_wiz_v3_6 does not have a valid model name for VHDL
   synthesis
Delivering EJava files for 'xlx_v6_tx_mmcm'...
Delivered 3 files into directory
D:/gbt_fpga/example_designs/xilinx_v6/core_sources/tx_mmcm/tmp/_cg/xlx_v6_tx_mmc
m
Delivered 1 file into directory
D:/gbt_fpga/example_designs/xilinx_v6/core_sources/tx_mmcm/tmp/_cg/xlx_v6_tx_mmc
m
Generating ASY schematic symbol...
Loading device for application Rf_Device from file '6vlx130t.nph' in environment
C:\Xilinx\14.7\ISE_DS\ISE\.
INFO:sim:949 - Finished generation of ASY schematic symbol.
Generating SYM schematic symbol for 'xlx_v6_tx_mmcm'...
Generating ISE project...
XCO file found: xlx_v6_tx_mmcm.xco
XMDF file found: xlx_v6_tx_mmcm_xmdf.tcl
Adding
D:/gbt_fpga/example_designs/xilinx_v6/core_sources/tx_mmcm/tmp/_cg/xlx_v6_tx_mmc
m.asy -view all -origin_type imported
Adding
D:/gbt_fpga/example_designs/xilinx_v6/core_sources/tx_mmcm/tmp/_cg/xlx_v6_tx_mmc
m.ucf -view all -origin_type created
Adding
D:/gbt_fpga/example_designs/xilinx_v6/core_sources/tx_mmcm/tmp/_cg/xlx_v6_tx_mmc
m.vhd -view all -origin_type created
INFO:HDLCompiler:1061 - Parsing VHDL file
   "D:/gbt_fpga/example_designs/xilinx_v6/core_sources/tx_mmcm/tmp/_cg/xlx_v6_tx
   _mmcm.vhd" into library work
INFO:ProjectMgmt - Parsing design hierarchy completed successfully.
Adding
D:/gbt_fpga/example_designs/xilinx_v6/core_sources/tx_mmcm/tmp/_cg/xlx_v6_tx_mmc
m.vho -view all -origin_type imported
INFO:TclTasksC:2116 - The automatic calculation of top has been turned-off.
   Please set the new top explicitly by running the "project set top" command.
   To re-calculate the new top automatically, set the "Auto Implementation Top"
   property to true.
Top level has been set to "/xlx_v6_tx_mmcm"
Generating README file...
Generating FLIST file...
INFO:sim:948 - Finished FLIST file generation.
Launching README viewer...
Moving files to output directory...
Finished moving files to output directory
Wrote CGP file for project 'xlx_v6_tx_mmcm'.
