  mpa.cpp
d:\cern\cfiles\mpa_ext2\mpa\mpa.cpp(670): warning C4244: 'initializing': conversion from 'std::streamoff' to 'unsigned int', possible loss of data
d:\cern\cfiles\mpa_ext2\mpa\mpa.cpp(712): warning C4244: 'initializing': conversion from 'std::streamoff' to 'unsigned int', possible loss of data
d:\cern\cfiles\mpa_ext2\mpa\mpa.cpp(752): warning C4244: 'initializing': conversion from 'std::streamoff' to 'unsigned int', possible loss of data
d:\cern\cfiles\mpa_ext2\mpa\mpa.cpp(792): warning C4244: 'initializing': conversion from 'std::streamoff' to 'unsigned int', possible loss of data
d:\cern\cfiles\mpa_ext2\mpa\mpa.cpp(832): warning C4244: 'initializing': conversion from 'std::streamoff' to 'unsigned int', possible loss of data
d:\cern\cfiles\mpa_ext2\mpa\mpa.cpp(872): warning C4244: 'initializing': conversion from 'std::streamoff' to 'unsigned int', possible loss of data
d:\cern\cfiles\mpa_ext2\mpa\mpa.cpp(912): warning C4244: 'initializing': conversion from 'std::streamoff' to 'unsigned int', possible loss of data
d:\cern\cfiles\mpa_ext2\mpa\mpa.cpp(952): warning C4244: 'initializing': conversion from 'std::streamoff' to 'unsigned int', possible loss of data
d:\cern\cfiles\mpa_ext2\mpa\mpa.cpp(370): warning C4996: 'strcpy': This function or variable may be unsafe. Consider using strcpy_s instead. To disable deprecation, use _CRT_SECURE_NO_WARNINGS. See online help for details.
  c:\program files (x86)\windows kits\10\include\10.0.10240.0\ucrt\string.h(119): note: see declaration of 'strcpy'
d:\cern\cfiles\mpa_ext2\mpa\mpa.cpp(405): warning C4996: 'strcpy': This function or variable may be unsafe. Consider using strcpy_s instead. To disable deprecation, use _CRT_SECURE_NO_WARNINGS. See online help for details.
  c:\program files (x86)\windows kits\10\include\10.0.10240.0\ucrt\string.h(119): note: see declaration of 'strcpy'
d:\cern\cfiles\mpa_ext2\mpa\mpa.cpp(439): warning C4996: 'strcpy': This function or variable may be unsafe. Consider using strcpy_s instead. To disable deprecation, use _CRT_SECURE_NO_WARNINGS. See online help for details.
  c:\program files (x86)\windows kits\10\include\10.0.10240.0\ucrt\string.h(119): note: see declaration of 'strcpy'
d:\cern\cfiles\mpa_ext2\mpa\mpa.cpp(473): warning C4996: 'strcpy': This function or variable may be unsafe. Consider using strcpy_s instead. To disable deprecation, use _CRT_SECURE_NO_WARNINGS. See online help for details.
  c:\program files (x86)\windows kits\10\include\10.0.10240.0\ucrt\string.h(119): note: see declaration of 'strcpy'
d:\cern\cfiles\mpa_ext2\mpa\mpa.cpp(508): warning C4996: 'strcpy': This function or variable may be unsafe. Consider using strcpy_s instead. To disable deprecation, use _CRT_SECURE_NO_WARNINGS. See online help for details.
  c:\program files (x86)\windows kits\10\include\10.0.10240.0\ucrt\string.h(119): note: see declaration of 'strcpy'
d:\cern\cfiles\mpa_ext2\mpa\mpa.cpp(542): warning C4996: 'strcpy': This function or variable may be unsafe. Consider using strcpy_s instead. To disable deprecation, use _CRT_SECURE_NO_WARNINGS. See online help for details.
  c:\program files (x86)\windows kits\10\include\10.0.10240.0\ucrt\string.h(119): note: see declaration of 'strcpy'
d:\cern\cfiles\mpa_ext2\mpa\mpa.cpp(576): warning C4996: 'strcpy': This function or variable may be unsafe. Consider using strcpy_s instead. To disable deprecation, use _CRT_SECURE_NO_WARNINGS. See online help for details.
  c:\program files (x86)\windows kits\10\include\10.0.10240.0\ucrt\string.h(119): note: see declaration of 'strcpy'
d:\cern\cfiles\mpa_ext2\mpa\mpa.cpp(610): warning C4996: 'strcpy': This function or variable may be unsafe. Consider using strcpy_s instead. To disable deprecation, use _CRT_SECURE_NO_WARNINGS. See online help for details.
  c:\program files (x86)\windows kits\10\include\10.0.10240.0\ucrt\string.h(119): note: see declaration of 'strcpy'
d:\cern\cfiles\mpa_ext2\mpa\mpa.cpp(48): warning C4101: 'chipID': unreferenced local variable
  mpa.vcxproj -> D:\cern\cfiles\mpa_ext2\mpa\Debug\mpa.exe
