INFO:sim:172 - Generating IP...
Applying current project options...
Finished applying current project options.
WARNING:sim - A core named 'ipcore_fifo_StubData' already exists in the project.
   Output products for this core may be overwritten.
Resolving generics for 'ipcore_fifo_StubData'...
WARNING:sim - A core named 'ipcore_fifo_StubData' already exists in the project.
   Output products for this core may be overwritten.
Applying external generics to 'ipcore_fifo_StubData'...
Delivering associated files for 'ipcore_fifo_StubData'...
Delivering EJava files for 'ipcore_fifo_StubData'...
Generating implementation netlist for 'ipcore_fifo_StubData'...
INFO:sim - Pre-processing HDL files for 'ipcore_fifo_StubData'...
WARNING:sim - BlackBox generator run option '-ifmt' found multiple times. Only
   the first occurence is considered.
Running synthesis for 'ipcore_fifo_StubData'
Running ngcbuild...
Writing VHO instantiation template for 'ipcore_fifo_StubData'...
Writing VHDL behavioral simulation model for 'ipcore_fifo_StubData'...
WARNING:sim - Overwriting existing file
   C:/VHDL/CMS/ISE14.6/TkFED/mono_generic/fw/vhdl/src/user/iphc_strasbourg/be/ip
   core_dir/ipcore_fifo/fifo_StubData/2x512/tmp/_cg/ipcore_fifo_StubData/doc/fif
   o_generator_v9_3_vinfo.html with file from view xilinx_documentation
Delivered 3 files into directory
C:/VHDL/CMS/ISE14.6/TkFED/mono_generic/fw/vhdl/src/user/iphc_strasbourg/be/ipcor
e_dir/ipcore_fifo/fifo_StubData/2x512/tmp/_cg/ipcore_fifo_StubData
Delivered 1 file into directory
C:/VHDL/CMS/ISE14.6/TkFED/mono_generic/fw/vhdl/src/user/iphc_strasbourg/be/ipcor
e_dir/ipcore_fifo/fifo_StubData/2x512/tmp/_cg/ipcore_fifo_StubData
Generating ASY schematic symbol...
INFO:sim:949 - Finished generation of ASY schematic symbol.
Generating SYM schematic symbol for 'ipcore_fifo_StubData'...
Generating metadata file...
Regenerating ISE project file for 'ipcore_fifo_StubData'...
Generating ISE project...
XCO file found: ipcore_fifo_StubData.xco
XMDF file found: ipcore_fifo_StubData_xmdf.tcl
Adding
C:/VHDL/CMS/ISE14.6/TkFED/mono_generic/fw/vhdl/src/user/iphc_strasbourg/be/ipcor
e_dir/ipcore_fifo/fifo_StubData/2x512/tmp/_cg/ipcore_fifo_StubData.asy -view all
-origin_type imported
Adding
C:/VHDL/CMS/ISE14.6/TkFED/mono_generic/fw/vhdl/src/user/iphc_strasbourg/be/ipcor
e_dir/ipcore_fifo/fifo_StubData/2x512/tmp/_cg/ipcore_fifo_StubData.ngc -view all
-origin_type created
Checking file
"C:/VHDL/CMS/ISE14.6/TkFED/mono_generic/fw/vhdl/src/user/iphc_strasbourg/be/ipco
re_dir/ipcore_fifo/fifo_StubData/2x512/tmp/_cg/ipcore_fifo_StubData.ngc" for
project device match ...
File
"C:/VHDL/CMS/ISE14.6/TkFED/mono_generic/fw/vhdl/src/user/iphc_strasbourg/be/ipco
re_dir/ipcore_fifo/fifo_StubData/2x512/tmp/_cg/ipcore_fifo_StubData.ngc" device
information matches project device.
Adding
C:/VHDL/CMS/ISE14.6/TkFED/mono_generic/fw/vhdl/src/user/iphc_strasbourg/be/ipcor
e_dir/ipcore_fifo/fifo_StubData/2x512/tmp/_cg/ipcore_fifo_StubData.sym -view all
-origin_type imported
Adding
C:/VHDL/CMS/ISE14.6/TkFED/mono_generic/fw/vhdl/src/user/iphc_strasbourg/be/ipcor
e_dir/ipcore_fifo/fifo_StubData/2x512/tmp/_cg/ipcore_fifo_StubData.vhd -view all
-origin_type created
INFO:HDLCompiler:1061 - Parsing VHDL file
   "C:/VHDL/CMS/ISE14.6/TkFED/mono_generic/fw/vhdl/src/user/iphc_strasbourg/be/i
   pcore_dir/ipcore_fifo/fifo_StubData/2x512/tmp/_cg/ipcore_fifo_StubData.vhd"
   into library work
INFO:ProjectMgmt - Parsing design hierarchy completed successfully.
Adding
C:/VHDL/CMS/ISE14.6/TkFED/mono_generic/fw/vhdl/src/user/iphc_strasbourg/be/ipcor
e_dir/ipcore_fifo/fifo_StubData/2x512/tmp/_cg/ipcore_fifo_StubData.vho -view all
-origin_type imported
INFO:TclTasksC:2116 - The automatic calculation of top has been turned-off.
   Please set the new top explicitly by running the "project set top" command.
   To re-calculate the new top automatically, set the "Auto Implementation Top"
   property to true.
Top level has been set to "/ipcore_fifo_StubData"
Generating README file...
Generating FLIST file...
INFO:sim:948 - Finished FLIST file generation.
Launching README viewer...
Moving files to output directory...
Finished moving files to output directory
Wrote CGP file for project 'ipcore_fifo_StubData'.
