
*** Running vivado
    with args -log xlx_k7v7_gbt_rx_frameclk_phalgnr_mmcm.vds -m64 -mode batch -messageDb vivado.pb -notrace -source xlx_k7v7_gbt_rx_frameclk_phalgnr_mmcm.tcl


****** Vivado v2015.3 (64-bit)
  **** SW Build 1368829 on Mon Sep 28 20:06:43 MDT 2015
  **** IP Build 1367837 on Mon Sep 28 08:56:14 MDT 2015
    ** Copyright 1986-2015 Xilinx, Inc. All Rights Reserved.

source xlx_k7v7_gbt_rx_frameclk_phalgnr_mmcm.tcl -notrace
INFO: [IP_Flow 19-234] Refreshing IP repositories
INFO: [IP_Flow 19-1704] No user IP repositories specified
INFO: [IP_Flow 19-2313] Loaded Vivado IP repository 'C:/Xilinx/Vivado/2015.3/data/ip'.
WARNING: [IP_Flow 19-3664] IP 'xlx_k7v7_gbt_rx_frameclk_phalgnr_mmcm' generated file not found 'd:/gbt_fpga/example_designs/xilinx_k7v7/core_sources/gbt_rx_frameclk_phalgnr/vivado/xlx_k7v7_gbt_rx_frameclk_phalgnr_mmcm.dcp'. Please regenerate to continue.
WARNING: [IP_Flow 19-3664] IP 'xlx_k7v7_gbt_rx_frameclk_phalgnr_mmcm' generated file not found 'd:/gbt_fpga/example_designs/xilinx_k7v7/core_sources/gbt_rx_frameclk_phalgnr/vivado/xlx_k7v7_gbt_rx_frameclk_phalgnr_mmcm_stub.v'. Please regenerate to continue.
WARNING: [IP_Flow 19-3664] IP 'xlx_k7v7_gbt_rx_frameclk_phalgnr_mmcm' generated file not found 'd:/gbt_fpga/example_designs/xilinx_k7v7/core_sources/gbt_rx_frameclk_phalgnr/vivado/xlx_k7v7_gbt_rx_frameclk_phalgnr_mmcm_stub.vhdl'. Please regenerate to continue.
WARNING: [IP_Flow 19-3664] IP 'xlx_k7v7_gbt_rx_frameclk_phalgnr_mmcm' generated file not found 'd:/gbt_fpga/example_designs/xilinx_k7v7/core_sources/gbt_rx_frameclk_phalgnr/vivado/xlx_k7v7_gbt_rx_frameclk_phalgnr_mmcm_sim_netlist.v'. Please regenerate to continue.
WARNING: [IP_Flow 19-3664] IP 'xlx_k7v7_gbt_rx_frameclk_phalgnr_mmcm' generated file not found 'd:/gbt_fpga/example_designs/xilinx_k7v7/core_sources/gbt_rx_frameclk_phalgnr/vivado/xlx_k7v7_gbt_rx_frameclk_phalgnr_mmcm_sim_netlist.vhdl'. Please regenerate to continue.
Command: synth_design -top xlx_k7v7_gbt_rx_frameclk_phalgnr_mmcm -part xc7vx485tffg1761-2 -mode out_of_context
Starting synth_design
Attempting to get a license for feature 'Synthesis' and/or device 'xc7vx485t'
INFO: [Common 17-349] Got license for feature 'Synthesis' and/or device 'xc7vx485t'
---------------------------------------------------------------------------------
Starting RTL Elaboration : Time (s): cpu = 00:00:06 ; elapsed = 00:00:07 . Memory (MB): peak = 294.680 ; gain = 123.461
---------------------------------------------------------------------------------
INFO: [Synth 8-638] synthesizing module 'xlx_k7v7_gbt_rx_frameclk_phalgnr_mmcm' [d:/gbt_fpga/example_designs/xilinx_k7v7/core_sources/gbt_rx_frameclk_phalgnr/vivado/xlx_k7v7_gbt_rx_frameclk_phalgnr_mmcm.v:69]
INFO: [Synth 8-638] synthesizing module 'xlx_k7v7_gbt_rx_frameclk_phalgnr_mmcm_clk_wiz' [d:/gbt_fpga/example_designs/xilinx_k7v7/core_sources/gbt_rx_frameclk_phalgnr/vivado/xlx_k7v7_gbt_rx_frameclk_phalgnr_mmcm_clk_wiz.v:67]
INFO: [Synth 8-5534] Detected attribute (* KEEP = "TRUE" *) [d:/gbt_fpga/example_designs/xilinx_k7v7/core_sources/gbt_rx_frameclk_phalgnr/vivado/xlx_k7v7_gbt_rx_frameclk_phalgnr_mmcm_clk_wiz.v:115]
INFO: [Synth 8-5534] Detected attribute (* ASYNC_REG = "TRUE" *) [d:/gbt_fpga/example_designs/xilinx_k7v7/core_sources/gbt_rx_frameclk_phalgnr/vivado/xlx_k7v7_gbt_rx_frameclk_phalgnr_mmcm_clk_wiz.v:115]
INFO: [Synth 8-638] synthesizing module 'MMCME2_ADV' [C:/Xilinx/Vivado/2015.3/scripts/rt/data/unisim_comp.v:20441]
	Parameter BANDWIDTH bound to: OPTIMIZED - type: string 
	Parameter CLKFBOUT_MULT_F bound to: 5.000000 - type: float 
	Parameter CLKFBOUT_PHASE bound to: 0.000000 - type: float 
	Parameter CLKFBOUT_USE_FINE_PS bound to: FALSE - type: string 
	Parameter CLKIN1_PERIOD bound to: 8.332000 - type: float 
	Parameter CLKIN2_PERIOD bound to: 0.000000 - type: float 
	Parameter CLKOUT0_DIVIDE_F bound to: 15.000000 - type: float 
	Parameter CLKOUT0_DUTY_CYCLE bound to: 0.500000 - type: float 
	Parameter CLKOUT0_PHASE bound to: 0.000000 - type: float 
	Parameter CLKOUT0_USE_FINE_PS bound to: TRUE - type: string 
	Parameter CLKOUT1_DIVIDE bound to: 1 - type: integer 
	Parameter CLKOUT1_DUTY_CYCLE bound to: 0.500000 - type: float 
	Parameter CLKOUT1_PHASE bound to: 0.000000 - type: float 
	Parameter CLKOUT1_USE_FINE_PS bound to: FALSE - type: string 
	Parameter CLKOUT2_DIVIDE bound to: 1 - type: integer 
	Parameter CLKOUT2_DUTY_CYCLE bound to: 0.500000 - type: float 
	Parameter CLKOUT2_PHASE bound to: 0.000000 - type: float 
	Parameter CLKOUT2_USE_FINE_PS bound to: FALSE - type: string 
	Parameter CLKOUT3_DIVIDE bound to: 1 - type: integer 
	Parameter CLKOUT3_DUTY_CYCLE bound to: 0.500000 - type: float 
	Parameter CLKOUT3_PHASE bound to: 0.000000 - type: float 
	Parameter CLKOUT3_USE_FINE_PS bound to: FALSE - type: string 
	Parameter CLKOUT4_CASCADE bound to: FALSE - type: string 
	Parameter CLKOUT4_DIVIDE bound to: 1 - type: integer 
	Parameter CLKOUT4_DUTY_CYCLE bound to: 0.500000 - type: float 
	Parameter CLKOUT4_PHASE bound to: 0.000000 - type: float 
	Parameter CLKOUT4_USE_FINE_PS bound to: FALSE - type: string 
	Parameter CLKOUT5_DIVIDE bound to: 1 - type: integer 
	Parameter CLKOUT5_DUTY_CYCLE bound to: 0.500000 - type: float 
	Parameter CLKOUT5_PHASE bound to: 0.000000 - type: float 
	Parameter CLKOUT5_USE_FINE_PS bound to: FALSE - type: string 
	Parameter CLKOUT6_DIVIDE bound to: 1 - type: integer 
	Parameter CLKOUT6_DUTY_CYCLE bound to: 0.500000 - type: float 
	Parameter CLKOUT6_PHASE bound to: 0.000000 - type: float 
	Parameter CLKOUT6_USE_FINE_PS bound to: FALSE - type: string 
	Parameter COMPENSATION bound to: ZHOLD - type: string 
	Parameter DIVCLK_DIVIDE bound to: 1 - type: integer 
	Parameter IS_CLKINSEL_INVERTED bound to: 1'b0 
	Parameter IS_PSEN_INVERTED bound to: 1'b0 
	Parameter IS_PSINCDEC_INVERTED bound to: 1'b0 
	Parameter IS_PWRDWN_INVERTED bound to: 1'b0 
	Parameter IS_RST_INVERTED bound to: 1'b0 
	Parameter REF_JITTER1 bound to: 0.010000 - type: float 
	Parameter REF_JITTER2 bound to: 0.010000 - type: float 
	Parameter SS_EN bound to: FALSE - type: string 
	Parameter SS_MODE bound to: CENTER_HIGH - type: string 
	Parameter SS_MOD_PERIOD bound to: 10000 - type: integer 
	Parameter STARTUP_WAIT bound to: FALSE - type: string 
INFO: [Synth 8-256] done synthesizing module 'MMCME2_ADV' (1#1) [C:/Xilinx/Vivado/2015.3/scripts/rt/data/unisim_comp.v:20441]
INFO: [Synth 8-638] synthesizing module 'BUFG' [C:/Xilinx/Vivado/2015.3/scripts/rt/data/unisim_comp.v:607]
INFO: [Synth 8-256] done synthesizing module 'BUFG' (2#1) [C:/Xilinx/Vivado/2015.3/scripts/rt/data/unisim_comp.v:607]
INFO: [Synth 8-638] synthesizing module 'BUFGCE' [C:/Xilinx/Vivado/2015.3/scripts/rt/data/unisim_comp.v:617]
	Parameter CE_TYPE bound to: SYNC - type: string 
	Parameter IS_CE_INVERTED bound to: 1'b0 
	Parameter IS_I_INVERTED bound to: 1'b0 
INFO: [Synth 8-256] done synthesizing module 'BUFGCE' (3#1) [C:/Xilinx/Vivado/2015.3/scripts/rt/data/unisim_comp.v:617]
INFO: [Synth 8-638] synthesizing module 'BUFH' [C:/Xilinx/Vivado/2015.3/scripts/rt/data/unisim_comp.v:806]
INFO: [Synth 8-256] done synthesizing module 'BUFH' (4#1) [C:/Xilinx/Vivado/2015.3/scripts/rt/data/unisim_comp.v:806]
INFO: [Synth 8-256] done synthesizing module 'xlx_k7v7_gbt_rx_frameclk_phalgnr_mmcm_clk_wiz' (5#1) [d:/gbt_fpga/example_designs/xilinx_k7v7/core_sources/gbt_rx_frameclk_phalgnr/vivado/xlx_k7v7_gbt_rx_frameclk_phalgnr_mmcm_clk_wiz.v:67]
INFO: [Synth 8-256] done synthesizing module 'xlx_k7v7_gbt_rx_frameclk_phalgnr_mmcm' (6#1) [d:/gbt_fpga/example_designs/xilinx_k7v7/core_sources/gbt_rx_frameclk_phalgnr/vivado/xlx_k7v7_gbt_rx_frameclk_phalgnr_mmcm.v:69]
---------------------------------------------------------------------------------
Finished RTL Elaboration : Time (s): cpu = 00:00:06 ; elapsed = 00:00:08 . Memory (MB): peak = 331.059 ; gain = 159.840
---------------------------------------------------------------------------------

Report Check Netlist: 
+------+------------------+-------+---------+-------+------------------+
|      |Item              |Errors |Warnings |Status |Description       |
+------+------------------+-------+---------+-------+------------------+
|1     |multi_driven_nets |      0|        0|Passed |Multi driven nets |
+------+------------------+-------+---------+-------+------------------+
---------------------------------------------------------------------------------
Finished RTL Optimization Phase 1 : Time (s): cpu = 00:00:06 ; elapsed = 00:00:08 . Memory (MB): peak = 331.059 ; gain = 159.840
---------------------------------------------------------------------------------
INFO: [Netlist 29-17] Analyzing 2 Unisim elements for replacement
INFO: [Netlist 29-28] Unisim Transformation completed in 0 CPU seconds
INFO: [Device 21-403] Loading part xc7vx485tffg1761-2
INFO: [Project 1-570] Preparing netlist for logic optimization

Processing XDC Constraints
Initializing timing engine
Parsing XDC File [d:/gbt_fpga/example_designs/xilinx_k7v7/core_sources/gbt_rx_frameclk_phalgnr/vivado/xlx_k7v7_gbt_rx_frameclk_phalgnr_mmcm_ooc.xdc] for cell 'inst'
Finished Parsing XDC File [d:/gbt_fpga/example_designs/xilinx_k7v7/core_sources/gbt_rx_frameclk_phalgnr/vivado/xlx_k7v7_gbt_rx_frameclk_phalgnr_mmcm_ooc.xdc] for cell 'inst'
Parsing XDC File [d:/gbt_fpga/example_designs/xilinx_k7v7/core_sources/gbt_rx_frameclk_phalgnr/vivado/xlx_k7v7_gbt_rx_frameclk_phalgnr_mmcm_board.xdc] for cell 'inst'
Finished Parsing XDC File [d:/gbt_fpga/example_designs/xilinx_k7v7/core_sources/gbt_rx_frameclk_phalgnr/vivado/xlx_k7v7_gbt_rx_frameclk_phalgnr_mmcm_board.xdc] for cell 'inst'
Parsing XDC File [d:/gbt_fpga/example_designs/xilinx_k7v7/core_sources/gbt_rx_frameclk_phalgnr/vivado/xlx_k7v7_gbt_rx_frameclk_phalgnr_mmcm.xdc] for cell 'inst'
Finished Parsing XDC File [d:/gbt_fpga/example_designs/xilinx_k7v7/core_sources/gbt_rx_frameclk_phalgnr/vivado/xlx_k7v7_gbt_rx_frameclk_phalgnr_mmcm.xdc] for cell 'inst'
Parsing XDC File [D:/gbt_fpga/example_designs/xilinx_k7v7/vc707/vivado/vc707_gbt_example_design.runs/xlx_k7v7_gbt_rx_frameclk_phalgnr_mmcm_synth_1/dont_touch.xdc]
Finished Parsing XDC File [D:/gbt_fpga/example_designs/xilinx_k7v7/vc707/vivado/vc707_gbt_example_design.runs/xlx_k7v7_gbt_rx_frameclk_phalgnr_mmcm_synth_1/dont_touch.xdc]
Parsing XDC File [d:/gbt_fpga/example_designs/xilinx_k7v7/core_sources/gbt_rx_frameclk_phalgnr/vivado/xlx_k7v7_gbt_rx_frameclk_phalgnr_mmcm_late.xdc] for cell 'inst'
Finished Parsing XDC File [d:/gbt_fpga/example_designs/xilinx_k7v7/core_sources/gbt_rx_frameclk_phalgnr/vivado/xlx_k7v7_gbt_rx_frameclk_phalgnr_mmcm_late.xdc] for cell 'inst'
Completed Processing XDC Constraints

INFO: [Project 1-111] Unisim Transformation Summary:
  A total of 1 instances were transformed.
  BUFGCE => BUFGCTRL: 1 instances

INFO: [Timing 38-2] Deriving generated clocks
Constraint Validation Runtime : Time (s): cpu = 00:00:00 ; elapsed = 00:00:00.031 . Memory (MB): peak = 689.543 ; gain = 0.000
---------------------------------------------------------------------------------
Finished Constraint Validation : Time (s): cpu = 00:00:19 ; elapsed = 00:00:25 . Memory (MB): peak = 689.543 ; gain = 518.324
---------------------------------------------------------------------------------
---------------------------------------------------------------------------------
Start Loading Part and Timing Information
---------------------------------------------------------------------------------
Loading part: xc7vx485tffg1761-2
---------------------------------------------------------------------------------
Finished Loading Part and Timing Information : Time (s): cpu = 00:00:19 ; elapsed = 00:00:25 . Memory (MB): peak = 689.543 ; gain = 518.324
---------------------------------------------------------------------------------
---------------------------------------------------------------------------------
Start Applying 'set_property' XDC Constraints
---------------------------------------------------------------------------------
Applied set_property DONT_TOUCH = true for inst. (constraint file  auto generated constraint, line ).
---------------------------------------------------------------------------------
Finished applying 'set_property' XDC Constraints : Time (s): cpu = 00:00:19 ; elapsed = 00:00:25 . Memory (MB): peak = 689.543 ; gain = 518.324
---------------------------------------------------------------------------------
---------------------------------------------------------------------------------
Finished RTL Optimization Phase 2 : Time (s): cpu = 00:00:19 ; elapsed = 00:00:25 . Memory (MB): peak = 689.543 ; gain = 518.324
---------------------------------------------------------------------------------

Report RTL Partitions: 
+-+--------------+------------+----------+
| |RTL Partition |Replication |Instances |
+-+--------------+------------+----------+
+-+--------------+------------+----------+
---------------------------------------------------------------------------------
Start RTL Component Statistics 
---------------------------------------------------------------------------------
Detailed RTL Component Info : 
+---Registers : 
	                8 Bit    Registers := 1     
---------------------------------------------------------------------------------
Finished RTL Component Statistics 
---------------------------------------------------------------------------------
---------------------------------------------------------------------------------
Start RTL Hierarchical Component Statistics 
---------------------------------------------------------------------------------
Hierarchical RTL Component report 
Module xlx_k7v7_gbt_rx_frameclk_phalgnr_mmcm_clk_wiz 
Detailed RTL Component Info : 
+---Registers : 
	                8 Bit    Registers := 1     
---------------------------------------------------------------------------------
Finished RTL Hierarchical Component Statistics
---------------------------------------------------------------------------------
---------------------------------------------------------------------------------
Start Part Resource Summary
---------------------------------------------------------------------------------
Part Resources:
DSPs: 2800 (col length:140)
BRAMs: 2060 (col length: RAMB18 140 RAMB36 70)
---------------------------------------------------------------------------------
Finished Part Resource Summary
---------------------------------------------------------------------------------
Start Parallel Synthesis Optimization  : Time (s): cpu = 00:00:19 ; elapsed = 00:00:25 . Memory (MB): peak = 689.543 ; gain = 518.324
---------------------------------------------------------------------------------
Start Cross Boundary Optimization
---------------------------------------------------------------------------------
---------------------------------------------------------------------------------
Finished Cross Boundary Optimization : Time (s): cpu = 00:00:19 ; elapsed = 00:00:25 . Memory (MB): peak = 689.543 ; gain = 518.324
---------------------------------------------------------------------------------
Finished Parallel Reinference  : Time (s): cpu = 00:00:19 ; elapsed = 00:00:25 . Memory (MB): peak = 689.543 ; gain = 518.324

Report RTL Partitions: 
+-+--------------+------------+----------+
| |RTL Partition |Replication |Instances |
+-+--------------+------------+----------+
+-+--------------+------------+----------+
---------------------------------------------------------------------------------
Start Area Optimization
---------------------------------------------------------------------------------
---------------------------------------------------------------------------------
Finished Area Optimization : Time (s): cpu = 00:00:19 ; elapsed = 00:00:25 . Memory (MB): peak = 689.543 ; gain = 518.324
---------------------------------------------------------------------------------
Finished Parallel Area Optimization  : Time (s): cpu = 00:00:19 ; elapsed = 00:00:25 . Memory (MB): peak = 689.543 ; gain = 518.324

Report RTL Partitions: 
+-+--------------+------------+----------+
| |RTL Partition |Replication |Instances |
+-+--------------+------------+----------+
+-+--------------+------------+----------+
---------------------------------------------------------------------------------
Start Timing Optimization
---------------------------------------------------------------------------------
---------------------------------------------------------------------------------
Start Applying XDC Timing Constraints
---------------------------------------------------------------------------------
---------------------------------------------------------------------------------
Finished Applying XDC Timing Constraints : Time (s): cpu = 00:00:30 ; elapsed = 00:00:36 . Memory (MB): peak = 705.184 ; gain = 533.965
---------------------------------------------------------------------------------
---------------------------------------------------------------------------------
Finished Timing Optimization : Time (s): cpu = 00:00:30 ; elapsed = 00:00:36 . Memory (MB): peak = 705.184 ; gain = 533.965
---------------------------------------------------------------------------------
Finished Parallel Timing Optimization  : Time (s): cpu = 00:00:30 ; elapsed = 00:00:36 . Memory (MB): peak = 705.184 ; gain = 533.965

Report RTL Partitions: 
+-+--------------+------------+----------+
| |RTL Partition |Replication |Instances |
+-+--------------+------------+----------+
+-+--------------+------------+----------+
Finished Parallel Synthesis Optimization  : Time (s): cpu = 00:00:30 ; elapsed = 00:00:36 . Memory (MB): peak = 705.184 ; gain = 533.965
---------------------------------------------------------------------------------
Start Technology Mapping
---------------------------------------------------------------------------------
---------------------------------------------------------------------------------
Finished Technology Mapping : Time (s): cpu = 00:00:30 ; elapsed = 00:00:36 . Memory (MB): peak = 724.551 ; gain = 553.332
---------------------------------------------------------------------------------

Report RTL Partitions: 
+-+--------------+------------+----------+
| |RTL Partition |Replication |Instances |
+-+--------------+------------+----------+
+-+--------------+------------+----------+
---------------------------------------------------------------------------------
Start IO Insertion
---------------------------------------------------------------------------------
---------------------------------------------------------------------------------
Start Flattening Before IO Insertion
---------------------------------------------------------------------------------
---------------------------------------------------------------------------------
Finished Flattening Before IO Insertion
---------------------------------------------------------------------------------
---------------------------------------------------------------------------------
Start Final Netlist Cleanup
---------------------------------------------------------------------------------
---------------------------------------------------------------------------------
Finished Final Netlist Cleanup
---------------------------------------------------------------------------------
---------------------------------------------------------------------------------
Finished IO Insertion : Time (s): cpu = 00:00:30 ; elapsed = 00:00:36 . Memory (MB): peak = 724.551 ; gain = 553.332
---------------------------------------------------------------------------------

Report Check Netlist: 
+------+------------------+-------+---------+-------+------------------+
|      |Item              |Errors |Warnings |Status |Description       |
+------+------------------+-------+---------+-------+------------------+
|1     |multi_driven_nets |      0|        0|Passed |Multi driven nets |
+------+------------------+-------+---------+-------+------------------+
---------------------------------------------------------------------------------
Start Renaming Generated Instances
---------------------------------------------------------------------------------
---------------------------------------------------------------------------------
Finished Renaming Generated Instances : Time (s): cpu = 00:00:30 ; elapsed = 00:00:36 . Memory (MB): peak = 724.551 ; gain = 553.332
---------------------------------------------------------------------------------

Report RTL Partitions: 
+-+--------------+------------+----------+
| |RTL Partition |Replication |Instances |
+-+--------------+------------+----------+
+-+--------------+------------+----------+
---------------------------------------------------------------------------------
Start Rebuilding User Hierarchy
---------------------------------------------------------------------------------
---------------------------------------------------------------------------------
Finished Rebuilding User Hierarchy : Time (s): cpu = 00:00:30 ; elapsed = 00:00:36 . Memory (MB): peak = 724.551 ; gain = 553.332
---------------------------------------------------------------------------------
---------------------------------------------------------------------------------
Start Renaming Generated Ports
---------------------------------------------------------------------------------
---------------------------------------------------------------------------------
Finished Renaming Generated Ports : Time (s): cpu = 00:00:30 ; elapsed = 00:00:36 . Memory (MB): peak = 724.551 ; gain = 553.332
---------------------------------------------------------------------------------
---------------------------------------------------------------------------------
Start Handling Custom Attributes
---------------------------------------------------------------------------------
---------------------------------------------------------------------------------
Finished Handling Custom Attributes : Time (s): cpu = 00:00:30 ; elapsed = 00:00:36 . Memory (MB): peak = 724.551 ; gain = 553.332
---------------------------------------------------------------------------------
---------------------------------------------------------------------------------
Start Renaming Generated Nets
---------------------------------------------------------------------------------
---------------------------------------------------------------------------------
Finished Renaming Generated Nets : Time (s): cpu = 00:00:30 ; elapsed = 00:00:36 . Memory (MB): peak = 724.551 ; gain = 553.332
---------------------------------------------------------------------------------
---------------------------------------------------------------------------------
Start Writing Synthesis Report
---------------------------------------------------------------------------------

Report BlackBoxes: 
+-+--------------+----------+
| |BlackBox name |Instances |
+-+--------------+----------+
+-+--------------+----------+

Report Cell Usage: 
+------+-----------+------+
|      |Cell       |Count |
+------+-----------+------+
|1     |BUFG       |     1|
|2     |BUFGCE     |     1|
|3     |BUFH       |     1|
|4     |MMCME2_ADV |     1|
|5     |FDRE       |     8|
+------+-----------+------+

Report Instance Areas: 
+------+---------+----------------------------------------------+------+
|      |Instance |Module                                        |Cells |
+------+---------+----------------------------------------------+------+
|1     |top      |                                              |    12|
|2     |  inst   |xlx_k7v7_gbt_rx_frameclk_phalgnr_mmcm_clk_wiz |    12|
+------+---------+----------------------------------------------+------+
---------------------------------------------------------------------------------
Finished Writing Synthesis Report : Time (s): cpu = 00:00:30 ; elapsed = 00:00:36 . Memory (MB): peak = 724.551 ; gain = 553.332
---------------------------------------------------------------------------------
Synthesis finished with 0 errors, 0 critical warnings and 0 warnings.
Synthesis Optimization Runtime : Time (s): cpu = 00:00:15 ; elapsed = 00:00:18 . Memory (MB): peak = 724.551 ; gain = 143.301
Synthesis Optimization Complete : Time (s): cpu = 00:00:31 ; elapsed = 00:00:36 . Memory (MB): peak = 724.551 ; gain = 553.332
INFO: [Project 1-571] Translating synthesized netlist
INFO: [Netlist 29-17] Analyzing 2 Unisim elements for replacement
INFO: [Netlist 29-28] Unisim Transformation completed in 0 CPU seconds
INFO: [Project 1-570] Preparing netlist for logic optimization
Parsing XDC File [d:/gbt_fpga/example_designs/xilinx_k7v7/core_sources/gbt_rx_frameclk_phalgnr/vivado/xlx_k7v7_gbt_rx_frameclk_phalgnr_mmcm_ooc.xdc] for cell 'inst'
Finished Parsing XDC File [d:/gbt_fpga/example_designs/xilinx_k7v7/core_sources/gbt_rx_frameclk_phalgnr/vivado/xlx_k7v7_gbt_rx_frameclk_phalgnr_mmcm_ooc.xdc] for cell 'inst'
Parsing XDC File [d:/gbt_fpga/example_designs/xilinx_k7v7/core_sources/gbt_rx_frameclk_phalgnr/vivado/xlx_k7v7_gbt_rx_frameclk_phalgnr_mmcm_board.xdc] for cell 'inst'
Finished Parsing XDC File [d:/gbt_fpga/example_designs/xilinx_k7v7/core_sources/gbt_rx_frameclk_phalgnr/vivado/xlx_k7v7_gbt_rx_frameclk_phalgnr_mmcm_board.xdc] for cell 'inst'
Parsing XDC File [d:/gbt_fpga/example_designs/xilinx_k7v7/core_sources/gbt_rx_frameclk_phalgnr/vivado/xlx_k7v7_gbt_rx_frameclk_phalgnr_mmcm.xdc] for cell 'inst'
Finished Parsing XDC File [d:/gbt_fpga/example_designs/xilinx_k7v7/core_sources/gbt_rx_frameclk_phalgnr/vivado/xlx_k7v7_gbt_rx_frameclk_phalgnr_mmcm.xdc] for cell 'inst'
Parsing XDC File [d:/gbt_fpga/example_designs/xilinx_k7v7/core_sources/gbt_rx_frameclk_phalgnr/vivado/xlx_k7v7_gbt_rx_frameclk_phalgnr_mmcm_late.xdc] for cell 'inst'
Finished Parsing XDC File [d:/gbt_fpga/example_designs/xilinx_k7v7/core_sources/gbt_rx_frameclk_phalgnr/vivado/xlx_k7v7_gbt_rx_frameclk_phalgnr_mmcm_late.xdc] for cell 'inst'
INFO: [Opt 31-138] Pushed 0 inverter(s) to 0 load pin(s).
INFO: [Project 1-111] Unisim Transformation Summary:
  A total of 1 instances were transformed.
  BUFGCE => BUFGCTRL: 1 instances

INFO: [Common 17-83] Releasing license: Synthesis
31 Infos, 5 Warnings, 0 Critical Warnings and 0 Errors encountered.
synth_design completed successfully
synth_design: Time (s): cpu = 00:00:30 ; elapsed = 00:00:35 . Memory (MB): peak = 724.551 ; gain = 508.160
report_utilization: Time (s): cpu = 00:00:00 ; elapsed = 00:00:00.047 . Memory (MB): peak = 724.551 ; gain = 0.000
INFO: [Common 17-206] Exiting Vivado at Sat Apr 16 19:53:21 2016...
