Copyright 1986-2015 Xilinx, Inc. All Rights Reserved.
----------------------------------------------------------------------------------------
| Tool Version     : Vivado v.2015.3 (win64) Build 1368829 Mon Sep 28 20:06:43 MDT 2015
| Date             : Mon Apr 18 09:53:06 2016
| Host             : pcphese57 running 64-bit major release  (build 9200)
| Command          : 
| Design           : kc705_gbt_example_design
| Device           : xc7k325tffg900-2
| Design State     : routed
| Grade            : commercial
| Process          : typical
| Characterization : Production
----------------------------------------------------------------------------------------

Power Report

Table of Contents
-----------------
1. Summary
1.1 On-Chip Components
1.2 Power Supply Summary
1.3 Confidence Level
2. Settings
2.1 Environment
2.2 Clock Constraints
3. Detailed Reports
3.1 By Hierarchy

1. Summary
----------

+--------------------------+--------+
| Total On-Chip Power (W)  | 0.638  |
| Dynamic (W)              | 0.462  |
| Device Static (W)        | 0.176  |
| Effective TJA (C/W)      | 1.8    |
| Max Ambient (C)          | 83.9   |
| Junction Temperature (C) | 26.1   |
| Confidence Level         | Medium |
| Setting File             | ---    |
| Simulation Activity File | ---    |
| Design Nets Matched      | NA     |
+--------------------------+--------+


1.1 On-Chip Components
----------------------

+--------------------------+-----------+----------+-----------+-----------------+
| On-Chip                  | Power (W) | Used     | Available | Utilization (%) |
+--------------------------+-----------+----------+-----------+-----------------+
| Clocks                   |     0.035 |        9 |       --- |             --- |
| Slice Logic              |     0.009 |    10084 |       --- |             --- |
|   LUT as Logic           |     0.008 |     3424 |    203800 |            1.68 |
|   Register               |    <0.001 |     4548 |    407600 |            1.12 |
|   CARRY4                 |    <0.001 |      160 |     50950 |            0.31 |
|   LUT as Distributed RAM |    <0.001 |       24 |     64000 |            0.04 |
|   F7/F8 Muxes            |    <0.001 |       72 |    203800 |            0.04 |
|   BUFG                   |    <0.001 |        2 |        32 |            6.25 |
|   LUT as Shift Register  |    <0.001 |      381 |     64000 |            0.60 |
|   Others                 |     0.000 |      499 |       --- |             --- |
| Signals                  |     0.013 |     7613 |       --- |             --- |
| Block RAM                |     0.016 |       12 |       445 |            2.70 |
| PLL                      |     0.099 |        1 |        10 |           10.00 |
| I/O                      |     0.015 |       22 |       500 |            4.40 |
| GTX                      |     0.275 |        1 |        16 |            6.25 |
| Static Power             |     0.176 |          |           |                 |
| Total                    |     0.638 |          |           |                 |
+--------------------------+-----------+----------+-----------+-----------------+


1.2 Power Supply Summary
------------------------

+-----------+-------------+-----------+-------------+------------+
| Source    | Voltage (V) | Total (A) | Dynamic (A) | Static (A) |
+-----------+-------------+-----------+-------------+------------+
| Vccint    |       1.000 |     0.172 |       0.102 |      0.071 |
| Vccaux    |       1.800 |     0.082 |       0.054 |      0.028 |
| Vcco33    |       3.300 |     0.000 |       0.000 |      0.000 |
| Vcco25    |       2.500 |     0.004 |       0.003 |      0.001 |
| Vcco18    |       1.800 |     0.001 |       0.000 |      0.001 |
| Vcco15    |       1.500 |     0.001 |       0.000 |      0.001 |
| Vcco135   |       1.350 |     0.000 |       0.000 |      0.000 |
| Vcco12    |       1.200 |     0.000 |       0.000 |      0.000 |
| Vccaux_io |       1.800 |     0.000 |       0.000 |      0.000 |
| Vccbram   |       1.000 |     0.003 |       0.001 |      0.002 |
| MGTAVcc   |       1.000 |     0.153 |       0.148 |      0.004 |
| MGTAVtt   |       1.200 |     0.095 |       0.090 |      0.005 |
| MGTVccaux |       1.800 |     0.000 |       0.000 |      0.000 |
| Vccadc    |       1.800 |     0.020 |       0.000 |      0.020 |
+-----------+-------------+-----------+-------------+------------+


1.3 Confidence Level
--------------------

+-----------------------------+------------+-------------------------------------------------------+------------------------------------------------------------------------------------------------------------+
| User Input Data             | Confidence | Details                                               | Action                                                                                                     |
+-----------------------------+------------+-------------------------------------------------------+------------------------------------------------------------------------------------------------------------+
| Design implementation state | High       | Design is routed                                      |                                                                                                            |
| Clock nodes activity        | High       | User specified more than 95% of clocks                |                                                                                                            |
| I/O nodes activity          | Medium     | More than 5% of inputs are missing user specification | Provide missing input activity with simulation results or by editing the "By Resource Type -> I/Os" view   |
| Internal nodes activity     | Medium     | User specified less than 25% of internal nodes        | Provide missing internal nodes activity with simulation results or by editing the "By Resource Type" views |
| Device models               | High       | Device models are Production                          |                                                                                                            |
|                             |            |                                                       |                                                                                                            |
| Overall confidence level    | Medium     |                                                       |                                                                                                            |
+-----------------------------+------------+-------------------------------------------------------+------------------------------------------------------------------------------------------------------------+


2. Settings
-----------

2.1 Environment
---------------

+-----------------------+--------------------------+
| Ambient Temp (C)      | 25.0                     |
| ThetaJA (C/W)         | 1.8                      |
| Airflow (LFM)         | 250                      |
| Heat Sink             | medium (Medium Profile)  |
| ThetaSA (C/W)         | 3.3                      |
| Board Selection       | medium (10"x10")         |
| # of Board Layers     | 12to15 (12 to 15 Layers) |
| Board Temperature (C) | 25.0                     |
+-----------------------+--------------------------+


2.2 Clock Constraints
---------------------

+---------------------------------------------------------------------+--------------------------------------------+-----------------+
| Clock                                                               | Domain                                     | Constraint (ns) |
+---------------------------------------------------------------------+--------------------------------------------+-----------------+
| SMA_MGT_REFCLK                                                      | SMA_MGT_REFCLK_P                           |             8.3 |
| SYSCLK_P                                                            | SYSCLK_P                                   |             5.0 |
| USER_CLOCK                                                          | USER_CLOCK_P                               |             6.4 |
| clk_out1_xlx_k7v7_tx_pll                                            | txPll/inst/clk_out1_xlx_k7v7_tx_pll        |            25.0 |
| clkfbout_xlx_k7v7_tx_pll                                            | txPll/inst/clkfbout_xlx_k7v7_tx_pll        |             8.3 |
| dbg_hub/inst/N_EXT_BSCAN.bscan_inst/SERIES7_BSCAN.bscan_inst/DRCK   | dbg_hub/inst/N_EXT_BSCAN.bscan_inst/DRCK   |            30.0 |
| dbg_hub/inst/N_EXT_BSCAN.bscan_inst/SERIES7_BSCAN.bscan_inst/UPDATE | dbg_hub/inst/N_EXT_BSCAN.bscan_inst/UPDATE |            60.0 |
+---------------------------------------------------------------------+--------------------------------------------+-----------------+


3. Detailed Reports
-------------------

3.1 By Hierarchy
----------------

+------------------------------------------------------------------------------------+-----------+
| Name                                                                               | Power (W) |
+------------------------------------------------------------------------------------+-----------+
| kc705_gbt_example_design                                                           |     0.462 |
|   dbg_hub                                                                          |     0.004 |
|     inst                                                                           |     0.004 |
|       CORE_XSDB.UUT_MASTER                                                         |     0.004 |
|         U_ICON_INTERFACE                                                           |     0.002 |
|           U_CMD1                                                                   |    <0.001 |
|           U_CMD2                                                                   |    <0.001 |
|           U_CMD3                                                                   |    <0.001 |
|           U_CMD4                                                                   |    <0.001 |
|           U_CMD5                                                                   |    <0.001 |
|           U_CMD6_RD                                                                |    <0.001 |
|             U_RD_FIFO                                                              |    <0.001 |
|               SUBCORE_FIFO.xsdbm_v1_1_0_rdfifo_inst                                |    <0.001 |
|                 inst_fifo_gen                                                      |    <0.001 |
|                   gconvfifo.rf                                                     |    <0.001 |
|                     grf.rf                                                         |    <0.001 |
|                       gntv_or_sync_fifo.gcx.clkx                                   |    <0.001 |
|                         gsync_stage[1].rd_stg_inst                                 |    <0.001 |
|                         gsync_stage[1].wr_stg_inst                                 |    <0.001 |
|                         gsync_stage[2].rd_stg_inst                                 |    <0.001 |
|                         gsync_stage[2].wr_stg_inst                                 |    <0.001 |
|                       gntv_or_sync_fifo.gl0.rd                                     |    <0.001 |
|                         gr1.rfwft                                                  |    <0.001 |
|                         gras.rsts                                                  |    <0.001 |
|                         rpntr                                                      |    <0.001 |
|                       gntv_or_sync_fifo.gl0.wr                                     |    <0.001 |
|                         gwas.wsts                                                  |    <0.001 |
|                         wpntr                                                      |    <0.001 |
|                       gntv_or_sync_fifo.mem                                        |    <0.001 |
|                         gdm.dm                                                     |    <0.001 |
|                           RAM_reg_0_15_0_5                                         |    <0.001 |
|                           RAM_reg_0_15_12_15                                       |    <0.001 |
|                           RAM_reg_0_15_6_11                                        |    <0.001 |
|                       rstblk                                                       |    <0.001 |
|           U_CMD6_WR                                                                |    <0.001 |
|             U_WR_FIFO                                                              |    <0.001 |
|               SUBCORE_FIFO.xsdbm_v1_1_0_wrfifo_inst                                |    <0.001 |
|                 inst_fifo_gen                                                      |    <0.001 |
|                   gconvfifo.rf                                                     |    <0.001 |
|                     grf.rf                                                         |    <0.001 |
|                       gntv_or_sync_fifo.gcx.clkx                                   |    <0.001 |
|                         gsync_stage[1].rd_stg_inst                                 |    <0.001 |
|                         gsync_stage[1].wr_stg_inst                                 |    <0.001 |
|                         gsync_stage[2].rd_stg_inst                                 |    <0.001 |
|                         gsync_stage[2].wr_stg_inst                                 |    <0.001 |
|                       gntv_or_sync_fifo.gl0.rd                                     |    <0.001 |
|                         gras.rsts                                                  |    <0.001 |
|                         rpntr                                                      |    <0.001 |
|                       gntv_or_sync_fifo.gl0.wr                                     |    <0.001 |
|                         gwas.wsts                                                  |    <0.001 |
|                         wpntr                                                      |    <0.001 |
|                       gntv_or_sync_fifo.mem                                        |    <0.001 |
|                         gdm.dm                                                     |    <0.001 |
|                           RAM_reg_0_15_0_5                                         |    <0.001 |
|                           RAM_reg_0_15_12_15                                       |    <0.001 |
|                           RAM_reg_0_15_6_11                                        |    <0.001 |
|                       rstblk                                                       |    <0.001 |
|           U_CMD7_CTL                                                               |    <0.001 |
|           U_CMD7_STAT                                                              |    <0.001 |
|           U_STATIC_STATUS                                                          |    <0.001 |
|         U_XSDB_ADDRESS_CONTROLLER                                                  |    <0.001 |
|         U_XSDB_BURST_WD_LEN_CONTROLLER                                             |    <0.001 |
|         U_XSDB_BUS_CONTROLLER                                                      |    <0.001 |
|           U_RD_ABORT_FLAG                                                          |    <0.001 |
|           U_RD_REQ_FLAG                                                            |    <0.001 |
|           U_TIMER                                                                  |    <0.001 |
|         U_XSDB_BUS_MSTR2SL_PORT_IFACE                                              |    <0.001 |
|           U_RD_DIN_BUS_MUX                                                         |    <0.001 |
|       CORE_XSDB.U_ICON                                                             |    <0.001 |
|         U_CMD                                                                      |    <0.001 |
|         U_STAT                                                                     |    <0.001 |
|         U_SYNC                                                                     |    <0.001 |
|       N_EXT_BSCAN.bscan_inst                                                       |    <0.001 |
|   gbtExmplDsgn_inst                                                                |     0.287 |
|     dataCheckEn_gen.gbtBank_patCheck_gen[1].gbtBank_pattCheck                      |    <0.001 |
|     dataGenEn_gen.gbtBank2_pattGen                                                 |    <0.001 |
|     gbtBank                                                                        |     0.286 |
|       gbtRx_param_package_src_gen.gbtRx_gen[1].gbtRx                               |     0.004 |
|         descrambler                                                                |    <0.001 |
|           gbtFrameOrWideBus_gen.gbtRxDescrambler84bit_gen[0].gbtRxDescrambler21bit |    <0.001 |
|           gbtFrameOrWideBus_gen.gbtRxDescrambler84bit_gen[1].gbtRxDescrambler21bit |    <0.001 |
|           gbtFrameOrWideBus_gen.gbtRxDescrambler84bit_gen[2].gbtRxDescrambler21bit |    <0.001 |
|           gbtFrameOrWideBus_gen.gbtRxDescrambler84bit_gen[3].gbtRxDescrambler21bit |    <0.001 |
|         frameAligner                                                               |    <0.001 |
|           patternSearch                                                            |    <0.001 |
|           rightShifter                                                             |    <0.001 |
|           rxBitSlipCounter                                                         |    <0.001 |
|           writeAddressCtrl                                                         |    <0.001 |
|         rxGearbox                                                                  |     0.003 |
|           rxGearboxStd_gen.rxGearboxStd                                            |     0.003 |
|             dpram                                                                  |     0.003 |
|               dpram                                                                |     0.003 |
|                 U0                                                                 |     0.003 |
|                   inst_blk_mem_gen                                                 |     0.003 |
|                     gnativebmg.native_blk_mem_gen                                  |     0.003 |
|                       valid.cstr                                                   |     0.003 |
|                         ramloop[0].ram.r                                           |    <0.001 |
|                           prim_noinit.ram                                          |    <0.001 |
|                         ramloop[1].ram.r                                           |     0.001 |
|                           prim_noinit.ram                                          |     0.001 |
|                         ramloop[2].ram.r                                           |     0.001 |
|                           prim_noinit.ram                                          |     0.001 |
|             readControl                                                            |    <0.001 |
|         status                                                                     |    <0.001 |
|       gbtTx_param_pacakge_src_gen.gbtTx_gen[1].gbtTx                               |     0.004 |
|         scrambler                                                                  |    <0.001 |
|           gbtFrameOrWideBus_gen.gbtTxScrambler84bit_gen[0].gbtTxScrambler21bit     |    <0.001 |
|           gbtFrameOrWideBus_gen.gbtTxScrambler84bit_gen[1].gbtTxScrambler21bit     |    <0.001 |
|           gbtFrameOrWideBus_gen.gbtTxScrambler84bit_gen[2].gbtTxScrambler21bit     |    <0.001 |
|           gbtFrameOrWideBus_gen.gbtTxScrambler84bit_gen[3].gbtTxScrambler21bit     |    <0.001 |
|         txGearbox                                                                  |     0.004 |
|           txGearboxStd_gen.txGearboxStd                                            |     0.004 |
|             dpram                                                                  |     0.004 |
|               dpram                                                                |     0.004 |
|                 U0                                                                 |     0.004 |
|                   inst_blk_mem_gen                                                 |     0.004 |
|                     gnativebmg.native_blk_mem_gen                                  |     0.004 |
|                       valid.cstr                                                   |     0.004 |
|                         ramloop[0].ram.r                                           |     0.001 |
|                           prim_noinit.ram                                          |     0.001 |
|                         ramloop[1].ram.r                                           |     0.001 |
|                           prim_noinit.ram                                          |     0.001 |
|                         ramloop[2].ram.r                                           |     0.001 |
|                           prim_noinit.ram                                          |     0.001 |
|             readWriteControl                                                       |    <0.001 |
|       mgt_param_package_src_gen.mgt                                                |     0.278 |
|         mgtStd_gen.mgtStd                                                          |     0.278 |
|           gtxStd_gen[1].gtxStd                                                     |     0.276 |
|           gtxStd_gen[1].rxResetFsm                                                 |    <0.001 |
|             sync_CPLLLOCK                                                          |    <0.001 |
|             sync_RXRESETDONE                                                       |    <0.001 |
|             sync_data_valid                                                        |    <0.001 |
|             sync_mmcm_lock_reclocked                                               |    <0.001 |
|             sync_run_phase_alignment_int                                           |    <0.001 |
|             sync_rx_fsm_reset_done_int                                             |    <0.001 |
|             sync_time_out_wait_bypass                                              |    <0.001 |
|           gtxStd_gen[1].txResetFsm                                                 |    <0.001 |
|             sync_CPLLLOCK                                                          |    <0.001 |
|             sync_TXRESETDONE                                                       |    <0.001 |
|             sync_mmcm_lock_reclocked                                               |    <0.001 |
|             sync_run_phase_alignment_int                                           |    <0.001 |
|             sync_time_out_wait_bypass                                              |    <0.001 |
|             sync_tx_fsm_reset_done_int                                             |    <0.001 |
|     gbtBank_rst_gen[1].gbtBank_gbtBankRst                                          |     0.001 |
|     matchFlag_gen.gbtBank_rxFlag_gen[1].gbtBank_rxFlag                             |    <0.001 |
|     matchFlag_gen.gbtBank_txFlag                                                   |    <0.001 |
|   genRst                                                                           |     0.002 |
|   rxIla                                                                            |     0.026 |
|     inst                                                                           |     0.026 |
|       ila_core_inst                                                                |     0.026 |
|         ila_trace_memory_inst                                                      |     0.005 |
|           SUBCORE_RAM_BLK_MEM_1.trace_block_memory                                 |     0.005 |
|             inst_blk_mem_gen                                                       |     0.005 |
|               gnativebmg.native_blk_mem_gen                                        |     0.005 |
|                 valid.cstr                                                         |     0.005 |
|                   ramloop[0].ram.r                                                 |    <0.001 |
|                     prim_noinit.ram                                                |    <0.001 |
|                   ramloop[1].ram.r                                                 |     0.002 |
|                     prim_noinit.ram                                                |     0.002 |
|                   ramloop[2].ram.r                                                 |     0.002 |
|                     prim_noinit.ram                                                |     0.002 |
|                   ramloop[3].ram.r                                                 |     0.001 |
|                     prim_noinit.ram                                                |     0.001 |
|         u_ila_cap_ctrl                                                             |     0.002 |
|           U_CDONE                                                                  |    <0.001 |
|           U_NS0                                                                    |    <0.001 |
|           U_NS1                                                                    |    <0.001 |
|           u_cap_addrgen                                                            |     0.001 |
|             U_CMPRESET                                                             |    <0.001 |
|             u_cap_sample_counter                                                   |    <0.001 |
|               U_SCE                                                                |    <0.001 |
|               U_SCMPCE                                                             |    <0.001 |
|               U_SCRST                                                              |    <0.001 |
|               u_scnt_cmp                                                           |    <0.001 |
|                 allx_typeA_match_detection.ltlib_v1_0_0_allx_typeA_inst            |    <0.001 |
|                   DUT                                                              |    <0.001 |
|                     I_WHOLE_SLICE.G_SLICE_IDX[0].U_ALL_SRL_SLICE                   |    <0.001 |
|                       u_srlA                                                       |    <0.001 |
|                       u_srlB                                                       |    <0.001 |
|                       u_srlC                                                       |    <0.001 |
|                       u_srlD                                                       |    <0.001 |
|                     I_WHOLE_SLICE.G_SLICE_IDX[1].U_ALL_SRL_SLICE                   |    <0.001 |
|                       u_srlA                                                       |    <0.001 |
|                       u_srlB                                                       |    <0.001 |
|                       u_srlC                                                       |    <0.001 |
|                       u_srlD                                                       |    <0.001 |
|             u_cap_window_counter                                                   |    <0.001 |
|               U_WCE                                                                |    <0.001 |
|               U_WHCMPCE                                                            |    <0.001 |
|               U_WLCMPCE                                                            |    <0.001 |
|               u_wcnt_hcmp                                                          |    <0.001 |
|                 allx_typeA_match_detection.ltlib_v1_0_0_allx_typeA_inst            |    <0.001 |
|                   DUT                                                              |    <0.001 |
|                     I_WHOLE_SLICE.G_SLICE_IDX[0].U_ALL_SRL_SLICE                   |    <0.001 |
|                       u_srlA                                                       |    <0.001 |
|                       u_srlB                                                       |    <0.001 |
|                       u_srlC                                                       |    <0.001 |
|                       u_srlD                                                       |    <0.001 |
|                     I_WHOLE_SLICE.G_SLICE_IDX[1].U_ALL_SRL_SLICE                   |    <0.001 |
|                       u_srlA                                                       |    <0.001 |
|                       u_srlB                                                       |    <0.001 |
|                       u_srlC                                                       |    <0.001 |
|                       u_srlD                                                       |    <0.001 |
|               u_wcnt_lcmp                                                          |    <0.001 |
|                 allx_typeA_match_detection.ltlib_v1_0_0_allx_typeA_inst            |    <0.001 |
|                   DUT                                                              |    <0.001 |
|                     I_WHOLE_SLICE.G_SLICE_IDX[0].U_ALL_SRL_SLICE                   |    <0.001 |
|                       u_srlA                                                       |    <0.001 |
|                       u_srlB                                                       |    <0.001 |
|                       u_srlC                                                       |    <0.001 |
|                       u_srlD                                                       |    <0.001 |
|                     I_WHOLE_SLICE.G_SLICE_IDX[1].U_ALL_SRL_SLICE                   |    <0.001 |
|                       u_srlA                                                       |    <0.001 |
|                       u_srlB                                                       |    <0.001 |
|                       u_srlC                                                       |    <0.001 |
|                       u_srlD                                                       |    <0.001 |
|         u_ila_regs                                                                 |     0.011 |
|           MU_SRL[0].mu_srl_reg                                                     |    <0.001 |
|           MU_SRL[1].mu_srl_reg                                                     |    <0.001 |
|           MU_SRL[2].mu_srl_reg                                                     |    <0.001 |
|           MU_SRL[3].mu_srl_reg                                                     |    <0.001 |
|           TC_SRL[0].tc_srl_reg                                                     |    <0.001 |
|           U_XSDB_SLAVE                                                             |     0.003 |
|           reg_15                                                                   |    <0.001 |
|             I_EN_CTL_EQ1.U_CTL                                                     |    <0.001 |
|           reg_16                                                                   |    <0.001 |
|             I_EN_CTL_EQ1.U_CTL                                                     |    <0.001 |
|           reg_17                                                                   |    <0.001 |
|             I_EN_CTL_EQ1.U_CTL                                                     |    <0.001 |
|           reg_18                                                                   |    <0.001 |
|             I_EN_CTL_EQ1.U_CTL                                                     |    <0.001 |
|           reg_19                                                                   |    <0.001 |
|             I_EN_CTL_EQ1.U_CTL                                                     |    <0.001 |
|           reg_1a                                                                   |    <0.001 |
|             I_EN_CTL_EQ1.U_CTL                                                     |    <0.001 |
|           reg_6                                                                    |    <0.001 |
|             I_EN_CTL_EQ1.U_CTL                                                     |    <0.001 |
|           reg_7                                                                    |    <0.001 |
|             I_EN_CTL_EQ1.U_CTL                                                     |    <0.001 |
|           reg_8                                                                    |    <0.001 |
|             I_EN_STAT_EQ1.U_STAT                                                   |    <0.001 |
|           reg_80                                                                   |    <0.001 |
|             I_EN_CTL_EQ1.U_CTL                                                     |    <0.001 |
|           reg_81                                                                   |    <0.001 |
|             I_EN_CTL_EQ1.U_CTL                                                     |    <0.001 |
|           reg_82                                                                   |    <0.001 |
|             I_EN_CTL_EQ1.U_CTL                                                     |    <0.001 |
|           reg_83                                                                   |    <0.001 |
|             I_EN_CTL_EQ1.U_CTL                                                     |    <0.001 |
|           reg_84                                                                   |    <0.001 |
|             I_EN_CTL_EQ1.U_CTL                                                     |    <0.001 |
|           reg_85                                                                   |    <0.001 |
|             I_EN_CTL_EQ1.U_CTL                                                     |    <0.001 |
|           reg_887                                                                  |    <0.001 |
|             I_EN_STAT_EQ1.U_STAT                                                   |    <0.001 |
|           reg_88d                                                                  |    <0.001 |
|             I_EN_STAT_EQ1.U_STAT                                                   |    <0.001 |
|           reg_890                                                                  |    <0.001 |
|             I_EN_STAT_EQ1.U_STAT                                                   |    <0.001 |
|           reg_9                                                                    |    <0.001 |
|             I_EN_STAT_EQ1.U_STAT                                                   |    <0.001 |
|           reg_srl_fff                                                              |    <0.001 |
|           reg_stream_ffd                                                           |    <0.001 |
|             I_EN_CTL_EQ1.U_CTL                                                     |    <0.001 |
|           reg_stream_ffe                                                           |    <0.001 |
|             I_EN_STAT_EQ1.U_STAT                                                   |    <0.001 |
|         u_ila_reset_ctrl                                                           |    <0.001 |
|           arm_detection_inst                                                       |    <0.001 |
|           asyncrounous_transfer.arm_in_transfer_inst                               |    <0.001 |
|           asyncrounous_transfer.arm_out_transfer_inst                              |    <0.001 |
|           asyncrounous_transfer.halt_in_transfer_inst                              |    <0.001 |
|           asyncrounous_transfer.halt_out_transfer_inst                             |    <0.001 |
|           halt_detection_inst                                                      |    <0.001 |
|         u_trig                                                                     |     0.003 |
|           N_DDR_TC.N_DDR_TC_INST[0].U_TC                                           |    <0.001 |
|             allx_typeA_match_detection.ltlib_v1_0_0_allx_typeA_inst                |    <0.001 |
|               DUT                                                                  |    <0.001 |
|                 I_WHOLE_SLICE.G_SLICE_IDX[0].U_ALL_SRL_SLICE                       |    <0.001 |
|                   u_srlA                                                           |    <0.001 |
|                   u_srlB                                                           |    <0.001 |
|                   u_srlC                                                           |    <0.001 |
|                   u_srlD                                                           |    <0.001 |
|           U_TM                                                                     |     0.003 |
|             N_DDR_MODE.G_NMU[0].U_M                                                |     0.002 |
|               allx_typeA_match_detection.ltlib_v1_0_0_allx_typeA_inst              |     0.002 |
|                 DUT                                                                |    <0.001 |
|                   I_WHOLE_SLICE.G_SLICE_IDX[0].U_ALL_SRL_SLICE                     |    <0.001 |
|                     u_srlA                                                         |    <0.001 |
|                     u_srlB                                                         |    <0.001 |
|                     u_srlC                                                         |    <0.001 |
|                     u_srlD                                                         |    <0.001 |
|                   I_WHOLE_SLICE.G_SLICE_IDX[10].U_ALL_SRL_SLICE                    |    <0.001 |
|                     u_srlA                                                         |    <0.001 |
|                     u_srlB                                                         |    <0.001 |
|                     u_srlC                                                         |    <0.001 |
|                     u_srlD                                                         |    <0.001 |
|                   I_WHOLE_SLICE.G_SLICE_IDX[1].U_ALL_SRL_SLICE                     |    <0.001 |
|                     u_srlA                                                         |    <0.001 |
|                     u_srlB                                                         |    <0.001 |
|                     u_srlC                                                         |    <0.001 |
|                     u_srlD                                                         |    <0.001 |
|                   I_WHOLE_SLICE.G_SLICE_IDX[2].U_ALL_SRL_SLICE                     |    <0.001 |
|                     u_srlA                                                         |    <0.001 |
|                     u_srlB                                                         |    <0.001 |
|                     u_srlC                                                         |    <0.001 |
|                     u_srlD                                                         |    <0.001 |
|                   I_WHOLE_SLICE.G_SLICE_IDX[3].U_ALL_SRL_SLICE                     |    <0.001 |
|                     u_srlA                                                         |    <0.001 |
|                     u_srlB                                                         |    <0.001 |
|                     u_srlC                                                         |    <0.001 |
|                     u_srlD                                                         |    <0.001 |
|                   I_WHOLE_SLICE.G_SLICE_IDX[4].U_ALL_SRL_SLICE                     |    <0.001 |
|                     u_srlA                                                         |    <0.001 |
|                     u_srlB                                                         |    <0.001 |
|                     u_srlC                                                         |    <0.001 |
|                     u_srlD                                                         |    <0.001 |
|                   I_WHOLE_SLICE.G_SLICE_IDX[5].U_ALL_SRL_SLICE                     |    <0.001 |
|                     u_srlA                                                         |    <0.001 |
|                     u_srlB                                                         |    <0.001 |
|                     u_srlC                                                         |    <0.001 |
|                     u_srlD                                                         |    <0.001 |
|                   I_WHOLE_SLICE.G_SLICE_IDX[6].U_ALL_SRL_SLICE                     |    <0.001 |
|                     u_srlA                                                         |    <0.001 |
|                     u_srlB                                                         |    <0.001 |
|                     u_srlC                                                         |    <0.001 |
|                     u_srlD                                                         |    <0.001 |
|                   I_WHOLE_SLICE.G_SLICE_IDX[7].U_ALL_SRL_SLICE                     |    <0.001 |
|                     u_srlA                                                         |    <0.001 |
|                     u_srlB                                                         |    <0.001 |
|                     u_srlC                                                         |    <0.001 |
|                     u_srlD                                                         |    <0.001 |
|                   I_WHOLE_SLICE.G_SLICE_IDX[8].U_ALL_SRL_SLICE                     |    <0.001 |
|                     u_srlA                                                         |    <0.001 |
|                     u_srlB                                                         |    <0.001 |
|                     u_srlC                                                         |    <0.001 |
|                     u_srlD                                                         |    <0.001 |
|                   I_WHOLE_SLICE.G_SLICE_IDX[9].U_ALL_SRL_SLICE                     |    <0.001 |
|                     u_srlA                                                         |    <0.001 |
|                     u_srlB                                                         |    <0.001 |
|                     u_srlC                                                         |    <0.001 |
|                     u_srlD                                                         |    <0.001 |
|             N_DDR_MODE.G_NMU[1].U_M                                                |    <0.001 |
|               allx_typeA_match_detection.ltlib_v1_0_0_allx_typeA_inst              |    <0.001 |
|                 DUT                                                                |    <0.001 |
|                   I_WHOLE_SLICE.G_SLICE_IDX[0].U_ALL_SRL_SLICE                     |    <0.001 |
|                     u_srlA                                                         |    <0.001 |
|                     u_srlB                                                         |    <0.001 |
|                     u_srlC                                                         |    <0.001 |
|                     u_srlD                                                         |    <0.001 |
|                   I_WHOLE_SLICE.G_SLICE_IDX[1].U_ALL_SRL_SLICE                     |    <0.001 |
|                     u_srlA                                                         |    <0.001 |
|                     u_srlB                                                         |    <0.001 |
|                     u_srlC                                                         |    <0.001 |
|                     u_srlD                                                         |    <0.001 |
|                   I_WHOLE_SLICE.G_SLICE_IDX[2].U_ALL_SRL_SLICE                     |    <0.001 |
|                     u_srlA                                                         |    <0.001 |
|                     u_srlB                                                         |    <0.001 |
|                     u_srlC                                                         |    <0.001 |
|                     u_srlD                                                         |    <0.001 |
|                   I_WHOLE_SLICE.G_SLICE_IDX[3].U_ALL_SRL_SLICE                     |    <0.001 |
|                     u_srlA                                                         |    <0.001 |
|                     u_srlB                                                         |    <0.001 |
|                     u_srlC                                                         |    <0.001 |
|                     u_srlD                                                         |    <0.001 |
|             N_DDR_MODE.G_NMU[2].U_M                                                |    <0.001 |
|               allx_typeA_match_detection.ltlib_v1_0_0_allx_typeA_inst              |    <0.001 |
|                 DUT                                                                |    <0.001 |
|                   I_WHOLE_SLICE.G_SLICE_IDX[0].U_ALL_SRL_SLICE                     |    <0.001 |
|                     u_srlA                                                         |    <0.001 |
|                     u_srlB                                                         |    <0.001 |
|                     u_srlC                                                         |    <0.001 |
|                     u_srlD                                                         |    <0.001 |
|             N_DDR_MODE.G_NMU[3].U_M                                                |    <0.001 |
|               allx_typeA_match_detection.ltlib_v1_0_0_allx_typeA_inst              |    <0.001 |
|                 DUT                                                                |    <0.001 |
|                   I_WHOLE_SLICE.G_SLICE_IDX[0].U_ALL_SRL_SLICE                     |    <0.001 |
|                     u_srlA                                                         |    <0.001 |
|                     u_srlB                                                         |    <0.001 |
|                     u_srlC                                                         |    <0.001 |
|                     u_srlD                                                         |    <0.001 |
|         xsdb_memory_read_inst                                                      |     0.001 |
|   txILa                                                                            |     0.023 |
|     inst                                                                           |     0.023 |
|       ila_core_inst                                                                |     0.023 |
|         ila_trace_memory_inst                                                      |     0.005 |
|           SUBCORE_RAM_BLK_MEM_1.trace_block_memory                                 |     0.005 |
|             inst_blk_mem_gen                                                       |     0.005 |
|               gnativebmg.native_blk_mem_gen                                        |     0.005 |
|                 valid.cstr                                                         |     0.005 |
|                   ramloop[0].ram.r                                                 |    <0.001 |
|                     prim_noinit.ram                                                |    <0.001 |
|                   ramloop[1].ram.r                                                 |     0.001 |
|                     prim_noinit.ram                                                |     0.001 |
|                   ramloop[2].ram.r                                                 |     0.001 |
|                     prim_noinit.ram                                                |     0.001 |
|                   ramloop[3].ram.r                                                 |     0.001 |
|                     prim_noinit.ram                                                |     0.001 |
|         u_ila_cap_ctrl                                                             |     0.002 |
|           U_CDONE                                                                  |    <0.001 |
|           U_NS0                                                                    |    <0.001 |
|           U_NS1                                                                    |    <0.001 |
|           u_cap_addrgen                                                            |     0.001 |
|             U_CMPRESET                                                             |    <0.001 |
|             u_cap_sample_counter                                                   |    <0.001 |
|               U_SCE                                                                |    <0.001 |
|               U_SCMPCE                                                             |    <0.001 |
|               U_SCRST                                                              |    <0.001 |
|               u_scnt_cmp                                                           |    <0.001 |
|                 allx_typeA_match_detection.ltlib_v1_0_0_allx_typeA_inst            |    <0.001 |
|                   DUT                                                              |    <0.001 |
|                     I_WHOLE_SLICE.G_SLICE_IDX[0].U_ALL_SRL_SLICE                   |    <0.001 |
|                       u_srlA                                                       |    <0.001 |
|                       u_srlB                                                       |    <0.001 |
|                       u_srlC                                                       |    <0.001 |
|                       u_srlD                                                       |    <0.001 |
|                     I_WHOLE_SLICE.G_SLICE_IDX[1].U_ALL_SRL_SLICE                   |    <0.001 |
|                       u_srlA                                                       |    <0.001 |
|                       u_srlB                                                       |    <0.001 |
|                       u_srlC                                                       |    <0.001 |
|                       u_srlD                                                       |    <0.001 |
|             u_cap_window_counter                                                   |    <0.001 |
|               U_WCE                                                                |    <0.001 |
|               U_WHCMPCE                                                            |    <0.001 |
|               U_WLCMPCE                                                            |    <0.001 |
|               u_wcnt_hcmp                                                          |    <0.001 |
|                 allx_typeA_match_detection.ltlib_v1_0_0_allx_typeA_inst            |    <0.001 |
|                   DUT                                                              |    <0.001 |
|                     I_WHOLE_SLICE.G_SLICE_IDX[0].U_ALL_SRL_SLICE                   |    <0.001 |
|                       u_srlA                                                       |    <0.001 |
|                       u_srlB                                                       |    <0.001 |
|                       u_srlC                                                       |    <0.001 |
|                       u_srlD                                                       |    <0.001 |
|                     I_WHOLE_SLICE.G_SLICE_IDX[1].U_ALL_SRL_SLICE                   |    <0.001 |
|                       u_srlA                                                       |    <0.001 |
|                       u_srlB                                                       |    <0.001 |
|                       u_srlC                                                       |    <0.001 |
|                       u_srlD                                                       |    <0.001 |
|               u_wcnt_lcmp                                                          |    <0.001 |
|                 allx_typeA_match_detection.ltlib_v1_0_0_allx_typeA_inst            |    <0.001 |
|                   DUT                                                              |    <0.001 |
|                     I_WHOLE_SLICE.G_SLICE_IDX[0].U_ALL_SRL_SLICE                   |    <0.001 |
|                       u_srlA                                                       |    <0.001 |
|                       u_srlB                                                       |    <0.001 |
|                       u_srlC                                                       |    <0.001 |
|                       u_srlD                                                       |    <0.001 |
|                     I_WHOLE_SLICE.G_SLICE_IDX[1].U_ALL_SRL_SLICE                   |    <0.001 |
|                       u_srlA                                                       |    <0.001 |
|                       u_srlB                                                       |    <0.001 |
|                       u_srlC                                                       |    <0.001 |
|                       u_srlD                                                       |    <0.001 |
|         u_ila_regs                                                                 |     0.011 |
|           MU_SRL[0].mu_srl_reg                                                     |    <0.001 |
|           MU_SRL[1].mu_srl_reg                                                     |    <0.001 |
|           MU_SRL[2].mu_srl_reg                                                     |    <0.001 |
|           MU_SRL[3].mu_srl_reg                                                     |    <0.001 |
|           TC_SRL[0].tc_srl_reg                                                     |    <0.001 |
|           U_XSDB_SLAVE                                                             |     0.003 |
|           reg_15                                                                   |    <0.001 |
|             I_EN_CTL_EQ1.U_CTL                                                     |    <0.001 |
|           reg_16                                                                   |    <0.001 |
|             I_EN_CTL_EQ1.U_CTL                                                     |    <0.001 |
|           reg_17                                                                   |    <0.001 |
|             I_EN_CTL_EQ1.U_CTL                                                     |    <0.001 |
|           reg_18                                                                   |    <0.001 |
|             I_EN_CTL_EQ1.U_CTL                                                     |    <0.001 |
|           reg_19                                                                   |    <0.001 |
|             I_EN_CTL_EQ1.U_CTL                                                     |    <0.001 |
|           reg_1a                                                                   |    <0.001 |
|             I_EN_CTL_EQ1.U_CTL                                                     |    <0.001 |
|           reg_6                                                                    |    <0.001 |
|             I_EN_CTL_EQ1.U_CTL                                                     |    <0.001 |
|           reg_7                                                                    |    <0.001 |
|             I_EN_CTL_EQ1.U_CTL                                                     |    <0.001 |
|           reg_8                                                                    |    <0.001 |
|             I_EN_STAT_EQ1.U_STAT                                                   |    <0.001 |
|           reg_80                                                                   |    <0.001 |
|             I_EN_CTL_EQ1.U_CTL                                                     |    <0.001 |
|           reg_81                                                                   |    <0.001 |
|             I_EN_CTL_EQ1.U_CTL                                                     |    <0.001 |
|           reg_82                                                                   |    <0.001 |
|             I_EN_CTL_EQ1.U_CTL                                                     |    <0.001 |
|           reg_83                                                                   |    <0.001 |
|             I_EN_CTL_EQ1.U_CTL                                                     |    <0.001 |
|           reg_84                                                                   |    <0.001 |
|             I_EN_CTL_EQ1.U_CTL                                                     |    <0.001 |
|           reg_85                                                                   |    <0.001 |
|             I_EN_CTL_EQ1.U_CTL                                                     |    <0.001 |
|           reg_887                                                                  |    <0.001 |
|             I_EN_STAT_EQ1.U_STAT                                                   |    <0.001 |
|           reg_88d                                                                  |    <0.001 |
|             I_EN_STAT_EQ1.U_STAT                                                   |    <0.001 |
|           reg_890                                                                  |    <0.001 |
|             I_EN_STAT_EQ1.U_STAT                                                   |    <0.001 |
|           reg_9                                                                    |    <0.001 |
|             I_EN_STAT_EQ1.U_STAT                                                   |    <0.001 |
|           reg_srl_fff                                                              |    <0.001 |
|           reg_stream_ffd                                                           |    <0.001 |
|             I_EN_CTL_EQ1.U_CTL                                                     |    <0.001 |
|           reg_stream_ffe                                                           |    <0.001 |
|             I_EN_STAT_EQ1.U_STAT                                                   |    <0.001 |
|         u_ila_reset_ctrl                                                           |    <0.001 |
|           arm_detection_inst                                                       |    <0.001 |
|           asyncrounous_transfer.arm_in_transfer_inst                               |    <0.001 |
|           asyncrounous_transfer.arm_out_transfer_inst                              |    <0.001 |
|           asyncrounous_transfer.halt_in_transfer_inst                              |    <0.001 |
|           asyncrounous_transfer.halt_out_transfer_inst                             |    <0.001 |
|           halt_detection_inst                                                      |    <0.001 |
|         u_trig                                                                     |     0.003 |
|           N_DDR_TC.N_DDR_TC_INST[0].U_TC                                           |    <0.001 |
|             allx_typeA_match_detection.ltlib_v1_0_0_allx_typeA_inst                |    <0.001 |
|               DUT                                                                  |    <0.001 |
|                 I_WHOLE_SLICE.G_SLICE_IDX[0].U_ALL_SRL_SLICE                       |    <0.001 |
|                   u_srlA                                                           |    <0.001 |
|                   u_srlB                                                           |    <0.001 |
|                   u_srlC                                                           |    <0.001 |
|                   u_srlD                                                           |    <0.001 |
|           U_TM                                                                     |     0.003 |
|             N_DDR_MODE.G_NMU[0].U_M                                                |     0.002 |
|               allx_typeA_match_detection.ltlib_v1_0_0_allx_typeA_inst              |     0.002 |
|                 DUT                                                                |    <0.001 |
|                   I_WHOLE_SLICE.G_SLICE_IDX[0].U_ALL_SRL_SLICE                     |    <0.001 |
|                     u_srlA                                                         |    <0.001 |
|                     u_srlB                                                         |    <0.001 |
|                     u_srlC                                                         |    <0.001 |
|                     u_srlD                                                         |    <0.001 |
|                   I_WHOLE_SLICE.G_SLICE_IDX[10].U_ALL_SRL_SLICE                    |    <0.001 |
|                     u_srlA                                                         |    <0.001 |
|                     u_srlB                                                         |    <0.001 |
|                     u_srlC                                                         |    <0.001 |
|                     u_srlD                                                         |    <0.001 |
|                   I_WHOLE_SLICE.G_SLICE_IDX[1].U_ALL_SRL_SLICE                     |    <0.001 |
|                     u_srlA                                                         |    <0.001 |
|                     u_srlB                                                         |    <0.001 |
|                     u_srlC                                                         |    <0.001 |
|                     u_srlD                                                         |    <0.001 |
|                   I_WHOLE_SLICE.G_SLICE_IDX[2].U_ALL_SRL_SLICE                     |    <0.001 |
|                     u_srlA                                                         |    <0.001 |
|                     u_srlB                                                         |    <0.001 |
|                     u_srlC                                                         |    <0.001 |
|                     u_srlD                                                         |    <0.001 |
|                   I_WHOLE_SLICE.G_SLICE_IDX[3].U_ALL_SRL_SLICE                     |    <0.001 |
|                     u_srlA                                                         |    <0.001 |
|                     u_srlB                                                         |    <0.001 |
|                     u_srlC                                                         |    <0.001 |
|                     u_srlD                                                         |    <0.001 |
|                   I_WHOLE_SLICE.G_SLICE_IDX[4].U_ALL_SRL_SLICE                     |    <0.001 |
|                     u_srlA                                                         |    <0.001 |
|                     u_srlB                                                         |    <0.001 |
|                     u_srlC                                                         |    <0.001 |
|                     u_srlD                                                         |    <0.001 |
|                   I_WHOLE_SLICE.G_SLICE_IDX[5].U_ALL_SRL_SLICE                     |    <0.001 |
|                     u_srlA                                                         |    <0.001 |
|                     u_srlB                                                         |    <0.001 |
|                     u_srlC                                                         |    <0.001 |
|                     u_srlD                                                         |    <0.001 |
|                   I_WHOLE_SLICE.G_SLICE_IDX[6].U_ALL_SRL_SLICE                     |    <0.001 |
|                     u_srlA                                                         |    <0.001 |
|                     u_srlB                                                         |    <0.001 |
|                     u_srlC                                                         |    <0.001 |
|                     u_srlD                                                         |    <0.001 |
|                   I_WHOLE_SLICE.G_SLICE_IDX[7].U_ALL_SRL_SLICE                     |    <0.001 |
|                     u_srlA                                                         |    <0.001 |
|                     u_srlB                                                         |    <0.001 |
|                     u_srlC                                                         |    <0.001 |
|                     u_srlD                                                         |    <0.001 |
|                   I_WHOLE_SLICE.G_SLICE_IDX[8].U_ALL_SRL_SLICE                     |    <0.001 |
|                     u_srlA                                                         |    <0.001 |
|                     u_srlB                                                         |    <0.001 |
|                     u_srlC                                                         |    <0.001 |
|                     u_srlD                                                         |    <0.001 |
|                   I_WHOLE_SLICE.G_SLICE_IDX[9].U_ALL_SRL_SLICE                     |    <0.001 |
|                     u_srlA                                                         |    <0.001 |
|                     u_srlB                                                         |    <0.001 |
|                     u_srlC                                                         |    <0.001 |
|                     u_srlD                                                         |    <0.001 |
|             N_DDR_MODE.G_NMU[1].U_M                                                |    <0.001 |
|               allx_typeA_match_detection.ltlib_v1_0_0_allx_typeA_inst              |    <0.001 |
|                 DUT                                                                |    <0.001 |
|                   I_WHOLE_SLICE.G_SLICE_IDX[0].U_ALL_SRL_SLICE                     |    <0.001 |
|                     u_srlA                                                         |    <0.001 |
|                     u_srlB                                                         |    <0.001 |
|                     u_srlC                                                         |    <0.001 |
|                     u_srlD                                                         |    <0.001 |
|                   I_WHOLE_SLICE.G_SLICE_IDX[1].U_ALL_SRL_SLICE                     |    <0.001 |
|                     u_srlA                                                         |    <0.001 |
|                     u_srlB                                                         |    <0.001 |
|                     u_srlC                                                         |    <0.001 |
|                     u_srlD                                                         |    <0.001 |
|                   I_WHOLE_SLICE.G_SLICE_IDX[2].U_ALL_SRL_SLICE                     |    <0.001 |
|                     u_srlA                                                         |    <0.001 |
|                     u_srlB                                                         |    <0.001 |
|                     u_srlC                                                         |    <0.001 |
|                     u_srlD                                                         |    <0.001 |
|                   I_WHOLE_SLICE.G_SLICE_IDX[3].U_ALL_SRL_SLICE                     |    <0.001 |
|                     u_srlA                                                         |    <0.001 |
|                     u_srlB                                                         |    <0.001 |
|                     u_srlC                                                         |    <0.001 |
|                     u_srlD                                                         |    <0.001 |
|             N_DDR_MODE.G_NMU[2].U_M                                                |    <0.001 |
|               allx_typeA_match_detection.ltlib_v1_0_0_allx_typeA_inst              |    <0.001 |
|                 DUT                                                                |    <0.001 |
|                   I_WHOLE_SLICE.G_SLICE_IDX[0].U_ALL_SRL_SLICE                     |    <0.001 |
|                     u_srlA                                                         |    <0.001 |
|                     u_srlB                                                         |    <0.001 |
|                     u_srlC                                                         |    <0.001 |
|                     u_srlD                                                         |    <0.001 |
|             N_DDR_MODE.G_NMU[3].U_M                                                |    <0.001 |
|               allx_typeA_match_detection.ltlib_v1_0_0_allx_typeA_inst              |    <0.001 |
|                 DUT                                                                |    <0.001 |
|                   I_WHOLE_SLICE.G_SLICE_IDX[0].U_ALL_SRL_SLICE                     |    <0.001 |
|                     u_srlA                                                         |    <0.001 |
|                     u_srlB                                                         |    <0.001 |
|                     u_srlC                                                         |    <0.001 |
|                     u_srlD                                                         |    <0.001 |
|         xsdb_memory_read_inst                                                      |     0.001 |
|   txPll                                                                            |     0.102 |
|     inst                                                                           |     0.102 |
|   vio                                                                              |     0.003 |
|     inst                                                                           |     0.003 |
|       DECODER_INST                                                                 |    <0.001 |
|       PROBE_IN_INST                                                                |     0.001 |
|       PROBE_IN_WIDTH_INST                                                          |    <0.001 |
|       PROBE_OUT_ALL_INST                                                           |    <0.001 |
|         G_PROBE_OUT[0].PROBE_OUT0_INST                                             |    <0.001 |
|         G_PROBE_OUT[1].PROBE_OUT0_INST                                             |    <0.001 |
|         G_PROBE_OUT[2].PROBE_OUT0_INST                                             |    <0.001 |
|         G_PROBE_OUT[3].PROBE_OUT0_INST                                             |    <0.001 |
|         G_PROBE_OUT[4].PROBE_OUT0_INST                                             |    <0.001 |
|         G_PROBE_OUT[5].PROBE_OUT0_INST                                             |    <0.001 |
|         G_PROBE_OUT[6].PROBE_OUT0_INST                                             |    <0.001 |
|         G_PROBE_OUT[7].PROBE_OUT0_INST                                             |    <0.001 |
|         G_PROBE_OUT[8].PROBE_OUT0_INST                                             |    <0.001 |
|       PROBE_OUT_WIDTH_INST                                                         |    <0.001 |
|       U_XSDB_SLAVE                                                                 |    <0.001 |
+------------------------------------------------------------------------------------+-----------+


