Copyright 1986-2015 Xilinx, Inc. All Rights Reserved.
------------------------------------------------------------------------------------
| Tool Version : Vivado v.2015.3 (win64) Build 1368829 Mon Sep 28 20:06:43 MDT 2015
| Date         : Sun Apr 17 00:49:25 2016
| Host         : pcphese57 running 64-bit major release  (build 9200)
| Command      : report_drc
------------------------------------------------------------------------------------

Report DRC

Table of Contents
-----------------
1. REPORT SUMMARY
2. REPORT DETAILS

1. REPORT SUMMARY
-----------------
            Netlist: netlist
          Floorplan: design_1
      Design limits: <entire design considered>
           Ruledeck: default
             Max violations: <unlimited>
             Violations found: 76

2. REPORT DETAILS
-----------------
CFGBVS-1#1 Warning
Missing CFGBVS and CONFIG_VOLTAGE Design Properties  
Neither the CFGBVS nor CONFIG_VOLTAGE voltage property is set in the current_design.  Configuration bank voltage select (CFGBVS) must be set to VCCO or GND, and CONFIG_VOLTAGE must be set to the correct configuration voltage, in order to determine the I/O voltage support for the pins in bank 0.  It is suggested to specify these either using the 'Edit Device Properties' function in the GUI or directly in the XDC file using the following syntax:

 set_property CFGBVS value1 [current_design]
 #where value1 is either VCCO or GND

 set_property CONFIG_VOLTAGE value2 [current_design]
 #where value2 is the voltage provided to configuration bank 0

Refer to the device configuration user guide for more information.
Related violations: <none>

PDRC-190#1 Warning
Suboptimally placed synchronized register chain  
The FDCE cell dbg_hub/inst/CORE_XSDB.UUT_MASTER/U_ICON_INTERFACE/U_CMD4/shift_reg_in_reg[12] in site SLICE_X147Y356 is part of a synchronized register chain that is suboptimally placed as the load FDCE cell dbg_hub/inst/CORE_XSDB.UUT_MASTER/U_ICON_INTERFACE/U_CMD4/shift_reg_in_reg[11] is not placed in the same (SLICE) site.
Related violations: <none>

PDRC-190#2 Warning
Suboptimally placed synchronized register chain  
The FDCE cell dbg_hub/inst/CORE_XSDB.UUT_MASTER/U_ICON_INTERFACE/U_CMD4/shift_reg_in_reg[20] in site SLICE_X147Y355 is part of a synchronized register chain that is suboptimally placed as the load FDCE cell dbg_hub/inst/CORE_XSDB.UUT_MASTER/U_ICON_INTERFACE/U_CMD4/shift_reg_in_reg[19] is not placed in the same (SLICE) site.
Related violations: <none>

PDRC-190#3 Warning
Suboptimally placed synchronized register chain  
The FDCE cell dbg_hub/inst/CORE_XSDB.UUT_MASTER/U_ICON_INTERFACE/U_CMD4/shift_reg_in_reg[4] in site SLICE_X147Y357 is part of a synchronized register chain that is suboptimally placed as the load FDCE cell dbg_hub/inst/CORE_XSDB.UUT_MASTER/U_ICON_INTERFACE/U_CMD4/shift_reg_in_reg[3] is not placed in the same (SLICE) site.
Related violations: <none>

PDRC-190#4 Warning
Suboptimally placed synchronized register chain  
The FDCE cell dbg_hub/inst/CORE_XSDB.UUT_MASTER/U_ICON_INTERFACE/U_CMD5/shift_reg_in_reg[10] in site SLICE_X152Y354 is part of a synchronized register chain that is suboptimally placed as the load FDCE cell dbg_hub/inst/CORE_XSDB.UUT_MASTER/U_ICON_INTERFACE/U_CMD5/shift_reg_in_reg[9] is not placed in the same (SLICE) site.
Related violations: <none>

PDRC-190#5 Warning
Suboptimally placed synchronized register chain  
The FDCE cell dbg_hub/inst/CORE_XSDB.UUT_MASTER/U_ICON_INTERFACE/U_CMD5/shift_reg_in_reg[2] in site SLICE_X152Y355 is part of a synchronized register chain that is suboptimally placed as the load FDCE cell dbg_hub/inst/CORE_XSDB.UUT_MASTER/U_ICON_INTERFACE/U_CMD5/shift_reg_in_reg[1] is not placed in the same (SLICE) site.
Related violations: <none>

PDRC-190#6 Warning
Suboptimally placed synchronized register chain  
The FDCE cell dbg_hub/inst/CORE_XSDB.UUT_MASTER/U_ICON_INTERFACE/U_CMD7_CTL/shift_reg_in_reg[0] in site SLICE_X148Y354 is part of a synchronized register chain that is suboptimally placed as the load FDRE cell dbg_hub/inst/CORE_XSDB.UUT_MASTER/U_ICON_INTERFACE/U_CMD7_STAT/stat_reg_reg[0] is not placed in the same (SLICE) site.
Related violations: <none>

REQP-53#1 Warning
must_use_ref_clock  
GTXE2_COMMON cell gbtExmplDsgn_inst/gbtBank/mgt_param_package_src_gen.mgt/mgtStd_gen.mgtStd/gtxCommon: An input reference clock pin should be used (unless this is just to set needed configuration).
Related violations: <none>

REQP-1709#1 Warning
Clock output buffering  
PLLE2_ADV connectivity violation. The signal txPll/inst/clkfbout_xlx_k7v7_tx_pll on the txPll/inst/plle2_adv_inst/CLKFBOUT pin of txPll/inst/plle2_adv_inst does not drive the same kind of BUFFER load as the other CLKOUT pins. Routing from the different buffer types will not be phase aligned.
Related violations: <none>

REQP-1839#1 Warning
RAMB36 async control check  
The RAMB36E1 gbtExmplDsgn_inst/gbtBank/gbtRx_param_package_src_gen.gbtRx_gen[1].gbtRx/rxGearbox/rxGearboxStd_gen.rxGearboxStd/dpram/dpram/U0/inst_blk_mem_gen/gnativebmg.native_blk_mem_gen/valid.cstr/ramloop[1].ram.r/prim_noinit.ram/DEVICE_7SERIES.NO_BMM_INFO.SDP.WIDE_PRIM36_NO_ECC_sp.ram has an input control pin gbtExmplDsgn_inst/gbtBank/gbtRx_param_package_src_gen.gbtRx_gen[1].gbtRx/rxGearbox/rxGearboxStd_gen.rxGearboxStd/dpram/dpram/U0/inst_blk_mem_gen/gnativebmg.native_blk_mem_gen/valid.cstr/ramloop[1].ram.r/prim_noinit.ram/DEVICE_7SERIES.NO_BMM_INFO.SDP.WIDE_PRIM36_NO_ECC_sp.ram/ADDRARDADDR[6] (net: gbtExmplDsgn_inst/gbtBank/gbtRx_param_package_src_gen.gbtRx_gen[1].gbtRx/rxGearbox/rxGearboxStd_gen.rxGearboxStd/dpram/dpram/U0/inst_blk_mem_gen/gnativebmg.native_blk_mem_gen/valid.cstr/ramloop[1].ram.r/prim_noinit.ram/addrb[0]) which is driven by a register (gbtExmplDsgn_inst/gbtBank/gbtRx_param_package_src_gen.gbtRx_gen[1].gbtRx/rxGearbox/rxGearboxStd_gen.rxGearboxStd/readControl/READ_ADDRESS_O_reg[0]) that has an active asychronous set or reset. This may cause corruption of the memory contents and/or read values when the set/reset is asserted and is not analyzed by the default static timing analysis. It is suggested to eliminate the use of a set/reset to registers driving this RAMB pin or else use a synchronous reset in which the assertion of the reset is timed by default.
Related violations: <none>

REQP-1839#2 Warning
RAMB36 async control check  
The RAMB36E1 gbtExmplDsgn_inst/gbtBank/gbtRx_param_package_src_gen.gbtRx_gen[1].gbtRx/rxGearbox/rxGearboxStd_gen.rxGearboxStd/dpram/dpram/U0/inst_blk_mem_gen/gnativebmg.native_blk_mem_gen/valid.cstr/ramloop[1].ram.r/prim_noinit.ram/DEVICE_7SERIES.NO_BMM_INFO.SDP.WIDE_PRIM36_NO_ECC_sp.ram has an input control pin gbtExmplDsgn_inst/gbtBank/gbtRx_param_package_src_gen.gbtRx_gen[1].gbtRx/rxGearbox/rxGearboxStd_gen.rxGearboxStd/dpram/dpram/U0/inst_blk_mem_gen/gnativebmg.native_blk_mem_gen/valid.cstr/ramloop[1].ram.r/prim_noinit.ram/DEVICE_7SERIES.NO_BMM_INFO.SDP.WIDE_PRIM36_NO_ECC_sp.ram/ADDRARDADDR[7] (net: gbtExmplDsgn_inst/gbtBank/gbtRx_param_package_src_gen.gbtRx_gen[1].gbtRx/rxGearbox/rxGearboxStd_gen.rxGearboxStd/dpram/dpram/U0/inst_blk_mem_gen/gnativebmg.native_blk_mem_gen/valid.cstr/ramloop[1].ram.r/prim_noinit.ram/addrb[1]) which is driven by a register (gbtExmplDsgn_inst/gbtBank/gbtRx_param_package_src_gen.gbtRx_gen[1].gbtRx/rxGearbox/rxGearboxStd_gen.rxGearboxStd/readControl/READ_ADDRESS_O_reg[1]) that has an active asychronous set or reset. This may cause corruption of the memory contents and/or read values when the set/reset is asserted and is not analyzed by the default static timing analysis. It is suggested to eliminate the use of a set/reset to registers driving this RAMB pin or else use a synchronous reset in which the assertion of the reset is timed by default.
Related violations: <none>

REQP-1839#3 Warning
RAMB36 async control check  
The RAMB36E1 gbtExmplDsgn_inst/gbtBank/gbtRx_param_package_src_gen.gbtRx_gen[1].gbtRx/rxGearbox/rxGearboxStd_gen.rxGearboxStd/dpram/dpram/U0/inst_blk_mem_gen/gnativebmg.native_blk_mem_gen/valid.cstr/ramloop[1].ram.r/prim_noinit.ram/DEVICE_7SERIES.NO_BMM_INFO.SDP.WIDE_PRIM36_NO_ECC_sp.ram has an input control pin gbtExmplDsgn_inst/gbtBank/gbtRx_param_package_src_gen.gbtRx_gen[1].gbtRx/rxGearbox/rxGearboxStd_gen.rxGearboxStd/dpram/dpram/U0/inst_blk_mem_gen/gnativebmg.native_blk_mem_gen/valid.cstr/ramloop[1].ram.r/prim_noinit.ram/DEVICE_7SERIES.NO_BMM_INFO.SDP.WIDE_PRIM36_NO_ECC_sp.ram/ADDRARDADDR[8] (net: gbtExmplDsgn_inst/gbtBank/gbtRx_param_package_src_gen.gbtRx_gen[1].gbtRx/rxGearbox/rxGearboxStd_gen.rxGearboxStd/dpram/dpram/U0/inst_blk_mem_gen/gnativebmg.native_blk_mem_gen/valid.cstr/ramloop[1].ram.r/prim_noinit.ram/addrb[2]) which is driven by a register (gbtExmplDsgn_inst/gbtBank/gbtRx_param_package_src_gen.gbtRx_gen[1].gbtRx/rxGearbox/rxGearboxStd_gen.rxGearboxStd/readControl/READ_ADDRESS_O_reg[2]) that has an active asychronous set or reset. This may cause corruption of the memory contents and/or read values when the set/reset is asserted and is not analyzed by the default static timing analysis. It is suggested to eliminate the use of a set/reset to registers driving this RAMB pin or else use a synchronous reset in which the assertion of the reset is timed by default.
Related violations: <none>

REQP-1839#4 Warning
RAMB36 async control check  
The RAMB36E1 gbtExmplDsgn_inst/gbtBank/gbtRx_param_package_src_gen.gbtRx_gen[1].gbtRx/rxGearbox/rxGearboxStd_gen.rxGearboxStd/dpram/dpram/U0/inst_blk_mem_gen/gnativebmg.native_blk_mem_gen/valid.cstr/ramloop[1].ram.r/prim_noinit.ram/DEVICE_7SERIES.NO_BMM_INFO.SDP.WIDE_PRIM36_NO_ECC_sp.ram has an input control pin gbtExmplDsgn_inst/gbtBank/gbtRx_param_package_src_gen.gbtRx_gen[1].gbtRx/rxGearbox/rxGearboxStd_gen.rxGearboxStd/dpram/dpram/U0/inst_blk_mem_gen/gnativebmg.native_blk_mem_gen/valid.cstr/ramloop[1].ram.r/prim_noinit.ram/DEVICE_7SERIES.NO_BMM_INFO.SDP.WIDE_PRIM36_NO_ECC_sp.ram/ADDRBWRADDR[4] (net: gbtExmplDsgn_inst/gbtBank/gbtRx_param_package_src_gen.gbtRx_gen[1].gbtRx/rxGearbox/rxGearboxStd_gen.rxGearboxStd/dpram/dpram/U0/inst_blk_mem_gen/gnativebmg.native_blk_mem_gen/valid.cstr/ramloop[1].ram.r/prim_noinit.ram/addra[0]) which is driven by a register (gbtExmplDsgn_inst/gbtBank/gbtRx_param_package_src_gen.gbtRx_gen[1].gbtRx/frameAligner/writeAddressCtrl/writeAddr40b_gen.gbWriteAddress_reg[0]) that has an active asychronous set or reset. This may cause corruption of the memory contents and/or read values when the set/reset is asserted and is not analyzed by the default static timing analysis. It is suggested to eliminate the use of a set/reset to registers driving this RAMB pin or else use a synchronous reset in which the assertion of the reset is timed by default.
Related violations: <none>

REQP-1839#5 Warning
RAMB36 async control check  
The RAMB36E1 gbtExmplDsgn_inst/gbtBank/gbtRx_param_package_src_gen.gbtRx_gen[1].gbtRx/rxGearbox/rxGearboxStd_gen.rxGearboxStd/dpram/dpram/U0/inst_blk_mem_gen/gnativebmg.native_blk_mem_gen/valid.cstr/ramloop[1].ram.r/prim_noinit.ram/DEVICE_7SERIES.NO_BMM_INFO.SDP.WIDE_PRIM36_NO_ECC_sp.ram has an input control pin gbtExmplDsgn_inst/gbtBank/gbtRx_param_package_src_gen.gbtRx_gen[1].gbtRx/rxGearbox/rxGearboxStd_gen.rxGearboxStd/dpram/dpram/U0/inst_blk_mem_gen/gnativebmg.native_blk_mem_gen/valid.cstr/ramloop[1].ram.r/prim_noinit.ram/DEVICE_7SERIES.NO_BMM_INFO.SDP.WIDE_PRIM36_NO_ECC_sp.ram/ADDRBWRADDR[5] (net: gbtExmplDsgn_inst/gbtBank/gbtRx_param_package_src_gen.gbtRx_gen[1].gbtRx/rxGearbox/rxGearboxStd_gen.rxGearboxStd/dpram/dpram/U0/inst_blk_mem_gen/gnativebmg.native_blk_mem_gen/valid.cstr/ramloop[1].ram.r/prim_noinit.ram/addra[1]) which is driven by a register (gbtExmplDsgn_inst/gbtBank/gbtRx_param_package_src_gen.gbtRx_gen[1].gbtRx/frameAligner/writeAddressCtrl/writeAddr40b_gen.gbWriteAddress_reg[1]) that has an active asychronous set or reset. This may cause corruption of the memory contents and/or read values when the set/reset is asserted and is not analyzed by the default static timing analysis. It is suggested to eliminate the use of a set/reset to registers driving this RAMB pin or else use a synchronous reset in which the assertion of the reset is timed by default.
Related violations: <none>

REQP-1839#6 Warning
RAMB36 async control check  
The RAMB36E1 gbtExmplDsgn_inst/gbtBank/gbtRx_param_package_src_gen.gbtRx_gen[1].gbtRx/rxGearbox/rxGearboxStd_gen.rxGearboxStd/dpram/dpram/U0/inst_blk_mem_gen/gnativebmg.native_blk_mem_gen/valid.cstr/ramloop[1].ram.r/prim_noinit.ram/DEVICE_7SERIES.NO_BMM_INFO.SDP.WIDE_PRIM36_NO_ECC_sp.ram has an input control pin gbtExmplDsgn_inst/gbtBank/gbtRx_param_package_src_gen.gbtRx_gen[1].gbtRx/rxGearbox/rxGearboxStd_gen.rxGearboxStd/dpram/dpram/U0/inst_blk_mem_gen/gnativebmg.native_blk_mem_gen/valid.cstr/ramloop[1].ram.r/prim_noinit.ram/DEVICE_7SERIES.NO_BMM_INFO.SDP.WIDE_PRIM36_NO_ECC_sp.ram/ADDRBWRADDR[6] (net: gbtExmplDsgn_inst/gbtBank/gbtRx_param_package_src_gen.gbtRx_gen[1].gbtRx/rxGearbox/rxGearboxStd_gen.rxGearboxStd/dpram/dpram/U0/inst_blk_mem_gen/gnativebmg.native_blk_mem_gen/valid.cstr/ramloop[1].ram.r/prim_noinit.ram/addra[2]) which is driven by a register (gbtExmplDsgn_inst/gbtBank/gbtRx_param_package_src_gen.gbtRx_gen[1].gbtRx/frameAligner/writeAddressCtrl/writeAddr40b_gen.gbWriteAddress_reg[2]) that has an active asychronous set or reset. This may cause corruption of the memory contents and/or read values when the set/reset is asserted and is not analyzed by the default static timing analysis. It is suggested to eliminate the use of a set/reset to registers driving this RAMB pin or else use a synchronous reset in which the assertion of the reset is timed by default.
Related violations: <none>

REQP-1839#7 Warning
RAMB36 async control check  
The RAMB36E1 gbtExmplDsgn_inst/gbtBank/gbtRx_param_package_src_gen.gbtRx_gen[1].gbtRx/rxGearbox/rxGearboxStd_gen.rxGearboxStd/dpram/dpram/U0/inst_blk_mem_gen/gnativebmg.native_blk_mem_gen/valid.cstr/ramloop[1].ram.r/prim_noinit.ram/DEVICE_7SERIES.NO_BMM_INFO.SDP.WIDE_PRIM36_NO_ECC_sp.ram has an input control pin gbtExmplDsgn_inst/gbtBank/gbtRx_param_package_src_gen.gbtRx_gen[1].gbtRx/rxGearbox/rxGearboxStd_gen.rxGearboxStd/dpram/dpram/U0/inst_blk_mem_gen/gnativebmg.native_blk_mem_gen/valid.cstr/ramloop[1].ram.r/prim_noinit.ram/DEVICE_7SERIES.NO_BMM_INFO.SDP.WIDE_PRIM36_NO_ECC_sp.ram/ADDRBWRADDR[7] (net: gbtExmplDsgn_inst/gbtBank/gbtRx_param_package_src_gen.gbtRx_gen[1].gbtRx/rxGearbox/rxGearboxStd_gen.rxGearboxStd/dpram/dpram/U0/inst_blk_mem_gen/gnativebmg.native_blk_mem_gen/valid.cstr/ramloop[1].ram.r/prim_noinit.ram/addra[3]) which is driven by a register (gbtExmplDsgn_inst/gbtBank/gbtRx_param_package_src_gen.gbtRx_gen[1].gbtRx/frameAligner/writeAddressCtrl/writeAddr40b_gen.gbWriteAddress_reg[3]) that has an active asychronous set or reset. This may cause corruption of the memory contents and/or read values when the set/reset is asserted and is not analyzed by the default static timing analysis. It is suggested to eliminate the use of a set/reset to registers driving this RAMB pin or else use a synchronous reset in which the assertion of the reset is timed by default.
Related violations: <none>

REQP-1839#8 Warning
RAMB36 async control check  
The RAMB36E1 gbtExmplDsgn_inst/gbtBank/gbtRx_param_package_src_gen.gbtRx_gen[1].gbtRx/rxGearbox/rxGearboxStd_gen.rxGearboxStd/dpram/dpram/U0/inst_blk_mem_gen/gnativebmg.native_blk_mem_gen/valid.cstr/ramloop[1].ram.r/prim_noinit.ram/DEVICE_7SERIES.NO_BMM_INFO.SDP.WIDE_PRIM36_NO_ECC_sp.ram has an input control pin gbtExmplDsgn_inst/gbtBank/gbtRx_param_package_src_gen.gbtRx_gen[1].gbtRx/rxGearbox/rxGearboxStd_gen.rxGearboxStd/dpram/dpram/U0/inst_blk_mem_gen/gnativebmg.native_blk_mem_gen/valid.cstr/ramloop[1].ram.r/prim_noinit.ram/DEVICE_7SERIES.NO_BMM_INFO.SDP.WIDE_PRIM36_NO_ECC_sp.ram/ADDRBWRADDR[8] (net: gbtExmplDsgn_inst/gbtBank/gbtRx_param_package_src_gen.gbtRx_gen[1].gbtRx/rxGearbox/rxGearboxStd_gen.rxGearboxStd/dpram/dpram/U0/inst_blk_mem_gen/gnativebmg.native_blk_mem_gen/valid.cstr/ramloop[1].ram.r/prim_noinit.ram/addra[4]) which is driven by a register (gbtExmplDsgn_inst/gbtBank/gbtRx_param_package_src_gen.gbtRx_gen[1].gbtRx/frameAligner/writeAddressCtrl/writeAddr40b_gen.gbWriteAddress_reg[4]) that has an active asychronous set or reset. This may cause corruption of the memory contents and/or read values when the set/reset is asserted and is not analyzed by the default static timing analysis. It is suggested to eliminate the use of a set/reset to registers driving this RAMB pin or else use a synchronous reset in which the assertion of the reset is timed by default.
Related violations: <none>

REQP-1839#9 Warning
RAMB36 async control check  
The RAMB36E1 gbtExmplDsgn_inst/gbtBank/gbtRx_param_package_src_gen.gbtRx_gen[1].gbtRx/rxGearbox/rxGearboxStd_gen.rxGearboxStd/dpram/dpram/U0/inst_blk_mem_gen/gnativebmg.native_blk_mem_gen/valid.cstr/ramloop[1].ram.r/prim_noinit.ram/DEVICE_7SERIES.NO_BMM_INFO.SDP.WIDE_PRIM36_NO_ECC_sp.ram has an input control pin gbtExmplDsgn_inst/gbtBank/gbtRx_param_package_src_gen.gbtRx_gen[1].gbtRx/rxGearbox/rxGearboxStd_gen.rxGearboxStd/dpram/dpram/U0/inst_blk_mem_gen/gnativebmg.native_blk_mem_gen/valid.cstr/ramloop[1].ram.r/prim_noinit.ram/DEVICE_7SERIES.NO_BMM_INFO.SDP.WIDE_PRIM36_NO_ECC_sp.ram/ENBWREN (net: gbtExmplDsgn_inst/gbtBank/gbtRx_param_package_src_gen.gbtRx_gen[1].gbtRx/rxGearbox/rxGearboxStd_gen.rxGearboxStd/dpram/dpram/U0/inst_blk_mem_gen/gnativebmg.native_blk_mem_gen/valid.cstr/ramloop[1].ram.r/prim_noinit.ram/wea[0]) which is driven by a register (gbtExmplDsgn_inst/gbtBank/gbtRx_param_package_src_gen.gbtRx_gen[1].gbtRx/frameAligner/patternSearch/headerLocked_reg) that has an active asychronous set or reset. This may cause corruption of the memory contents and/or read values when the set/reset is asserted and is not analyzed by the default static timing analysis. It is suggested to eliminate the use of a set/reset to registers driving this RAMB pin or else use a synchronous reset in which the assertion of the reset is timed by default.
Related violations: <none>

REQP-1839#10 Warning
RAMB36 async control check  
The RAMB36E1 gbtExmplDsgn_inst/gbtBank/gbtRx_param_package_src_gen.gbtRx_gen[1].gbtRx/rxGearbox/rxGearboxStd_gen.rxGearboxStd/dpram/dpram/U0/inst_blk_mem_gen/gnativebmg.native_blk_mem_gen/valid.cstr/ramloop[2].ram.r/prim_noinit.ram/DEVICE_7SERIES.NO_BMM_INFO.SDP.WIDE_PRIM36_NO_ECC_sp.ram has an input control pin gbtExmplDsgn_inst/gbtBank/gbtRx_param_package_src_gen.gbtRx_gen[1].gbtRx/rxGearbox/rxGearboxStd_gen.rxGearboxStd/dpram/dpram/U0/inst_blk_mem_gen/gnativebmg.native_blk_mem_gen/valid.cstr/ramloop[2].ram.r/prim_noinit.ram/DEVICE_7SERIES.NO_BMM_INFO.SDP.WIDE_PRIM36_NO_ECC_sp.ram/ADDRARDADDR[6] (net: gbtExmplDsgn_inst/gbtBank/gbtRx_param_package_src_gen.gbtRx_gen[1].gbtRx/rxGearbox/rxGearboxStd_gen.rxGearboxStd/dpram/dpram/U0/inst_blk_mem_gen/gnativebmg.native_blk_mem_gen/valid.cstr/ramloop[2].ram.r/prim_noinit.ram/addrb[0]) which is driven by a register (gbtExmplDsgn_inst/gbtBank/gbtRx_param_package_src_gen.gbtRx_gen[1].gbtRx/rxGearbox/rxGearboxStd_gen.rxGearboxStd/readControl/READ_ADDRESS_O_reg[0]) that has an active asychronous set or reset. This may cause corruption of the memory contents and/or read values when the set/reset is asserted and is not analyzed by the default static timing analysis. It is suggested to eliminate the use of a set/reset to registers driving this RAMB pin or else use a synchronous reset in which the assertion of the reset is timed by default.
Related violations: <none>

REQP-1839#11 Warning
RAMB36 async control check  
The RAMB36E1 gbtExmplDsgn_inst/gbtBank/gbtRx_param_package_src_gen.gbtRx_gen[1].gbtRx/rxGearbox/rxGearboxStd_gen.rxGearboxStd/dpram/dpram/U0/inst_blk_mem_gen/gnativebmg.native_blk_mem_gen/valid.cstr/ramloop[2].ram.r/prim_noinit.ram/DEVICE_7SERIES.NO_BMM_INFO.SDP.WIDE_PRIM36_NO_ECC_sp.ram has an input control pin gbtExmplDsgn_inst/gbtBank/gbtRx_param_package_src_gen.gbtRx_gen[1].gbtRx/rxGearbox/rxGearboxStd_gen.rxGearboxStd/dpram/dpram/U0/inst_blk_mem_gen/gnativebmg.native_blk_mem_gen/valid.cstr/ramloop[2].ram.r/prim_noinit.ram/DEVICE_7SERIES.NO_BMM_INFO.SDP.WIDE_PRIM36_NO_ECC_sp.ram/ADDRARDADDR[7] (net: gbtExmplDsgn_inst/gbtBank/gbtRx_param_package_src_gen.gbtRx_gen[1].gbtRx/rxGearbox/rxGearboxStd_gen.rxGearboxStd/dpram/dpram/U0/inst_blk_mem_gen/gnativebmg.native_blk_mem_gen/valid.cstr/ramloop[2].ram.r/prim_noinit.ram/addrb[1]) which is driven by a register (gbtExmplDsgn_inst/gbtBank/gbtRx_param_package_src_gen.gbtRx_gen[1].gbtRx/rxGearbox/rxGearboxStd_gen.rxGearboxStd/readControl/READ_ADDRESS_O_reg[1]) that has an active asychronous set or reset. This may cause corruption of the memory contents and/or read values when the set/reset is asserted and is not analyzed by the default static timing analysis. It is suggested to eliminate the use of a set/reset to registers driving this RAMB pin or else use a synchronous reset in which the assertion of the reset is timed by default.
Related violations: <none>

REQP-1839#12 Warning
RAMB36 async control check  
The RAMB36E1 gbtExmplDsgn_inst/gbtBank/gbtRx_param_package_src_gen.gbtRx_gen[1].gbtRx/rxGearbox/rxGearboxStd_gen.rxGearboxStd/dpram/dpram/U0/inst_blk_mem_gen/gnativebmg.native_blk_mem_gen/valid.cstr/ramloop[2].ram.r/prim_noinit.ram/DEVICE_7SERIES.NO_BMM_INFO.SDP.WIDE_PRIM36_NO_ECC_sp.ram has an input control pin gbtExmplDsgn_inst/gbtBank/gbtRx_param_package_src_gen.gbtRx_gen[1].gbtRx/rxGearbox/rxGearboxStd_gen.rxGearboxStd/dpram/dpram/U0/inst_blk_mem_gen/gnativebmg.native_blk_mem_gen/valid.cstr/ramloop[2].ram.r/prim_noinit.ram/DEVICE_7SERIES.NO_BMM_INFO.SDP.WIDE_PRIM36_NO_ECC_sp.ram/ADDRARDADDR[8] (net: gbtExmplDsgn_inst/gbtBank/gbtRx_param_package_src_gen.gbtRx_gen[1].gbtRx/rxGearbox/rxGearboxStd_gen.rxGearboxStd/dpram/dpram/U0/inst_blk_mem_gen/gnativebmg.native_blk_mem_gen/valid.cstr/ramloop[2].ram.r/prim_noinit.ram/addrb[2]) which is driven by a register (gbtExmplDsgn_inst/gbtBank/gbtRx_param_package_src_gen.gbtRx_gen[1].gbtRx/rxGearbox/rxGearboxStd_gen.rxGearboxStd/readControl/READ_ADDRESS_O_reg[2]) that has an active asychronous set or reset. This may cause corruption of the memory contents and/or read values when the set/reset is asserted and is not analyzed by the default static timing analysis. It is suggested to eliminate the use of a set/reset to registers driving this RAMB pin or else use a synchronous reset in which the assertion of the reset is timed by default.
Related violations: <none>

REQP-1839#13 Warning
RAMB36 async control check  
The RAMB36E1 gbtExmplDsgn_inst/gbtBank/gbtRx_param_package_src_gen.gbtRx_gen[1].gbtRx/rxGearbox/rxGearboxStd_gen.rxGearboxStd/dpram/dpram/U0/inst_blk_mem_gen/gnativebmg.native_blk_mem_gen/valid.cstr/ramloop[2].ram.r/prim_noinit.ram/DEVICE_7SERIES.NO_BMM_INFO.SDP.WIDE_PRIM36_NO_ECC_sp.ram has an input control pin gbtExmplDsgn_inst/gbtBank/gbtRx_param_package_src_gen.gbtRx_gen[1].gbtRx/rxGearbox/rxGearboxStd_gen.rxGearboxStd/dpram/dpram/U0/inst_blk_mem_gen/gnativebmg.native_blk_mem_gen/valid.cstr/ramloop[2].ram.r/prim_noinit.ram/DEVICE_7SERIES.NO_BMM_INFO.SDP.WIDE_PRIM36_NO_ECC_sp.ram/ADDRBWRADDR[4] (net: gbtExmplDsgn_inst/gbtBank/gbtRx_param_package_src_gen.gbtRx_gen[1].gbtRx/rxGearbox/rxGearboxStd_gen.rxGearboxStd/dpram/dpram/U0/inst_blk_mem_gen/gnativebmg.native_blk_mem_gen/valid.cstr/ramloop[2].ram.r/prim_noinit.ram/addra[0]) which is driven by a register (gbtExmplDsgn_inst/gbtBank/gbtRx_param_package_src_gen.gbtRx_gen[1].gbtRx/frameAligner/writeAddressCtrl/writeAddr40b_gen.gbWriteAddress_reg[0]) that has an active asychronous set or reset. This may cause corruption of the memory contents and/or read values when the set/reset is asserted and is not analyzed by the default static timing analysis. It is suggested to eliminate the use of a set/reset to registers driving this RAMB pin or else use a synchronous reset in which the assertion of the reset is timed by default.
Related violations: <none>

REQP-1839#14 Warning
RAMB36 async control check  
The RAMB36E1 gbtExmplDsgn_inst/gbtBank/gbtRx_param_package_src_gen.gbtRx_gen[1].gbtRx/rxGearbox/rxGearboxStd_gen.rxGearboxStd/dpram/dpram/U0/inst_blk_mem_gen/gnativebmg.native_blk_mem_gen/valid.cstr/ramloop[2].ram.r/prim_noinit.ram/DEVICE_7SERIES.NO_BMM_INFO.SDP.WIDE_PRIM36_NO_ECC_sp.ram has an input control pin gbtExmplDsgn_inst/gbtBank/gbtRx_param_package_src_gen.gbtRx_gen[1].gbtRx/rxGearbox/rxGearboxStd_gen.rxGearboxStd/dpram/dpram/U0/inst_blk_mem_gen/gnativebmg.native_blk_mem_gen/valid.cstr/ramloop[2].ram.r/prim_noinit.ram/DEVICE_7SERIES.NO_BMM_INFO.SDP.WIDE_PRIM36_NO_ECC_sp.ram/ADDRBWRADDR[5] (net: gbtExmplDsgn_inst/gbtBank/gbtRx_param_package_src_gen.gbtRx_gen[1].gbtRx/rxGearbox/rxGearboxStd_gen.rxGearboxStd/dpram/dpram/U0/inst_blk_mem_gen/gnativebmg.native_blk_mem_gen/valid.cstr/ramloop[2].ram.r/prim_noinit.ram/addra[1]) which is driven by a register (gbtExmplDsgn_inst/gbtBank/gbtRx_param_package_src_gen.gbtRx_gen[1].gbtRx/frameAligner/writeAddressCtrl/writeAddr40b_gen.gbWriteAddress_reg[1]) that has an active asychronous set or reset. This may cause corruption of the memory contents and/or read values when the set/reset is asserted and is not analyzed by the default static timing analysis. It is suggested to eliminate the use of a set/reset to registers driving this RAMB pin or else use a synchronous reset in which the assertion of the reset is timed by default.
Related violations: <none>

REQP-1839#15 Warning
RAMB36 async control check  
The RAMB36E1 gbtExmplDsgn_inst/gbtBank/gbtRx_param_package_src_gen.gbtRx_gen[1].gbtRx/rxGearbox/rxGearboxStd_gen.rxGearboxStd/dpram/dpram/U0/inst_blk_mem_gen/gnativebmg.native_blk_mem_gen/valid.cstr/ramloop[2].ram.r/prim_noinit.ram/DEVICE_7SERIES.NO_BMM_INFO.SDP.WIDE_PRIM36_NO_ECC_sp.ram has an input control pin gbtExmplDsgn_inst/gbtBank/gbtRx_param_package_src_gen.gbtRx_gen[1].gbtRx/rxGearbox/rxGearboxStd_gen.rxGearboxStd/dpram/dpram/U0/inst_blk_mem_gen/gnativebmg.native_blk_mem_gen/valid.cstr/ramloop[2].ram.r/prim_noinit.ram/DEVICE_7SERIES.NO_BMM_INFO.SDP.WIDE_PRIM36_NO_ECC_sp.ram/ADDRBWRADDR[6] (net: gbtExmplDsgn_inst/gbtBank/gbtRx_param_package_src_gen.gbtRx_gen[1].gbtRx/rxGearbox/rxGearboxStd_gen.rxGearboxStd/dpram/dpram/U0/inst_blk_mem_gen/gnativebmg.native_blk_mem_gen/valid.cstr/ramloop[2].ram.r/prim_noinit.ram/addra[2]) which is driven by a register (gbtExmplDsgn_inst/gbtBank/gbtRx_param_package_src_gen.gbtRx_gen[1].gbtRx/frameAligner/writeAddressCtrl/writeAddr40b_gen.gbWriteAddress_reg[2]) that has an active asychronous set or reset. This may cause corruption of the memory contents and/or read values when the set/reset is asserted and is not analyzed by the default static timing analysis. It is suggested to eliminate the use of a set/reset to registers driving this RAMB pin or else use a synchronous reset in which the assertion of the reset is timed by default.
Related violations: <none>

REQP-1839#16 Warning
RAMB36 async control check  
The RAMB36E1 gbtExmplDsgn_inst/gbtBank/gbtRx_param_package_src_gen.gbtRx_gen[1].gbtRx/rxGearbox/rxGearboxStd_gen.rxGearboxStd/dpram/dpram/U0/inst_blk_mem_gen/gnativebmg.native_blk_mem_gen/valid.cstr/ramloop[2].ram.r/prim_noinit.ram/DEVICE_7SERIES.NO_BMM_INFO.SDP.WIDE_PRIM36_NO_ECC_sp.ram has an input control pin gbtExmplDsgn_inst/gbtBank/gbtRx_param_package_src_gen.gbtRx_gen[1].gbtRx/rxGearbox/rxGearboxStd_gen.rxGearboxStd/dpram/dpram/U0/inst_blk_mem_gen/gnativebmg.native_blk_mem_gen/valid.cstr/ramloop[2].ram.r/prim_noinit.ram/DEVICE_7SERIES.NO_BMM_INFO.SDP.WIDE_PRIM36_NO_ECC_sp.ram/ADDRBWRADDR[7] (net: gbtExmplDsgn_inst/gbtBank/gbtRx_param_package_src_gen.gbtRx_gen[1].gbtRx/rxGearbox/rxGearboxStd_gen.rxGearboxStd/dpram/dpram/U0/inst_blk_mem_gen/gnativebmg.native_blk_mem_gen/valid.cstr/ramloop[2].ram.r/prim_noinit.ram/addra[3]) which is driven by a register (gbtExmplDsgn_inst/gbtBank/gbtRx_param_package_src_gen.gbtRx_gen[1].gbtRx/frameAligner/writeAddressCtrl/writeAddr40b_gen.gbWriteAddress_reg[3]) that has an active asychronous set or reset. This may cause corruption of the memory contents and/or read values when the set/reset is asserted and is not analyzed by the default static timing analysis. It is suggested to eliminate the use of a set/reset to registers driving this RAMB pin or else use a synchronous reset in which the assertion of the reset is timed by default.
Related violations: <none>

REQP-1839#17 Warning
RAMB36 async control check  
The RAMB36E1 gbtExmplDsgn_inst/gbtBank/gbtRx_param_package_src_gen.gbtRx_gen[1].gbtRx/rxGearbox/rxGearboxStd_gen.rxGearboxStd/dpram/dpram/U0/inst_blk_mem_gen/gnativebmg.native_blk_mem_gen/valid.cstr/ramloop[2].ram.r/prim_noinit.ram/DEVICE_7SERIES.NO_BMM_INFO.SDP.WIDE_PRIM36_NO_ECC_sp.ram has an input control pin gbtExmplDsgn_inst/gbtBank/gbtRx_param_package_src_gen.gbtRx_gen[1].gbtRx/rxGearbox/rxGearboxStd_gen.rxGearboxStd/dpram/dpram/U0/inst_blk_mem_gen/gnativebmg.native_blk_mem_gen/valid.cstr/ramloop[2].ram.r/prim_noinit.ram/DEVICE_7SERIES.NO_BMM_INFO.SDP.WIDE_PRIM36_NO_ECC_sp.ram/ADDRBWRADDR[8] (net: gbtExmplDsgn_inst/gbtBank/gbtRx_param_package_src_gen.gbtRx_gen[1].gbtRx/rxGearbox/rxGearboxStd_gen.rxGearboxStd/dpram/dpram/U0/inst_blk_mem_gen/gnativebmg.native_blk_mem_gen/valid.cstr/ramloop[2].ram.r/prim_noinit.ram/addra[4]) which is driven by a register (gbtExmplDsgn_inst/gbtBank/gbtRx_param_package_src_gen.gbtRx_gen[1].gbtRx/frameAligner/writeAddressCtrl/writeAddr40b_gen.gbWriteAddress_reg[4]) that has an active asychronous set or reset. This may cause corruption of the memory contents and/or read values when the set/reset is asserted and is not analyzed by the default static timing analysis. It is suggested to eliminate the use of a set/reset to registers driving this RAMB pin or else use a synchronous reset in which the assertion of the reset is timed by default.
Related violations: <none>

REQP-1839#18 Warning
RAMB36 async control check  
The RAMB36E1 gbtExmplDsgn_inst/gbtBank/gbtRx_param_package_src_gen.gbtRx_gen[1].gbtRx/rxGearbox/rxGearboxStd_gen.rxGearboxStd/dpram/dpram/U0/inst_blk_mem_gen/gnativebmg.native_blk_mem_gen/valid.cstr/ramloop[2].ram.r/prim_noinit.ram/DEVICE_7SERIES.NO_BMM_INFO.SDP.WIDE_PRIM36_NO_ECC_sp.ram has an input control pin gbtExmplDsgn_inst/gbtBank/gbtRx_param_package_src_gen.gbtRx_gen[1].gbtRx/rxGearbox/rxGearboxStd_gen.rxGearboxStd/dpram/dpram/U0/inst_blk_mem_gen/gnativebmg.native_blk_mem_gen/valid.cstr/ramloop[2].ram.r/prim_noinit.ram/DEVICE_7SERIES.NO_BMM_INFO.SDP.WIDE_PRIM36_NO_ECC_sp.ram/ENBWREN (net: gbtExmplDsgn_inst/gbtBank/gbtRx_param_package_src_gen.gbtRx_gen[1].gbtRx/rxGearbox/rxGearboxStd_gen.rxGearboxStd/dpram/dpram/U0/inst_blk_mem_gen/gnativebmg.native_blk_mem_gen/valid.cstr/ramloop[2].ram.r/prim_noinit.ram/wea[0]) which is driven by a register (gbtExmplDsgn_inst/gbtBank/gbtRx_param_package_src_gen.gbtRx_gen[1].gbtRx/frameAligner/patternSearch/headerLocked_reg) that has an active asychronous set or reset. This may cause corruption of the memory contents and/or read values when the set/reset is asserted and is not analyzed by the default static timing analysis. It is suggested to eliminate the use of a set/reset to registers driving this RAMB pin or else use a synchronous reset in which the assertion of the reset is timed by default.
Related violations: <none>

REQP-1839#19 Warning
RAMB36 async control check  
The RAMB36E1 gbtExmplDsgn_inst/gbtBank/gbtTx_param_pacakge_src_gen.gbtTx_gen[1].gbtTx/txGearbox/txGearboxStd_gen.txGearboxStd/dpram/dpram/U0/inst_blk_mem_gen/gnativebmg.native_blk_mem_gen/valid.cstr/ramloop[1].ram.r/prim_noinit.ram/DEVICE_7SERIES.NO_BMM_INFO.SDP.WIDE_PRIM36_NO_ECC.ram has an input control pin gbtExmplDsgn_inst/gbtBank/gbtTx_param_pacakge_src_gen.gbtTx_gen[1].gbtTx/txGearbox/txGearboxStd_gen.txGearboxStd/dpram/dpram/U0/inst_blk_mem_gen/gnativebmg.native_blk_mem_gen/valid.cstr/ramloop[1].ram.r/prim_noinit.ram/DEVICE_7SERIES.NO_BMM_INFO.SDP.WIDE_PRIM36_NO_ECC.ram/ADDRARDADDR[4] (net: gbtExmplDsgn_inst/gbtBank/gbtTx_param_pacakge_src_gen.gbtTx_gen[1].gbtTx/txGearbox/txGearboxStd_gen.txGearboxStd/dpram/dpram/U0/inst_blk_mem_gen/gnativebmg.native_blk_mem_gen/valid.cstr/ramloop[1].ram.r/prim_noinit.ram/addrb[0]) which is driven by a register (gbtExmplDsgn_inst/gbtBank/gbtTx_param_pacakge_src_gen.gbtTx_gen[1].gbtTx/txGearbox/txGearboxStd_gen.txGearboxStd/readWriteControl/readAddrCtrl40b_gen.readAddress_reg[0]) that has an active asychronous set or reset. This may cause corruption of the memory contents and/or read values when the set/reset is asserted and is not analyzed by the default static timing analysis. It is suggested to eliminate the use of a set/reset to registers driving this RAMB pin or else use a synchronous reset in which the assertion of the reset is timed by default.
Related violations: <none>

REQP-1839#20 Warning
RAMB36 async control check  
The RAMB36E1 gbtExmplDsgn_inst/gbtBank/gbtTx_param_pacakge_src_gen.gbtTx_gen[1].gbtTx/txGearbox/txGearboxStd_gen.txGearboxStd/dpram/dpram/U0/inst_blk_mem_gen/gnativebmg.native_blk_mem_gen/valid.cstr/ramloop[1].ram.r/prim_noinit.ram/DEVICE_7SERIES.NO_BMM_INFO.SDP.WIDE_PRIM36_NO_ECC.ram has an input control pin gbtExmplDsgn_inst/gbtBank/gbtTx_param_pacakge_src_gen.gbtTx_gen[1].gbtTx/txGearbox/txGearboxStd_gen.txGearboxStd/dpram/dpram/U0/inst_blk_mem_gen/gnativebmg.native_blk_mem_gen/valid.cstr/ramloop[1].ram.r/prim_noinit.ram/DEVICE_7SERIES.NO_BMM_INFO.SDP.WIDE_PRIM36_NO_ECC.ram/ADDRARDADDR[5] (net: gbtExmplDsgn_inst/gbtBank/gbtTx_param_pacakge_src_gen.gbtTx_gen[1].gbtTx/txGearbox/txGearboxStd_gen.txGearboxStd/dpram/dpram/U0/inst_blk_mem_gen/gnativebmg.native_blk_mem_gen/valid.cstr/ramloop[1].ram.r/prim_noinit.ram/addrb[1]) which is driven by a register (gbtExmplDsgn_inst/gbtBank/gbtTx_param_pacakge_src_gen.gbtTx_gen[1].gbtTx/txGearbox/txGearboxStd_gen.txGearboxStd/readWriteControl/readAddrCtrl40b_gen.readAddress_reg[1]) that has an active asychronous set or reset. This may cause corruption of the memory contents and/or read values when the set/reset is asserted and is not analyzed by the default static timing analysis. It is suggested to eliminate the use of a set/reset to registers driving this RAMB pin or else use a synchronous reset in which the assertion of the reset is timed by default.
Related violations: <none>

REQP-1839#21 Warning
RAMB36 async control check  
The RAMB36E1 gbtExmplDsgn_inst/gbtBank/gbtTx_param_pacakge_src_gen.gbtTx_gen[1].gbtTx/txGearbox/txGearboxStd_gen.txGearboxStd/dpram/dpram/U0/inst_blk_mem_gen/gnativebmg.native_blk_mem_gen/valid.cstr/ramloop[1].ram.r/prim_noinit.ram/DEVICE_7SERIES.NO_BMM_INFO.SDP.WIDE_PRIM36_NO_ECC.ram has an input control pin gbtExmplDsgn_inst/gbtBank/gbtTx_param_pacakge_src_gen.gbtTx_gen[1].gbtTx/txGearbox/txGearboxStd_gen.txGearboxStd/dpram/dpram/U0/inst_blk_mem_gen/gnativebmg.native_blk_mem_gen/valid.cstr/ramloop[1].ram.r/prim_noinit.ram/DEVICE_7SERIES.NO_BMM_INFO.SDP.WIDE_PRIM36_NO_ECC.ram/ADDRARDADDR[6] (net: gbtExmplDsgn_inst/gbtBank/gbtTx_param_pacakge_src_gen.gbtTx_gen[1].gbtTx/txGearbox/txGearboxStd_gen.txGearboxStd/dpram/dpram/U0/inst_blk_mem_gen/gnativebmg.native_blk_mem_gen/valid.cstr/ramloop[1].ram.r/prim_noinit.ram/addrb[2]) which is driven by a register (gbtExmplDsgn_inst/gbtBank/gbtTx_param_pacakge_src_gen.gbtTx_gen[1].gbtTx/txGearbox/txGearboxStd_gen.txGearboxStd/readWriteControl/readAddrCtrl40b_gen.readAddress_reg[2]) that has an active asychronous set or reset. This may cause corruption of the memory contents and/or read values when the set/reset is asserted and is not analyzed by the default static timing analysis. It is suggested to eliminate the use of a set/reset to registers driving this RAMB pin or else use a synchronous reset in which the assertion of the reset is timed by default.
Related violations: <none>

REQP-1839#22 Warning
RAMB36 async control check  
The RAMB36E1 gbtExmplDsgn_inst/gbtBank/gbtTx_param_pacakge_src_gen.gbtTx_gen[1].gbtTx/txGearbox/txGearboxStd_gen.txGearboxStd/dpram/dpram/U0/inst_blk_mem_gen/gnativebmg.native_blk_mem_gen/valid.cstr/ramloop[1].ram.r/prim_noinit.ram/DEVICE_7SERIES.NO_BMM_INFO.SDP.WIDE_PRIM36_NO_ECC.ram has an input control pin gbtExmplDsgn_inst/gbtBank/gbtTx_param_pacakge_src_gen.gbtTx_gen[1].gbtTx/txGearbox/txGearboxStd_gen.txGearboxStd/dpram/dpram/U0/inst_blk_mem_gen/gnativebmg.native_blk_mem_gen/valid.cstr/ramloop[1].ram.r/prim_noinit.ram/DEVICE_7SERIES.NO_BMM_INFO.SDP.WIDE_PRIM36_NO_ECC.ram/ADDRARDADDR[7] (net: gbtExmplDsgn_inst/gbtBank/gbtTx_param_pacakge_src_gen.gbtTx_gen[1].gbtTx/txGearbox/txGearboxStd_gen.txGearboxStd/dpram/dpram/U0/inst_blk_mem_gen/gnativebmg.native_blk_mem_gen/valid.cstr/ramloop[1].ram.r/prim_noinit.ram/addrb[3]) which is driven by a register (gbtExmplDsgn_inst/gbtBank/gbtTx_param_pacakge_src_gen.gbtTx_gen[1].gbtTx/txGearbox/txGearboxStd_gen.txGearboxStd/readWriteControl/readAddrCtrl40b_gen.readAddress_reg[3]) that has an active asychronous set or reset. This may cause corruption of the memory contents and/or read values when the set/reset is asserted and is not analyzed by the default static timing analysis. It is suggested to eliminate the use of a set/reset to registers driving this RAMB pin or else use a synchronous reset in which the assertion of the reset is timed by default.
Related violations: <none>

REQP-1839#23 Warning
RAMB36 async control check  
The RAMB36E1 gbtExmplDsgn_inst/gbtBank/gbtTx_param_pacakge_src_gen.gbtTx_gen[1].gbtTx/txGearbox/txGearboxStd_gen.txGearboxStd/dpram/dpram/U0/inst_blk_mem_gen/gnativebmg.native_blk_mem_gen/valid.cstr/ramloop[1].ram.r/prim_noinit.ram/DEVICE_7SERIES.NO_BMM_INFO.SDP.WIDE_PRIM36_NO_ECC.ram has an input control pin gbtExmplDsgn_inst/gbtBank/gbtTx_param_pacakge_src_gen.gbtTx_gen[1].gbtTx/txGearbox/txGearboxStd_gen.txGearboxStd/dpram/dpram/U0/inst_blk_mem_gen/gnativebmg.native_blk_mem_gen/valid.cstr/ramloop[1].ram.r/prim_noinit.ram/DEVICE_7SERIES.NO_BMM_INFO.SDP.WIDE_PRIM36_NO_ECC.ram/ADDRARDADDR[8] (net: gbtExmplDsgn_inst/gbtBank/gbtTx_param_pacakge_src_gen.gbtTx_gen[1].gbtTx/txGearbox/txGearboxStd_gen.txGearboxStd/dpram/dpram/U0/inst_blk_mem_gen/gnativebmg.native_blk_mem_gen/valid.cstr/ramloop[1].ram.r/prim_noinit.ram/addrb[4]) which is driven by a register (gbtExmplDsgn_inst/gbtBank/gbtTx_param_pacakge_src_gen.gbtTx_gen[1].gbtTx/txGearbox/txGearboxStd_gen.txGearboxStd/readWriteControl/readAddrCtrl40b_gen.readAddress_reg[4]) that has an active asychronous set or reset. This may cause corruption of the memory contents and/or read values when the set/reset is asserted and is not analyzed by the default static timing analysis. It is suggested to eliminate the use of a set/reset to registers driving this RAMB pin or else use a synchronous reset in which the assertion of the reset is timed by default.
Related violations: <none>

REQP-1839#24 Warning
RAMB36 async control check  
The RAMB36E1 gbtExmplDsgn_inst/gbtBank/gbtTx_param_pacakge_src_gen.gbtTx_gen[1].gbtTx/txGearbox/txGearboxStd_gen.txGearboxStd/dpram/dpram/U0/inst_blk_mem_gen/gnativebmg.native_blk_mem_gen/valid.cstr/ramloop[1].ram.r/prim_noinit.ram/DEVICE_7SERIES.NO_BMM_INFO.SDP.WIDE_PRIM36_NO_ECC.ram has an input control pin gbtExmplDsgn_inst/gbtBank/gbtTx_param_pacakge_src_gen.gbtTx_gen[1].gbtTx/txGearbox/txGearboxStd_gen.txGearboxStd/dpram/dpram/U0/inst_blk_mem_gen/gnativebmg.native_blk_mem_gen/valid.cstr/ramloop[1].ram.r/prim_noinit.ram/DEVICE_7SERIES.NO_BMM_INFO.SDP.WIDE_PRIM36_NO_ECC.ram/ADDRBWRADDR[6] (net: gbtExmplDsgn_inst/gbtBank/gbtTx_param_pacakge_src_gen.gbtTx_gen[1].gbtTx/txGearbox/txGearboxStd_gen.txGearboxStd/dpram/dpram/U0/inst_blk_mem_gen/gnativebmg.native_blk_mem_gen/valid.cstr/ramloop[1].ram.r/prim_noinit.ram/addra[0]) which is driven by a register (gbtExmplDsgn_inst/gbtBank/gbtTx_param_pacakge_src_gen.gbtTx_gen[1].gbtTx/txGearbox/txGearboxStd_gen.txGearboxStd/readWriteControl/writeAddress_reg[0]) that has an active asychronous set or reset. This may cause corruption of the memory contents and/or read values when the set/reset is asserted and is not analyzed by the default static timing analysis. It is suggested to eliminate the use of a set/reset to registers driving this RAMB pin or else use a synchronous reset in which the assertion of the reset is timed by default.
Related violations: <none>

REQP-1839#25 Warning
RAMB36 async control check  
The RAMB36E1 gbtExmplDsgn_inst/gbtBank/gbtTx_param_pacakge_src_gen.gbtTx_gen[1].gbtTx/txGearbox/txGearboxStd_gen.txGearboxStd/dpram/dpram/U0/inst_blk_mem_gen/gnativebmg.native_blk_mem_gen/valid.cstr/ramloop[1].ram.r/prim_noinit.ram/DEVICE_7SERIES.NO_BMM_INFO.SDP.WIDE_PRIM36_NO_ECC.ram has an input control pin gbtExmplDsgn_inst/gbtBank/gbtTx_param_pacakge_src_gen.gbtTx_gen[1].gbtTx/txGearbox/txGearboxStd_gen.txGearboxStd/dpram/dpram/U0/inst_blk_mem_gen/gnativebmg.native_blk_mem_gen/valid.cstr/ramloop[1].ram.r/prim_noinit.ram/DEVICE_7SERIES.NO_BMM_INFO.SDP.WIDE_PRIM36_NO_ECC.ram/ADDRBWRADDR[7] (net: gbtExmplDsgn_inst/gbtBank/gbtTx_param_pacakge_src_gen.gbtTx_gen[1].gbtTx/txGearbox/txGearboxStd_gen.txGearboxStd/dpram/dpram/U0/inst_blk_mem_gen/gnativebmg.native_blk_mem_gen/valid.cstr/ramloop[1].ram.r/prim_noinit.ram/addra[1]) which is driven by a register (gbtExmplDsgn_inst/gbtBank/gbtTx_param_pacakge_src_gen.gbtTx_gen[1].gbtTx/txGearbox/txGearboxStd_gen.txGearboxStd/readWriteControl/writeAddress_reg[1]) that has an active asychronous set or reset. This may cause corruption of the memory contents and/or read values when the set/reset is asserted and is not analyzed by the default static timing analysis. It is suggested to eliminate the use of a set/reset to registers driving this RAMB pin or else use a synchronous reset in which the assertion of the reset is timed by default.
Related violations: <none>

REQP-1839#26 Warning
RAMB36 async control check  
The RAMB36E1 gbtExmplDsgn_inst/gbtBank/gbtTx_param_pacakge_src_gen.gbtTx_gen[1].gbtTx/txGearbox/txGearboxStd_gen.txGearboxStd/dpram/dpram/U0/inst_blk_mem_gen/gnativebmg.native_blk_mem_gen/valid.cstr/ramloop[1].ram.r/prim_noinit.ram/DEVICE_7SERIES.NO_BMM_INFO.SDP.WIDE_PRIM36_NO_ECC.ram has an input control pin gbtExmplDsgn_inst/gbtBank/gbtTx_param_pacakge_src_gen.gbtTx_gen[1].gbtTx/txGearbox/txGearboxStd_gen.txGearboxStd/dpram/dpram/U0/inst_blk_mem_gen/gnativebmg.native_blk_mem_gen/valid.cstr/ramloop[1].ram.r/prim_noinit.ram/DEVICE_7SERIES.NO_BMM_INFO.SDP.WIDE_PRIM36_NO_ECC.ram/ADDRBWRADDR[8] (net: gbtExmplDsgn_inst/gbtBank/gbtTx_param_pacakge_src_gen.gbtTx_gen[1].gbtTx/txGearbox/txGearboxStd_gen.txGearboxStd/dpram/dpram/U0/inst_blk_mem_gen/gnativebmg.native_blk_mem_gen/valid.cstr/ramloop[1].ram.r/prim_noinit.ram/addra[2]) which is driven by a register (gbtExmplDsgn_inst/gbtBank/gbtTx_param_pacakge_src_gen.gbtTx_gen[1].gbtTx/txGearbox/txGearboxStd_gen.txGearboxStd/readWriteControl/writeAddress_reg[2]) that has an active asychronous set or reset. This may cause corruption of the memory contents and/or read values when the set/reset is asserted and is not analyzed by the default static timing analysis. It is suggested to eliminate the use of a set/reset to registers driving this RAMB pin or else use a synchronous reset in which the assertion of the reset is timed by default.
Related violations: <none>

REQP-1839#27 Warning
RAMB36 async control check  
The RAMB36E1 gbtExmplDsgn_inst/gbtBank/gbtTx_param_pacakge_src_gen.gbtTx_gen[1].gbtTx/txGearbox/txGearboxStd_gen.txGearboxStd/dpram/dpram/U0/inst_blk_mem_gen/gnativebmg.native_blk_mem_gen/valid.cstr/ramloop[2].ram.r/prim_noinit.ram/DEVICE_7SERIES.NO_BMM_INFO.SDP.WIDE_PRIM36_NO_ECC.ram has an input control pin gbtExmplDsgn_inst/gbtBank/gbtTx_param_pacakge_src_gen.gbtTx_gen[1].gbtTx/txGearbox/txGearboxStd_gen.txGearboxStd/dpram/dpram/U0/inst_blk_mem_gen/gnativebmg.native_blk_mem_gen/valid.cstr/ramloop[2].ram.r/prim_noinit.ram/DEVICE_7SERIES.NO_BMM_INFO.SDP.WIDE_PRIM36_NO_ECC.ram/ADDRARDADDR[4] (net: gbtExmplDsgn_inst/gbtBank/gbtTx_param_pacakge_src_gen.gbtTx_gen[1].gbtTx/txGearbox/txGearboxStd_gen.txGearboxStd/dpram/dpram/U0/inst_blk_mem_gen/gnativebmg.native_blk_mem_gen/valid.cstr/ramloop[2].ram.r/prim_noinit.ram/addrb[0]) which is driven by a register (gbtExmplDsgn_inst/gbtBank/gbtTx_param_pacakge_src_gen.gbtTx_gen[1].gbtTx/txGearbox/txGearboxStd_gen.txGearboxStd/readWriteControl/readAddrCtrl40b_gen.readAddress_reg[0]) that has an active asychronous set or reset. This may cause corruption of the memory contents and/or read values when the set/reset is asserted and is not analyzed by the default static timing analysis. It is suggested to eliminate the use of a set/reset to registers driving this RAMB pin or else use a synchronous reset in which the assertion of the reset is timed by default.
Related violations: <none>

REQP-1839#28 Warning
RAMB36 async control check  
The RAMB36E1 gbtExmplDsgn_inst/gbtBank/gbtTx_param_pacakge_src_gen.gbtTx_gen[1].gbtTx/txGearbox/txGearboxStd_gen.txGearboxStd/dpram/dpram/U0/inst_blk_mem_gen/gnativebmg.native_blk_mem_gen/valid.cstr/ramloop[2].ram.r/prim_noinit.ram/DEVICE_7SERIES.NO_BMM_INFO.SDP.WIDE_PRIM36_NO_ECC.ram has an input control pin gbtExmplDsgn_inst/gbtBank/gbtTx_param_pacakge_src_gen.gbtTx_gen[1].gbtTx/txGearbox/txGearboxStd_gen.txGearboxStd/dpram/dpram/U0/inst_blk_mem_gen/gnativebmg.native_blk_mem_gen/valid.cstr/ramloop[2].ram.r/prim_noinit.ram/DEVICE_7SERIES.NO_BMM_INFO.SDP.WIDE_PRIM36_NO_ECC.ram/ADDRARDADDR[5] (net: gbtExmplDsgn_inst/gbtBank/gbtTx_param_pacakge_src_gen.gbtTx_gen[1].gbtTx/txGearbox/txGearboxStd_gen.txGearboxStd/dpram/dpram/U0/inst_blk_mem_gen/gnativebmg.native_blk_mem_gen/valid.cstr/ramloop[2].ram.r/prim_noinit.ram/addrb[1]) which is driven by a register (gbtExmplDsgn_inst/gbtBank/gbtTx_param_pacakge_src_gen.gbtTx_gen[1].gbtTx/txGearbox/txGearboxStd_gen.txGearboxStd/readWriteControl/readAddrCtrl40b_gen.readAddress_reg[1]) that has an active asychronous set or reset. This may cause corruption of the memory contents and/or read values when the set/reset is asserted and is not analyzed by the default static timing analysis. It is suggested to eliminate the use of a set/reset to registers driving this RAMB pin or else use a synchronous reset in which the assertion of the reset is timed by default.
Related violations: <none>

REQP-1839#29 Warning
RAMB36 async control check  
The RAMB36E1 gbtExmplDsgn_inst/gbtBank/gbtTx_param_pacakge_src_gen.gbtTx_gen[1].gbtTx/txGearbox/txGearboxStd_gen.txGearboxStd/dpram/dpram/U0/inst_blk_mem_gen/gnativebmg.native_blk_mem_gen/valid.cstr/ramloop[2].ram.r/prim_noinit.ram/DEVICE_7SERIES.NO_BMM_INFO.SDP.WIDE_PRIM36_NO_ECC.ram has an input control pin gbtExmplDsgn_inst/gbtBank/gbtTx_param_pacakge_src_gen.gbtTx_gen[1].gbtTx/txGearbox/txGearboxStd_gen.txGearboxStd/dpram/dpram/U0/inst_blk_mem_gen/gnativebmg.native_blk_mem_gen/valid.cstr/ramloop[2].ram.r/prim_noinit.ram/DEVICE_7SERIES.NO_BMM_INFO.SDP.WIDE_PRIM36_NO_ECC.ram/ADDRARDADDR[6] (net: gbtExmplDsgn_inst/gbtBank/gbtTx_param_pacakge_src_gen.gbtTx_gen[1].gbtTx/txGearbox/txGearboxStd_gen.txGearboxStd/dpram/dpram/U0/inst_blk_mem_gen/gnativebmg.native_blk_mem_gen/valid.cstr/ramloop[2].ram.r/prim_noinit.ram/addrb[2]) which is driven by a register (gbtExmplDsgn_inst/gbtBank/gbtTx_param_pacakge_src_gen.gbtTx_gen[1].gbtTx/txGearbox/txGearboxStd_gen.txGearboxStd/readWriteControl/readAddrCtrl40b_gen.readAddress_reg[2]) that has an active asychronous set or reset. This may cause corruption of the memory contents and/or read values when the set/reset is asserted and is not analyzed by the default static timing analysis. It is suggested to eliminate the use of a set/reset to registers driving this RAMB pin or else use a synchronous reset in which the assertion of the reset is timed by default.
Related violations: <none>

REQP-1839#30 Warning
RAMB36 async control check  
The RAMB36E1 gbtExmplDsgn_inst/gbtBank/gbtTx_param_pacakge_src_gen.gbtTx_gen[1].gbtTx/txGearbox/txGearboxStd_gen.txGearboxStd/dpram/dpram/U0/inst_blk_mem_gen/gnativebmg.native_blk_mem_gen/valid.cstr/ramloop[2].ram.r/prim_noinit.ram/DEVICE_7SERIES.NO_BMM_INFO.SDP.WIDE_PRIM36_NO_ECC.ram has an input control pin gbtExmplDsgn_inst/gbtBank/gbtTx_param_pacakge_src_gen.gbtTx_gen[1].gbtTx/txGearbox/txGearboxStd_gen.txGearboxStd/dpram/dpram/U0/inst_blk_mem_gen/gnativebmg.native_blk_mem_gen/valid.cstr/ramloop[2].ram.r/prim_noinit.ram/DEVICE_7SERIES.NO_BMM_INFO.SDP.WIDE_PRIM36_NO_ECC.ram/ADDRARDADDR[7] (net: gbtExmplDsgn_inst/gbtBank/gbtTx_param_pacakge_src_gen.gbtTx_gen[1].gbtTx/txGearbox/txGearboxStd_gen.txGearboxStd/dpram/dpram/U0/inst_blk_mem_gen/gnativebmg.native_blk_mem_gen/valid.cstr/ramloop[2].ram.r/prim_noinit.ram/addrb[3]) which is driven by a register (gbtExmplDsgn_inst/gbtBank/gbtTx_param_pacakge_src_gen.gbtTx_gen[1].gbtTx/txGearbox/txGearboxStd_gen.txGearboxStd/readWriteControl/readAddrCtrl40b_gen.readAddress_reg[3]) that has an active asychronous set or reset. This may cause corruption of the memory contents and/or read values when the set/reset is asserted and is not analyzed by the default static timing analysis. It is suggested to eliminate the use of a set/reset to registers driving this RAMB pin or else use a synchronous reset in which the assertion of the reset is timed by default.
Related violations: <none>

REQP-1839#31 Warning
RAMB36 async control check  
The RAMB36E1 gbtExmplDsgn_inst/gbtBank/gbtTx_param_pacakge_src_gen.gbtTx_gen[1].gbtTx/txGearbox/txGearboxStd_gen.txGearboxStd/dpram/dpram/U0/inst_blk_mem_gen/gnativebmg.native_blk_mem_gen/valid.cstr/ramloop[2].ram.r/prim_noinit.ram/DEVICE_7SERIES.NO_BMM_INFO.SDP.WIDE_PRIM36_NO_ECC.ram has an input control pin gbtExmplDsgn_inst/gbtBank/gbtTx_param_pacakge_src_gen.gbtTx_gen[1].gbtTx/txGearbox/txGearboxStd_gen.txGearboxStd/dpram/dpram/U0/inst_blk_mem_gen/gnativebmg.native_blk_mem_gen/valid.cstr/ramloop[2].ram.r/prim_noinit.ram/DEVICE_7SERIES.NO_BMM_INFO.SDP.WIDE_PRIM36_NO_ECC.ram/ADDRARDADDR[8] (net: gbtExmplDsgn_inst/gbtBank/gbtTx_param_pacakge_src_gen.gbtTx_gen[1].gbtTx/txGearbox/txGearboxStd_gen.txGearboxStd/dpram/dpram/U0/inst_blk_mem_gen/gnativebmg.native_blk_mem_gen/valid.cstr/ramloop[2].ram.r/prim_noinit.ram/addrb[4]) which is driven by a register (gbtExmplDsgn_inst/gbtBank/gbtTx_param_pacakge_src_gen.gbtTx_gen[1].gbtTx/txGearbox/txGearboxStd_gen.txGearboxStd/readWriteControl/readAddrCtrl40b_gen.readAddress_reg[4]) that has an active asychronous set or reset. This may cause corruption of the memory contents and/or read values when the set/reset is asserted and is not analyzed by the default static timing analysis. It is suggested to eliminate the use of a set/reset to registers driving this RAMB pin or else use a synchronous reset in which the assertion of the reset is timed by default.
Related violations: <none>

REQP-1839#32 Warning
RAMB36 async control check  
The RAMB36E1 gbtExmplDsgn_inst/gbtBank/gbtTx_param_pacakge_src_gen.gbtTx_gen[1].gbtTx/txGearbox/txGearboxStd_gen.txGearboxStd/dpram/dpram/U0/inst_blk_mem_gen/gnativebmg.native_blk_mem_gen/valid.cstr/ramloop[2].ram.r/prim_noinit.ram/DEVICE_7SERIES.NO_BMM_INFO.SDP.WIDE_PRIM36_NO_ECC.ram has an input control pin gbtExmplDsgn_inst/gbtBank/gbtTx_param_pacakge_src_gen.gbtTx_gen[1].gbtTx/txGearbox/txGearboxStd_gen.txGearboxStd/dpram/dpram/U0/inst_blk_mem_gen/gnativebmg.native_blk_mem_gen/valid.cstr/ramloop[2].ram.r/prim_noinit.ram/DEVICE_7SERIES.NO_BMM_INFO.SDP.WIDE_PRIM36_NO_ECC.ram/ADDRBWRADDR[6] (net: gbtExmplDsgn_inst/gbtBank/gbtTx_param_pacakge_src_gen.gbtTx_gen[1].gbtTx/txGearbox/txGearboxStd_gen.txGearboxStd/dpram/dpram/U0/inst_blk_mem_gen/gnativebmg.native_blk_mem_gen/valid.cstr/ramloop[2].ram.r/prim_noinit.ram/addra[0]) which is driven by a register (gbtExmplDsgn_inst/gbtBank/gbtTx_param_pacakge_src_gen.gbtTx_gen[1].gbtTx/txGearbox/txGearboxStd_gen.txGearboxStd/readWriteControl/writeAddress_reg[0]) that has an active asychronous set or reset. This may cause corruption of the memory contents and/or read values when the set/reset is asserted and is not analyzed by the default static timing analysis. It is suggested to eliminate the use of a set/reset to registers driving this RAMB pin or else use a synchronous reset in which the assertion of the reset is timed by default.
Related violations: <none>

REQP-1839#33 Warning
RAMB36 async control check  
The RAMB36E1 gbtExmplDsgn_inst/gbtBank/gbtTx_param_pacakge_src_gen.gbtTx_gen[1].gbtTx/txGearbox/txGearboxStd_gen.txGearboxStd/dpram/dpram/U0/inst_blk_mem_gen/gnativebmg.native_blk_mem_gen/valid.cstr/ramloop[2].ram.r/prim_noinit.ram/DEVICE_7SERIES.NO_BMM_INFO.SDP.WIDE_PRIM36_NO_ECC.ram has an input control pin gbtExmplDsgn_inst/gbtBank/gbtTx_param_pacakge_src_gen.gbtTx_gen[1].gbtTx/txGearbox/txGearboxStd_gen.txGearboxStd/dpram/dpram/U0/inst_blk_mem_gen/gnativebmg.native_blk_mem_gen/valid.cstr/ramloop[2].ram.r/prim_noinit.ram/DEVICE_7SERIES.NO_BMM_INFO.SDP.WIDE_PRIM36_NO_ECC.ram/ADDRBWRADDR[7] (net: gbtExmplDsgn_inst/gbtBank/gbtTx_param_pacakge_src_gen.gbtTx_gen[1].gbtTx/txGearbox/txGearboxStd_gen.txGearboxStd/dpram/dpram/U0/inst_blk_mem_gen/gnativebmg.native_blk_mem_gen/valid.cstr/ramloop[2].ram.r/prim_noinit.ram/addra[1]) which is driven by a register (gbtExmplDsgn_inst/gbtBank/gbtTx_param_pacakge_src_gen.gbtTx_gen[1].gbtTx/txGearbox/txGearboxStd_gen.txGearboxStd/readWriteControl/writeAddress_reg[1]) that has an active asychronous set or reset. This may cause corruption of the memory contents and/or read values when the set/reset is asserted and is not analyzed by the default static timing analysis. It is suggested to eliminate the use of a set/reset to registers driving this RAMB pin or else use a synchronous reset in which the assertion of the reset is timed by default.
Related violations: <none>

REQP-1839#34 Warning
RAMB36 async control check  
The RAMB36E1 gbtExmplDsgn_inst/gbtBank/gbtTx_param_pacakge_src_gen.gbtTx_gen[1].gbtTx/txGearbox/txGearboxStd_gen.txGearboxStd/dpram/dpram/U0/inst_blk_mem_gen/gnativebmg.native_blk_mem_gen/valid.cstr/ramloop[2].ram.r/prim_noinit.ram/DEVICE_7SERIES.NO_BMM_INFO.SDP.WIDE_PRIM36_NO_ECC.ram has an input control pin gbtExmplDsgn_inst/gbtBank/gbtTx_param_pacakge_src_gen.gbtTx_gen[1].gbtTx/txGearbox/txGearboxStd_gen.txGearboxStd/dpram/dpram/U0/inst_blk_mem_gen/gnativebmg.native_blk_mem_gen/valid.cstr/ramloop[2].ram.r/prim_noinit.ram/DEVICE_7SERIES.NO_BMM_INFO.SDP.WIDE_PRIM36_NO_ECC.ram/ADDRBWRADDR[8] (net: gbtExmplDsgn_inst/gbtBank/gbtTx_param_pacakge_src_gen.gbtTx_gen[1].gbtTx/txGearbox/txGearboxStd_gen.txGearboxStd/dpram/dpram/U0/inst_blk_mem_gen/gnativebmg.native_blk_mem_gen/valid.cstr/ramloop[2].ram.r/prim_noinit.ram/addra[2]) which is driven by a register (gbtExmplDsgn_inst/gbtBank/gbtTx_param_pacakge_src_gen.gbtTx_gen[1].gbtTx/txGearbox/txGearboxStd_gen.txGearboxStd/readWriteControl/writeAddress_reg[2]) that has an active asychronous set or reset. This may cause corruption of the memory contents and/or read values when the set/reset is asserted and is not analyzed by the default static timing analysis. It is suggested to eliminate the use of a set/reset to registers driving this RAMB pin or else use a synchronous reset in which the assertion of the reset is timed by default.
Related violations: <none>

REQP-1840#1 Warning
RAMB18 async control check  
The RAMB18E1 gbtExmplDsgn_inst/gbtBank/gbtRx_param_package_src_gen.gbtRx_gen[1].gbtRx/rxGearbox/rxGearboxStd_gen.rxGearboxStd/dpram/dpram/U0/inst_blk_mem_gen/gnativebmg.native_blk_mem_gen/valid.cstr/ramloop[0].ram.r/prim_noinit.ram/DEVICE_7SERIES.NO_BMM_INFO.SDP.WIDE_PRIM18_sp.ram has an input control pin gbtExmplDsgn_inst/gbtBank/gbtRx_param_package_src_gen.gbtRx_gen[1].gbtRx/rxGearbox/rxGearboxStd_gen.rxGearboxStd/dpram/dpram/U0/inst_blk_mem_gen/gnativebmg.native_blk_mem_gen/valid.cstr/ramloop[0].ram.r/prim_noinit.ram/DEVICE_7SERIES.NO_BMM_INFO.SDP.WIDE_PRIM18_sp.ram/ADDRARDADDR[5] (net: gbtExmplDsgn_inst/gbtBank/gbtRx_param_package_src_gen.gbtRx_gen[1].gbtRx/rxGearbox/rxGearboxStd_gen.rxGearboxStd/dpram/dpram/U0/inst_blk_mem_gen/gnativebmg.native_blk_mem_gen/valid.cstr/ramloop[0].ram.r/prim_noinit.ram/addrb[0]) which is driven by a register (gbtExmplDsgn_inst/gbtBank/gbtRx_param_package_src_gen.gbtRx_gen[1].gbtRx/rxGearbox/rxGearboxStd_gen.rxGearboxStd/readControl/READ_ADDRESS_O_reg[0]) that has an active asychronous set or reset. This may cause corruption of the memory contents and/or read values when the set/reset is asserted and is not analyzed by the default static timing analysis. It is suggested to eliminate the use of a set/reset to registers driving this RAMB pin or else use a synchronous reset in which the assertion of the reset is timed by default.
Related violations: <none>

REQP-1840#2 Warning
RAMB18 async control check  
The RAMB18E1 gbtExmplDsgn_inst/gbtBank/gbtRx_param_package_src_gen.gbtRx_gen[1].gbtRx/rxGearbox/rxGearboxStd_gen.rxGearboxStd/dpram/dpram/U0/inst_blk_mem_gen/gnativebmg.native_blk_mem_gen/valid.cstr/ramloop[0].ram.r/prim_noinit.ram/DEVICE_7SERIES.NO_BMM_INFO.SDP.WIDE_PRIM18_sp.ram has an input control pin gbtExmplDsgn_inst/gbtBank/gbtRx_param_package_src_gen.gbtRx_gen[1].gbtRx/rxGearbox/rxGearboxStd_gen.rxGearboxStd/dpram/dpram/U0/inst_blk_mem_gen/gnativebmg.native_blk_mem_gen/valid.cstr/ramloop[0].ram.r/prim_noinit.ram/DEVICE_7SERIES.NO_BMM_INFO.SDP.WIDE_PRIM18_sp.ram/ADDRARDADDR[6] (net: gbtExmplDsgn_inst/gbtBank/gbtRx_param_package_src_gen.gbtRx_gen[1].gbtRx/rxGearbox/rxGearboxStd_gen.rxGearboxStd/dpram/dpram/U0/inst_blk_mem_gen/gnativebmg.native_blk_mem_gen/valid.cstr/ramloop[0].ram.r/prim_noinit.ram/addrb[1]) which is driven by a register (gbtExmplDsgn_inst/gbtBank/gbtRx_param_package_src_gen.gbtRx_gen[1].gbtRx/rxGearbox/rxGearboxStd_gen.rxGearboxStd/readControl/READ_ADDRESS_O_reg[1]) that has an active asychronous set or reset. This may cause corruption of the memory contents and/or read values when the set/reset is asserted and is not analyzed by the default static timing analysis. It is suggested to eliminate the use of a set/reset to registers driving this RAMB pin or else use a synchronous reset in which the assertion of the reset is timed by default.
Related violations: <none>

REQP-1840#3 Warning
RAMB18 async control check  
The RAMB18E1 gbtExmplDsgn_inst/gbtBank/gbtRx_param_package_src_gen.gbtRx_gen[1].gbtRx/rxGearbox/rxGearboxStd_gen.rxGearboxStd/dpram/dpram/U0/inst_blk_mem_gen/gnativebmg.native_blk_mem_gen/valid.cstr/ramloop[0].ram.r/prim_noinit.ram/DEVICE_7SERIES.NO_BMM_INFO.SDP.WIDE_PRIM18_sp.ram has an input control pin gbtExmplDsgn_inst/gbtBank/gbtRx_param_package_src_gen.gbtRx_gen[1].gbtRx/rxGearbox/rxGearboxStd_gen.rxGearboxStd/dpram/dpram/U0/inst_blk_mem_gen/gnativebmg.native_blk_mem_gen/valid.cstr/ramloop[0].ram.r/prim_noinit.ram/DEVICE_7SERIES.NO_BMM_INFO.SDP.WIDE_PRIM18_sp.ram/ADDRARDADDR[7] (net: gbtExmplDsgn_inst/gbtBank/gbtRx_param_package_src_gen.gbtRx_gen[1].gbtRx/rxGearbox/rxGearboxStd_gen.rxGearboxStd/dpram/dpram/U0/inst_blk_mem_gen/gnativebmg.native_blk_mem_gen/valid.cstr/ramloop[0].ram.r/prim_noinit.ram/addrb[2]) which is driven by a register (gbtExmplDsgn_inst/gbtBank/gbtRx_param_package_src_gen.gbtRx_gen[1].gbtRx/rxGearbox/rxGearboxStd_gen.rxGearboxStd/readControl/READ_ADDRESS_O_reg[2]) that has an active asychronous set or reset. This may cause corruption of the memory contents and/or read values when the set/reset is asserted and is not analyzed by the default static timing analysis. It is suggested to eliminate the use of a set/reset to registers driving this RAMB pin or else use a synchronous reset in which the assertion of the reset is timed by default.
Related violations: <none>

REQP-1840#4 Warning
RAMB18 async control check  
The RAMB18E1 gbtExmplDsgn_inst/gbtBank/gbtRx_param_package_src_gen.gbtRx_gen[1].gbtRx/rxGearbox/rxGearboxStd_gen.rxGearboxStd/dpram/dpram/U0/inst_blk_mem_gen/gnativebmg.native_blk_mem_gen/valid.cstr/ramloop[0].ram.r/prim_noinit.ram/DEVICE_7SERIES.NO_BMM_INFO.SDP.WIDE_PRIM18_sp.ram has an input control pin gbtExmplDsgn_inst/gbtBank/gbtRx_param_package_src_gen.gbtRx_gen[1].gbtRx/rxGearbox/rxGearboxStd_gen.rxGearboxStd/dpram/dpram/U0/inst_blk_mem_gen/gnativebmg.native_blk_mem_gen/valid.cstr/ramloop[0].ram.r/prim_noinit.ram/DEVICE_7SERIES.NO_BMM_INFO.SDP.WIDE_PRIM18_sp.ram/ADDRBWRADDR[3] (net: gbtExmplDsgn_inst/gbtBank/gbtRx_param_package_src_gen.gbtRx_gen[1].gbtRx/rxGearbox/rxGearboxStd_gen.rxGearboxStd/dpram/dpram/U0/inst_blk_mem_gen/gnativebmg.native_blk_mem_gen/valid.cstr/ramloop[0].ram.r/prim_noinit.ram/addra[0]) which is driven by a register (gbtExmplDsgn_inst/gbtBank/gbtRx_param_package_src_gen.gbtRx_gen[1].gbtRx/frameAligner/writeAddressCtrl/writeAddr40b_gen.gbWriteAddress_reg[0]) that has an active asychronous set or reset. This may cause corruption of the memory contents and/or read values when the set/reset is asserted and is not analyzed by the default static timing analysis. It is suggested to eliminate the use of a set/reset to registers driving this RAMB pin or else use a synchronous reset in which the assertion of the reset is timed by default.
Related violations: <none>

REQP-1840#5 Warning
RAMB18 async control check  
The RAMB18E1 gbtExmplDsgn_inst/gbtBank/gbtRx_param_package_src_gen.gbtRx_gen[1].gbtRx/rxGearbox/rxGearboxStd_gen.rxGearboxStd/dpram/dpram/U0/inst_blk_mem_gen/gnativebmg.native_blk_mem_gen/valid.cstr/ramloop[0].ram.r/prim_noinit.ram/DEVICE_7SERIES.NO_BMM_INFO.SDP.WIDE_PRIM18_sp.ram has an input control pin gbtExmplDsgn_inst/gbtBank/gbtRx_param_package_src_gen.gbtRx_gen[1].gbtRx/rxGearbox/rxGearboxStd_gen.rxGearboxStd/dpram/dpram/U0/inst_blk_mem_gen/gnativebmg.native_blk_mem_gen/valid.cstr/ramloop[0].ram.r/prim_noinit.ram/DEVICE_7SERIES.NO_BMM_INFO.SDP.WIDE_PRIM18_sp.ram/ADDRBWRADDR[4] (net: gbtExmplDsgn_inst/gbtBank/gbtRx_param_package_src_gen.gbtRx_gen[1].gbtRx/rxGearbox/rxGearboxStd_gen.rxGearboxStd/dpram/dpram/U0/inst_blk_mem_gen/gnativebmg.native_blk_mem_gen/valid.cstr/ramloop[0].ram.r/prim_noinit.ram/addra[1]) which is driven by a register (gbtExmplDsgn_inst/gbtBank/gbtRx_param_package_src_gen.gbtRx_gen[1].gbtRx/frameAligner/writeAddressCtrl/writeAddr40b_gen.gbWriteAddress_reg[1]) that has an active asychronous set or reset. This may cause corruption of the memory contents and/or read values when the set/reset is asserted and is not analyzed by the default static timing analysis. It is suggested to eliminate the use of a set/reset to registers driving this RAMB pin or else use a synchronous reset in which the assertion of the reset is timed by default.
Related violations: <none>

REQP-1840#6 Warning
RAMB18 async control check  
The RAMB18E1 gbtExmplDsgn_inst/gbtBank/gbtRx_param_package_src_gen.gbtRx_gen[1].gbtRx/rxGearbox/rxGearboxStd_gen.rxGearboxStd/dpram/dpram/U0/inst_blk_mem_gen/gnativebmg.native_blk_mem_gen/valid.cstr/ramloop[0].ram.r/prim_noinit.ram/DEVICE_7SERIES.NO_BMM_INFO.SDP.WIDE_PRIM18_sp.ram has an input control pin gbtExmplDsgn_inst/gbtBank/gbtRx_param_package_src_gen.gbtRx_gen[1].gbtRx/rxGearbox/rxGearboxStd_gen.rxGearboxStd/dpram/dpram/U0/inst_blk_mem_gen/gnativebmg.native_blk_mem_gen/valid.cstr/ramloop[0].ram.r/prim_noinit.ram/DEVICE_7SERIES.NO_BMM_INFO.SDP.WIDE_PRIM18_sp.ram/ADDRBWRADDR[5] (net: gbtExmplDsgn_inst/gbtBank/gbtRx_param_package_src_gen.gbtRx_gen[1].gbtRx/rxGearbox/rxGearboxStd_gen.rxGearboxStd/dpram/dpram/U0/inst_blk_mem_gen/gnativebmg.native_blk_mem_gen/valid.cstr/ramloop[0].ram.r/prim_noinit.ram/addra[2]) which is driven by a register (gbtExmplDsgn_inst/gbtBank/gbtRx_param_package_src_gen.gbtRx_gen[1].gbtRx/frameAligner/writeAddressCtrl/writeAddr40b_gen.gbWriteAddress_reg[2]) that has an active asychronous set or reset. This may cause corruption of the memory contents and/or read values when the set/reset is asserted and is not analyzed by the default static timing analysis. It is suggested to eliminate the use of a set/reset to registers driving this RAMB pin or else use a synchronous reset in which the assertion of the reset is timed by default.
Related violations: <none>

REQP-1840#7 Warning
RAMB18 async control check  
The RAMB18E1 gbtExmplDsgn_inst/gbtBank/gbtRx_param_package_src_gen.gbtRx_gen[1].gbtRx/rxGearbox/rxGearboxStd_gen.rxGearboxStd/dpram/dpram/U0/inst_blk_mem_gen/gnativebmg.native_blk_mem_gen/valid.cstr/ramloop[0].ram.r/prim_noinit.ram/DEVICE_7SERIES.NO_BMM_INFO.SDP.WIDE_PRIM18_sp.ram has an input control pin gbtExmplDsgn_inst/gbtBank/gbtRx_param_package_src_gen.gbtRx_gen[1].gbtRx/rxGearbox/rxGearboxStd_gen.rxGearboxStd/dpram/dpram/U0/inst_blk_mem_gen/gnativebmg.native_blk_mem_gen/valid.cstr/ramloop[0].ram.r/prim_noinit.ram/DEVICE_7SERIES.NO_BMM_INFO.SDP.WIDE_PRIM18_sp.ram/ADDRBWRADDR[6] (net: gbtExmplDsgn_inst/gbtBank/gbtRx_param_package_src_gen.gbtRx_gen[1].gbtRx/rxGearbox/rxGearboxStd_gen.rxGearboxStd/dpram/dpram/U0/inst_blk_mem_gen/gnativebmg.native_blk_mem_gen/valid.cstr/ramloop[0].ram.r/prim_noinit.ram/addra[3]) which is driven by a register (gbtExmplDsgn_inst/gbtBank/gbtRx_param_package_src_gen.gbtRx_gen[1].gbtRx/frameAligner/writeAddressCtrl/writeAddr40b_gen.gbWriteAddress_reg[3]) that has an active asychronous set or reset. This may cause corruption of the memory contents and/or read values when the set/reset is asserted and is not analyzed by the default static timing analysis. It is suggested to eliminate the use of a set/reset to registers driving this RAMB pin or else use a synchronous reset in which the assertion of the reset is timed by default.
Related violations: <none>

REQP-1840#8 Warning
RAMB18 async control check  
The RAMB18E1 gbtExmplDsgn_inst/gbtBank/gbtRx_param_package_src_gen.gbtRx_gen[1].gbtRx/rxGearbox/rxGearboxStd_gen.rxGearboxStd/dpram/dpram/U0/inst_blk_mem_gen/gnativebmg.native_blk_mem_gen/valid.cstr/ramloop[0].ram.r/prim_noinit.ram/DEVICE_7SERIES.NO_BMM_INFO.SDP.WIDE_PRIM18_sp.ram has an input control pin gbtExmplDsgn_inst/gbtBank/gbtRx_param_package_src_gen.gbtRx_gen[1].gbtRx/rxGearbox/rxGearboxStd_gen.rxGearboxStd/dpram/dpram/U0/inst_blk_mem_gen/gnativebmg.native_blk_mem_gen/valid.cstr/ramloop[0].ram.r/prim_noinit.ram/DEVICE_7SERIES.NO_BMM_INFO.SDP.WIDE_PRIM18_sp.ram/ADDRBWRADDR[7] (net: gbtExmplDsgn_inst/gbtBank/gbtRx_param_package_src_gen.gbtRx_gen[1].gbtRx/rxGearbox/rxGearboxStd_gen.rxGearboxStd/dpram/dpram/U0/inst_blk_mem_gen/gnativebmg.native_blk_mem_gen/valid.cstr/ramloop[0].ram.r/prim_noinit.ram/addra[4]) which is driven by a register (gbtExmplDsgn_inst/gbtBank/gbtRx_param_package_src_gen.gbtRx_gen[1].gbtRx/frameAligner/writeAddressCtrl/writeAddr40b_gen.gbWriteAddress_reg[4]) that has an active asychronous set or reset. This may cause corruption of the memory contents and/or read values when the set/reset is asserted and is not analyzed by the default static timing analysis. It is suggested to eliminate the use of a set/reset to registers driving this RAMB pin or else use a synchronous reset in which the assertion of the reset is timed by default.
Related violations: <none>

REQP-1840#9 Warning
RAMB18 async control check  
The RAMB18E1 gbtExmplDsgn_inst/gbtBank/gbtRx_param_package_src_gen.gbtRx_gen[1].gbtRx/rxGearbox/rxGearboxStd_gen.rxGearboxStd/dpram/dpram/U0/inst_blk_mem_gen/gnativebmg.native_blk_mem_gen/valid.cstr/ramloop[0].ram.r/prim_noinit.ram/DEVICE_7SERIES.NO_BMM_INFO.SDP.WIDE_PRIM18_sp.ram has an input control pin gbtExmplDsgn_inst/gbtBank/gbtRx_param_package_src_gen.gbtRx_gen[1].gbtRx/rxGearbox/rxGearboxStd_gen.rxGearboxStd/dpram/dpram/U0/inst_blk_mem_gen/gnativebmg.native_blk_mem_gen/valid.cstr/ramloop[0].ram.r/prim_noinit.ram/DEVICE_7SERIES.NO_BMM_INFO.SDP.WIDE_PRIM18_sp.ram/ENBWREN (net: gbtExmplDsgn_inst/gbtBank/gbtRx_param_package_src_gen.gbtRx_gen[1].gbtRx/rxGearbox/rxGearboxStd_gen.rxGearboxStd/dpram/dpram/U0/inst_blk_mem_gen/gnativebmg.native_blk_mem_gen/valid.cstr/ramloop[0].ram.r/prim_noinit.ram/wea[0]) which is driven by a register (gbtExmplDsgn_inst/gbtBank/gbtRx_param_package_src_gen.gbtRx_gen[1].gbtRx/frameAligner/patternSearch/headerLocked_reg) that has an active asychronous set or reset. This may cause corruption of the memory contents and/or read values when the set/reset is asserted and is not analyzed by the default static timing analysis. It is suggested to eliminate the use of a set/reset to registers driving this RAMB pin or else use a synchronous reset in which the assertion of the reset is timed by default.
Related violations: <none>

REQP-1840#10 Warning
RAMB18 async control check  
The RAMB18E1 gbtExmplDsgn_inst/gbtBank/gbtTx_param_pacakge_src_gen.gbtTx_gen[1].gbtTx/txGearbox/txGearboxStd_gen.txGearboxStd/dpram/dpram/U0/inst_blk_mem_gen/gnativebmg.native_blk_mem_gen/valid.cstr/ramloop[0].ram.r/prim_noinit.ram/DEVICE_7SERIES.NO_BMM_INFO.SDP.WIDE_PRIM18.ram has an input control pin gbtExmplDsgn_inst/gbtBank/gbtTx_param_pacakge_src_gen.gbtTx_gen[1].gbtTx/txGearbox/txGearboxStd_gen.txGearboxStd/dpram/dpram/U0/inst_blk_mem_gen/gnativebmg.native_blk_mem_gen/valid.cstr/ramloop[0].ram.r/prim_noinit.ram/DEVICE_7SERIES.NO_BMM_INFO.SDP.WIDE_PRIM18.ram/ADDRARDADDR[3] (net: gbtExmplDsgn_inst/gbtBank/gbtTx_param_pacakge_src_gen.gbtTx_gen[1].gbtTx/txGearbox/txGearboxStd_gen.txGearboxStd/dpram/dpram/U0/inst_blk_mem_gen/gnativebmg.native_blk_mem_gen/valid.cstr/ramloop[0].ram.r/prim_noinit.ram/addrb[0]) which is driven by a register (gbtExmplDsgn_inst/gbtBank/gbtTx_param_pacakge_src_gen.gbtTx_gen[1].gbtTx/txGearbox/txGearboxStd_gen.txGearboxStd/readWriteControl/readAddrCtrl40b_gen.readAddress_reg[0]) that has an active asychronous set or reset. This may cause corruption of the memory contents and/or read values when the set/reset is asserted and is not analyzed by the default static timing analysis. It is suggested to eliminate the use of a set/reset to registers driving this RAMB pin or else use a synchronous reset in which the assertion of the reset is timed by default.
Related violations: <none>

REQP-1840#11 Warning
RAMB18 async control check  
The RAMB18E1 gbtExmplDsgn_inst/gbtBank/gbtTx_param_pacakge_src_gen.gbtTx_gen[1].gbtTx/txGearbox/txGearboxStd_gen.txGearboxStd/dpram/dpram/U0/inst_blk_mem_gen/gnativebmg.native_blk_mem_gen/valid.cstr/ramloop[0].ram.r/prim_noinit.ram/DEVICE_7SERIES.NO_BMM_INFO.SDP.WIDE_PRIM18.ram has an input control pin gbtExmplDsgn_inst/gbtBank/gbtTx_param_pacakge_src_gen.gbtTx_gen[1].gbtTx/txGearbox/txGearboxStd_gen.txGearboxStd/dpram/dpram/U0/inst_blk_mem_gen/gnativebmg.native_blk_mem_gen/valid.cstr/ramloop[0].ram.r/prim_noinit.ram/DEVICE_7SERIES.NO_BMM_INFO.SDP.WIDE_PRIM18.ram/ADDRARDADDR[4] (net: gbtExmplDsgn_inst/gbtBank/gbtTx_param_pacakge_src_gen.gbtTx_gen[1].gbtTx/txGearbox/txGearboxStd_gen.txGearboxStd/dpram/dpram/U0/inst_blk_mem_gen/gnativebmg.native_blk_mem_gen/valid.cstr/ramloop[0].ram.r/prim_noinit.ram/addrb[1]) which is driven by a register (gbtExmplDsgn_inst/gbtBank/gbtTx_param_pacakge_src_gen.gbtTx_gen[1].gbtTx/txGearbox/txGearboxStd_gen.txGearboxStd/readWriteControl/readAddrCtrl40b_gen.readAddress_reg[1]) that has an active asychronous set or reset. This may cause corruption of the memory contents and/or read values when the set/reset is asserted and is not analyzed by the default static timing analysis. It is suggested to eliminate the use of a set/reset to registers driving this RAMB pin or else use a synchronous reset in which the assertion of the reset is timed by default.
Related violations: <none>

REQP-1840#12 Warning
RAMB18 async control check  
The RAMB18E1 gbtExmplDsgn_inst/gbtBank/gbtTx_param_pacakge_src_gen.gbtTx_gen[1].gbtTx/txGearbox/txGearboxStd_gen.txGearboxStd/dpram/dpram/U0/inst_blk_mem_gen/gnativebmg.native_blk_mem_gen/valid.cstr/ramloop[0].ram.r/prim_noinit.ram/DEVICE_7SERIES.NO_BMM_INFO.SDP.WIDE_PRIM18.ram has an input control pin gbtExmplDsgn_inst/gbtBank/gbtTx_param_pacakge_src_gen.gbtTx_gen[1].gbtTx/txGearbox/txGearboxStd_gen.txGearboxStd/dpram/dpram/U0/inst_blk_mem_gen/gnativebmg.native_blk_mem_gen/valid.cstr/ramloop[0].ram.r/prim_noinit.ram/DEVICE_7SERIES.NO_BMM_INFO.SDP.WIDE_PRIM18.ram/ADDRARDADDR[5] (net: gbtExmplDsgn_inst/gbtBank/gbtTx_param_pacakge_src_gen.gbtTx_gen[1].gbtTx/txGearbox/txGearboxStd_gen.txGearboxStd/dpram/dpram/U0/inst_blk_mem_gen/gnativebmg.native_blk_mem_gen/valid.cstr/ramloop[0].ram.r/prim_noinit.ram/addrb[2]) which is driven by a register (gbtExmplDsgn_inst/gbtBank/gbtTx_param_pacakge_src_gen.gbtTx_gen[1].gbtTx/txGearbox/txGearboxStd_gen.txGearboxStd/readWriteControl/readAddrCtrl40b_gen.readAddress_reg[2]) that has an active asychronous set or reset. This may cause corruption of the memory contents and/or read values when the set/reset is asserted and is not analyzed by the default static timing analysis. It is suggested to eliminate the use of a set/reset to registers driving this RAMB pin or else use a synchronous reset in which the assertion of the reset is timed by default.
Related violations: <none>

REQP-1840#13 Warning
RAMB18 async control check  
The RAMB18E1 gbtExmplDsgn_inst/gbtBank/gbtTx_param_pacakge_src_gen.gbtTx_gen[1].gbtTx/txGearbox/txGearboxStd_gen.txGearboxStd/dpram/dpram/U0/inst_blk_mem_gen/gnativebmg.native_blk_mem_gen/valid.cstr/ramloop[0].ram.r/prim_noinit.ram/DEVICE_7SERIES.NO_BMM_INFO.SDP.WIDE_PRIM18.ram has an input control pin gbtExmplDsgn_inst/gbtBank/gbtTx_param_pacakge_src_gen.gbtTx_gen[1].gbtTx/txGearbox/txGearboxStd_gen.txGearboxStd/dpram/dpram/U0/inst_blk_mem_gen/gnativebmg.native_blk_mem_gen/valid.cstr/ramloop[0].ram.r/prim_noinit.ram/DEVICE_7SERIES.NO_BMM_INFO.SDP.WIDE_PRIM18.ram/ADDRARDADDR[6] (net: gbtExmplDsgn_inst/gbtBank/gbtTx_param_pacakge_src_gen.gbtTx_gen[1].gbtTx/txGearbox/txGearboxStd_gen.txGearboxStd/dpram/dpram/U0/inst_blk_mem_gen/gnativebmg.native_blk_mem_gen/valid.cstr/ramloop[0].ram.r/prim_noinit.ram/addrb[3]) which is driven by a register (gbtExmplDsgn_inst/gbtBank/gbtTx_param_pacakge_src_gen.gbtTx_gen[1].gbtTx/txGearbox/txGearboxStd_gen.txGearboxStd/readWriteControl/readAddrCtrl40b_gen.readAddress_reg[3]) that has an active asychronous set or reset. This may cause corruption of the memory contents and/or read values when the set/reset is asserted and is not analyzed by the default static timing analysis. It is suggested to eliminate the use of a set/reset to registers driving this RAMB pin or else use a synchronous reset in which the assertion of the reset is timed by default.
Related violations: <none>

REQP-1840#14 Warning
RAMB18 async control check  
The RAMB18E1 gbtExmplDsgn_inst/gbtBank/gbtTx_param_pacakge_src_gen.gbtTx_gen[1].gbtTx/txGearbox/txGearboxStd_gen.txGearboxStd/dpram/dpram/U0/inst_blk_mem_gen/gnativebmg.native_blk_mem_gen/valid.cstr/ramloop[0].ram.r/prim_noinit.ram/DEVICE_7SERIES.NO_BMM_INFO.SDP.WIDE_PRIM18.ram has an input control pin gbtExmplDsgn_inst/gbtBank/gbtTx_param_pacakge_src_gen.gbtTx_gen[1].gbtTx/txGearbox/txGearboxStd_gen.txGearboxStd/dpram/dpram/U0/inst_blk_mem_gen/gnativebmg.native_blk_mem_gen/valid.cstr/ramloop[0].ram.r/prim_noinit.ram/DEVICE_7SERIES.NO_BMM_INFO.SDP.WIDE_PRIM18.ram/ADDRARDADDR[7] (net: gbtExmplDsgn_inst/gbtBank/gbtTx_param_pacakge_src_gen.gbtTx_gen[1].gbtTx/txGearbox/txGearboxStd_gen.txGearboxStd/dpram/dpram/U0/inst_blk_mem_gen/gnativebmg.native_blk_mem_gen/valid.cstr/ramloop[0].ram.r/prim_noinit.ram/addrb[4]) which is driven by a register (gbtExmplDsgn_inst/gbtBank/gbtTx_param_pacakge_src_gen.gbtTx_gen[1].gbtTx/txGearbox/txGearboxStd_gen.txGearboxStd/readWriteControl/readAddrCtrl40b_gen.readAddress_reg[4]) that has an active asychronous set or reset. This may cause corruption of the memory contents and/or read values when the set/reset is asserted and is not analyzed by the default static timing analysis. It is suggested to eliminate the use of a set/reset to registers driving this RAMB pin or else use a synchronous reset in which the assertion of the reset is timed by default.
Related violations: <none>

REQP-1840#15 Warning
RAMB18 async control check  
The RAMB18E1 gbtExmplDsgn_inst/gbtBank/gbtTx_param_pacakge_src_gen.gbtTx_gen[1].gbtTx/txGearbox/txGearboxStd_gen.txGearboxStd/dpram/dpram/U0/inst_blk_mem_gen/gnativebmg.native_blk_mem_gen/valid.cstr/ramloop[0].ram.r/prim_noinit.ram/DEVICE_7SERIES.NO_BMM_INFO.SDP.WIDE_PRIM18.ram has an input control pin gbtExmplDsgn_inst/gbtBank/gbtTx_param_pacakge_src_gen.gbtTx_gen[1].gbtTx/txGearbox/txGearboxStd_gen.txGearboxStd/dpram/dpram/U0/inst_blk_mem_gen/gnativebmg.native_blk_mem_gen/valid.cstr/ramloop[0].ram.r/prim_noinit.ram/DEVICE_7SERIES.NO_BMM_INFO.SDP.WIDE_PRIM18.ram/ADDRBWRADDR[5] (net: gbtExmplDsgn_inst/gbtBank/gbtTx_param_pacakge_src_gen.gbtTx_gen[1].gbtTx/txGearbox/txGearboxStd_gen.txGearboxStd/dpram/dpram/U0/inst_blk_mem_gen/gnativebmg.native_blk_mem_gen/valid.cstr/ramloop[0].ram.r/prim_noinit.ram/addra[0]) which is driven by a register (gbtExmplDsgn_inst/gbtBank/gbtTx_param_pacakge_src_gen.gbtTx_gen[1].gbtTx/txGearbox/txGearboxStd_gen.txGearboxStd/readWriteControl/writeAddress_reg[0]) that has an active asychronous set or reset. This may cause corruption of the memory contents and/or read values when the set/reset is asserted and is not analyzed by the default static timing analysis. It is suggested to eliminate the use of a set/reset to registers driving this RAMB pin or else use a synchronous reset in which the assertion of the reset is timed by default.
Related violations: <none>

REQP-1840#16 Warning
RAMB18 async control check  
The RAMB18E1 gbtExmplDsgn_inst/gbtBank/gbtTx_param_pacakge_src_gen.gbtTx_gen[1].gbtTx/txGearbox/txGearboxStd_gen.txGearboxStd/dpram/dpram/U0/inst_blk_mem_gen/gnativebmg.native_blk_mem_gen/valid.cstr/ramloop[0].ram.r/prim_noinit.ram/DEVICE_7SERIES.NO_BMM_INFO.SDP.WIDE_PRIM18.ram has an input control pin gbtExmplDsgn_inst/gbtBank/gbtTx_param_pacakge_src_gen.gbtTx_gen[1].gbtTx/txGearbox/txGearboxStd_gen.txGearboxStd/dpram/dpram/U0/inst_blk_mem_gen/gnativebmg.native_blk_mem_gen/valid.cstr/ramloop[0].ram.r/prim_noinit.ram/DEVICE_7SERIES.NO_BMM_INFO.SDP.WIDE_PRIM18.ram/ADDRBWRADDR[6] (net: gbtExmplDsgn_inst/gbtBank/gbtTx_param_pacakge_src_gen.gbtTx_gen[1].gbtTx/txGearbox/txGearboxStd_gen.txGearboxStd/dpram/dpram/U0/inst_blk_mem_gen/gnativebmg.native_blk_mem_gen/valid.cstr/ramloop[0].ram.r/prim_noinit.ram/addra[1]) which is driven by a register (gbtExmplDsgn_inst/gbtBank/gbtTx_param_pacakge_src_gen.gbtTx_gen[1].gbtTx/txGearbox/txGearboxStd_gen.txGearboxStd/readWriteControl/writeAddress_reg[1]) that has an active asychronous set or reset. This may cause corruption of the memory contents and/or read values when the set/reset is asserted and is not analyzed by the default static timing analysis. It is suggested to eliminate the use of a set/reset to registers driving this RAMB pin or else use a synchronous reset in which the assertion of the reset is timed by default.
Related violations: <none>

REQP-1840#17 Warning
RAMB18 async control check  
The RAMB18E1 gbtExmplDsgn_inst/gbtBank/gbtTx_param_pacakge_src_gen.gbtTx_gen[1].gbtTx/txGearbox/txGearboxStd_gen.txGearboxStd/dpram/dpram/U0/inst_blk_mem_gen/gnativebmg.native_blk_mem_gen/valid.cstr/ramloop[0].ram.r/prim_noinit.ram/DEVICE_7SERIES.NO_BMM_INFO.SDP.WIDE_PRIM18.ram has an input control pin gbtExmplDsgn_inst/gbtBank/gbtTx_param_pacakge_src_gen.gbtTx_gen[1].gbtTx/txGearbox/txGearboxStd_gen.txGearboxStd/dpram/dpram/U0/inst_blk_mem_gen/gnativebmg.native_blk_mem_gen/valid.cstr/ramloop[0].ram.r/prim_noinit.ram/DEVICE_7SERIES.NO_BMM_INFO.SDP.WIDE_PRIM18.ram/ADDRBWRADDR[7] (net: gbtExmplDsgn_inst/gbtBank/gbtTx_param_pacakge_src_gen.gbtTx_gen[1].gbtTx/txGearbox/txGearboxStd_gen.txGearboxStd/dpram/dpram/U0/inst_blk_mem_gen/gnativebmg.native_blk_mem_gen/valid.cstr/ramloop[0].ram.r/prim_noinit.ram/addra[2]) which is driven by a register (gbtExmplDsgn_inst/gbtBank/gbtTx_param_pacakge_src_gen.gbtTx_gen[1].gbtTx/txGearbox/txGearboxStd_gen.txGearboxStd/readWriteControl/writeAddress_reg[2]) that has an active asychronous set or reset. This may cause corruption of the memory contents and/or read values when the set/reset is asserted and is not analyzed by the default static timing analysis. It is suggested to eliminate the use of a set/reset to registers driving this RAMB pin or else use a synchronous reset in which the assertion of the reset is timed by default.
Related violations: <none>

RPBF-3#1 Warning
IO port buffering is incomplete  
Device port fmc_l12_spare[6] expects both input and output buffering but the buffers are incomplete.
Related violations: <none>

RPBF-3#2 Warning
IO port buffering is incomplete  
Device port fmc_l12_spare[7] expects both input and output buffering but the buffers are incomplete.
Related violations: <none>

RPBF-3#3 Warning
IO port buffering is incomplete  
Device port fmc_l8_la_p[0] expects both input and output buffering but the buffers are incomplete.
Related violations: <none>

RPBF-3#4 Warning
IO port buffering is incomplete  
Device port fmc_l8_la_p[10] expects both input and output buffering but the buffers are incomplete.
Related violations: <none>

RPBF-3#5 Warning
IO port buffering is incomplete  
Device port fmc_l8_la_p[2] expects both input and output buffering but the buffers are incomplete.
Related violations: <none>

RPBF-3#6 Warning
IO port buffering is incomplete  
Device port fmc_l8_la_p[4] expects both input and output buffering but the buffers are incomplete.
Related violations: <none>

RPBF-3#7 Warning
IO port buffering is incomplete  
Device port fmc_l8_la_p[6] expects both input and output buffering but the buffers are incomplete.
Related violations: <none>

RPBF-3#8 Warning
IO port buffering is incomplete  
Device port fmc_l8_la_p[8] expects both input and output buffering but the buffers are incomplete.
Related violations: <none>

RPBF-3#9 Warning
IO port buffering is incomplete  
Device port fmc_l8_spare[0] expects both input and output buffering but the buffers are incomplete.
Related violations: <none>

RPBF-3#10 Warning
IO port buffering is incomplete  
Device port fmc_l8_spare[10] expects both input and output buffering but the buffers are incomplete.
Related violations: <none>

RPBF-3#11 Warning
IO port buffering is incomplete  
Device port fmc_l8_spare[1] expects both input and output buffering but the buffers are incomplete.
Related violations: <none>

RPBF-3#12 Warning
IO port buffering is incomplete  
Device port fmc_l8_spare[2] expects both input and output buffering but the buffers are incomplete.
Related violations: <none>

RPBF-3#13 Warning
IO port buffering is incomplete  
Device port fmc_l8_spare[3] expects both input and output buffering but the buffers are incomplete.
Related violations: <none>

RPBF-3#14 Warning
IO port buffering is incomplete  
Device port fmc_l8_spare[4] expects both input and output buffering but the buffers are incomplete.
Related violations: <none>

RPBF-3#15 Warning
IO port buffering is incomplete  
Device port fmc_l8_spare[5] expects both input and output buffering but the buffers are incomplete.
Related violations: <none>

RPBF-3#16 Warning
IO port buffering is incomplete  
Device port fmc_l8_spare[8] expects both input and output buffering but the buffers are incomplete.
Related violations: <none>


