Release 14.5 Map P.58f (nt)
Xilinx Mapping Report File for Design 'dtc_fe'

Design Information
------------------
Command Line   : map -intstyle ise -p xc6vlx240t-ff1156-1 -w -logic_opt off -ol
high -t 1 -xt 0 -register_duplication off -r 4 -global_opt off -mt off -ir off
-pr off -lc off -power off -o dtc_fe_map.ncd dtc_fe.ngd dtc_fe.pcf 
Target Device  : xc6vlx240t
Target Package : ff1156
Target Speed   : -1
Mapper Version : virtex6 -- $Revision: 1.55 $
Mapped Date    : Fri Apr 22 12:35:52 2016

Design Summary
--------------
Number of errors:      0
Number of warnings:    3
Slice Logic Utilization:
  Number of Slice Registers:                 5,412 out of 301,440    1%
    Number used as Flip Flops:               5,410
    Number used as Latches:                      2
    Number used as Latch-thrus:                  0
    Number used as AND/OR logics:                0
  Number of Slice LUTs:                      2,739 out of 150,720    1%
    Number used as logic:                      442 out of 150,720    1%
      Number using O6 output only:             337
      Number using O5 output only:              71
      Number using O5 and O6:                   34
      Number used as ROM:                        0
    Number used as Memory:                   1,389 out of  58,400    2%
      Number used as Dual Port RAM:              0
      Number used as Single Port RAM:            0
      Number used as Shift Register:         1,389
        Number using O6 output only:           819
        Number using O5 output only:             1
        Number using O5 and O6:                569
    Number used exclusively as route-thrus:    908
      Number with same-slice register load:    900
      Number with same-slice carry load:         8
      Number with other load:                    0

Slice Logic Distribution:
  Number of occupied Slices:                 1,305 out of  37,680    3%
  Number of LUT Flip Flop pairs used:        4,564
    Number with an unused Flip Flop:           910 out of   4,564   19%
    Number with an unused LUT:               1,825 out of   4,564   39%
    Number of fully used LUT-FF pairs:       1,829 out of   4,564   40%
    Number of unique control sets:              68
    Number of slice register sites lost
      to control set restrictions:             302 out of 301,440    1%

  A LUT Flip Flop pair for this architecture represents one LUT paired with
  one Flip Flop within a slice.  A control set is a unique combination of
  clock, reset, set, and enable signals for a registered element.
  The Slice Logic Distribution report is not meaningful if the design is
  over-mapped for a non-slice resource or if Placement fails.
  OVERMAPPING of BRAM resources should be ignored if the design is
  over-mapped for a non-BRAM resource or if placement fails.

IO Utilization:
  Number of bonded IOBs:                         1 out of     600    1%
    Number of LOCed IOBs:                        1 out of       1  100%

Specific Feature Utilization:
  Number of RAMB36E1/FIFO36E1s:                 36 out of     416    8%
    Number using RAMB36E1 only:                 36
    Number using FIFO36E1 only:                  0
  Number of RAMB18E1/FIFO18E1s:                  3 out of     832    1%
    Number using RAMB18E1 only:                  3
    Number using FIFO18E1 only:                  0
  Number of BUFG/BUFGCTRLs:                      4 out of      32   12%
    Number used as BUFGs:                        4
    Number used as BUFGCTRLs:                    0
  Number of ILOGICE1/ISERDESE1s:                 0 out of     720    0%
  Number of OLOGICE1/OSERDESE1s:                 0 out of     720    0%
  Number of BSCANs:                              1 out of       4   25%
  Number of BUFHCEs:                             0 out of     144    0%
  Number of BUFIODQSs:                           0 out of      72    0%
  Number of BUFRs:                               0 out of      36    0%
  Number of CAPTUREs:                            0 out of       1    0%
  Number of DSP48E1s:                            0 out of     768    0%
  Number of EFUSE_USRs:                          0 out of       1    0%
  Number of FRAME_ECCs:                          0 out of       1    0%
  Number of GTXE1s:                              0 out of      20    0%
  Number of IBUFDS_GTXE1s:                       0 out of      12    0%
  Number of ICAPs:                               0 out of       2    0%
  Number of IDELAYCTRLs:                         0 out of      18    0%
  Number of IODELAYE1s:                          0 out of     720    0%
  Number of MMCM_ADVs:                           1 out of      12    8%
  Number of PCIE_2_0s:                           0 out of       2    0%
  Number of STARTUPs:                            1 out of       1  100%
  Number of SYSMONs:                             0 out of       1    0%
  Number of TEMAC_SINGLEs:                       0 out of       4    0%

  Number of RPM macros:            8
Average Fanout of Non-Clock Nets:                2.24

Peak Memory Usage:  600 MB
Total REAL time to MAP completion:  1 mins 24 secs 
Total CPU time to MAP completion:   1 mins 22 secs 

Table of Contents
-----------------
Section 1 - Errors
Section 2 - Warnings
Section 3 - Informational
Section 4 - Removed Logic Summary
Section 5 - Removed Logic
Section 6 - IOB Properties
Section 7 - RPMs
Section 8 - Guide Report
Section 9 - Area Group and Partition Summary
Section 10 - Timing Report
Section 11 - Configuration String Information
Section 12 - Control Set Information
Section 13 - Utilization by Hierarchy

Section 1 - Errors
------------------

Section 2 - Warnings
--------------------
WARNING:Pack:1653 - At least one timing constraint is impossible to meet because component delays alone exceed the constraint. A timing
   constraint summary below shows the failing constraints (preceded with an Asterisk (*)). Please use the Timing Analyzer (GUI) or TRCE
   (command line) with the Mapped NCD and PCF files to identify which constraints and paths are failing because of the component delays
   alone. If the failing path(s) is mapped to Xilinx components as expected, consider relaxing the constraint. If it is not mapped to
   components as expected, re-evaluate your HDL and how synthesis is optimizing the path. To allow the tools to bypass this error, set the
   environment variable XIL_TIMING_ALLOW_IMPOSSIBLE to 1.


   For more information about the Timing Analyzer, consult the Xilinx Timing Analyzer Reference manual; for more information on TRCE,
   consult the Xilinx Command Line Tools User Guide "TRACE" chapter.
WARNING:Place:914 - Local congestion has been detected at location
   SLICE_X57Y105. There is a limitation that if the CI or BI pin in a CLB is
   used, the DX/CX or AX/BX pin respectively cannot be driven by a BUFG. This
   will lead to an unroutable situation.  Please set environment variable
   XIL_PAR_ENABLE_CHKCIBIPINS to 1 and re-run placer.
WARNING:PhysDesignRules:372 - Gated clock. Clock net control_0<13> is sourced by
   a combinatorial pin. This is not good design practice. Use the CE pin to
   control the loading of data into the flip-flop.

Section 3 - Informational
-------------------------
INFO:LIT:243 - Logical network control_0<35> has no load.
INFO:LIT:395 - The above info message is repeated 27 more times for the
   following (max. 5 shown):
   control_0<34>,
   control_0<33>,
   control_0<32>,
   control_0<31>,
   control_0<30>
   To see the details of these info messages, please use the -detail switch.
INFO:MapLib:562 - No environment variables are currently set.
INFO:Pack:1716 - Initializing temperature to 85.000 Celsius. (default - Range:
   0.000 to 85.000 Celsius)
INFO:Pack:1720 - Initializing voltage to 0.950 Volts. (default - Range: 0.950 to
   1.050 Volts)
INFO:Map:215 - The Interim Design Summary has been generated in the MAP Report
   (.mrp).
INFO:Pack:1650 - Map created a placed design.

Section 4 - Removed Logic Summary
---------------------------------
  46 block(s) removed
1471 block(s) optimized away
  35 signal(s) removed

Section 5 - Removed Logic
-------------------------

The trimmed logic report below shows the logic removed from your design due to
sourceless or loadless signals, and VCC or ground connections.  If the removal
of a signal or symbol results in the subsequent removal of an additional signal
or symbol, the message explaining that second removal will be indented.  This
indentation will be repeated as a chain of related logic is removed.

To quickly locate the original cause for the removal of a chain of logic, look
above the place where that logic is listed in the trimming report, then locate
the lines that are least indented (begin at the leftmost edge).

Loadless block "icon/U0/U_ICON/U_CMD/U_CORE_ID_SEL/I4.FI[10].U_LUT" (ROM)
removed.
Loadless block "icon/U0/U_ICON/U_CMD/U_CORE_ID_SEL/I4.FI[11].U_LUT" (ROM)
removed.
Loadless block "icon/U0/U_ICON/U_CMD/U_CORE_ID_SEL/I4.FI[12].U_LUT" (ROM)
removed.
Loadless block "icon/U0/U_ICON/U_CMD/U_CORE_ID_SEL/I4.FI[13].U_LUT" (ROM)
removed.
Loadless block "icon/U0/U_ICON/U_CMD/U_CORE_ID_SEL/I4.FI[14].U_LUT" (ROM)
removed.
Loadless block "icon/U0/U_ICON/U_CMD/U_CORE_ID_SEL/I4.FI[1].U_LUT" (ROM)
removed.
Loadless block "icon/U0/U_ICON/U_CMD/U_CORE_ID_SEL/I4.FI[2].U_LUT" (ROM)
removed.
Loadless block "icon/U0/U_ICON/U_CMD/U_CORE_ID_SEL/I4.FI[3].U_LUT" (ROM)
removed.
Loadless block "icon/U0/U_ICON/U_CMD/U_CORE_ID_SEL/I4.FI[4].U_LUT" (ROM)
removed.
Loadless block "icon/U0/U_ICON/U_CMD/U_CORE_ID_SEL/I4.FI[5].U_LUT" (ROM)
removed.
Loadless block "icon/U0/U_ICON/U_CMD/U_CORE_ID_SEL/I4.FI[6].U_LUT" (ROM)
removed.
Loadless block "icon/U0/U_ICON/U_CMD/U_CORE_ID_SEL/I4.FI[7].U_LUT" (ROM)
removed.
Loadless block "icon/U0/U_ICON/U_CMD/U_CORE_ID_SEL/I4.FI[8].U_LUT" (ROM)
removed.
Loadless block "icon/U0/U_ICON/U_CMD/U_CORE_ID_SEL/I4.FI[9].U_LUT" (ROM)
removed.
Loadless block "ila/U0/I_NO_D.U_ILA/U_STAT/U_DSR" (ROM) removed.
Loadless block "ila/U0/I_NO_D.U_ILA/U_TRIG/U_TC/I_STORAGE_QUAL.U_CAP_B" (ROM)
removed.
The signal "control_0<35>" is sourceless and has been removed.
The signal "control_0<34>" is sourceless and has been removed.
The signal "control_0<33>" is sourceless and has been removed.
The signal "control_0<32>" is sourceless and has been removed.
The signal "control_0<31>" is sourceless and has been removed.
The signal "control_0<30>" is sourceless and has been removed.
The signal "control_0<29>" is sourceless and has been removed.
The signal "control_0<28>" is sourceless and has been removed.
The signal "control_0<27>" is sourceless and has been removed.
The signal "control_0<26>" is sourceless and has been removed.
The signal "control_0<25>" is sourceless and has been removed.
The signal "control_0<19>" is sourceless and has been removed.
The signal "control_0<18>" is sourceless and has been removed.
The signal "control_0<17>" is sourceless and has been removed.
The signal "control_0<16>" is sourceless and has been removed.
The signal "control_0<15>" is sourceless and has been removed.
The signal "control_0<11>" is sourceless and has been removed.
The signal "control_0<10>" is sourceless and has been removed.
The signal "control_0<7>" is sourceless and has been removed.
The signal
"buff_1/U0/xst_fifo_generator/gconvfifo.rf/grf.rf/gntv_or_sync_fifo.gl0.wr/gwss.
wsts/ram_full_i" is sourceless and has been removed.
The signal
"buff_1/U0/xst_fifo_generator/gconvfifo.rf/grf.rf/gntv_or_sync_fifo.gl0.rd/grss.
rsts/ram_empty_i" is sourceless and has been removed.
The signal
"buff_0/U0/xst_fifo_generator/gconvfifo.rf/grf.rf/gntv_or_sync_fifo.gl0.wr/gwss.
wsts/ram_full_i" is sourceless and has been removed.
The signal
"buff_0/U0/xst_fifo_generator/gconvfifo.rf/grf.rf/gntv_or_sync_fifo.gl0.rd/grss.
rsts/ram_empty_i" is sourceless and has been removed.
The signal
"ila/U0/I_NO_D.U_ILA/U_TRIG/U_TM/G_NMU[0].U_M/U_MU/I_MUT_GANDX.U_match/I_CS_GAND
X.U_CS_GANDX_SRL/I_V6.U_CS_GANDX_SRL_V6/U_CS_GAND_SRL_V6/I_USE_RPM_EQ0.U_GAND_SR
L_SET/SRL_Q_O" is sourceless and has been removed.
The signal
"ila/U0/I_NO_D.U_ILA/U_TRIG/U_TM/G_NMU[1].U_M/U_MU/I_MUT_GANDX.U_match/I_CS_GAND
X.U_CS_GANDX_SRL/I_V6.U_CS_GANDX_SRL_V6/U_CS_GAND_SRL_V6/I_USE_RPM_EQ0.U_GAND_SR
L_SET/SRL_Q_O" is sourceless and has been removed.
The signal
"ila/U0/I_NO_D.U_ILA/U_TRIG/U_TM/G_NMU[2].U_M/U_MU/I_MUT_GANDX.U_match/I_CS_GAND
X.U_CS_GANDX_SRL/I_V6.U_CS_GANDX_SRL_V6/U_CS_GAND_SRL_V6/I_USE_RPM_EQ0.U_GAND_SR
L_SET/SRL_Q_O" is sourceless and has been removed.
The signal
"ila/U0/I_NO_D.U_ILA/U_TRIG/U_TM/G_NMU[3].U_M/U_MU/I_MUT_GANDX.U_match/I_CS_GAND
X.U_CS_GANDX_SRL/I_V6.U_CS_GANDX_SRL_V6/U_CS_GAND_SRL_V6/I_USE_RPM_EQ0.U_GAND_SR
L_SET/SRL_Q_O" is sourceless and has been removed.
The signal
"ila/U0/I_NO_D.U_ILA/U_TRIG/U_TM/G_NMU[4].U_M/U_MU/I_MUT_GANDX.U_match/I_CS_GAND
X.U_CS_GANDX_SRL/I_V6.U_CS_GANDX_SRL_V6/U_CS_GAND_SRL_V6/I_USE_RPM_EQ0.U_GAND_SR
L_SET/SRL_Q_O" is sourceless and has been removed.
The signal "icon/U0/U_ICON/iCOMMAND_SEL<15>" is sourceless and has been removed.
 Sourceless block "icon/U0/U_ICON/U_CTRL_OUT/F_NCP[0].F_CMD[15].U_HCE" (ROM)
removed.
 Sourceless block "icon/U0/U_ICON/U_CTRL_OUT/F_NCP[0].F_CMD[15].U_LCE" (ROM)
removed.
The signal "icon/U0/U_ICON/iCOMMAND_SEL<14>" is sourceless and has been removed.
 Sourceless block "icon/U0/U_ICON/U_CTRL_OUT/F_NCP[0].F_CMD[14].U_HCE" (ROM)
removed.
 Sourceless block "icon/U0/U_ICON/U_CTRL_OUT/F_NCP[0].F_CMD[14].U_LCE" (ROM)
removed.
The signal "icon/U0/U_ICON/iCOMMAND_SEL<13>" is sourceless and has been removed.
 Sourceless block "icon/U0/U_ICON/U_CTRL_OUT/F_NCP[0].F_CMD[13].U_HCE" (ROM)
removed.
 Sourceless block "icon/U0/U_ICON/U_CTRL_OUT/F_NCP[0].F_CMD[13].U_LCE" (ROM)
removed.
The signal "icon/U0/U_ICON/iCOMMAND_SEL<12>" is sourceless and has been removed.
 Sourceless block "icon/U0/U_ICON/U_CTRL_OUT/F_NCP[0].F_CMD[12].U_HCE" (ROM)
removed.
 Sourceless block "icon/U0/U_ICON/U_CTRL_OUT/F_NCP[0].F_CMD[12].U_LCE" (ROM)
removed.
The signal "icon/U0/U_ICON/iCOMMAND_SEL<11>" is sourceless and has been removed.
 Sourceless block "icon/U0/U_ICON/U_CTRL_OUT/F_NCP[0].F_CMD[11].U_HCE" (ROM)
removed.
 Sourceless block "icon/U0/U_ICON/U_CTRL_OUT/F_NCP[0].F_CMD[11].U_LCE" (ROM)
removed.
The signal "icon/U0/U_ICON/iCOMMAND_SEL<7>" is sourceless and has been removed.
 Sourceless block "icon/U0/U_ICON/U_CTRL_OUT/F_NCP[0].F_CMD[7].U_HCE" (ROM)
removed.
 Sourceless block "icon/U0/U_ICON/U_CTRL_OUT/F_NCP[0].F_CMD[7].U_LCE" (ROM)
removed.
The signal "icon/U0/U_ICON/iCOMMAND_SEL<6>" is sourceless and has been removed.
 Sourceless block "icon/U0/U_ICON/U_CTRL_OUT/F_NCP[0].F_CMD[6].U_HCE" (ROM)
removed.
 Sourceless block "icon/U0/U_ICON/U_CTRL_OUT/F_NCP[0].F_CMD[6].U_LCE" (ROM)
removed.
Unused block
"buff_0/U0/xst_fifo_generator/gconvfifo.rf/grf.rf/gntv_or_sync_fifo.gl0.rd/grss.
rsts/ram_empty_i" (FF) removed.
Unused block
"buff_0/U0/xst_fifo_generator/gconvfifo.rf/grf.rf/gntv_or_sync_fifo.gl0.wr/gwss.
wsts/ram_full_i" (FF) removed.
Unused block
"buff_1/U0/xst_fifo_generator/gconvfifo.rf/grf.rf/gntv_or_sync_fifo.gl0.rd/grss.
rsts/ram_empty_i" (FF) removed.
Unused block
"buff_1/U0/xst_fifo_generator/gconvfifo.rf/grf.rf/gntv_or_sync_fifo.gl0.wr/gwss.
wsts/ram_full_i" (FF) removed.
Unused block "icon/U0/U_ICON/U_CMD/U_COMMAND_SEL/I4.FI[11].U_LUT" (ROM) removed.
Unused block "icon/U0/U_ICON/U_CMD/U_COMMAND_SEL/I4.FI[12].U_LUT" (ROM) removed.
Unused block "icon/U0/U_ICON/U_CMD/U_COMMAND_SEL/I4.FI[13].U_LUT" (ROM) removed.
Unused block "icon/U0/U_ICON/U_CMD/U_COMMAND_SEL/I4.FI[14].U_LUT" (ROM) removed.
Unused block "icon/U0/U_ICON/U_CMD/U_COMMAND_SEL/I4.FI[15].U_LUT" (ROM) removed.
Unused block "icon/U0/U_ICON/U_CMD/U_COMMAND_SEL/I4.FI[6].U_LUT" (ROM) removed.
Unused block "icon/U0/U_ICON/U_CMD/U_COMMAND_SEL/I4.FI[7].U_LUT" (ROM) removed.
Unused block "icon/U0/U_ICON/U_CTRL_OUT/F_NCP[0].F_CMD[10].U_HCE" (ROM) removed.
Unused block "icon/U0/U_ICON/U_CTRL_OUT/F_NCP[0].F_CMD[3].U_LCE" (ROM) removed.
Unused block "icon/U0/U_ICON/U_CTRL_OUT/F_NCP[0].F_CMD[5].U_HCE" (ROM) removed.
Unused block "icon/U0/U_ICON/U_CTRL_OUT/F_NCP[0].F_CMD[8].U_HCE" (ROM) removed.
Unused block "icon/U0/U_ICON/U_CTRL_OUT/F_NCP[0].F_CMD[9].U_HCE" (ROM) removed.

Optimized Block(s):
TYPE 		BLOCK
GND 		XST_GND
VCC 		XST_VCC
GND
		buff_0/U0/xst_fifo_generator/gconvfifo.rf/grf.rf/gntv_or_sync_fifo.mem/gbm.gbm
g.gbmga.ngecc.bmg/gnativebmg.native_blk_mem_gen/valid.cstr/XST_GND
GND 		buff_0/XST_GND
GND
		buff_1/U0/xst_fifo_generator/gconvfifo.rf/grf.rf/gntv_or_sync_fifo.mem/gbm.gbm
g.gbmga.ngecc.bmg/gnativebmg.native_blk_mem_gen/valid.cstr/XST_GND
GND 		buff_1/XST_GND
GND 		cicbram/XST_GND
VCC 		cicbram/XST_VCC
GND 		icon/XST_GND
VCC 		icon/XST_VCC
GND
		ila/U0/I_NO_D.U_ILA/U_G2_SQ.U_CAPCTRL/U_CAP_ADDRGEN/U_SCNT_CMP/I_CS_GAND.U_CS_
GAND_SRL/I_V6.U_CS_GAND_SRL_V6/I_USE_RPM_EQ0.U_GAND_SRL_SET/I_PARTIAL_SLICE.U_GA
ND_SRL_SLICE/XST_GND
VCC
		ila/U0/I_NO_D.U_ILA/U_G2_SQ.U_CAPCTRL/U_CAP_ADDRGEN/U_SCNT_CMP/I_CS_GAND.U_CS_
GAND_SRL/I_V6.U_CS_GAND_SRL_V6/I_USE_RPM_EQ0.U_GAND_SRL_SET/I_PARTIAL_SLICE.U_GA
ND_SRL_SLICE/XST_VCC
VCC
		ila/U0/I_NO_D.U_ILA/U_G2_SQ.U_CAPCTRL/U_CAP_ADDRGEN/U_SCNT_CMP/I_CS_GAND.U_CS_
GAND_SRL/I_V6.U_CS_GAND_SRL_V6/I_USE_RPM_EQ0.U_GAND_SRL_SET/XST_VCC
GND
		ila/U0/I_NO_D.U_ILA/U_G2_SQ.U_CAPCTRL/U_CAP_ADDRGEN/U_WCNT_HCMP/I_CS_GAND.U_CS
_GAND_SRL/I_V6.U_CS_GAND_SRL_V6/I_USE_RPM_EQ0.U_GAND_SRL_SET/I_PARTIAL_SLICE.U_G
AND_SRL_SLICE/XST_GND
VCC
		ila/U0/I_NO_D.U_ILA/U_G2_SQ.U_CAPCTRL/U_CAP_ADDRGEN/U_WCNT_HCMP/I_CS_GAND.U_CS
_GAND_SRL/I_V6.U_CS_GAND_SRL_V6/I_USE_RPM_EQ0.U_GAND_SRL_SET/I_PARTIAL_SLICE.U_G
AND_SRL_SLICE/XST_VCC
VCC
		ila/U0/I_NO_D.U_ILA/U_G2_SQ.U_CAPCTRL/U_CAP_ADDRGEN/U_WCNT_HCMP/I_CS_GAND.U_CS
_GAND_SRL/I_V6.U_CS_GAND_SRL_V6/I_USE_RPM_EQ0.U_GAND_SRL_SET/XST_VCC
GND
		ila/U0/I_NO_D.U_ILA/U_G2_SQ.U_CAPCTRL/U_CAP_ADDRGEN/U_WCNT_LCMP/I_CS_GAND.U_CS
_GAND_SRL/I_V6.U_CS_GAND_SRL_V6/I_USE_RPM_EQ0.U_GAND_SRL_SET/I_PARTIAL_SLICE.U_G
AND_SRL_SLICE/XST_GND
VCC
		ila/U0/I_NO_D.U_ILA/U_G2_SQ.U_CAPCTRL/U_CAP_ADDRGEN/U_WCNT_LCMP/I_CS_GAND.U_CS
_GAND_SRL/I_V6.U_CS_GAND_SRL_V6/I_USE_RPM_EQ0.U_GAND_SRL_SET/I_PARTIAL_SLICE.U_G
AND_SRL_SLICE/XST_VCC
VCC
		ila/U0/I_NO_D.U_ILA/U_G2_SQ.U_CAPCTRL/U_CAP_ADDRGEN/U_WCNT_LCMP/I_CS_GAND.U_CS
_GAND_SRL/I_V6.U_CS_GAND_SRL_V6/I_USE_RPM_EQ0.U_GAND_SRL_SET/XST_VCC
GND
		ila/U0/I_NO_D.U_ILA/U_TRIG/U_TM/G_NMU[0].U_M/U_MU/I_MUT_GANDX.U_match/I_CS_GAN
DX.U_CS_GANDX_SRL/I_V6.U_CS_GANDX_SRL_V6/U_CS_GAND_SRL_V6/I_USE_RPM_EQ0.U_GAND_S
RL_SET/I_WHOLE_SLICE.G_SLICE_IDX[0].U_GAND_SRL_SLICE/XST_GND
VCC
		ila/U0/I_NO_D.U_ILA/U_TRIG/U_TM/G_NMU[0].U_M/U_MU/I_MUT_GANDX.U_match/I_CS_GAN
DX.U_CS_GANDX_SRL/I_V6.U_CS_GANDX_SRL_V6/U_CS_GAND_SRL_V6/I_USE_RPM_EQ0.U_GAND_S
RL_SET/I_WHOLE_SLICE.G_SLICE_IDX[0].U_GAND_SRL_SLICE/XST_VCC
GND
		ila/U0/I_NO_D.U_ILA/U_TRIG/U_TM/G_NMU[0].U_M/U_MU/I_MUT_GANDX.U_match/I_CS_GAN
DX.U_CS_GANDX_SRL/I_V6.U_CS_GANDX_SRL_V6/U_CS_GAND_SRL_V6/I_USE_RPM_EQ0.U_GAND_S
RL_SET/I_WHOLE_SLICE.G_SLICE_IDX[10].U_GAND_SRL_SLICE/XST_GND
GND
		ila/U0/I_NO_D.U_ILA/U_TRIG/U_TM/G_NMU[0].U_M/U_MU/I_MUT_GANDX.U_match/I_CS_GAN
DX.U_CS_GANDX_SRL/I_V6.U_CS_GANDX_SRL_V6/U_CS_GAND_SRL_V6/I_USE_RPM_EQ0.U_GAND_S
RL_SET/I_WHOLE_SLICE.G_SLICE_IDX[11].U_GAND_SRL_SLICE/XST_GND
GND
		ila/U0/I_NO_D.U_ILA/U_TRIG/U_TM/G_NMU[0].U_M/U_MU/I_MUT_GANDX.U_match/I_CS_GAN
DX.U_CS_GANDX_SRL/I_V6.U_CS_GANDX_SRL_V6/U_CS_GAND_SRL_V6/I_USE_RPM_EQ0.U_GAND_S
RL_SET/I_WHOLE_SLICE.G_SLICE_IDX[12].U_GAND_SRL_SLICE/XST_GND
GND
		ila/U0/I_NO_D.U_ILA/U_TRIG/U_TM/G_NMU[0].U_M/U_MU/I_MUT_GANDX.U_match/I_CS_GAN
DX.U_CS_GANDX_SRL/I_V6.U_CS_GANDX_SRL_V6/U_CS_GAND_SRL_V6/I_USE_RPM_EQ0.U_GAND_S
RL_SET/I_WHOLE_SLICE.G_SLICE_IDX[13].U_GAND_SRL_SLICE/XST_GND
GND
		ila/U0/I_NO_D.U_ILA/U_TRIG/U_TM/G_NMU[0].U_M/U_MU/I_MUT_GANDX.U_match/I_CS_GAN
DX.U_CS_GANDX_SRL/I_V6.U_CS_GANDX_SRL_V6/U_CS_GAND_SRL_V6/I_USE_RPM_EQ0.U_GAND_S
RL_SET/I_WHOLE_SLICE.G_SLICE_IDX[14].U_GAND_SRL_SLICE/XST_GND
GND
		ila/U0/I_NO_D.U_ILA/U_TRIG/U_TM/G_NMU[0].U_M/U_MU/I_MUT_GANDX.U_match/I_CS_GAN
DX.U_CS_GANDX_SRL/I_V6.U_CS_GANDX_SRL_V6/U_CS_GAND_SRL_V6/I_USE_RPM_EQ0.U_GAND_S
RL_SET/I_WHOLE_SLICE.G_SLICE_IDX[15].U_GAND_SRL_SLICE/XST_GND
GND
		ila/U0/I_NO_D.U_ILA/U_TRIG/U_TM/G_NMU[0].U_M/U_MU/I_MUT_GANDX.U_match/I_CS_GAN
DX.U_CS_GANDX_SRL/I_V6.U_CS_GANDX_SRL_V6/U_CS_GAND_SRL_V6/I_USE_RPM_EQ0.U_GAND_S
RL_SET/I_WHOLE_SLICE.G_SLICE_IDX[16].U_GAND_SRL_SLICE/XST_GND
GND
		ila/U0/I_NO_D.U_ILA/U_TRIG/U_TM/G_NMU[0].U_M/U_MU/I_MUT_GANDX.U_match/I_CS_GAN
DX.U_CS_GANDX_SRL/I_V6.U_CS_GANDX_SRL_V6/U_CS_GAND_SRL_V6/I_USE_RPM_EQ0.U_GAND_S
RL_SET/I_WHOLE_SLICE.G_SLICE_IDX[17].U_GAND_SRL_SLICE/XST_GND
GND
		ila/U0/I_NO_D.U_ILA/U_TRIG/U_TM/G_NMU[0].U_M/U_MU/I_MUT_GANDX.U_match/I_CS_GAN
DX.U_CS_GANDX_SRL/I_V6.U_CS_GANDX_SRL_V6/U_CS_GAND_SRL_V6/I_USE_RPM_EQ0.U_GAND_S
RL_SET/I_WHOLE_SLICE.G_SLICE_IDX[18].U_GAND_SRL_SLICE/XST_GND
GND
		ila/U0/I_NO_D.U_ILA/U_TRIG/U_TM/G_NMU[0].U_M/U_MU/I_MUT_GANDX.U_match/I_CS_GAN
DX.U_CS_GANDX_SRL/I_V6.U_CS_GANDX_SRL_V6/U_CS_GAND_SRL_V6/I_USE_RPM_EQ0.U_GAND_S
RL_SET/I_WHOLE_SLICE.G_SLICE_IDX[19].U_GAND_SRL_SLICE/XST_GND
GND
		ila/U0/I_NO_D.U_ILA/U_TRIG/U_TM/G_NMU[0].U_M/U_MU/I_MUT_GANDX.U_match/I_CS_GAN
DX.U_CS_GANDX_SRL/I_V6.U_CS_GANDX_SRL_V6/U_CS_GAND_SRL_V6/I_USE_RPM_EQ0.U_GAND_S
RL_SET/I_WHOLE_SLICE.G_SLICE_IDX[1].U_GAND_SRL_SLICE/XST_GND
GND
		ila/U0/I_NO_D.U_ILA/U_TRIG/U_TM/G_NMU[0].U_M/U_MU/I_MUT_GANDX.U_match/I_CS_GAN
DX.U_CS_GANDX_SRL/I_V6.U_CS_GANDX_SRL_V6/U_CS_GAND_SRL_V6/I_USE_RPM_EQ0.U_GAND_S
RL_SET/I_WHOLE_SLICE.G_SLICE_IDX[20].U_GAND_SRL_SLICE/XST_GND
GND
		ila/U0/I_NO_D.U_ILA/U_TRIG/U_TM/G_NMU[0].U_M/U_MU/I_MUT_GANDX.U_match/I_CS_GAN
DX.U_CS_GANDX_SRL/I_V6.U_CS_GANDX_SRL_V6/U_CS_GAND_SRL_V6/I_USE_RPM_EQ0.U_GAND_S
RL_SET/I_WHOLE_SLICE.G_SLICE_IDX[21].U_GAND_SRL_SLICE/XST_GND
GND
		ila/U0/I_NO_D.U_ILA/U_TRIG/U_TM/G_NMU[0].U_M/U_MU/I_MUT_GANDX.U_match/I_CS_GAN
DX.U_CS_GANDX_SRL/I_V6.U_CS_GANDX_SRL_V6/U_CS_GAND_SRL_V6/I_USE_RPM_EQ0.U_GAND_S
RL_SET/I_WHOLE_SLICE.G_SLICE_IDX[22].U_GAND_SRL_SLICE/XST_GND
GND
		ila/U0/I_NO_D.U_ILA/U_TRIG/U_TM/G_NMU[0].U_M/U_MU/I_MUT_GANDX.U_match/I_CS_GAN
DX.U_CS_GANDX_SRL/I_V6.U_CS_GANDX_SRL_V6/U_CS_GAND_SRL_V6/I_USE_RPM_EQ0.U_GAND_S
RL_SET/I_WHOLE_SLICE.G_SLICE_IDX[23].U_GAND_SRL_SLICE/XST_GND
GND
		ila/U0/I_NO_D.U_ILA/U_TRIG/U_TM/G_NMU[0].U_M/U_MU/I_MUT_GANDX.U_match/I_CS_GAN
DX.U_CS_GANDX_SRL/I_V6.U_CS_GANDX_SRL_V6/U_CS_GAND_SRL_V6/I_USE_RPM_EQ0.U_GAND_S
RL_SET/I_WHOLE_SLICE.G_SLICE_IDX[24].U_GAND_SRL_SLICE/XST_GND
GND
		ila/U0/I_NO_D.U_ILA/U_TRIG/U_TM/G_NMU[0].U_M/U_MU/I_MUT_GANDX.U_match/I_CS_GAN
DX.U_CS_GANDX_SRL/I_V6.U_CS_GANDX_SRL_V6/U_CS_GAND_SRL_V6/I_USE_RPM_EQ0.U_GAND_S
RL_SET/I_WHOLE_SLICE.G_SLICE_IDX[25].U_GAND_SRL_SLICE/XST_GND
GND
		ila/U0/I_NO_D.U_ILA/U_TRIG/U_TM/G_NMU[0].U_M/U_MU/I_MUT_GANDX.U_match/I_CS_GAN
DX.U_CS_GANDX_SRL/I_V6.U_CS_GANDX_SRL_V6/U_CS_GAND_SRL_V6/I_USE_RPM_EQ0.U_GAND_S
RL_SET/I_WHOLE_SLICE.G_SLICE_IDX[26].U_GAND_SRL_SLICE/XST_GND
GND
		ila/U0/I_NO_D.U_ILA/U_TRIG/U_TM/G_NMU[0].U_M/U_MU/I_MUT_GANDX.U_match/I_CS_GAN
DX.U_CS_GANDX_SRL/I_V6.U_CS_GANDX_SRL_V6/U_CS_GAND_SRL_V6/I_USE_RPM_EQ0.U_GAND_S
RL_SET/I_WHOLE_SLICE.G_SLICE_IDX[27].U_GAND_SRL_SLICE/XST_GND
GND
		ila/U0/I_NO_D.U_ILA/U_TRIG/U_TM/G_NMU[0].U_M/U_MU/I_MUT_GANDX.U_match/I_CS_GAN
DX.U_CS_GANDX_SRL/I_V6.U_CS_GANDX_SRL_V6/U_CS_GAND_SRL_V6/I_USE_RPM_EQ0.U_GAND_S
RL_SET/I_WHOLE_SLICE.G_SLICE_IDX[28].U_GAND_SRL_SLICE/XST_GND
GND
		ila/U0/I_NO_D.U_ILA/U_TRIG/U_TM/G_NMU[0].U_M/U_MU/I_MUT_GANDX.U_match/I_CS_GAN
DX.U_CS_GANDX_SRL/I_V6.U_CS_GANDX_SRL_V6/U_CS_GAND_SRL_V6/I_USE_RPM_EQ0.U_GAND_S
RL_SET/I_WHOLE_SLICE.G_SLICE_IDX[29].U_GAND_SRL_SLICE/XST_GND
GND
		ila/U0/I_NO_D.U_ILA/U_TRIG/U_TM/G_NMU[0].U_M/U_MU/I_MUT_GANDX.U_match/I_CS_GAN
DX.U_CS_GANDX_SRL/I_V6.U_CS_GANDX_SRL_V6/U_CS_GAND_SRL_V6/I_USE_RPM_EQ0.U_GAND_S
RL_SET/I_WHOLE_SLICE.G_SLICE_IDX[2].U_GAND_SRL_SLICE/XST_GND
GND
		ila/U0/I_NO_D.U_ILA/U_TRIG/U_TM/G_NMU[0].U_M/U_MU/I_MUT_GANDX.U_match/I_CS_GAN
DX.U_CS_GANDX_SRL/I_V6.U_CS_GANDX_SRL_V6/U_CS_GAND_SRL_V6/I_USE_RPM_EQ0.U_GAND_S
RL_SET/I_WHOLE_SLICE.G_SLICE_IDX[30].U_GAND_SRL_SLICE/XST_GND
GND
		ila/U0/I_NO_D.U_ILA/U_TRIG/U_TM/G_NMU[0].U_M/U_MU/I_MUT_GANDX.U_match/I_CS_GAN
DX.U_CS_GANDX_SRL/I_V6.U_CS_GANDX_SRL_V6/U_CS_GAND_SRL_V6/I_USE_RPM_EQ0.U_GAND_S
RL_SET/I_WHOLE_SLICE.G_SLICE_IDX[31].U_GAND_SRL_SLICE/XST_GND
VCC
		ila/U0/I_NO_D.U_ILA/U_TRIG/U_TM/G_NMU[0].U_M/U_MU/I_MUT_GANDX.U_match/I_CS_GAN
DX.U_CS_GANDX_SRL/I_V6.U_CS_GANDX_SRL_V6/U_CS_GAND_SRL_V6/I_USE_RPM_EQ0.U_GAND_S
RL_SET/I_WHOLE_SLICE.G_SLICE_IDX[31].U_GAND_SRL_SLICE/XST_VCC
GND
		ila/U0/I_NO_D.U_ILA/U_TRIG/U_TM/G_NMU[0].U_M/U_MU/I_MUT_GANDX.U_match/I_CS_GAN
DX.U_CS_GANDX_SRL/I_V6.U_CS_GANDX_SRL_V6/U_CS_GAND_SRL_V6/I_USE_RPM_EQ0.U_GAND_S
RL_SET/I_WHOLE_SLICE.G_SLICE_IDX[3].U_GAND_SRL_SLICE/XST_GND
GND
		ila/U0/I_NO_D.U_ILA/U_TRIG/U_TM/G_NMU[0].U_M/U_MU/I_MUT_GANDX.U_match/I_CS_GAN
DX.U_CS_GANDX_SRL/I_V6.U_CS_GANDX_SRL_V6/U_CS_GAND_SRL_V6/I_USE_RPM_EQ0.U_GAND_S
RL_SET/I_WHOLE_SLICE.G_SLICE_IDX[4].U_GAND_SRL_SLICE/XST_GND
GND
		ila/U0/I_NO_D.U_ILA/U_TRIG/U_TM/G_NMU[0].U_M/U_MU/I_MUT_GANDX.U_match/I_CS_GAN
DX.U_CS_GANDX_SRL/I_V6.U_CS_GANDX_SRL_V6/U_CS_GAND_SRL_V6/I_USE_RPM_EQ0.U_GAND_S
RL_SET/I_WHOLE_SLICE.G_SLICE_IDX[5].U_GAND_SRL_SLICE/XST_GND
GND
		ila/U0/I_NO_D.U_ILA/U_TRIG/U_TM/G_NMU[0].U_M/U_MU/I_MUT_GANDX.U_match/I_CS_GAN
DX.U_CS_GANDX_SRL/I_V6.U_CS_GANDX_SRL_V6/U_CS_GAND_SRL_V6/I_USE_RPM_EQ0.U_GAND_S
RL_SET/I_WHOLE_SLICE.G_SLICE_IDX[6].U_GAND_SRL_SLICE/XST_GND
GND
		ila/U0/I_NO_D.U_ILA/U_TRIG/U_TM/G_NMU[0].U_M/U_MU/I_MUT_GANDX.U_match/I_CS_GAN
DX.U_CS_GANDX_SRL/I_V6.U_CS_GANDX_SRL_V6/U_CS_GAND_SRL_V6/I_USE_RPM_EQ0.U_GAND_S
RL_SET/I_WHOLE_SLICE.G_SLICE_IDX[7].U_GAND_SRL_SLICE/XST_GND
GND
		ila/U0/I_NO_D.U_ILA/U_TRIG/U_TM/G_NMU[0].U_M/U_MU/I_MUT_GANDX.U_match/I_CS_GAN
DX.U_CS_GANDX_SRL/I_V6.U_CS_GANDX_SRL_V6/U_CS_GAND_SRL_V6/I_USE_RPM_EQ0.U_GAND_S
RL_SET/I_WHOLE_SLICE.G_SLICE_IDX[8].U_GAND_SRL_SLICE/XST_GND
GND
		ila/U0/I_NO_D.U_ILA/U_TRIG/U_TM/G_NMU[0].U_M/U_MU/I_MUT_GANDX.U_match/I_CS_GAN
DX.U_CS_GANDX_SRL/I_V6.U_CS_GANDX_SRL_V6/U_CS_GAND_SRL_V6/I_USE_RPM_EQ0.U_GAND_S
RL_SET/I_WHOLE_SLICE.G_SLICE_IDX[9].U_GAND_SRL_SLICE/XST_GND
GND
		ila/U0/I_NO_D.U_ILA/U_TRIG/U_TM/G_NMU[1].U_M/U_MU/I_MUT_GANDX.U_match/I_CS_GAN
DX.U_CS_GANDX_SRL/I_V6.U_CS_GANDX_SRL_V6/U_CS_GAND_SRL_V6/I_USE_RPM_EQ0.U_GAND_S
RL_SET/I_WHOLE_SLICE.G_SLICE_IDX[0].U_GAND_SRL_SLICE/XST_GND
VCC
		ila/U0/I_NO_D.U_ILA/U_TRIG/U_TM/G_NMU[1].U_M/U_MU/I_MUT_GANDX.U_match/I_CS_GAN
DX.U_CS_GANDX_SRL/I_V6.U_CS_GANDX_SRL_V6/U_CS_GAND_SRL_V6/I_USE_RPM_EQ0.U_GAND_S
RL_SET/I_WHOLE_SLICE.G_SLICE_IDX[0].U_GAND_SRL_SLICE/XST_VCC
GND
		ila/U0/I_NO_D.U_ILA/U_TRIG/U_TM/G_NMU[1].U_M/U_MU/I_MUT_GANDX.U_match/I_CS_GAN
DX.U_CS_GANDX_SRL/I_V6.U_CS_GANDX_SRL_V6/U_CS_GAND_SRL_V6/I_USE_RPM_EQ0.U_GAND_S
RL_SET/I_WHOLE_SLICE.G_SLICE_IDX[10].U_GAND_SRL_SLICE/XST_GND
GND
		ila/U0/I_NO_D.U_ILA/U_TRIG/U_TM/G_NMU[1].U_M/U_MU/I_MUT_GANDX.U_match/I_CS_GAN
DX.U_CS_GANDX_SRL/I_V6.U_CS_GANDX_SRL_V6/U_CS_GAND_SRL_V6/I_USE_RPM_EQ0.U_GAND_S
RL_SET/I_WHOLE_SLICE.G_SLICE_IDX[11].U_GAND_SRL_SLICE/XST_GND
GND
		ila/U0/I_NO_D.U_ILA/U_TRIG/U_TM/G_NMU[1].U_M/U_MU/I_MUT_GANDX.U_match/I_CS_GAN
DX.U_CS_GANDX_SRL/I_V6.U_CS_GANDX_SRL_V6/U_CS_GAND_SRL_V6/I_USE_RPM_EQ0.U_GAND_S
RL_SET/I_WHOLE_SLICE.G_SLICE_IDX[12].U_GAND_SRL_SLICE/XST_GND
GND
		ila/U0/I_NO_D.U_ILA/U_TRIG/U_TM/G_NMU[1].U_M/U_MU/I_MUT_GANDX.U_match/I_CS_GAN
DX.U_CS_GANDX_SRL/I_V6.U_CS_GANDX_SRL_V6/U_CS_GAND_SRL_V6/I_USE_RPM_EQ0.U_GAND_S
RL_SET/I_WHOLE_SLICE.G_SLICE_IDX[13].U_GAND_SRL_SLICE/XST_GND
GND
		ila/U0/I_NO_D.U_ILA/U_TRIG/U_TM/G_NMU[1].U_M/U_MU/I_MUT_GANDX.U_match/I_CS_GAN
DX.U_CS_GANDX_SRL/I_V6.U_CS_GANDX_SRL_V6/U_CS_GAND_SRL_V6/I_USE_RPM_EQ0.U_GAND_S
RL_SET/I_WHOLE_SLICE.G_SLICE_IDX[14].U_GAND_SRL_SLICE/XST_GND
GND
		ila/U0/I_NO_D.U_ILA/U_TRIG/U_TM/G_NMU[1].U_M/U_MU/I_MUT_GANDX.U_match/I_CS_GAN
DX.U_CS_GANDX_SRL/I_V6.U_CS_GANDX_SRL_V6/U_CS_GAND_SRL_V6/I_USE_RPM_EQ0.U_GAND_S
RL_SET/I_WHOLE_SLICE.G_SLICE_IDX[15].U_GAND_SRL_SLICE/XST_GND
GND
		ila/U0/I_NO_D.U_ILA/U_TRIG/U_TM/G_NMU[1].U_M/U_MU/I_MUT_GANDX.U_match/I_CS_GAN
DX.U_CS_GANDX_SRL/I_V6.U_CS_GANDX_SRL_V6/U_CS_GAND_SRL_V6/I_USE_RPM_EQ0.U_GAND_S
RL_SET/I_WHOLE_SLICE.G_SLICE_IDX[16].U_GAND_SRL_SLICE/XST_GND
GND
		ila/U0/I_NO_D.U_ILA/U_TRIG/U_TM/G_NMU[1].U_M/U_MU/I_MUT_GANDX.U_match/I_CS_GAN
DX.U_CS_GANDX_SRL/I_V6.U_CS_GANDX_SRL_V6/U_CS_GAND_SRL_V6/I_USE_RPM_EQ0.U_GAND_S
RL_SET/I_WHOLE_SLICE.G_SLICE_IDX[17].U_GAND_SRL_SLICE/XST_GND
GND
		ila/U0/I_NO_D.U_ILA/U_TRIG/U_TM/G_NMU[1].U_M/U_MU/I_MUT_GANDX.U_match/I_CS_GAN
DX.U_CS_GANDX_SRL/I_V6.U_CS_GANDX_SRL_V6/U_CS_GAND_SRL_V6/I_USE_RPM_EQ0.U_GAND_S
RL_SET/I_WHOLE_SLICE.G_SLICE_IDX[18].U_GAND_SRL_SLICE/XST_GND
GND
		ila/U0/I_NO_D.U_ILA/U_TRIG/U_TM/G_NMU[1].U_M/U_MU/I_MUT_GANDX.U_match/I_CS_GAN
DX.U_CS_GANDX_SRL/I_V6.U_CS_GANDX_SRL_V6/U_CS_GAND_SRL_V6/I_USE_RPM_EQ0.U_GAND_S
RL_SET/I_WHOLE_SLICE.G_SLICE_IDX[19].U_GAND_SRL_SLICE/XST_GND
GND
		ila/U0/I_NO_D.U_ILA/U_TRIG/U_TM/G_NMU[1].U_M/U_MU/I_MUT_GANDX.U_match/I_CS_GAN
DX.U_CS_GANDX_SRL/I_V6.U_CS_GANDX_SRL_V6/U_CS_GAND_SRL_V6/I_USE_RPM_EQ0.U_GAND_S
RL_SET/I_WHOLE_SLICE.G_SLICE_IDX[1].U_GAND_SRL_SLICE/XST_GND
GND
		ila/U0/I_NO_D.U_ILA/U_TRIG/U_TM/G_NMU[1].U_M/U_MU/I_MUT_GANDX.U_match/I_CS_GAN
DX.U_CS_GANDX_SRL/I_V6.U_CS_GANDX_SRL_V6/U_CS_GAND_SRL_V6/I_USE_RPM_EQ0.U_GAND_S
RL_SET/I_WHOLE_SLICE.G_SLICE_IDX[20].U_GAND_SRL_SLICE/XST_GND
GND
		ila/U0/I_NO_D.U_ILA/U_TRIG/U_TM/G_NMU[1].U_M/U_MU/I_MUT_GANDX.U_match/I_CS_GAN
DX.U_CS_GANDX_SRL/I_V6.U_CS_GANDX_SRL_V6/U_CS_GAND_SRL_V6/I_USE_RPM_EQ0.U_GAND_S
RL_SET/I_WHOLE_SLICE.G_SLICE_IDX[21].U_GAND_SRL_SLICE/XST_GND
GND
		ila/U0/I_NO_D.U_ILA/U_TRIG/U_TM/G_NMU[1].U_M/U_MU/I_MUT_GANDX.U_match/I_CS_GAN
DX.U_CS_GANDX_SRL/I_V6.U_CS_GANDX_SRL_V6/U_CS_GAND_SRL_V6/I_USE_RPM_EQ0.U_GAND_S
RL_SET/I_WHOLE_SLICE.G_SLICE_IDX[22].U_GAND_SRL_SLICE/XST_GND
GND
		ila/U0/I_NO_D.U_ILA/U_TRIG/U_TM/G_NMU[1].U_M/U_MU/I_MUT_GANDX.U_match/I_CS_GAN
DX.U_CS_GANDX_SRL/I_V6.U_CS_GANDX_SRL_V6/U_CS_GAND_SRL_V6/I_USE_RPM_EQ0.U_GAND_S
RL_SET/I_WHOLE_SLICE.G_SLICE_IDX[23].U_GAND_SRL_SLICE/XST_GND
GND
		ila/U0/I_NO_D.U_ILA/U_TRIG/U_TM/G_NMU[1].U_M/U_MU/I_MUT_GANDX.U_match/I_CS_GAN
DX.U_CS_GANDX_SRL/I_V6.U_CS_GANDX_SRL_V6/U_CS_GAND_SRL_V6/I_USE_RPM_EQ0.U_GAND_S
RL_SET/I_WHOLE_SLICE.G_SLICE_IDX[24].U_GAND_SRL_SLICE/XST_GND
GND
		ila/U0/I_NO_D.U_ILA/U_TRIG/U_TM/G_NMU[1].U_M/U_MU/I_MUT_GANDX.U_match/I_CS_GAN
DX.U_CS_GANDX_SRL/I_V6.U_CS_GANDX_SRL_V6/U_CS_GAND_SRL_V6/I_USE_RPM_EQ0.U_GAND_S
RL_SET/I_WHOLE_SLICE.G_SLICE_IDX[25].U_GAND_SRL_SLICE/XST_GND
GND
		ila/U0/I_NO_D.U_ILA/U_TRIG/U_TM/G_NMU[1].U_M/U_MU/I_MUT_GANDX.U_match/I_CS_GAN
DX.U_CS_GANDX_SRL/I_V6.U_CS_GANDX_SRL_V6/U_CS_GAND_SRL_V6/I_USE_RPM_EQ0.U_GAND_S
RL_SET/I_WHOLE_SLICE.G_SLICE_IDX[26].U_GAND_SRL_SLICE/XST_GND
GND
		ila/U0/I_NO_D.U_ILA/U_TRIG/U_TM/G_NMU[1].U_M/U_MU/I_MUT_GANDX.U_match/I_CS_GAN
DX.U_CS_GANDX_SRL/I_V6.U_CS_GANDX_SRL_V6/U_CS_GAND_SRL_V6/I_USE_RPM_EQ0.U_GAND_S
RL_SET/I_WHOLE_SLICE.G_SLICE_IDX[27].U_GAND_SRL_SLICE/XST_GND
GND
		ila/U0/I_NO_D.U_ILA/U_TRIG/U_TM/G_NMU[1].U_M/U_MU/I_MUT_GANDX.U_match/I_CS_GAN
DX.U_CS_GANDX_SRL/I_V6.U_CS_GANDX_SRL_V6/U_CS_GAND_SRL_V6/I_USE_RPM_EQ0.U_GAND_S
RL_SET/I_WHOLE_SLICE.G_SLICE_IDX[28].U_GAND_SRL_SLICE/XST_GND
GND
		ila/U0/I_NO_D.U_ILA/U_TRIG/U_TM/G_NMU[1].U_M/U_MU/I_MUT_GANDX.U_match/I_CS_GAN
DX.U_CS_GANDX_SRL/I_V6.U_CS_GANDX_SRL_V6/U_CS_GAND_SRL_V6/I_USE_RPM_EQ0.U_GAND_S
RL_SET/I_WHOLE_SLICE.G_SLICE_IDX[29].U_GAND_SRL_SLICE/XST_GND
GND
		ila/U0/I_NO_D.U_ILA/U_TRIG/U_TM/G_NMU[1].U_M/U_MU/I_MUT_GANDX.U_match/I_CS_GAN
DX.U_CS_GANDX_SRL/I_V6.U_CS_GANDX_SRL_V6/U_CS_GAND_SRL_V6/I_USE_RPM_EQ0.U_GAND_S
RL_SET/I_WHOLE_SLICE.G_SLICE_IDX[2].U_GAND_SRL_SLICE/XST_GND
GND
		ila/U0/I_NO_D.U_ILA/U_TRIG/U_TM/G_NMU[1].U_M/U_MU/I_MUT_GANDX.U_match/I_CS_GAN
DX.U_CS_GANDX_SRL/I_V6.U_CS_GANDX_SRL_V6/U_CS_GAND_SRL_V6/I_USE_RPM_EQ0.U_GAND_S
RL_SET/I_WHOLE_SLICE.G_SLICE_IDX[30].U_GAND_SRL_SLICE/XST_GND
GND
		ila/U0/I_NO_D.U_ILA/U_TRIG/U_TM/G_NMU[1].U_M/U_MU/I_MUT_GANDX.U_match/I_CS_GAN
DX.U_CS_GANDX_SRL/I_V6.U_CS_GANDX_SRL_V6/U_CS_GAND_SRL_V6/I_USE_RPM_EQ0.U_GAND_S
RL_SET/I_WHOLE_SLICE.G_SLICE_IDX[31].U_GAND_SRL_SLICE/XST_GND
VCC
		ila/U0/I_NO_D.U_ILA/U_TRIG/U_TM/G_NMU[1].U_M/U_MU/I_MUT_GANDX.U_match/I_CS_GAN
DX.U_CS_GANDX_SRL/I_V6.U_CS_GANDX_SRL_V6/U_CS_GAND_SRL_V6/I_USE_RPM_EQ0.U_GAND_S
RL_SET/I_WHOLE_SLICE.G_SLICE_IDX[31].U_GAND_SRL_SLICE/XST_VCC
GND
		ila/U0/I_NO_D.U_ILA/U_TRIG/U_TM/G_NMU[1].U_M/U_MU/I_MUT_GANDX.U_match/I_CS_GAN
DX.U_CS_GANDX_SRL/I_V6.U_CS_GANDX_SRL_V6/U_CS_GAND_SRL_V6/I_USE_RPM_EQ0.U_GAND_S
RL_SET/I_WHOLE_SLICE.G_SLICE_IDX[3].U_GAND_SRL_SLICE/XST_GND
GND
		ila/U0/I_NO_D.U_ILA/U_TRIG/U_TM/G_NMU[1].U_M/U_MU/I_MUT_GANDX.U_match/I_CS_GAN
DX.U_CS_GANDX_SRL/I_V6.U_CS_GANDX_SRL_V6/U_CS_GAND_SRL_V6/I_USE_RPM_EQ0.U_GAND_S
RL_SET/I_WHOLE_SLICE.G_SLICE_IDX[4].U_GAND_SRL_SLICE/XST_GND
GND
		ila/U0/I_NO_D.U_ILA/U_TRIG/U_TM/G_NMU[1].U_M/U_MU/I_MUT_GANDX.U_match/I_CS_GAN
DX.U_CS_GANDX_SRL/I_V6.U_CS_GANDX_SRL_V6/U_CS_GAND_SRL_V6/I_USE_RPM_EQ0.U_GAND_S
RL_SET/I_WHOLE_SLICE.G_SLICE_IDX[5].U_GAND_SRL_SLICE/XST_GND
GND
		ila/U0/I_NO_D.U_ILA/U_TRIG/U_TM/G_NMU[1].U_M/U_MU/I_MUT_GANDX.U_match/I_CS_GAN
DX.U_CS_GANDX_SRL/I_V6.U_CS_GANDX_SRL_V6/U_CS_GAND_SRL_V6/I_USE_RPM_EQ0.U_GAND_S
RL_SET/I_WHOLE_SLICE.G_SLICE_IDX[6].U_GAND_SRL_SLICE/XST_GND
GND
		ila/U0/I_NO_D.U_ILA/U_TRIG/U_TM/G_NMU[1].U_M/U_MU/I_MUT_GANDX.U_match/I_CS_GAN
DX.U_CS_GANDX_SRL/I_V6.U_CS_GANDX_SRL_V6/U_CS_GAND_SRL_V6/I_USE_RPM_EQ0.U_GAND_S
RL_SET/I_WHOLE_SLICE.G_SLICE_IDX[7].U_GAND_SRL_SLICE/XST_GND
GND
		ila/U0/I_NO_D.U_ILA/U_TRIG/U_TM/G_NMU[1].U_M/U_MU/I_MUT_GANDX.U_match/I_CS_GAN
DX.U_CS_GANDX_SRL/I_V6.U_CS_GANDX_SRL_V6/U_CS_GAND_SRL_V6/I_USE_RPM_EQ0.U_GAND_S
RL_SET/I_WHOLE_SLICE.G_SLICE_IDX[8].U_GAND_SRL_SLICE/XST_GND
GND
		ila/U0/I_NO_D.U_ILA/U_TRIG/U_TM/G_NMU[1].U_M/U_MU/I_MUT_GANDX.U_match/I_CS_GAN
DX.U_CS_GANDX_SRL/I_V6.U_CS_GANDX_SRL_V6/U_CS_GAND_SRL_V6/I_USE_RPM_EQ0.U_GAND_S
RL_SET/I_WHOLE_SLICE.G_SLICE_IDX[9].U_GAND_SRL_SLICE/XST_GND
GND
		ila/U0/I_NO_D.U_ILA/U_TRIG/U_TM/G_NMU[2].U_M/U_MU/I_MUT_GANDX.U_match/I_CS_GAN
DX.U_CS_GANDX_SRL/I_V6.U_CS_GANDX_SRL_V6/U_CS_GAND_SRL_V6/I_USE_RPM_EQ0.U_GAND_S
RL_SET/I_WHOLE_SLICE.G_SLICE_IDX[0].U_GAND_SRL_SLICE/XST_GND
VCC
		ila/U0/I_NO_D.U_ILA/U_TRIG/U_TM/G_NMU[2].U_M/U_MU/I_MUT_GANDX.U_match/I_CS_GAN
DX.U_CS_GANDX_SRL/I_V6.U_CS_GANDX_SRL_V6/U_CS_GAND_SRL_V6/I_USE_RPM_EQ0.U_GAND_S
RL_SET/I_WHOLE_SLICE.G_SLICE_IDX[0].U_GAND_SRL_SLICE/XST_VCC
GND
		ila/U0/I_NO_D.U_ILA/U_TRIG/U_TM/G_NMU[2].U_M/U_MU/I_MUT_GANDX.U_match/I_CS_GAN
DX.U_CS_GANDX_SRL/I_V6.U_CS_GANDX_SRL_V6/U_CS_GAND_SRL_V6/I_USE_RPM_EQ0.U_GAND_S
RL_SET/I_WHOLE_SLICE.G_SLICE_IDX[10].U_GAND_SRL_SLICE/XST_GND
GND
		ila/U0/I_NO_D.U_ILA/U_TRIG/U_TM/G_NMU[2].U_M/U_MU/I_MUT_GANDX.U_match/I_CS_GAN
DX.U_CS_GANDX_SRL/I_V6.U_CS_GANDX_SRL_V6/U_CS_GAND_SRL_V6/I_USE_RPM_EQ0.U_GAND_S
RL_SET/I_WHOLE_SLICE.G_SLICE_IDX[11].U_GAND_SRL_SLICE/XST_GND
GND
		ila/U0/I_NO_D.U_ILA/U_TRIG/U_TM/G_NMU[2].U_M/U_MU/I_MUT_GANDX.U_match/I_CS_GAN
DX.U_CS_GANDX_SRL/I_V6.U_CS_GANDX_SRL_V6/U_CS_GAND_SRL_V6/I_USE_RPM_EQ0.U_GAND_S
RL_SET/I_WHOLE_SLICE.G_SLICE_IDX[12].U_GAND_SRL_SLICE/XST_GND
GND
		ila/U0/I_NO_D.U_ILA/U_TRIG/U_TM/G_NMU[2].U_M/U_MU/I_MUT_GANDX.U_match/I_CS_GAN
DX.U_CS_GANDX_SRL/I_V6.U_CS_GANDX_SRL_V6/U_CS_GAND_SRL_V6/I_USE_RPM_EQ0.U_GAND_S
RL_SET/I_WHOLE_SLICE.G_SLICE_IDX[13].U_GAND_SRL_SLICE/XST_GND
GND
		ila/U0/I_NO_D.U_ILA/U_TRIG/U_TM/G_NMU[2].U_M/U_MU/I_MUT_GANDX.U_match/I_CS_GAN
DX.U_CS_GANDX_SRL/I_V6.U_CS_GANDX_SRL_V6/U_CS_GAND_SRL_V6/I_USE_RPM_EQ0.U_GAND_S
RL_SET/I_WHOLE_SLICE.G_SLICE_IDX[14].U_GAND_SRL_SLICE/XST_GND
GND
		ila/U0/I_NO_D.U_ILA/U_TRIG/U_TM/G_NMU[2].U_M/U_MU/I_MUT_GANDX.U_match/I_CS_GAN
DX.U_CS_GANDX_SRL/I_V6.U_CS_GANDX_SRL_V6/U_CS_GAND_SRL_V6/I_USE_RPM_EQ0.U_GAND_S
RL_SET/I_WHOLE_SLICE.G_SLICE_IDX[15].U_GAND_SRL_SLICE/XST_GND
GND
		ila/U0/I_NO_D.U_ILA/U_TRIG/U_TM/G_NMU[2].U_M/U_MU/I_MUT_GANDX.U_match/I_CS_GAN
DX.U_CS_GANDX_SRL/I_V6.U_CS_GANDX_SRL_V6/U_CS_GAND_SRL_V6/I_USE_RPM_EQ0.U_GAND_S
RL_SET/I_WHOLE_SLICE.G_SLICE_IDX[16].U_GAND_SRL_SLICE/XST_GND
GND
		ila/U0/I_NO_D.U_ILA/U_TRIG/U_TM/G_NMU[2].U_M/U_MU/I_MUT_GANDX.U_match/I_CS_GAN
DX.U_CS_GANDX_SRL/I_V6.U_CS_GANDX_SRL_V6/U_CS_GAND_SRL_V6/I_USE_RPM_EQ0.U_GAND_S
RL_SET/I_WHOLE_SLICE.G_SLICE_IDX[17].U_GAND_SRL_SLICE/XST_GND
GND
		ila/U0/I_NO_D.U_ILA/U_TRIG/U_TM/G_NMU[2].U_M/U_MU/I_MUT_GANDX.U_match/I_CS_GAN
DX.U_CS_GANDX_SRL/I_V6.U_CS_GANDX_SRL_V6/U_CS_GAND_SRL_V6/I_USE_RPM_EQ0.U_GAND_S
RL_SET/I_WHOLE_SLICE.G_SLICE_IDX[18].U_GAND_SRL_SLICE/XST_GND
GND
		ila/U0/I_NO_D.U_ILA/U_TRIG/U_TM/G_NMU[2].U_M/U_MU/I_MUT_GANDX.U_match/I_CS_GAN
DX.U_CS_GANDX_SRL/I_V6.U_CS_GANDX_SRL_V6/U_CS_GAND_SRL_V6/I_USE_RPM_EQ0.U_GAND_S
RL_SET/I_WHOLE_SLICE.G_SLICE_IDX[19].U_GAND_SRL_SLICE/XST_GND
GND
		ila/U0/I_NO_D.U_ILA/U_TRIG/U_TM/G_NMU[2].U_M/U_MU/I_MUT_GANDX.U_match/I_CS_GAN
DX.U_CS_GANDX_SRL/I_V6.U_CS_GANDX_SRL_V6/U_CS_GAND_SRL_V6/I_USE_RPM_EQ0.U_GAND_S
RL_SET/I_WHOLE_SLICE.G_SLICE_IDX[1].U_GAND_SRL_SLICE/XST_GND
GND
		ila/U0/I_NO_D.U_ILA/U_TRIG/U_TM/G_NMU[2].U_M/U_MU/I_MUT_GANDX.U_match/I_CS_GAN
DX.U_CS_GANDX_SRL/I_V6.U_CS_GANDX_SRL_V6/U_CS_GAND_SRL_V6/I_USE_RPM_EQ0.U_GAND_S
RL_SET/I_WHOLE_SLICE.G_SLICE_IDX[20].U_GAND_SRL_SLICE/XST_GND
GND
		ila/U0/I_NO_D.U_ILA/U_TRIG/U_TM/G_NMU[2].U_M/U_MU/I_MUT_GANDX.U_match/I_CS_GAN
DX.U_CS_GANDX_SRL/I_V6.U_CS_GANDX_SRL_V6/U_CS_GAND_SRL_V6/I_USE_RPM_EQ0.U_GAND_S
RL_SET/I_WHOLE_SLICE.G_SLICE_IDX[21].U_GAND_SRL_SLICE/XST_GND
GND
		ila/U0/I_NO_D.U_ILA/U_TRIG/U_TM/G_NMU[2].U_M/U_MU/I_MUT_GANDX.U_match/I_CS_GAN
DX.U_CS_GANDX_SRL/I_V6.U_CS_GANDX_SRL_V6/U_CS_GAND_SRL_V6/I_USE_RPM_EQ0.U_GAND_S
RL_SET/I_WHOLE_SLICE.G_SLICE_IDX[22].U_GAND_SRL_SLICE/XST_GND
GND
		ila/U0/I_NO_D.U_ILA/U_TRIG/U_TM/G_NMU[2].U_M/U_MU/I_MUT_GANDX.U_match/I_CS_GAN
DX.U_CS_GANDX_SRL/I_V6.U_CS_GANDX_SRL_V6/U_CS_GAND_SRL_V6/I_USE_RPM_EQ0.U_GAND_S
RL_SET/I_WHOLE_SLICE.G_SLICE_IDX[23].U_GAND_SRL_SLICE/XST_GND
GND
		ila/U0/I_NO_D.U_ILA/U_TRIG/U_TM/G_NMU[2].U_M/U_MU/I_MUT_GANDX.U_match/I_CS_GAN
DX.U_CS_GANDX_SRL/I_V6.U_CS_GANDX_SRL_V6/U_CS_GAND_SRL_V6/I_USE_RPM_EQ0.U_GAND_S
RL_SET/I_WHOLE_SLICE.G_SLICE_IDX[24].U_GAND_SRL_SLICE/XST_GND
GND
		ila/U0/I_NO_D.U_ILA/U_TRIG/U_TM/G_NMU[2].U_M/U_MU/I_MUT_GANDX.U_match/I_CS_GAN
DX.U_CS_GANDX_SRL/I_V6.U_CS_GANDX_SRL_V6/U_CS_GAND_SRL_V6/I_USE_RPM_EQ0.U_GAND_S
RL_SET/I_WHOLE_SLICE.G_SLICE_IDX[25].U_GAND_SRL_SLICE/XST_GND
GND
		ila/U0/I_NO_D.U_ILA/U_TRIG/U_TM/G_NMU[2].U_M/U_MU/I_MUT_GANDX.U_match/I_CS_GAN
DX.U_CS_GANDX_SRL/I_V6.U_CS_GANDX_SRL_V6/U_CS_GAND_SRL_V6/I_USE_RPM_EQ0.U_GAND_S
RL_SET/I_WHOLE_SLICE.G_SLICE_IDX[26].U_GAND_SRL_SLICE/XST_GND
GND
		ila/U0/I_NO_D.U_ILA/U_TRIG/U_TM/G_NMU[2].U_M/U_MU/I_MUT_GANDX.U_match/I_CS_GAN
DX.U_CS_GANDX_SRL/I_V6.U_CS_GANDX_SRL_V6/U_CS_GAND_SRL_V6/I_USE_RPM_EQ0.U_GAND_S
RL_SET/I_WHOLE_SLICE.G_SLICE_IDX[27].U_GAND_SRL_SLICE/XST_GND
GND
		ila/U0/I_NO_D.U_ILA/U_TRIG/U_TM/G_NMU[2].U_M/U_MU/I_MUT_GANDX.U_match/I_CS_GAN
DX.U_CS_GANDX_SRL/I_V6.U_CS_GANDX_SRL_V6/U_CS_GAND_SRL_V6/I_USE_RPM_EQ0.U_GAND_S
RL_SET/I_WHOLE_SLICE.G_SLICE_IDX[28].U_GAND_SRL_SLICE/XST_GND
GND
		ila/U0/I_NO_D.U_ILA/U_TRIG/U_TM/G_NMU[2].U_M/U_MU/I_MUT_GANDX.U_match/I_CS_GAN
DX.U_CS_GANDX_SRL/I_V6.U_CS_GANDX_SRL_V6/U_CS_GAND_SRL_V6/I_USE_RPM_EQ0.U_GAND_S
RL_SET/I_WHOLE_SLICE.G_SLICE_IDX[29].U_GAND_SRL_SLICE/XST_GND
GND
		ila/U0/I_NO_D.U_ILA/U_TRIG/U_TM/G_NMU[2].U_M/U_MU/I_MUT_GANDX.U_match/I_CS_GAN
DX.U_CS_GANDX_SRL/I_V6.U_CS_GANDX_SRL_V6/U_CS_GAND_SRL_V6/I_USE_RPM_EQ0.U_GAND_S
RL_SET/I_WHOLE_SLICE.G_SLICE_IDX[2].U_GAND_SRL_SLICE/XST_GND
GND
		ila/U0/I_NO_D.U_ILA/U_TRIG/U_TM/G_NMU[2].U_M/U_MU/I_MUT_GANDX.U_match/I_CS_GAN
DX.U_CS_GANDX_SRL/I_V6.U_CS_GANDX_SRL_V6/U_CS_GAND_SRL_V6/I_USE_RPM_EQ0.U_GAND_S
RL_SET/I_WHOLE_SLICE.G_SLICE_IDX[30].U_GAND_SRL_SLICE/XST_GND
GND
		ila/U0/I_NO_D.U_ILA/U_TRIG/U_TM/G_NMU[2].U_M/U_MU/I_MUT_GANDX.U_match/I_CS_GAN
DX.U_CS_GANDX_SRL/I_V6.U_CS_GANDX_SRL_V6/U_CS_GAND_SRL_V6/I_USE_RPM_EQ0.U_GAND_S
RL_SET/I_WHOLE_SLICE.G_SLICE_IDX[31].U_GAND_SRL_SLICE/XST_GND
VCC
		ila/U0/I_NO_D.U_ILA/U_TRIG/U_TM/G_NMU[2].U_M/U_MU/I_MUT_GANDX.U_match/I_CS_GAN
DX.U_CS_GANDX_SRL/I_V6.U_CS_GANDX_SRL_V6/U_CS_GAND_SRL_V6/I_USE_RPM_EQ0.U_GAND_S
RL_SET/I_WHOLE_SLICE.G_SLICE_IDX[31].U_GAND_SRL_SLICE/XST_VCC
GND
		ila/U0/I_NO_D.U_ILA/U_TRIG/U_TM/G_NMU[2].U_M/U_MU/I_MUT_GANDX.U_match/I_CS_GAN
DX.U_CS_GANDX_SRL/I_V6.U_CS_GANDX_SRL_V6/U_CS_GAND_SRL_V6/I_USE_RPM_EQ0.U_GAND_S
RL_SET/I_WHOLE_SLICE.G_SLICE_IDX[3].U_GAND_SRL_SLICE/XST_GND
GND
		ila/U0/I_NO_D.U_ILA/U_TRIG/U_TM/G_NMU[2].U_M/U_MU/I_MUT_GANDX.U_match/I_CS_GAN
DX.U_CS_GANDX_SRL/I_V6.U_CS_GANDX_SRL_V6/U_CS_GAND_SRL_V6/I_USE_RPM_EQ0.U_GAND_S
RL_SET/I_WHOLE_SLICE.G_SLICE_IDX[4].U_GAND_SRL_SLICE/XST_GND
GND
		ila/U0/I_NO_D.U_ILA/U_TRIG/U_TM/G_NMU[2].U_M/U_MU/I_MUT_GANDX.U_match/I_CS_GAN
DX.U_CS_GANDX_SRL/I_V6.U_CS_GANDX_SRL_V6/U_CS_GAND_SRL_V6/I_USE_RPM_EQ0.U_GAND_S
RL_SET/I_WHOLE_SLICE.G_SLICE_IDX[5].U_GAND_SRL_SLICE/XST_GND
GND
		ila/U0/I_NO_D.U_ILA/U_TRIG/U_TM/G_NMU[2].U_M/U_MU/I_MUT_GANDX.U_match/I_CS_GAN
DX.U_CS_GANDX_SRL/I_V6.U_CS_GANDX_SRL_V6/U_CS_GAND_SRL_V6/I_USE_RPM_EQ0.U_GAND_S
RL_SET/I_WHOLE_SLICE.G_SLICE_IDX[6].U_GAND_SRL_SLICE/XST_GND
GND
		ila/U0/I_NO_D.U_ILA/U_TRIG/U_TM/G_NMU[2].U_M/U_MU/I_MUT_GANDX.U_match/I_CS_GAN
DX.U_CS_GANDX_SRL/I_V6.U_CS_GANDX_SRL_V6/U_CS_GAND_SRL_V6/I_USE_RPM_EQ0.U_GAND_S
RL_SET/I_WHOLE_SLICE.G_SLICE_IDX[7].U_GAND_SRL_SLICE/XST_GND
GND
		ila/U0/I_NO_D.U_ILA/U_TRIG/U_TM/G_NMU[2].U_M/U_MU/I_MUT_GANDX.U_match/I_CS_GAN
DX.U_CS_GANDX_SRL/I_V6.U_CS_GANDX_SRL_V6/U_CS_GAND_SRL_V6/I_USE_RPM_EQ0.U_GAND_S
RL_SET/I_WHOLE_SLICE.G_SLICE_IDX[8].U_GAND_SRL_SLICE/XST_GND
GND
		ila/U0/I_NO_D.U_ILA/U_TRIG/U_TM/G_NMU[2].U_M/U_MU/I_MUT_GANDX.U_match/I_CS_GAN
DX.U_CS_GANDX_SRL/I_V6.U_CS_GANDX_SRL_V6/U_CS_GAND_SRL_V6/I_USE_RPM_EQ0.U_GAND_S
RL_SET/I_WHOLE_SLICE.G_SLICE_IDX[9].U_GAND_SRL_SLICE/XST_GND
GND
		ila/U0/I_NO_D.U_ILA/U_TRIG/U_TM/G_NMU[3].U_M/U_MU/I_MUT_GANDX.U_match/I_CS_GAN
DX.U_CS_GANDX_SRL/I_V6.U_CS_GANDX_SRL_V6/U_CS_GAND_SRL_V6/I_USE_RPM_EQ0.U_GAND_S
RL_SET/I_WHOLE_SLICE.G_SLICE_IDX[0].U_GAND_SRL_SLICE/XST_GND
VCC
		ila/U0/I_NO_D.U_ILA/U_TRIG/U_TM/G_NMU[3].U_M/U_MU/I_MUT_GANDX.U_match/I_CS_GAN
DX.U_CS_GANDX_SRL/I_V6.U_CS_GANDX_SRL_V6/U_CS_GAND_SRL_V6/I_USE_RPM_EQ0.U_GAND_S
RL_SET/I_WHOLE_SLICE.G_SLICE_IDX[0].U_GAND_SRL_SLICE/XST_VCC
GND
		ila/U0/I_NO_D.U_ILA/U_TRIG/U_TM/G_NMU[3].U_M/U_MU/I_MUT_GANDX.U_match/I_CS_GAN
DX.U_CS_GANDX_SRL/I_V6.U_CS_GANDX_SRL_V6/U_CS_GAND_SRL_V6/I_USE_RPM_EQ0.U_GAND_S
RL_SET/I_WHOLE_SLICE.G_SLICE_IDX[10].U_GAND_SRL_SLICE/XST_GND
GND
		ila/U0/I_NO_D.U_ILA/U_TRIG/U_TM/G_NMU[3].U_M/U_MU/I_MUT_GANDX.U_match/I_CS_GAN
DX.U_CS_GANDX_SRL/I_V6.U_CS_GANDX_SRL_V6/U_CS_GAND_SRL_V6/I_USE_RPM_EQ0.U_GAND_S
RL_SET/I_WHOLE_SLICE.G_SLICE_IDX[11].U_GAND_SRL_SLICE/XST_GND
GND
		ila/U0/I_NO_D.U_ILA/U_TRIG/U_TM/G_NMU[3].U_M/U_MU/I_MUT_GANDX.U_match/I_CS_GAN
DX.U_CS_GANDX_SRL/I_V6.U_CS_GANDX_SRL_V6/U_CS_GAND_SRL_V6/I_USE_RPM_EQ0.U_GAND_S
RL_SET/I_WHOLE_SLICE.G_SLICE_IDX[12].U_GAND_SRL_SLICE/XST_GND
GND
		ila/U0/I_NO_D.U_ILA/U_TRIG/U_TM/G_NMU[3].U_M/U_MU/I_MUT_GANDX.U_match/I_CS_GAN
DX.U_CS_GANDX_SRL/I_V6.U_CS_GANDX_SRL_V6/U_CS_GAND_SRL_V6/I_USE_RPM_EQ0.U_GAND_S
RL_SET/I_WHOLE_SLICE.G_SLICE_IDX[13].U_GAND_SRL_SLICE/XST_GND
GND
		ila/U0/I_NO_D.U_ILA/U_TRIG/U_TM/G_NMU[3].U_M/U_MU/I_MUT_GANDX.U_match/I_CS_GAN
DX.U_CS_GANDX_SRL/I_V6.U_CS_GANDX_SRL_V6/U_CS_GAND_SRL_V6/I_USE_RPM_EQ0.U_GAND_S
RL_SET/I_WHOLE_SLICE.G_SLICE_IDX[14].U_GAND_SRL_SLICE/XST_GND
GND
		ila/U0/I_NO_D.U_ILA/U_TRIG/U_TM/G_NMU[3].U_M/U_MU/I_MUT_GANDX.U_match/I_CS_GAN
DX.U_CS_GANDX_SRL/I_V6.U_CS_GANDX_SRL_V6/U_CS_GAND_SRL_V6/I_USE_RPM_EQ0.U_GAND_S
RL_SET/I_WHOLE_SLICE.G_SLICE_IDX[15].U_GAND_SRL_SLICE/XST_GND
GND
		ila/U0/I_NO_D.U_ILA/U_TRIG/U_TM/G_NMU[3].U_M/U_MU/I_MUT_GANDX.U_match/I_CS_GAN
DX.U_CS_GANDX_SRL/I_V6.U_CS_GANDX_SRL_V6/U_CS_GAND_SRL_V6/I_USE_RPM_EQ0.U_GAND_S
RL_SET/I_WHOLE_SLICE.G_SLICE_IDX[16].U_GAND_SRL_SLICE/XST_GND
GND
		ila/U0/I_NO_D.U_ILA/U_TRIG/U_TM/G_NMU[3].U_M/U_MU/I_MUT_GANDX.U_match/I_CS_GAN
DX.U_CS_GANDX_SRL/I_V6.U_CS_GANDX_SRL_V6/U_CS_GAND_SRL_V6/I_USE_RPM_EQ0.U_GAND_S
RL_SET/I_WHOLE_SLICE.G_SLICE_IDX[17].U_GAND_SRL_SLICE/XST_GND
GND
		ila/U0/I_NO_D.U_ILA/U_TRIG/U_TM/G_NMU[3].U_M/U_MU/I_MUT_GANDX.U_match/I_CS_GAN
DX.U_CS_GANDX_SRL/I_V6.U_CS_GANDX_SRL_V6/U_CS_GAND_SRL_V6/I_USE_RPM_EQ0.U_GAND_S
RL_SET/I_WHOLE_SLICE.G_SLICE_IDX[18].U_GAND_SRL_SLICE/XST_GND
GND
		ila/U0/I_NO_D.U_ILA/U_TRIG/U_TM/G_NMU[3].U_M/U_MU/I_MUT_GANDX.U_match/I_CS_GAN
DX.U_CS_GANDX_SRL/I_V6.U_CS_GANDX_SRL_V6/U_CS_GAND_SRL_V6/I_USE_RPM_EQ0.U_GAND_S
RL_SET/I_WHOLE_SLICE.G_SLICE_IDX[19].U_GAND_SRL_SLICE/XST_GND
GND
		ila/U0/I_NO_D.U_ILA/U_TRIG/U_TM/G_NMU[3].U_M/U_MU/I_MUT_GANDX.U_match/I_CS_GAN
DX.U_CS_GANDX_SRL/I_V6.U_CS_GANDX_SRL_V6/U_CS_GAND_SRL_V6/I_USE_RPM_EQ0.U_GAND_S
RL_SET/I_WHOLE_SLICE.G_SLICE_IDX[1].U_GAND_SRL_SLICE/XST_GND
GND
		ila/U0/I_NO_D.U_ILA/U_TRIG/U_TM/G_NMU[3].U_M/U_MU/I_MUT_GANDX.U_match/I_CS_GAN
DX.U_CS_GANDX_SRL/I_V6.U_CS_GANDX_SRL_V6/U_CS_GAND_SRL_V6/I_USE_RPM_EQ0.U_GAND_S
RL_SET/I_WHOLE_SLICE.G_SLICE_IDX[20].U_GAND_SRL_SLICE/XST_GND
GND
		ila/U0/I_NO_D.U_ILA/U_TRIG/U_TM/G_NMU[3].U_M/U_MU/I_MUT_GANDX.U_match/I_CS_GAN
DX.U_CS_GANDX_SRL/I_V6.U_CS_GANDX_SRL_V6/U_CS_GAND_SRL_V6/I_USE_RPM_EQ0.U_GAND_S
RL_SET/I_WHOLE_SLICE.G_SLICE_IDX[21].U_GAND_SRL_SLICE/XST_GND
GND
		ila/U0/I_NO_D.U_ILA/U_TRIG/U_TM/G_NMU[3].U_M/U_MU/I_MUT_GANDX.U_match/I_CS_GAN
DX.U_CS_GANDX_SRL/I_V6.U_CS_GANDX_SRL_V6/U_CS_GAND_SRL_V6/I_USE_RPM_EQ0.U_GAND_S
RL_SET/I_WHOLE_SLICE.G_SLICE_IDX[22].U_GAND_SRL_SLICE/XST_GND
GND
		ila/U0/I_NO_D.U_ILA/U_TRIG/U_TM/G_NMU[3].U_M/U_MU/I_MUT_GANDX.U_match/I_CS_GAN
DX.U_CS_GANDX_SRL/I_V6.U_CS_GANDX_SRL_V6/U_CS_GAND_SRL_V6/I_USE_RPM_EQ0.U_GAND_S
RL_SET/I_WHOLE_SLICE.G_SLICE_IDX[23].U_GAND_SRL_SLICE/XST_GND
GND
		ila/U0/I_NO_D.U_ILA/U_TRIG/U_TM/G_NMU[3].U_M/U_MU/I_MUT_GANDX.U_match/I_CS_GAN
DX.U_CS_GANDX_SRL/I_V6.U_CS_GANDX_SRL_V6/U_CS_GAND_SRL_V6/I_USE_RPM_EQ0.U_GAND_S
RL_SET/I_WHOLE_SLICE.G_SLICE_IDX[24].U_GAND_SRL_SLICE/XST_GND
GND
		ila/U0/I_NO_D.U_ILA/U_TRIG/U_TM/G_NMU[3].U_M/U_MU/I_MUT_GANDX.U_match/I_CS_GAN
DX.U_CS_GANDX_SRL/I_V6.U_CS_GANDX_SRL_V6/U_CS_GAND_SRL_V6/I_USE_RPM_EQ0.U_GAND_S
RL_SET/I_WHOLE_SLICE.G_SLICE_IDX[25].U_GAND_SRL_SLICE/XST_GND
GND
		ila/U0/I_NO_D.U_ILA/U_TRIG/U_TM/G_NMU[3].U_M/U_MU/I_MUT_GANDX.U_match/I_CS_GAN
DX.U_CS_GANDX_SRL/I_V6.U_CS_GANDX_SRL_V6/U_CS_GAND_SRL_V6/I_USE_RPM_EQ0.U_GAND_S
RL_SET/I_WHOLE_SLICE.G_SLICE_IDX[26].U_GAND_SRL_SLICE/XST_GND
GND
		ila/U0/I_NO_D.U_ILA/U_TRIG/U_TM/G_NMU[3].U_M/U_MU/I_MUT_GANDX.U_match/I_CS_GAN
DX.U_CS_GANDX_SRL/I_V6.U_CS_GANDX_SRL_V6/U_CS_GAND_SRL_V6/I_USE_RPM_EQ0.U_GAND_S
RL_SET/I_WHOLE_SLICE.G_SLICE_IDX[27].U_GAND_SRL_SLICE/XST_GND
GND
		ila/U0/I_NO_D.U_ILA/U_TRIG/U_TM/G_NMU[3].U_M/U_MU/I_MUT_GANDX.U_match/I_CS_GAN
DX.U_CS_GANDX_SRL/I_V6.U_CS_GANDX_SRL_V6/U_CS_GAND_SRL_V6/I_USE_RPM_EQ0.U_GAND_S
RL_SET/I_WHOLE_SLICE.G_SLICE_IDX[28].U_GAND_SRL_SLICE/XST_GND
GND
		ila/U0/I_NO_D.U_ILA/U_TRIG/U_TM/G_NMU[3].U_M/U_MU/I_MUT_GANDX.U_match/I_CS_GAN
DX.U_CS_GANDX_SRL/I_V6.U_CS_GANDX_SRL_V6/U_CS_GAND_SRL_V6/I_USE_RPM_EQ0.U_GAND_S
RL_SET/I_WHOLE_SLICE.G_SLICE_IDX[29].U_GAND_SRL_SLICE/XST_GND
GND
		ila/U0/I_NO_D.U_ILA/U_TRIG/U_TM/G_NMU[3].U_M/U_MU/I_MUT_GANDX.U_match/I_CS_GAN
DX.U_CS_GANDX_SRL/I_V6.U_CS_GANDX_SRL_V6/U_CS_GAND_SRL_V6/I_USE_RPM_EQ0.U_GAND_S
RL_SET/I_WHOLE_SLICE.G_SLICE_IDX[2].U_GAND_SRL_SLICE/XST_GND
GND
		ila/U0/I_NO_D.U_ILA/U_TRIG/U_TM/G_NMU[3].U_M/U_MU/I_MUT_GANDX.U_match/I_CS_GAN
DX.U_CS_GANDX_SRL/I_V6.U_CS_GANDX_SRL_V6/U_CS_GAND_SRL_V6/I_USE_RPM_EQ0.U_GAND_S
RL_SET/I_WHOLE_SLICE.G_SLICE_IDX[30].U_GAND_SRL_SLICE/XST_GND
GND
		ila/U0/I_NO_D.U_ILA/U_TRIG/U_TM/G_NMU[3].U_M/U_MU/I_MUT_GANDX.U_match/I_CS_GAN
DX.U_CS_GANDX_SRL/I_V6.U_CS_GANDX_SRL_V6/U_CS_GAND_SRL_V6/I_USE_RPM_EQ0.U_GAND_S
RL_SET/I_WHOLE_SLICE.G_SLICE_IDX[31].U_GAND_SRL_SLICE/XST_GND
VCC
		ila/U0/I_NO_D.U_ILA/U_TRIG/U_TM/G_NMU[3].U_M/U_MU/I_MUT_GANDX.U_match/I_CS_GAN
DX.U_CS_GANDX_SRL/I_V6.U_CS_GANDX_SRL_V6/U_CS_GAND_SRL_V6/I_USE_RPM_EQ0.U_GAND_S
RL_SET/I_WHOLE_SLICE.G_SLICE_IDX[31].U_GAND_SRL_SLICE/XST_VCC
GND
		ila/U0/I_NO_D.U_ILA/U_TRIG/U_TM/G_NMU[3].U_M/U_MU/I_MUT_GANDX.U_match/I_CS_GAN
DX.U_CS_GANDX_SRL/I_V6.U_CS_GANDX_SRL_V6/U_CS_GAND_SRL_V6/I_USE_RPM_EQ0.U_GAND_S
RL_SET/I_WHOLE_SLICE.G_SLICE_IDX[3].U_GAND_SRL_SLICE/XST_GND
GND
		ila/U0/I_NO_D.U_ILA/U_TRIG/U_TM/G_NMU[3].U_M/U_MU/I_MUT_GANDX.U_match/I_CS_GAN
DX.U_CS_GANDX_SRL/I_V6.U_CS_GANDX_SRL_V6/U_CS_GAND_SRL_V6/I_USE_RPM_EQ0.U_GAND_S
RL_SET/I_WHOLE_SLICE.G_SLICE_IDX[4].U_GAND_SRL_SLICE/XST_GND
GND
		ila/U0/I_NO_D.U_ILA/U_TRIG/U_TM/G_NMU[3].U_M/U_MU/I_MUT_GANDX.U_match/I_CS_GAN
DX.U_CS_GANDX_SRL/I_V6.U_CS_GANDX_SRL_V6/U_CS_GAND_SRL_V6/I_USE_RPM_EQ0.U_GAND_S
RL_SET/I_WHOLE_SLICE.G_SLICE_IDX[5].U_GAND_SRL_SLICE/XST_GND
GND
		ila/U0/I_NO_D.U_ILA/U_TRIG/U_TM/G_NMU[3].U_M/U_MU/I_MUT_GANDX.U_match/I_CS_GAN
DX.U_CS_GANDX_SRL/I_V6.U_CS_GANDX_SRL_V6/U_CS_GAND_SRL_V6/I_USE_RPM_EQ0.U_GAND_S
RL_SET/I_WHOLE_SLICE.G_SLICE_IDX[6].U_GAND_SRL_SLICE/XST_GND
GND
		ila/U0/I_NO_D.U_ILA/U_TRIG/U_TM/G_NMU[3].U_M/U_MU/I_MUT_GANDX.U_match/I_CS_GAN
DX.U_CS_GANDX_SRL/I_V6.U_CS_GANDX_SRL_V6/U_CS_GAND_SRL_V6/I_USE_RPM_EQ0.U_GAND_S
RL_SET/I_WHOLE_SLICE.G_SLICE_IDX[7].U_GAND_SRL_SLICE/XST_GND
GND
		ila/U0/I_NO_D.U_ILA/U_TRIG/U_TM/G_NMU[3].U_M/U_MU/I_MUT_GANDX.U_match/I_CS_GAN
DX.U_CS_GANDX_SRL/I_V6.U_CS_GANDX_SRL_V6/U_CS_GAND_SRL_V6/I_USE_RPM_EQ0.U_GAND_S
RL_SET/I_WHOLE_SLICE.G_SLICE_IDX[8].U_GAND_SRL_SLICE/XST_GND
GND
		ila/U0/I_NO_D.U_ILA/U_TRIG/U_TM/G_NMU[3].U_M/U_MU/I_MUT_GANDX.U_match/I_CS_GAN
DX.U_CS_GANDX_SRL/I_V6.U_CS_GANDX_SRL_V6/U_CS_GAND_SRL_V6/I_USE_RPM_EQ0.U_GAND_S
RL_SET/I_WHOLE_SLICE.G_SLICE_IDX[9].U_GAND_SRL_SLICE/XST_GND
GND
		ila/U0/I_NO_D.U_ILA/U_TRIG/U_TM/G_NMU[4].U_M/U_MU/I_MUT_GANDX.U_match/I_CS_GAN
DX.U_CS_GANDX_SRL/I_V6.U_CS_GANDX_SRL_V6/U_CS_GAND_SRL_V6/I_USE_RPM_EQ0.U_GAND_S
RL_SET/I_WHOLE_SLICE.G_SLICE_IDX[0].U_GAND_SRL_SLICE/XST_GND
VCC
		ila/U0/I_NO_D.U_ILA/U_TRIG/U_TM/G_NMU[4].U_M/U_MU/I_MUT_GANDX.U_match/I_CS_GAN
DX.U_CS_GANDX_SRL/I_V6.U_CS_GANDX_SRL_V6/U_CS_GAND_SRL_V6/I_USE_RPM_EQ0.U_GAND_S
RL_SET/I_WHOLE_SLICE.G_SLICE_IDX[0].U_GAND_SRL_SLICE/XST_VCC
GND
		ila/U0/I_NO_D.U_ILA/U_TRIG/U_TM/G_NMU[4].U_M/U_MU/I_MUT_GANDX.U_match/I_CS_GAN
DX.U_CS_GANDX_SRL/I_V6.U_CS_GANDX_SRL_V6/U_CS_GAND_SRL_V6/I_USE_RPM_EQ0.U_GAND_S
RL_SET/I_WHOLE_SLICE.G_SLICE_IDX[10].U_GAND_SRL_SLICE/XST_GND
GND
		ila/U0/I_NO_D.U_ILA/U_TRIG/U_TM/G_NMU[4].U_M/U_MU/I_MUT_GANDX.U_match/I_CS_GAN
DX.U_CS_GANDX_SRL/I_V6.U_CS_GANDX_SRL_V6/U_CS_GAND_SRL_V6/I_USE_RPM_EQ0.U_GAND_S
RL_SET/I_WHOLE_SLICE.G_SLICE_IDX[11].U_GAND_SRL_SLICE/XST_GND
GND
		ila/U0/I_NO_D.U_ILA/U_TRIG/U_TM/G_NMU[4].U_M/U_MU/I_MUT_GANDX.U_match/I_CS_GAN
DX.U_CS_GANDX_SRL/I_V6.U_CS_GANDX_SRL_V6/U_CS_GAND_SRL_V6/I_USE_RPM_EQ0.U_GAND_S
RL_SET/I_WHOLE_SLICE.G_SLICE_IDX[12].U_GAND_SRL_SLICE/XST_GND
GND
		ila/U0/I_NO_D.U_ILA/U_TRIG/U_TM/G_NMU[4].U_M/U_MU/I_MUT_GANDX.U_match/I_CS_GAN
DX.U_CS_GANDX_SRL/I_V6.U_CS_GANDX_SRL_V6/U_CS_GAND_SRL_V6/I_USE_RPM_EQ0.U_GAND_S
RL_SET/I_WHOLE_SLICE.G_SLICE_IDX[13].U_GAND_SRL_SLICE/XST_GND
GND
		ila/U0/I_NO_D.U_ILA/U_TRIG/U_TM/G_NMU[4].U_M/U_MU/I_MUT_GANDX.U_match/I_CS_GAN
DX.U_CS_GANDX_SRL/I_V6.U_CS_GANDX_SRL_V6/U_CS_GAND_SRL_V6/I_USE_RPM_EQ0.U_GAND_S
RL_SET/I_WHOLE_SLICE.G_SLICE_IDX[14].U_GAND_SRL_SLICE/XST_GND
GND
		ila/U0/I_NO_D.U_ILA/U_TRIG/U_TM/G_NMU[4].U_M/U_MU/I_MUT_GANDX.U_match/I_CS_GAN
DX.U_CS_GANDX_SRL/I_V6.U_CS_GANDX_SRL_V6/U_CS_GAND_SRL_V6/I_USE_RPM_EQ0.U_GAND_S
RL_SET/I_WHOLE_SLICE.G_SLICE_IDX[15].U_GAND_SRL_SLICE/XST_GND
GND
		ila/U0/I_NO_D.U_ILA/U_TRIG/U_TM/G_NMU[4].U_M/U_MU/I_MUT_GANDX.U_match/I_CS_GAN
DX.U_CS_GANDX_SRL/I_V6.U_CS_GANDX_SRL_V6/U_CS_GAND_SRL_V6/I_USE_RPM_EQ0.U_GAND_S
RL_SET/I_WHOLE_SLICE.G_SLICE_IDX[16].U_GAND_SRL_SLICE/XST_GND
GND
		ila/U0/I_NO_D.U_ILA/U_TRIG/U_TM/G_NMU[4].U_M/U_MU/I_MUT_GANDX.U_match/I_CS_GAN
DX.U_CS_GANDX_SRL/I_V6.U_CS_GANDX_SRL_V6/U_CS_GAND_SRL_V6/I_USE_RPM_EQ0.U_GAND_S
RL_SET/I_WHOLE_SLICE.G_SLICE_IDX[17].U_GAND_SRL_SLICE/XST_GND
GND
		ila/U0/I_NO_D.U_ILA/U_TRIG/U_TM/G_NMU[4].U_M/U_MU/I_MUT_GANDX.U_match/I_CS_GAN
DX.U_CS_GANDX_SRL/I_V6.U_CS_GANDX_SRL_V6/U_CS_GAND_SRL_V6/I_USE_RPM_EQ0.U_GAND_S
RL_SET/I_WHOLE_SLICE.G_SLICE_IDX[18].U_GAND_SRL_SLICE/XST_GND
GND
		ila/U0/I_NO_D.U_ILA/U_TRIG/U_TM/G_NMU[4].U_M/U_MU/I_MUT_GANDX.U_match/I_CS_GAN
DX.U_CS_GANDX_SRL/I_V6.U_CS_GANDX_SRL_V6/U_CS_GAND_SRL_V6/I_USE_RPM_EQ0.U_GAND_S
RL_SET/I_WHOLE_SLICE.G_SLICE_IDX[19].U_GAND_SRL_SLICE/XST_GND
GND
		ila/U0/I_NO_D.U_ILA/U_TRIG/U_TM/G_NMU[4].U_M/U_MU/I_MUT_GANDX.U_match/I_CS_GAN
DX.U_CS_GANDX_SRL/I_V6.U_CS_GANDX_SRL_V6/U_CS_GAND_SRL_V6/I_USE_RPM_EQ0.U_GAND_S
RL_SET/I_WHOLE_SLICE.G_SLICE_IDX[1].U_GAND_SRL_SLICE/XST_GND
GND
		ila/U0/I_NO_D.U_ILA/U_TRIG/U_TM/G_NMU[4].U_M/U_MU/I_MUT_GANDX.U_match/I_CS_GAN
DX.U_CS_GANDX_SRL/I_V6.U_CS_GANDX_SRL_V6/U_CS_GAND_SRL_V6/I_USE_RPM_EQ0.U_GAND_S
RL_SET/I_WHOLE_SLICE.G_SLICE_IDX[20].U_GAND_SRL_SLICE/XST_GND
GND
		ila/U0/I_NO_D.U_ILA/U_TRIG/U_TM/G_NMU[4].U_M/U_MU/I_MUT_GANDX.U_match/I_CS_GAN
DX.U_CS_GANDX_SRL/I_V6.U_CS_GANDX_SRL_V6/U_CS_GAND_SRL_V6/I_USE_RPM_EQ0.U_GAND_S
RL_SET/I_WHOLE_SLICE.G_SLICE_IDX[21].U_GAND_SRL_SLICE/XST_GND
GND
		ila/U0/I_NO_D.U_ILA/U_TRIG/U_TM/G_NMU[4].U_M/U_MU/I_MUT_GANDX.U_match/I_CS_GAN
DX.U_CS_GANDX_SRL/I_V6.U_CS_GANDX_SRL_V6/U_CS_GAND_SRL_V6/I_USE_RPM_EQ0.U_GAND_S
RL_SET/I_WHOLE_SLICE.G_SLICE_IDX[22].U_GAND_SRL_SLICE/XST_GND
GND
		ila/U0/I_NO_D.U_ILA/U_TRIG/U_TM/G_NMU[4].U_M/U_MU/I_MUT_GANDX.U_match/I_CS_GAN
DX.U_CS_GANDX_SRL/I_V6.U_CS_GANDX_SRL_V6/U_CS_GAND_SRL_V6/I_USE_RPM_EQ0.U_GAND_S
RL_SET/I_WHOLE_SLICE.G_SLICE_IDX[23].U_GAND_SRL_SLICE/XST_GND
GND
		ila/U0/I_NO_D.U_ILA/U_TRIG/U_TM/G_NMU[4].U_M/U_MU/I_MUT_GANDX.U_match/I_CS_GAN
DX.U_CS_GANDX_SRL/I_V6.U_CS_GANDX_SRL_V6/U_CS_GAND_SRL_V6/I_USE_RPM_EQ0.U_GAND_S
RL_SET/I_WHOLE_SLICE.G_SLICE_IDX[24].U_GAND_SRL_SLICE/XST_GND
GND
		ila/U0/I_NO_D.U_ILA/U_TRIG/U_TM/G_NMU[4].U_M/U_MU/I_MUT_GANDX.U_match/I_CS_GAN
DX.U_CS_GANDX_SRL/I_V6.U_CS_GANDX_SRL_V6/U_CS_GAND_SRL_V6/I_USE_RPM_EQ0.U_GAND_S
RL_SET/I_WHOLE_SLICE.G_SLICE_IDX[25].U_GAND_SRL_SLICE/XST_GND
GND
		ila/U0/I_NO_D.U_ILA/U_TRIG/U_TM/G_NMU[4].U_M/U_MU/I_MUT_GANDX.U_match/I_CS_GAN
DX.U_CS_GANDX_SRL/I_V6.U_CS_GANDX_SRL_V6/U_CS_GAND_SRL_V6/I_USE_RPM_EQ0.U_GAND_S
RL_SET/I_WHOLE_SLICE.G_SLICE_IDX[26].U_GAND_SRL_SLICE/XST_GND
GND
		ila/U0/I_NO_D.U_ILA/U_TRIG/U_TM/G_NMU[4].U_M/U_MU/I_MUT_GANDX.U_match/I_CS_GAN
DX.U_CS_GANDX_SRL/I_V6.U_CS_GANDX_SRL_V6/U_CS_GAND_SRL_V6/I_USE_RPM_EQ0.U_GAND_S
RL_SET/I_WHOLE_SLICE.G_SLICE_IDX[27].U_GAND_SRL_SLICE/XST_GND
GND
		ila/U0/I_NO_D.U_ILA/U_TRIG/U_TM/G_NMU[4].U_M/U_MU/I_MUT_GANDX.U_match/I_CS_GAN
DX.U_CS_GANDX_SRL/I_V6.U_CS_GANDX_SRL_V6/U_CS_GAND_SRL_V6/I_USE_RPM_EQ0.U_GAND_S
RL_SET/I_WHOLE_SLICE.G_SLICE_IDX[28].U_GAND_SRL_SLICE/XST_GND
GND
		ila/U0/I_NO_D.U_ILA/U_TRIG/U_TM/G_NMU[4].U_M/U_MU/I_MUT_GANDX.U_match/I_CS_GAN
DX.U_CS_GANDX_SRL/I_V6.U_CS_GANDX_SRL_V6/U_CS_GAND_SRL_V6/I_USE_RPM_EQ0.U_GAND_S
RL_SET/I_WHOLE_SLICE.G_SLICE_IDX[29].U_GAND_SRL_SLICE/XST_GND
GND
		ila/U0/I_NO_D.U_ILA/U_TRIG/U_TM/G_NMU[4].U_M/U_MU/I_MUT_GANDX.U_match/I_CS_GAN
DX.U_CS_GANDX_SRL/I_V6.U_CS_GANDX_SRL_V6/U_CS_GAND_SRL_V6/I_USE_RPM_EQ0.U_GAND_S
RL_SET/I_WHOLE_SLICE.G_SLICE_IDX[2].U_GAND_SRL_SLICE/XST_GND
GND
		ila/U0/I_NO_D.U_ILA/U_TRIG/U_TM/G_NMU[4].U_M/U_MU/I_MUT_GANDX.U_match/I_CS_GAN
DX.U_CS_GANDX_SRL/I_V6.U_CS_GANDX_SRL_V6/U_CS_GAND_SRL_V6/I_USE_RPM_EQ0.U_GAND_S
RL_SET/I_WHOLE_SLICE.G_SLICE_IDX[30].U_GAND_SRL_SLICE/XST_GND
GND
		ila/U0/I_NO_D.U_ILA/U_TRIG/U_TM/G_NMU[4].U_M/U_MU/I_MUT_GANDX.U_match/I_CS_GAN
DX.U_CS_GANDX_SRL/I_V6.U_CS_GANDX_SRL_V6/U_CS_GAND_SRL_V6/I_USE_RPM_EQ0.U_GAND_S
RL_SET/I_WHOLE_SLICE.G_SLICE_IDX[31].U_GAND_SRL_SLICE/XST_GND
VCC
		ila/U0/I_NO_D.U_ILA/U_TRIG/U_TM/G_NMU[4].U_M/U_MU/I_MUT_GANDX.U_match/I_CS_GAN
DX.U_CS_GANDX_SRL/I_V6.U_CS_GANDX_SRL_V6/U_CS_GAND_SRL_V6/I_USE_RPM_EQ0.U_GAND_S
RL_SET/I_WHOLE_SLICE.G_SLICE_IDX[31].U_GAND_SRL_SLICE/XST_VCC
GND
		ila/U0/I_NO_D.U_ILA/U_TRIG/U_TM/G_NMU[4].U_M/U_MU/I_MUT_GANDX.U_match/I_CS_GAN
DX.U_CS_GANDX_SRL/I_V6.U_CS_GANDX_SRL_V6/U_CS_GAND_SRL_V6/I_USE_RPM_EQ0.U_GAND_S
RL_SET/I_WHOLE_SLICE.G_SLICE_IDX[3].U_GAND_SRL_SLICE/XST_GND
GND
		ila/U0/I_NO_D.U_ILA/U_TRIG/U_TM/G_NMU[4].U_M/U_MU/I_MUT_GANDX.U_match/I_CS_GAN
DX.U_CS_GANDX_SRL/I_V6.U_CS_GANDX_SRL_V6/U_CS_GAND_SRL_V6/I_USE_RPM_EQ0.U_GAND_S
RL_SET/I_WHOLE_SLICE.G_SLICE_IDX[4].U_GAND_SRL_SLICE/XST_GND
GND
		ila/U0/I_NO_D.U_ILA/U_TRIG/U_TM/G_NMU[4].U_M/U_MU/I_MUT_GANDX.U_match/I_CS_GAN
DX.U_CS_GANDX_SRL/I_V6.U_CS_GANDX_SRL_V6/U_CS_GAND_SRL_V6/I_USE_RPM_EQ0.U_GAND_S
RL_SET/I_WHOLE_SLICE.G_SLICE_IDX[5].U_GAND_SRL_SLICE/XST_GND
GND
		ila/U0/I_NO_D.U_ILA/U_TRIG/U_TM/G_NMU[4].U_M/U_MU/I_MUT_GANDX.U_match/I_CS_GAN
DX.U_CS_GANDX_SRL/I_V6.U_CS_GANDX_SRL_V6/U_CS_GAND_SRL_V6/I_USE_RPM_EQ0.U_GAND_S
RL_SET/I_WHOLE_SLICE.G_SLICE_IDX[6].U_GAND_SRL_SLICE/XST_GND
GND
		ila/U0/I_NO_D.U_ILA/U_TRIG/U_TM/G_NMU[4].U_M/U_MU/I_MUT_GANDX.U_match/I_CS_GAN
DX.U_CS_GANDX_SRL/I_V6.U_CS_GANDX_SRL_V6/U_CS_GAND_SRL_V6/I_USE_RPM_EQ0.U_GAND_S
RL_SET/I_WHOLE_SLICE.G_SLICE_IDX[7].U_GAND_SRL_SLICE/XST_GND
GND
		ila/U0/I_NO_D.U_ILA/U_TRIG/U_TM/G_NMU[4].U_M/U_MU/I_MUT_GANDX.U_match/I_CS_GAN
DX.U_CS_GANDX_SRL/I_V6.U_CS_GANDX_SRL_V6/U_CS_GAND_SRL_V6/I_USE_RPM_EQ0.U_GAND_S
RL_SET/I_WHOLE_SLICE.G_SLICE_IDX[8].U_GAND_SRL_SLICE/XST_GND
GND
		ila/U0/I_NO_D.U_ILA/U_TRIG/U_TM/G_NMU[4].U_M/U_MU/I_MUT_GANDX.U_match/I_CS_GAN
DX.U_CS_GANDX_SRL/I_V6.U_CS_GANDX_SRL_V6/U_CS_GAND_SRL_V6/I_USE_RPM_EQ0.U_GAND_S
RL_SET/I_WHOLE_SLICE.G_SLICE_IDX[9].U_GAND_SRL_SLICE/XST_GND
GND 		ila/XST_GND
VCC 		ila/XST_VCC

To enable printing of redundant blocks removed and signals merged, set the
detailed map report option and rerun map.

Section 11 - Timing Report
--------------------------
INFO:Timing:3284 - This timing report was generated using estimated delay 
   information.  For accurate numbers, please refer to the post Place and Route 
   timing report.
Number of Timing Constraints that were not applied: 2

Asterisk (*) preceding a constraint indicates it was not met.
   This may be due to a setup or hold violation.

----------------------------------------------------------------------------------------------------------
  Constraint                                |    Check    | Worst Case |  Best Case | Timing |   Timing   
                                            |             |    Slack   | Achievable | Errors |    Score   
----------------------------------------------------------------------------------------------------------
* TS_clkDiv_clkout1 = PERIOD TIMEGRP "clkDi | SETUP       |    -0.231ns|     3.356ns|       5|        1155
  v_clkout1" TS_clk / 8 HIGH 50%            | HOLD        |    -0.100ns|            |    1595|      111465
----------------------------------------------------------------------------------------------------------
  TS_clk = PERIOD TIMEGRP "clk" 25 ns HIGH  | MINLOWPULSE |    15.000ns|    10.000ns|       0|           0
  50%                                       |             |            |            |        |            
----------------------------------------------------------------------------------------------------------
  TS_clkDiv_clkout0 = PERIOD TIMEGRP "clkDi | MINPERIOD   |    23.571ns|     1.429ns|       0|           0
  v_clkout0" TS_clk HIGH 50%                |             |            |            |        |            
----------------------------------------------------------------------------------------------------------


Derived Constraint Report
Review Timing Report for more details on the following derived constraints.
To create a Timing Report, run "trce -v 12 -fastpaths -o design_timing_report design.ncd design.pcf"
or "Run Timing Analysis" from Timing Analyzer (timingan).
Derived Constraints for TS_clk
+-------------------------------+-------------+-------------+-------------+-------------+-------------+-------------+-------------+
|                               |   Period    |       Actual Period       |      Timing Errors        |      Paths Analyzed       |
|           Constraint          | Requirement |-------------+-------------|-------------+-------------|-------------+-------------|
|                               |             |   Direct    | Derivative  |   Direct    | Derivative  |   Direct    | Derivative  |
+-------------------------------+-------------+-------------+-------------+-------------+-------------+-------------+-------------+
|TS_clk                         |     25.000ns|     10.000ns|     26.848ns|            0|         1600|            0|        10012|
| TS_clkDiv_clkout1             |      3.125ns|      3.356ns|          N/A|         1600|            0|        10012|            0|
| TS_clkDiv_clkout0             |     25.000ns|      1.429ns|          N/A|            0|            0|            0|            0|
+-------------------------------+-------------+-------------+-------------+-------------+-------------+-------------+-------------+

1 constraint not met.



Section 6 - IOB Properties
--------------------------

+---------------------------------------------------------------------------------------------------------------------------------------------------------+
| IOB Name                           | Type             | Direction | IO Standard          | Diff  | Drive    | Slew | Reg (s)      | Resistor | IOB      |
|                                    |                  |           |                      | Term  | Strength | Rate |              |          | Delay    |
+---------------------------------------------------------------------------------------------------------------------------------------------------------+
| clk_in                             | IOB              | INPUT     | LVCMOS25             |       |          |      |              |          |          |
+---------------------------------------------------------------------------------------------------------------------------------------------------------+

Section 7 - RPMs
----------------
ila/U0/I_NO_D.U_ILA/U_G2_SQ.U_CAPCTRL/U_CAP_ADDRGEN/U_SCNT_CMP/I_CS_GAND.U_CS_GA
ND_SRL/I_V6.U_CS_GAND_SRL_V6/I_USE_RPM_EQ0.U_GAND_SRL_SET/MSET
ila/U0/I_NO_D.U_ILA/U_G2_SQ.U_CAPCTRL/U_CAP_ADDRGEN/U_WCNT_HCMP/I_CS_GAND.U_CS_G
AND_SRL/I_V6.U_CS_GAND_SRL_V6/I_USE_RPM_EQ0.U_GAND_SRL_SET/MSET
ila/U0/I_NO_D.U_ILA/U_G2_SQ.U_CAPCTRL/U_CAP_ADDRGEN/U_WCNT_LCMP/I_CS_GAND.U_CS_G
AND_SRL/I_V6.U_CS_GAND_SRL_V6/I_USE_RPM_EQ0.U_GAND_SRL_SET/MSET
ila/U0/I_NO_D.U_ILA/U_TRIG/U_TM/G_NMU[0].U_M/U_MU/I_MUT_GANDX.U_match/I_CS_GANDX
.U_CS_GANDX_SRL/I_V6.U_CS_GANDX_SRL_V6/U_CS_GAND_SRL_V6/I_USE_RPM_EQ0.U_GAND_SRL
_SET/MSET
ila/U0/I_NO_D.U_ILA/U_TRIG/U_TM/G_NMU[1].U_M/U_MU/I_MUT_GANDX.U_match/I_CS_GANDX
.U_CS_GANDX_SRL/I_V6.U_CS_GANDX_SRL_V6/U_CS_GAND_SRL_V6/I_USE_RPM_EQ0.U_GAND_SRL
_SET/MSET
ila/U0/I_NO_D.U_ILA/U_TRIG/U_TM/G_NMU[2].U_M/U_MU/I_MUT_GANDX.U_match/I_CS_GANDX
.U_CS_GANDX_SRL/I_V6.U_CS_GANDX_SRL_V6/U_CS_GAND_SRL_V6/I_USE_RPM_EQ0.U_GAND_SRL
_SET/MSET
ila/U0/I_NO_D.U_ILA/U_TRIG/U_TM/G_NMU[3].U_M/U_MU/I_MUT_GANDX.U_match/I_CS_GANDX
.U_CS_GANDX_SRL/I_V6.U_CS_GANDX_SRL_V6/U_CS_GAND_SRL_V6/I_USE_RPM_EQ0.U_GAND_SRL
_SET/MSET
ila/U0/I_NO_D.U_ILA/U_TRIG/U_TM/G_NMU[4].U_M/U_MU/I_MUT_GANDX.U_match/I_CS_GANDX
.U_CS_GANDX_SRL/I_V6.U_CS_GANDX_SRL_V6/U_CS_GAND_SRL_V6/I_USE_RPM_EQ0.U_GAND_SRL
_SET/MSET

Section 8 - Guide Report
------------------------
Guide not run on this design.

Section 9 - Area Group and Partition Summary
--------------------------------------------

Partition Implementation Status
-------------------------------

  No Partitions were found in this design.

-------------------------------

Area Group Information
----------------------

  No area groups were found in this design.

----------------------

Section 10 - Timing Report
--------------------------
A logic-level (pre-route) timing report can be generated by using Xilinx static
timing analysis tools, Timing Analyzer (GUI) or TRCE (command line), with the
mapped NCD and PCF files. Please note that this timing report will be generated
using estimated delay information. For accurate numbers, please generate a
timing report with the post Place and Route NCD file.

For more information about the Timing Analyzer, consult the Xilinx Timing
Analyzer Reference Manual; for more information about TRCE, consult the Xilinx
Command Line Tools User Guide "TRACE" chapter.

Section 11 - Configuration String Details
-----------------------------------------
Use the "-detail" map option to print out Configuration Strings

Section 12 - Control Set Information
------------------------------------
Use the "-detail" map option to print out Control Set Information.

Section 13 - Utilization by Hierarchy
-------------------------------------
Use the "-detail" map option to print out the Utilization by Hierarchy section.
